## SLURM PROLOG ###############################################################
##    Job ID : 12126310
##  Job Name : MyMPIJob
##  Nodelist : node916
##      CPUs : 8
##   Mem/CPU : 2800 MB
## Directory : /gpfs/scratch/guest310/hydroidolina
##   Started : jue mar  3 14:27:17 EST 2016
###############################################################################
module: loading 'raxml/8.0.22'

This is RAxML MPI Process Number: 3

Time for BS model parameter optimization on Process 3: 22.071398 seconds
Bootstrap[39]: Time 48.556128 seconds, bootstrap likelihood -94074.602688, best rearrangement setting 9
Bootstrap[40]: Time 23.980796 seconds, bootstrap likelihood -93199.857556, best rearrangement setting 14
Bootstrap[41]: Time 23.420884 seconds, bootstrap likelihood -93460.123388, best rearrangement setting 15
Bootstrap[42]: Time 22.909755 seconds, bootstrap likelihood -92834.252348, best rearrangement setting 10
Bootstrap[43]: Time 25.095579 seconds, bootstrap likelihood -93572.996693, best rearrangement setting 10
Bootstrap[44]: Time 24.480954 seconds, bootstrap likelihood -90803.231293, best rearrangement setting 13
Bootstrap[45]: Time 22.425059 seconds, bootstrap likelihood -94888.135750, best rearrangement setting 7
Bootstrap[46]: Time 23.072708 seconds, bootstrap likelihood -96519.162354, best rearrangement setting 10
Bootstrap[47]: Time 22.330735 seconds, bootstrap likelihood -97234.409104, best rearrangement setting 10
Bootstrap[48]: Time 23.239848 seconds, bootstrap likelihood -95522.184383, best rearrangement setting 12
Bootstrap[49]: Time 21.102886 seconds, bootstrap likelihood -95015.119098, best rearrangement setting 5
Bootstrap[50]: Time 23.712045 seconds, bootstrap likelihood -96414.682658, best rearrangement setting 9
Bootstrap[51]: Time 23.111808 seconds, bootstrap likelihood -95515.349414, best rearrangement setting 7
Fast ML search on Process 3: Time 480.155486 seconds

Slow ML Search 39 Likelihood: -94428.330756
Slow ML Search 40 Likelihood: -94428.974655
Slow ML search on Process 3: Time 376.467444 seconds
Thorough ML search on Process 3: Time 204.940583 seconds

processID = 3, bestLH = -94428.330754

This is RAxML MPI Process Number: 7

Time for BS model parameter optimization on Process 7: 21.911591 seconds
Bootstrap[91]: Time 45.454620 seconds, bootstrap likelihood -90512.517042, best rearrangement setting 15
Bootstrap[92]: Time 20.971835 seconds, bootstrap likelihood -94311.005839, best rearrangement setting 5
Bootstrap[93]: Time 23.523474 seconds, bootstrap likelihood -96011.117795, best rearrangement setting 8
Bootstrap[94]: Time 22.014442 seconds, bootstrap likelihood -90495.675113, best rearrangement setting 6
Bootstrap[95]: Time 21.055852 seconds, bootstrap likelihood -92784.641995, best rearrangement setting 6
Bootstrap[96]: Time 23.489710 seconds, bootstrap likelihood -94882.709128, best rearrangement setting 7
Bootstrap[97]: Time 24.440216 seconds, bootstrap likelihood -92966.507011, best rearrangement setting 13
Bootstrap[98]: Time 21.968322 seconds, bootstrap likelihood -94059.838353, best rearrangement setting 11
Bootstrap[99]: Time 23.026527 seconds, bootstrap likelihood -94836.311003, best rearrangement setting 6
Bootstrap[100]: Time 22.517060 seconds, bootstrap likelihood -94323.373809, best rearrangement setting 11
Bootstrap[101]: Time 21.460506 seconds, bootstrap likelihood -92618.351898, best rearrangement setting 5
Bootstrap[102]: Time 23.203619 seconds, bootstrap likelihood -91522.029379, best rearrangement setting 14
Bootstrap[103]: Time 23.254591 seconds, bootstrap likelihood -91202.865629, best rearrangement setting 12
Fast ML search on Process 7: Time 465.418895 seconds

Slow ML Search 91 Likelihood: -94428.351852
Slow ML Search 92 Likelihood: -94429.870115
Slow ML search on Process 7: Time 346.575169 seconds
Thorough ML search on Process 7: Time 205.903714 seconds

processID = 7, bestLH = -94428.351852

This is RAxML MPI Process Number: 0
IMPORTANT WARNING: Alignment column 3597 contains only undetermined values which will be treated as missing data
IMPORTANT WARNING: Alignment column 3615 contains only undetermined values which will be treated as missing data
IMPORTANT WARNING: Alignment column 3644 contains only undetermined values which will be treated as missing data
IMPORTANT WARNING: Alignment column 5850 contains only undetermined values which will be treated as missing data
IMPORTANT WARNING: Alignment column 5884 contains only undetermined values which will be treated as missing data
IMPORTANT WARNING: Alignment column 5897 contains only undetermined values which will be treated as missing data

IMPORTANT WARNING
Found 6 columns that contain only undetermined values which will be treated as missing data.
Normally these columns should be excluded from the analysis.

Just in case you might need it, an alignment file with 
undetermined columns removed is printed to file combined.phy.reduced


This is RAxML version 8.0.22 released by Alexandros Stamatakis on May 6 2014.

With greatly appreciated code contributions by:
Andre Aberer      (HITS)
Simon Berger      (HITS)
Alexey Kozlov     (HITS)
Nick Pattengale   (Sandia)
Wayne Pfeiffer    (SDSC)
Akifumi S. Tanabe (NRIFS)
David Dao         (KIT)
Charlie Taylor    (UF)


Alignment has 3278 distinct alignment patterns

Proportion of gaps and completely undetermined characters in this alignment: 21.35%

RAxML rapid bootstrapping and subsequent ML search

Using 1 distinct models/data partitions with joint branch length optimization



Executing 100 rapid bootstrap inferences and thereafter a thorough ML search 

All free model parameters will be estimated by RAxML
GAMMA model of rate heteorgeneity, ML estimate of alpha-parameter

GAMMA Model parameters will be estimated up to an accuracy of 0.1000000000 Log Likelihood units

Partition: 0
Alignment Patterns: 3278
Name: No Name Provided
DataType: DNA
Substitution Matrix: GTR




RAxML was called as follows:

/gpfs/runtime/opt/raxml/8.0.22/avx/bin/raxmlHPC-MPI -f a -x 12345 -p 12345 -N 100 -m GTRGAMMA -s combined.phy -n combined_boot100 



Time for BS model parameter optimization on Process 0: 21.384941 seconds
Bootstrap[0]: Time 44.954181 seconds, bootstrap likelihood -93666.651410, best rearrangement setting 13
Bootstrap[1]: Time 22.855404 seconds, bootstrap likelihood -92470.276079, best rearrangement setting 13
Bootstrap[2]: Time 23.024566 seconds, bootstrap likelihood -94924.972598, best rearrangement setting 12
Bootstrap[3]: Time 21.852282 seconds, bootstrap likelihood -93671.802098, best rearrangement setting 15
Bootstrap[4]: Time 22.538152 seconds, bootstrap likelihood -92474.563354, best rearrangement setting 10
Bootstrap[5]: Time 23.976233 seconds, bootstrap likelihood -93906.222154, best rearrangement setting 10
Bootstrap[6]: Time 20.983286 seconds, bootstrap likelihood -93905.040557, best rearrangement setting 6
Bootstrap[7]: Time 24.992797 seconds, bootstrap likelihood -91057.481889, best rearrangement setting 14
Bootstrap[8]: Time 22.923764 seconds, bootstrap likelihood -94353.562382, best rearrangement setting 5
Bootstrap[9]: Time 22.423982 seconds, bootstrap likelihood -90798.978249, best rearrangement setting 7
Bootstrap[10]: Time 24.614899 seconds, bootstrap likelihood -93707.324878, best rearrangement setting 7
Bootstrap[11]: Time 23.442569 seconds, bootstrap likelihood -93538.424394, best rearrangement setting 5
Bootstrap[12]: Time 23.594967 seconds, bootstrap likelihood -93412.999464, best rearrangement setting 8


Overall Time for 104 Rapid Bootstraps 337.585863 seconds
Average Time per Rapid Bootstrap 3.246018 seconds

Starting ML Search ...

Fast ML optimization finished

Fast ML search on Process 0: Time 502.492807 seconds

Slow ML Search 0 Likelihood: -94431.839677
Slow ML Search 1 Likelihood: -94432.853653
Slow ML optimization finished

Slow ML search on Process 0: Time 347.523703 seconds
Thorough ML search on Process 0: Time 208.581649 seconds

processID = 0, bestLH = -94431.839659

This is RAxML MPI Process Number: 2

Time for BS model parameter optimization on Process 2: 21.441892 seconds
Bootstrap[26]: Time 46.239000 seconds, bootstrap likelihood -93620.291388, best rearrangement setting 10
Bootstrap[27]: Time 23.835513 seconds, bootstrap likelihood -95402.318223, best rearrangement setting 13
Bootstrap[28]: Time 24.297906 seconds, bootstrap likelihood -96843.459071, best rearrangement setting 14
Bootstrap[29]: Time 26.031759 seconds, bootstrap likelihood -92608.598390, best rearrangement setting 8
Bootstrap[30]: Time 23.655313 seconds, bootstrap likelihood -93041.459926, best rearrangement setting 14
Bootstrap[31]: Time 22.068326 seconds, bootstrap likelihood -92126.503188, best rearrangement setting 12
Bootstrap[32]: Time 26.835548 seconds, bootstrap likelihood -93545.319590, best rearrangement setting 14
Bootstrap[33]: Time 24.198978 seconds, bootstrap likelihood -90553.540948, best rearrangement setting 15
Bootstrap[34]: Time 24.501404 seconds, bootstrap likelihood -96436.864523, best rearrangement setting 9
Bootstrap[35]: Time 24.507329 seconds, bootstrap likelihood -95354.118061, best rearrangement setting 6
Bootstrap[36]: Time 22.566965 seconds, bootstrap likelihood -94059.309867, best rearrangement setting 13
Bootstrap[37]: Time 23.800645 seconds, bootstrap likelihood -91581.764957, best rearrangement setting 7
Bootstrap[38]: Time 24.828186 seconds, bootstrap likelihood -98077.705604, best rearrangement setting 11
Fast ML search on Process 2: Time 429.498737 seconds

Slow ML Search 26 Likelihood: -94433.884778
Slow ML Search 27 Likelihood: -94428.037214
Slow ML search on Process 2: Time 383.441676 seconds
Thorough ML search on Process 2: Time 204.661878 seconds

processID = 2, bestLH = -94427.917529

Final ML Optimization Likelihood: -94427.917529

Model Information:

Model Parameters of Partition 0, Name: No Name Provided, Type of Data: DNA
alpha: 0.253321
Tree-Length: 8.219909
rate A <-> C: 0.806800
rate A <-> G: 2.608071
rate A <-> T: 1.911118
rate C <-> G: 0.900656
rate C <-> T: 5.287369
rate G <-> T: 1.000000

freq pi(A): 0.277945
freq pi(C): 0.195911
freq pi(G): 0.264600
freq pi(T): 0.261544


ML search took 1180.046538 secs or 0.327791 hours

Combined Bootstrap and ML search took 1517.632099 secs or 0.421564 hours

Drawing Bootstrap Support Values on best-scoring ML tree ...



Found 1 tree in File /gpfs/scratch/guest310/hydroidolina/RAxML_bestTree.combined_boot100



Found 1 tree in File /gpfs/scratch/guest310/hydroidolina/RAxML_bestTree.combined_boot100

Program execution info written to /gpfs/scratch/guest310/hydroidolina/RAxML_info.combined_boot100
All 104 bootstrapped trees written to: /gpfs/scratch/guest310/hydroidolina/RAxML_bootstrap.combined_boot100

Best-scoring ML tree written to: /gpfs/scratch/guest310/hydroidolina/RAxML_bestTree.combined_boot100

Best-scoring ML tree with support values written to: /gpfs/scratch/guest310/hydroidolina/RAxML_bipartitions.combined_boot100

Best-scoring ML tree with support values as branch labels written to: /gpfs/scratch/guest310/hydroidolina/RAxML_bipartitionsBranchLabels.combined_boot100

Overall execution time for full ML analysis: 1517.642820 secs or 0.421567 hours or 0.017565 days


This is RAxML MPI Process Number: 6

Time for BS model parameter optimization on Process 6: 21.664414 seconds
Bootstrap[78]: Time 44.918943 seconds, bootstrap likelihood -94388.911933, best rearrangement setting 5
Bootstrap[79]: Time 24.039228 seconds, bootstrap likelihood -93553.530521, best rearrangement setting 15
Bootstrap[80]: Time 22.439813 seconds, bootstrap likelihood -93957.522438, best rearrangement setting 7
Bootstrap[81]: Time 23.085596 seconds, bootstrap likelihood -89575.571027, best rearrangement setting 15
Bootstrap[82]: Time 23.207914 seconds, bootstrap likelihood -94612.347317, best rearrangement setting 10
Bootstrap[83]: Time 21.445218 seconds, bootstrap likelihood -92076.007831, best rearrangement setting 6
Bootstrap[84]: Time 23.709886 seconds, bootstrap likelihood -92910.763114, best rearrangement setting 9
Bootstrap[85]: Time 21.907458 seconds, bootstrap likelihood -96822.787706, best rearrangement setting 5
Bootstrap[86]: Time 24.504271 seconds, bootstrap likelihood -92573.366555, best rearrangement setting 15
Bootstrap[87]: Time 21.384419 seconds, bootstrap likelihood -94743.882987, best rearrangement setting 6
Bootstrap[88]: Time 24.321588 seconds, bootstrap likelihood -95026.558631, best rearrangement setting 13
Bootstrap[89]: Time 25.121328 seconds, bootstrap likelihood -93667.495689, best rearrangement setting 13
Bootstrap[90]: Time 22.748654 seconds, bootstrap likelihood -93207.688384, best rearrangement setting 5
Fast ML search on Process 6: Time 594.380447 seconds

Slow ML Search 78 Likelihood: -94429.803225
Slow ML Search 79 Likelihood: -94428.459307
Slow ML search on Process 6: Time 380.836827 seconds
Thorough ML search on Process 6: Time 204.825625 seconds

processID = 6, bestLH = -94428.439490

This is RAxML MPI Process Number: 1

Time for BS model parameter optimization on Process 1: 21.419280 seconds
Bootstrap[13]: Time 45.949692 seconds, bootstrap likelihood -97107.595823, best rearrangement setting 12
Bootstrap[14]: Time 23.764567 seconds, bootstrap likelihood -92023.896964, best rearrangement setting 13
Bootstrap[15]: Time 23.265863 seconds, bootstrap likelihood -93193.421389, best rearrangement setting 13
Bootstrap[16]: Time 22.912994 seconds, bootstrap likelihood -93991.718328, best rearrangement setting 6
Bootstrap[17]: Time 23.126537 seconds, bootstrap likelihood -97924.119369, best rearrangement setting 7
Bootstrap[18]: Time 23.841810 seconds, bootstrap likelihood -96299.575621, best rearrangement setting 11
Bootstrap[19]: Time 23.003620 seconds, bootstrap likelihood -92521.418165, best rearrangement setting 10
Bootstrap[20]: Time 23.061004 seconds, bootstrap likelihood -92355.265867, best rearrangement setting 9
Bootstrap[21]: Time 25.595166 seconds, bootstrap likelihood -97836.335717, best rearrangement setting 7
Bootstrap[22]: Time 23.524528 seconds, bootstrap likelihood -96075.545853, best rearrangement setting 12
Bootstrap[23]: Time 23.071856 seconds, bootstrap likelihood -91396.816799, best rearrangement setting 10
Bootstrap[24]: Time 22.200835 seconds, bootstrap likelihood -95800.118585, best rearrangement setting 6
Bootstrap[25]: Time 22.059328 seconds, bootstrap likelihood -93984.545274, best rearrangement setting 15
Fast ML search on Process 1: Time 491.470142 seconds

Slow ML Search 13 Likelihood: -94432.359431
Slow ML Search 14 Likelihood: -94431.198876
Slow ML search on Process 1: Time 378.888565 seconds
Thorough ML search on Process 1: Time 207.504975 seconds

processID = 1, bestLH = -94431.177629

This is RAxML MPI Process Number: 5

Time for BS model parameter optimization on Process 5: 21.620918 seconds
Bootstrap[65]: Time 45.758964 seconds, bootstrap likelihood -93238.924032, best rearrangement setting 6
Bootstrap[66]: Time 23.831312 seconds, bootstrap likelihood -92753.617076, best rearrangement setting 15
Bootstrap[67]: Time 24.398125 seconds, bootstrap likelihood -95307.577059, best rearrangement setting 6
Bootstrap[68]: Time 21.812702 seconds, bootstrap likelihood -93136.457783, best rearrangement setting 13
Bootstrap[69]: Time 23.899806 seconds, bootstrap likelihood -96177.294420, best rearrangement setting 14
Bootstrap[70]: Time 21.611101 seconds, bootstrap likelihood -95926.329481, best rearrangement setting 5
Bootstrap[71]: Time 21.945416 seconds, bootstrap likelihood -96362.892265, best rearrangement setting 5
Bootstrap[72]: Time 23.824683 seconds, bootstrap likelihood -93272.531309, best rearrangement setting 11
Bootstrap[73]: Time 23.153123 seconds, bootstrap likelihood -96192.303424, best rearrangement setting 14
Bootstrap[74]: Time 23.328133 seconds, bootstrap likelihood -91725.489662, best rearrangement setting 11
Bootstrap[75]: Time 27.185495 seconds, bootstrap likelihood -91622.899785, best rearrangement setting 10
Bootstrap[76]: Time 23.991280 seconds, bootstrap likelihood -95112.039181, best rearrangement setting 11
Bootstrap[77]: Time 25.438894 seconds, bootstrap likelihood -96711.892958, best rearrangement setting 9
Fast ML search on Process 5: Time 492.825569 seconds

Slow ML Search 65 Likelihood: -94428.169496
Slow ML Search 66 Likelihood: -94430.471897
Slow ML search on Process 5: Time 342.025224 seconds
Thorough ML search on Process 5: Time 202.708941 seconds

processID = 5, bestLH = -94428.169496

This is RAxML MPI Process Number: 4

Time for BS model parameter optimization on Process 4: 22.612693 seconds
Bootstrap[52]: Time 48.450927 seconds, bootstrap likelihood -95547.973108, best rearrangement setting 8
Bootstrap[53]: Time 24.403615 seconds, bootstrap likelihood -93219.195219, best rearrangement setting 14
Bootstrap[54]: Time 21.914830 seconds, bootstrap likelihood -97812.296762, best rearrangement setting 5
Bootstrap[55]: Time 23.370512 seconds, bootstrap likelihood -91914.765103, best rearrangement setting 11
Bootstrap[56]: Time 22.073788 seconds, bootstrap likelihood -94406.569828, best rearrangement setting 6
Bootstrap[57]: Time 24.984674 seconds, bootstrap likelihood -97214.251644, best rearrangement setting 15
Bootstrap[58]: Time 22.599935 seconds, bootstrap likelihood -95129.565175, best rearrangement setting 11
Bootstrap[59]: Time 21.579083 seconds, bootstrap likelihood -90912.121008, best rearrangement setting 5
Bootstrap[60]: Time 24.293886 seconds, bootstrap likelihood -99809.320600, best rearrangement setting 12
Bootstrap[61]: Time 24.039834 seconds, bootstrap likelihood -95259.914783, best rearrangement setting 6
Bootstrap[62]: Time 24.500433 seconds, bootstrap likelihood -91635.093166, best rearrangement setting 7
Bootstrap[63]: Time 23.902624 seconds, bootstrap likelihood -94022.706207, best rearrangement setting 10
Bootstrap[64]: Time 24.892949 seconds, bootstrap likelihood -93171.522313, best rearrangement setting 13
Fast ML search on Process 4: Time 556.427094 seconds

Slow ML Search 52 Likelihood: -94428.892618
Slow ML Search 53 Likelihood: -94434.664207
Slow ML search on Process 4: Time 348.404017 seconds
Thorough ML search on Process 4: Time 205.792157 seconds

processID = 4, bestLH = -94428.892602

This is RAxML MPI Process Number: 0
IMPORTANT WARNING: Alignment column 779 contains only undetermined values which will be treated as missing data
IMPORTANT WARNING: Alignment column 780 contains only undetermined values which will be treated as missing data

IMPORTANT WARNING
Found 2 columns that contain only undetermined values which will be treated as missing data.
Normally these columns should be excluded from the analysis.

Just in case you might need it, an alignment file with 
undetermined columns removed is printed to file 16s.phy.reduced


This is RAxML version 8.0.22 released by Alexandros Stamatakis on May 6 2014.

With greatly appreciated code contributions by:
Andre Aberer      (HITS)
Simon Berger      (HITS)
Alexey Kozlov     (HITS)
Nick Pattengale   (Sandia)
Wayne Pfeiffer    (SDSC)
Akifumi S. Tanabe (NRIFS)
David Dao         (KIT)
Charlie Taylor    (UF)


Alignment has 687 distinct alignment patterns

Proportion of gaps and completely undetermined characters in this alignment: 27.15%

RAxML rapid bootstrapping and subsequent ML search

Using 1 distinct models/data partitions with joint branch length optimization



Executing 100 rapid bootstrap inferences and thereafter a thorough ML search 

All free model parameters will be estimated by RAxML
GAMMA model of rate heteorgeneity, ML estimate of alpha-parameter

GAMMA Model parameters will be estimated up to an accuracy of 0.1000000000 Log Likelihood units

Partition: 0
Alignment Patterns: 687
Name: No Name Provided
DataType: DNA
Substitution Matrix: GTR




RAxML was called as follows:

/gpfs/runtime/opt/raxml/8.0.22/avx/bin/raxmlHPC-MPI -f a -x 12345 -p 12345 -N 100 -m GTRGAMMA -s 16s.phy -n 16s_boot100 



Time for BS model parameter optimization on Process 0: 3.543089 seconds
Bootstrap[0]: Time 8.728575 seconds, bootstrap likelihood -23682.149533, best rearrangement setting 13
Bootstrap[1]: Time 4.663946 seconds, bootstrap likelihood -25096.751160, best rearrangement setting 13
Bootstrap[2]: Time 4.648425 seconds, bootstrap likelihood -23611.379554, best rearrangement setting 12
Bootstrap[3]: Time 4.454687 seconds, bootstrap likelihood -22790.357258, best rearrangement setting 15
Bootstrap[4]: Time 4.537199 seconds, bootstrap likelihood -22209.643311, best rearrangement setting 10
Bootstrap[5]: Time 5.017056 seconds, bootstrap likelihood -23823.883301, best rearrangement setting 10
Bootstrap[6]: Time 4.392218 seconds, bootstrap likelihood -23678.420504, best rearrangement setting 6
Bootstrap[7]: Time 4.125362 seconds, bootstrap likelihood -23090.332921, best rearrangement setting 14
Bootstrap[8]: Time 4.261225 seconds, bootstrap likelihood -22836.215564, best rearrangement setting 5
Bootstrap[9]: Time 4.127346 seconds, bootstrap likelihood -23764.777264, best rearrangement setting 7
Bootstrap[10]: Time 4.331018 seconds, bootstrap likelihood -23729.346790, best rearrangement setting 7
Bootstrap[11]: Time 4.117407 seconds, bootstrap likelihood -23588.373788, best rearrangement setting 5
Bootstrap[12]: Time 4.915132 seconds, bootstrap likelihood -23711.934648, best rearrangement setting 8


Overall Time for 104 Rapid Bootstraps 63.133613 seconds
Average Time per Rapid Bootstrap 0.607054 seconds

Starting ML Search ...

Fast ML optimization finished

Fast ML search on Process 0: Time 124.196627 seconds

Slow ML Search 0 Likelihood: -23202.909598
Slow ML Search 1 Likelihood: -23204.571322
Slow ML optimization finished

Slow ML search on Process 0: Time 96.490891 seconds
Thorough ML search on Process 0: Time 36.862914 seconds

processID = 0, bestLH = -23202.751059

Final ML Optimization Likelihood: -23202.751059

Model Information:

Model Parameters of Partition 0, Name: No Name Provided, Type of Data: DNA
alpha: 0.462131
Tree-Length: 28.782680
rate A <-> C: 1.749918
rate A <-> G: 6.177202
rate A <-> T: 3.800691
rate C <-> G: 0.685706
rate C <-> T: 11.188630
rate G <-> T: 1.000000

freq pi(A): 0.396763
freq pi(C): 0.124418
freq pi(G): 0.157227
freq pi(T): 0.321593


ML search took 307.175851 secs or 0.085327 hours

Combined Bootstrap and ML search took 370.309504 secs or 0.102864 hours

Drawing Bootstrap Support Values on best-scoring ML tree ...



Found 1 tree in File /gpfs/scratch/guest310/hydroidolina/RAxML_bestTree.16s_boot100



Found 1 tree in File /gpfs/scratch/guest310/hydroidolina/RAxML_bestTree.16s_boot100

Program execution info written to /gpfs/scratch/guest310/hydroidolina/RAxML_info.16s_boot100
All 104 bootstrapped trees written to: /gpfs/scratch/guest310/hydroidolina/RAxML_bootstrap.16s_boot100

Best-scoring ML tree written to: /gpfs/scratch/guest310/hydroidolina/RAxML_bestTree.16s_boot100

Best-scoring ML tree with support values written to: /gpfs/scratch/guest310/hydroidolina/RAxML_bipartitions.16s_boot100

Best-scoring ML tree with support values as branch labels written to: /gpfs/scratch/guest310/hydroidolina/RAxML_bipartitionsBranchLabels.16s_boot100

Overall execution time for full ML analysis: 370.318285 secs or 0.102866 hours or 0.004286 days


This is RAxML MPI Process Number: 7

Time for BS model parameter optimization on Process 7: 3.751990 seconds
Bootstrap[91]: Time 8.309047 seconds, bootstrap likelihood -23784.589189, best rearrangement setting 15
Bootstrap[92]: Time 3.945510 seconds, bootstrap likelihood -22992.886685, best rearrangement setting 5
Bootstrap[93]: Time 4.787684 seconds, bootstrap likelihood -23895.749442, best rearrangement setting 8
Bootstrap[94]: Time 4.321721 seconds, bootstrap likelihood -22894.779794, best rearrangement setting 6
Bootstrap[95]: Time 3.870542 seconds, bootstrap likelihood -22617.338978, best rearrangement setting 6
Bootstrap[96]: Time 4.648509 seconds, bootstrap likelihood -23801.302802, best rearrangement setting 7
Bootstrap[97]: Time 4.781040 seconds, bootstrap likelihood -22685.168782, best rearrangement setting 13
Bootstrap[98]: Time 4.673815 seconds, bootstrap likelihood -22907.613831, best rearrangement setting 11
Bootstrap[99]: Time 3.835610 seconds, bootstrap likelihood -22133.212585, best rearrangement setting 6
Bootstrap[100]: Time 4.059746 seconds, bootstrap likelihood -23785.539611, best rearrangement setting 11
Bootstrap[101]: Time 4.011136 seconds, bootstrap likelihood -23010.700734, best rearrangement setting 5
Bootstrap[102]: Time 4.768138 seconds, bootstrap likelihood -24193.844029, best rearrangement setting 14
Bootstrap[103]: Time 5.677103 seconds, bootstrap likelihood -22411.559239, best rearrangement setting 12
Fast ML search on Process 7: Time 187.672020 seconds

Slow ML Search 91 Likelihood: -23202.943631
Slow ML Search 92 Likelihood: -23203.655780
Slow ML search on Process 7: Time 79.914620 seconds
Thorough ML search on Process 7: Time 39.586487 seconds

processID = 7, bestLH = -23202.960809

This is RAxML MPI Process Number: 5

Time for BS model parameter optimization on Process 5: 3.497413 seconds
Bootstrap[65]: Time 8.123422 seconds, bootstrap likelihood -23180.412361, best rearrangement setting 6
Bootstrap[66]: Time 4.799998 seconds, bootstrap likelihood -22556.200757, best rearrangement setting 15
Bootstrap[67]: Time 3.658208 seconds, bootstrap likelihood -22003.623919, best rearrangement setting 6
Bootstrap[68]: Time 5.281695 seconds, bootstrap likelihood -23472.115143, best rearrangement setting 13
Bootstrap[69]: Time 4.680745 seconds, bootstrap likelihood -22492.024953, best rearrangement setting 14
Bootstrap[70]: Time 4.238823 seconds, bootstrap likelihood -23306.133970, best rearrangement setting 5
Bootstrap[71]: Time 4.082820 seconds, bootstrap likelihood -21754.579513, best rearrangement setting 5
Bootstrap[72]: Time 4.908322 seconds, bootstrap likelihood -23307.231630, best rearrangement setting 11
Bootstrap[73]: Time 5.082577 seconds, bootstrap likelihood -23142.759983, best rearrangement setting 14
Bootstrap[74]: Time 4.182537 seconds, bootstrap likelihood -23288.428414, best rearrangement setting 11
Bootstrap[75]: Time 4.990988 seconds, bootstrap likelihood -23499.123047, best rearrangement setting 10
Bootstrap[76]: Time 4.326650 seconds, bootstrap likelihood -22954.001818, best rearrangement setting 11
Bootstrap[77]: Time 4.632605 seconds, bootstrap likelihood -24852.838834, best rearrangement setting 9
Fast ML search on Process 5: Time 135.335832 seconds

Slow ML Search 65 Likelihood: -23203.097768
Slow ML Search 66 Likelihood: -23203.483978
Slow ML search on Process 5: Time 120.680161 seconds
Thorough ML search on Process 5: Time 38.605360 seconds

processID = 5, bestLH = -23202.960431

This is RAxML MPI Process Number: 2

Time for BS model parameter optimization on Process 2: 3.712251 seconds
Bootstrap[26]: Time 8.441327 seconds, bootstrap likelihood -20869.986720, best rearrangement setting 10
Bootstrap[27]: Time 4.487561 seconds, bootstrap likelihood -22316.970716, best rearrangement setting 13
Bootstrap[28]: Time 4.551684 seconds, bootstrap likelihood -22500.961518, best rearrangement setting 14
Bootstrap[29]: Time 4.105551 seconds, bootstrap likelihood -22465.529111, best rearrangement setting 8
Bootstrap[30]: Time 4.687625 seconds, bootstrap likelihood -23977.632632, best rearrangement setting 14
Bootstrap[31]: Time 4.739633 seconds, bootstrap likelihood -23225.161652, best rearrangement setting 12
Bootstrap[32]: Time 5.263105 seconds, bootstrap likelihood -23390.548591, best rearrangement setting 14
Bootstrap[33]: Time 5.136463 seconds, bootstrap likelihood -24794.396450, best rearrangement setting 15
Bootstrap[34]: Time 3.997685 seconds, bootstrap likelihood -22231.000837, best rearrangement setting 9
Bootstrap[35]: Time 4.079186 seconds, bootstrap likelihood -23992.023471, best rearrangement setting 6
Bootstrap[36]: Time 4.477889 seconds, bootstrap likelihood -23234.383018, best rearrangement setting 13
Bootstrap[37]: Time 4.589753 seconds, bootstrap likelihood -23476.020581, best rearrangement setting 7
Bootstrap[38]: Time 3.688390 seconds, bootstrap likelihood -22482.445331, best rearrangement setting 11
Fast ML search on Process 2: Time 139.419630 seconds

Slow ML Search 26 Likelihood: -23203.768889
Slow ML Search 27 Likelihood: -23206.893604
Slow ML search on Process 2: Time 87.232571 seconds
Thorough ML search on Process 2: Time 39.822192 seconds

processID = 2, bestLH = -23203.766175

This is RAxML MPI Process Number: 4

Time for BS model parameter optimization on Process 4: 3.506228 seconds
Bootstrap[52]: Time 7.929819 seconds, bootstrap likelihood -22142.826887, best rearrangement setting 8
Bootstrap[53]: Time 4.754521 seconds, bootstrap likelihood -23689.024910, best rearrangement setting 14
Bootstrap[54]: Time 3.794074 seconds, bootstrap likelihood -22491.476505, best rearrangement setting 5
Bootstrap[55]: Time 3.990487 seconds, bootstrap likelihood -23739.421497, best rearrangement setting 11
Bootstrap[56]: Time 3.794297 seconds, bootstrap likelihood -23509.705251, best rearrangement setting 6
Bootstrap[57]: Time 3.989251 seconds, bootstrap likelihood -23151.607413, best rearrangement setting 15
Bootstrap[58]: Time 4.751388 seconds, bootstrap likelihood -21774.590086, best rearrangement setting 11
Bootstrap[59]: Time 3.859204 seconds, bootstrap likelihood -23024.719574, best rearrangement setting 5
Bootstrap[60]: Time 4.504617 seconds, bootstrap likelihood -23371.967113, best rearrangement setting 12
Bootstrap[61]: Time 4.216835 seconds, bootstrap likelihood -22489.233475, best rearrangement setting 6
Bootstrap[62]: Time 4.437400 seconds, bootstrap likelihood -24574.269063, best rearrangement setting 7
Bootstrap[63]: Time 3.903259 seconds, bootstrap likelihood -22965.085343, best rearrangement setting 10
Bootstrap[64]: Time 4.886000 seconds, bootstrap likelihood -22188.216118, best rearrangement setting 13
Fast ML search on Process 4: Time 127.980227 seconds

Slow ML Search 52 Likelihood: -23203.108338
Slow ML Search 53 Likelihood: -23205.871858
Slow ML search on Process 4: Time 102.905763 seconds
Thorough ML search on Process 4: Time 38.896001 seconds

processID = 4, bestLH = -23203.059665

This is RAxML MPI Process Number: 3

Time for BS model parameter optimization on Process 3: 3.619877 seconds
Bootstrap[39]: Time 8.242847 seconds, bootstrap likelihood -23087.905624, best rearrangement setting 9
Bootstrap[40]: Time 4.624151 seconds, bootstrap likelihood -24083.412839, best rearrangement setting 14
Bootstrap[41]: Time 5.167766 seconds, bootstrap likelihood -23451.473573, best rearrangement setting 15
Bootstrap[42]: Time 4.276026 seconds, bootstrap likelihood -22116.360087, best rearrangement setting 10
Bootstrap[43]: Time 4.468943 seconds, bootstrap likelihood -22576.329115, best rearrangement setting 10
Bootstrap[44]: Time 4.907121 seconds, bootstrap likelihood -23677.194345, best rearrangement setting 13
Bootstrap[45]: Time 4.032800 seconds, bootstrap likelihood -23699.882975, best rearrangement setting 7
Bootstrap[46]: Time 4.974041 seconds, bootstrap likelihood -23287.758626, best rearrangement setting 10
Bootstrap[47]: Time 4.062083 seconds, bootstrap likelihood -22374.271805, best rearrangement setting 10
Bootstrap[48]: Time 3.956099 seconds, bootstrap likelihood -22593.989453, best rearrangement setting 12
Bootstrap[49]: Time 4.018703 seconds, bootstrap likelihood -21895.146502, best rearrangement setting 5
Bootstrap[50]: Time 4.576623 seconds, bootstrap likelihood -23306.424256, best rearrangement setting 9
Bootstrap[51]: Time 4.243922 seconds, bootstrap likelihood -23171.081755, best rearrangement setting 7
Fast ML search on Process 3: Time 160.583112 seconds

Slow ML Search 39 Likelihood: -23202.960954
Slow ML Search 40 Likelihood: -23203.349838
Slow ML search on Process 3: Time 69.658843 seconds
Thorough ML search on Process 3: Time 39.777339 seconds

processID = 3, bestLH = -23202.960958

This is RAxML MPI Process Number: 1

Time for BS model parameter optimization on Process 1: 3.695578 seconds
Bootstrap[13]: Time 7.777200 seconds, bootstrap likelihood -22945.831407, best rearrangement setting 12
Bootstrap[14]: Time 3.866159 seconds, bootstrap likelihood -22277.502931, best rearrangement setting 13
Bootstrap[15]: Time 4.858462 seconds, bootstrap likelihood -24542.447690, best rearrangement setting 13
Bootstrap[16]: Time 4.085356 seconds, bootstrap likelihood -22597.831708, best rearrangement setting 6
Bootstrap[17]: Time 4.427619 seconds, bootstrap likelihood -23346.073573, best rearrangement setting 7
Bootstrap[18]: Time 5.217492 seconds, bootstrap likelihood -22739.556130, best rearrangement setting 11
Bootstrap[19]: Time 5.028801 seconds, bootstrap likelihood -23892.961657, best rearrangement setting 10
Bootstrap[20]: Time 4.943908 seconds, bootstrap likelihood -23449.540386, best rearrangement setting 9
Bootstrap[21]: Time 4.281195 seconds, bootstrap likelihood -22863.255534, best rearrangement setting 7
Bootstrap[22]: Time 4.694124 seconds, bootstrap likelihood -22239.986200, best rearrangement setting 12
Bootstrap[23]: Time 4.459803 seconds, bootstrap likelihood -23411.043989, best rearrangement setting 10
Bootstrap[24]: Time 4.632401 seconds, bootstrap likelihood -23947.678196, best rearrangement setting 6
Bootstrap[25]: Time 4.271683 seconds, bootstrap likelihood -23348.388347, best rearrangement setting 15
Fast ML search on Process 1: Time 153.503440 seconds

Slow ML Search 13 Likelihood: -23202.942099
Slow ML Search 14 Likelihood: -23203.829743
Slow ML search on Process 1: Time 81.016861 seconds
Thorough ML search on Process 1: Time 39.418951 seconds

processID = 1, bestLH = -23202.959444

This is RAxML MPI Process Number: 6

Time for BS model parameter optimization on Process 6: 3.616730 seconds
Bootstrap[78]: Time 7.988972 seconds, bootstrap likelihood -23446.656985, best rearrangement setting 5
Bootstrap[79]: Time 5.047405 seconds, bootstrap likelihood -23091.598921, best rearrangement setting 15
Bootstrap[80]: Time 3.829073 seconds, bootstrap likelihood -23377.140184, best rearrangement setting 7
Bootstrap[81]: Time 5.171386 seconds, bootstrap likelihood -23779.766706, best rearrangement setting 15
Bootstrap[82]: Time 5.473796 seconds, bootstrap likelihood -23834.433151, best rearrangement setting 10
Bootstrap[83]: Time 4.394260 seconds, bootstrap likelihood -22766.647482, best rearrangement setting 6
Bootstrap[84]: Time 4.551720 seconds, bootstrap likelihood -21544.004143, best rearrangement setting 9
Bootstrap[85]: Time 3.838237 seconds, bootstrap likelihood -22987.632789, best rearrangement setting 5
Bootstrap[86]: Time 5.112898 seconds, bootstrap likelihood -23016.381455, best rearrangement setting 15
Bootstrap[87]: Time 4.493047 seconds, bootstrap likelihood -24372.648222, best rearrangement setting 6
Bootstrap[88]: Time 4.162849 seconds, bootstrap likelihood -23077.385820, best rearrangement setting 13
Bootstrap[89]: Time 4.644269 seconds, bootstrap likelihood -21616.189264, best rearrangement setting 13
Bootstrap[90]: Time 4.373927 seconds, bootstrap likelihood -23289.316965, best rearrangement setting 5
Fast ML search on Process 6: Time 134.982271 seconds

Slow ML Search 78 Likelihood: -23202.960983
Slow ML Search 79 Likelihood: -23202.960837
Slow ML search on Process 6: Time 73.814816 seconds
Thorough ML search on Process 6: Time 39.229697 seconds

processID = 6, bestLH = -23202.961469

This is RAxML MPI Process Number: 0
IMPORTANT WARNING: Alignment column 1971 contains only undetermined values which will be treated as missing data

IMPORTANT WARNING
Found 1 column that contains only undetermined values which will be treated as missing data.
Normally these columns should be excluded from the analysis.

Just in case you might need it, an alignment file with 
undetermined columns removed is printed to file 18s.phy.reduced


This is RAxML version 8.0.22 released by Alexandros Stamatakis on May 6 2014.

With greatly appreciated code contributions by:
Andre Aberer      (HITS)
Simon Berger      (HITS)
Alexey Kozlov     (HITS)
Nick Pattengale   (Sandia)
Wayne Pfeiffer    (SDSC)
Akifumi S. Tanabe (NRIFS)
David Dao         (KIT)
Charlie Taylor    (UF)


Alignment has 755 distinct alignment patterns

Proportion of gaps and completely undetermined characters in this alignment: 10.67%

RAxML rapid bootstrapping and subsequent ML search

Using 1 distinct models/data partitions with joint branch length optimization



Executing 100 rapid bootstrap inferences and thereafter a thorough ML search 

All free model parameters will be estimated by RAxML
GAMMA model of rate heteorgeneity, ML estimate of alpha-parameter

GAMMA Model parameters will be estimated up to an accuracy of 0.1000000000 Log Likelihood units

Partition: 0
Alignment Patterns: 755
Name: No Name Provided
DataType: DNA
Substitution Matrix: GTR




RAxML was called as follows:

/gpfs/runtime/opt/raxml/8.0.22/avx/bin/raxmlHPC-MPI -f a -x 12345 -p 12345 -N 100 -m GTRGAMMA -s 18s.phy -n 18s_boot100 



Time for BS model parameter optimization on Process 0: 2.749680 seconds
Bootstrap[0]: Time 7.387774 seconds, bootstrap likelihood -16413.849611, best rearrangement setting 13
Bootstrap[1]: Time 3.875406 seconds, bootstrap likelihood -16050.017018, best rearrangement setting 13
Bootstrap[2]: Time 3.864156 seconds, bootstrap likelihood -15258.695536, best rearrangement setting 12
Bootstrap[3]: Time 4.227805 seconds, bootstrap likelihood -15807.296284, best rearrangement setting 15
Bootstrap[4]: Time 4.260504 seconds, bootstrap likelihood -16831.834565, best rearrangement setting 10
Bootstrap[5]: Time 4.356050 seconds, bootstrap likelihood -16215.047546, best rearrangement setting 10
Bootstrap[6]: Time 3.738360 seconds, bootstrap likelihood -16640.419800, best rearrangement setting 6
Bootstrap[7]: Time 3.822146 seconds, bootstrap likelihood -15103.636508, best rearrangement setting 14
Bootstrap[8]: Time 3.763362 seconds, bootstrap likelihood -15590.502749, best rearrangement setting 5
Bootstrap[9]: Time 4.273718 seconds, bootstrap likelihood -16693.282085, best rearrangement setting 7
Bootstrap[10]: Time 4.512938 seconds, bootstrap likelihood -15435.064867, best rearrangement setting 7
Bootstrap[11]: Time 4.204941 seconds, bootstrap likelihood -16918.878251, best rearrangement setting 5
Bootstrap[12]: Time 4.413532 seconds, bootstrap likelihood -15391.313969, best rearrangement setting 8


Overall Time for 104 Rapid Bootstraps 59.833401 seconds
Average Time per Rapid Bootstrap 0.575321 seconds

Starting ML Search ...

Fast ML optimization finished

Fast ML search on Process 0: Time 98.748947 seconds

Slow ML Search 0 Likelihood: -16284.332563
Slow ML Search 1 Likelihood: -16286.628202
Slow ML optimization finished

Slow ML search on Process 0: Time 91.179287 seconds
Thorough ML search on Process 0: Time 30.917557 seconds

processID = 0, bestLH = -16284.357772

This is RAxML MPI Process Number: 1

Time for BS model parameter optimization on Process 1: 2.738790 seconds
Bootstrap[13]: Time 7.302358 seconds, bootstrap likelihood -16783.643886, best rearrangement setting 12
Bootstrap[14]: Time 4.299631 seconds, bootstrap likelihood -16475.949971, best rearrangement setting 13
Bootstrap[15]: Time 4.431192 seconds, bootstrap likelihood -16219.552328, best rearrangement setting 13
Bootstrap[16]: Time 3.781251 seconds, bootstrap likelihood -16474.083515, best rearrangement setting 6
Bootstrap[17]: Time 4.396804 seconds, bootstrap likelihood -15621.388414, best rearrangement setting 7
Bootstrap[18]: Time 4.127252 seconds, bootstrap likelihood -15612.703735, best rearrangement setting 11
Bootstrap[19]: Time 4.511193 seconds, bootstrap likelihood -15315.087658, best rearrangement setting 10
Bootstrap[20]: Time 4.971064 seconds, bootstrap likelihood -17736.151576, best rearrangement setting 9
Bootstrap[21]: Time 4.486124 seconds, bootstrap likelihood -17053.285483, best rearrangement setting 7
Bootstrap[22]: Time 4.531077 seconds, bootstrap likelihood -15510.499302, best rearrangement setting 12
Bootstrap[23]: Time 4.361276 seconds, bootstrap likelihood -14524.413368, best rearrangement setting 10
Bootstrap[24]: Time 4.203695 seconds, bootstrap likelihood -17048.640820, best rearrangement setting 6
Bootstrap[25]: Time 4.368068 seconds, bootstrap likelihood -16132.680649, best rearrangement setting 15
Fast ML search on Process 1: Time 108.547801 seconds

Slow ML Search 13 Likelihood: -16286.201461
Slow ML Search 14 Likelihood: -16287.795873
Slow ML search on Process 1: Time 62.562628 seconds
Thorough ML search on Process 1: Time 31.473760 seconds

processID = 1, bestLH = -16286.262082

This is RAxML MPI Process Number: 3

Time for BS model parameter optimization on Process 3: 2.707617 seconds
Bootstrap[39]: Time 6.833146 seconds, bootstrap likelihood -16045.401340, best rearrangement setting 9
Bootstrap[40]: Time 3.978693 seconds, bootstrap likelihood -15478.430031, best rearrangement setting 14
Bootstrap[41]: Time 4.024482 seconds, bootstrap likelihood -17039.228342, best rearrangement setting 15
Bootstrap[42]: Time 4.547861 seconds, bootstrap likelihood -16382.156383, best rearrangement setting 10
Bootstrap[43]: Time 4.330387 seconds, bootstrap likelihood -15853.702690, best rearrangement setting 10
Bootstrap[44]: Time 4.050078 seconds, bootstrap likelihood -15823.551544, best rearrangement setting 13
Bootstrap[45]: Time 4.055724 seconds, bootstrap likelihood -16169.979954, best rearrangement setting 7
Bootstrap[46]: Time 4.507297 seconds, bootstrap likelihood -15941.494387, best rearrangement setting 10
Bootstrap[47]: Time 3.882356 seconds, bootstrap likelihood -15341.330404, best rearrangement setting 10
Bootstrap[48]: Time 4.065368 seconds, bootstrap likelihood -15456.216726, best rearrangement setting 12
Bootstrap[49]: Time 3.768847 seconds, bootstrap likelihood -14617.334665, best rearrangement setting 5
Bootstrap[50]: Time 4.730466 seconds, bootstrap likelihood -17376.014214, best rearrangement setting 9
Bootstrap[51]: Time 4.163955 seconds, bootstrap likelihood -15200.961267, best rearrangement setting 7
Fast ML search on Process 3: Time 106.860881 seconds

Slow ML Search 39 Likelihood: -16286.694975
Slow ML Search 40 Likelihood: -16288.042585
Slow ML search on Process 3: Time 84.520489 seconds
Thorough ML search on Process 3: Time 31.306733 seconds

processID = 3, bestLH = -16286.694982

This is RAxML MPI Process Number: 6

Time for BS model parameter optimization on Process 6: 2.722504 seconds
Bootstrap[78]: Time 7.072155 seconds, bootstrap likelihood -16753.541202, best rearrangement setting 5
Bootstrap[79]: Time 4.234305 seconds, bootstrap likelihood -16611.717351, best rearrangement setting 15
Bootstrap[80]: Time 4.670690 seconds, bootstrap likelihood -16807.750629, best rearrangement setting 7
Bootstrap[81]: Time 4.130790 seconds, bootstrap likelihood -16192.304164, best rearrangement setting 15
Bootstrap[82]: Time 4.220477 seconds, bootstrap likelihood -16110.953668, best rearrangement setting 10
Bootstrap[83]: Time 3.852581 seconds, bootstrap likelihood -15691.282433, best rearrangement setting 6
Bootstrap[84]: Time 4.028149 seconds, bootstrap likelihood -15653.100701, best rearrangement setting 9
Bootstrap[85]: Time 3.856133 seconds, bootstrap likelihood -15825.723740, best rearrangement setting 5
Bootstrap[86]: Time 5.040503 seconds, bootstrap likelihood -17111.636074, best rearrangement setting 15
Bootstrap[87]: Time 4.171232 seconds, bootstrap likelihood -16218.298114, best rearrangement setting 6
Bootstrap[88]: Time 3.944664 seconds, bootstrap likelihood -14575.324687, best rearrangement setting 13
Bootstrap[89]: Time 3.910924 seconds, bootstrap likelihood -15795.669606, best rearrangement setting 13
Bootstrap[90]: Time 4.057749 seconds, bootstrap likelihood -16221.636732, best rearrangement setting 5
Fast ML search on Process 6: Time 105.219669 seconds

Slow ML Search 78 Likelihood: -16284.137215
Slow ML Search 79 Likelihood: -16289.778281
Slow ML search on Process 6: Time 71.989237 seconds
Thorough ML search on Process 6: Time 33.141672 seconds

processID = 6, bestLH = -16284.113078

Final ML Optimization Likelihood: -16284.113078

Model Information:

Model Parameters of Partition 0, Name: No Name Provided, Type of Data: DNA
alpha: 0.201757
Tree-Length: 3.717257
rate A <-> C: 1.395773
rate A <-> G: 2.974301
rate A <-> T: 1.277093
rate C <-> G: 0.992031
rate C <-> T: 6.531239
rate G <-> T: 1.000000

freq pi(A): 0.269513
freq pi(C): 0.194606
freq pi(G): 0.260255
freq pi(T): 0.275625


ML search took 222.690531 secs or 0.061858 hours

Combined Bootstrap and ML search took 282.524011 secs or 0.078479 hours

Drawing Bootstrap Support Values on best-scoring ML tree ...



Found 1 tree in File /gpfs/scratch/guest310/hydroidolina/RAxML_bestTree.18s_boot100



Found 1 tree in File /gpfs/scratch/guest310/hydroidolina/RAxML_bestTree.18s_boot100

Program execution info written to /gpfs/scratch/guest310/hydroidolina/RAxML_info.18s_boot100
All 104 bootstrapped trees written to: /gpfs/scratch/guest310/hydroidolina/RAxML_bootstrap.18s_boot100

Best-scoring ML tree written to: /gpfs/scratch/guest310/hydroidolina/RAxML_bestTree.18s_boot100

Best-scoring ML tree with support values written to: /gpfs/scratch/guest310/hydroidolina/RAxML_bipartitions.18s_boot100

Best-scoring ML tree with support values as branch labels written to: /gpfs/scratch/guest310/hydroidolina/RAxML_bipartitionsBranchLabels.18s_boot100

Overall execution time for full ML analysis: 282.533382 secs or 0.078481 hours or 0.003270 days


This is RAxML MPI Process Number: 2

Time for BS model parameter optimization on Process 2: 2.736016 seconds
Bootstrap[26]: Time 6.926667 seconds, bootstrap likelihood -16302.756384, best rearrangement setting 10
Bootstrap[27]: Time 4.666827 seconds, bootstrap likelihood -15826.198474, best rearrangement setting 13
Bootstrap[28]: Time 4.477850 seconds, bootstrap likelihood -16769.810672, best rearrangement setting 14
Bootstrap[29]: Time 4.433356 seconds, bootstrap likelihood -15858.669788, best rearrangement setting 8
Bootstrap[30]: Time 4.368031 seconds, bootstrap likelihood -16299.429802, best rearrangement setting 14
Bootstrap[31]: Time 4.441404 seconds, bootstrap likelihood -16257.352431, best rearrangement setting 12
Bootstrap[32]: Time 4.460480 seconds, bootstrap likelihood -17117.146182, best rearrangement setting 14
Bootstrap[33]: Time 4.696597 seconds, bootstrap likelihood -15527.339458, best rearrangement setting 15
Bootstrap[34]: Time 4.205879 seconds, bootstrap likelihood -16682.527716, best rearrangement setting 9
Bootstrap[35]: Time 3.965839 seconds, bootstrap likelihood -15795.356765, best rearrangement setting 6
Bootstrap[36]: Time 4.100732 seconds, bootstrap likelihood -15734.516499, best rearrangement setting 13
Bootstrap[37]: Time 4.679878 seconds, bootstrap likelihood -16601.421185, best rearrangement setting 7
Bootstrap[38]: Time 4.276026 seconds, bootstrap likelihood -16090.339240, best rearrangement setting 11
Fast ML search on Process 2: Time 98.989600 seconds

Slow ML Search 26 Likelihood: -16284.416828
Slow ML Search 27 Likelihood: -16286.245858
Slow ML search on Process 2: Time 58.047599 seconds
Thorough ML search on Process 2: Time 30.599977 seconds

processID = 2, bestLH = -16284.416829

This is RAxML MPI Process Number: 7

Time for BS model parameter optimization on Process 7: 2.825257 seconds
Bootstrap[91]: Time 7.118544 seconds, bootstrap likelihood -15178.664976, best rearrangement setting 15
Bootstrap[92]: Time 4.024762 seconds, bootstrap likelihood -15721.419426, best rearrangement setting 5
Bootstrap[93]: Time 4.320710 seconds, bootstrap likelihood -15243.307752, best rearrangement setting 8
Bootstrap[94]: Time 4.045837 seconds, bootstrap likelihood -15878.255031, best rearrangement setting 6
Bootstrap[95]: Time 3.989924 seconds, bootstrap likelihood -15210.390833, best rearrangement setting 6
Bootstrap[96]: Time 4.350264 seconds, bootstrap likelihood -15904.221830, best rearrangement setting 7
Bootstrap[97]: Time 4.631822 seconds, bootstrap likelihood -16492.395992, best rearrangement setting 13
Bootstrap[98]: Time 4.270041 seconds, bootstrap likelihood -16132.815511, best rearrangement setting 11
Bootstrap[99]: Time 4.576724 seconds, bootstrap likelihood -17095.621409, best rearrangement setting 6
Bootstrap[100]: Time 4.111180 seconds, bootstrap likelihood -15963.394457, best rearrangement setting 11
Bootstrap[101]: Time 4.696337 seconds, bootstrap likelihood -15871.062206, best rearrangement setting 5
Bootstrap[102]: Time 4.422842 seconds, bootstrap likelihood -15538.324703, best rearrangement setting 14
Bootstrap[103]: Time 4.858563 seconds, bootstrap likelihood -16511.913886, best rearrangement setting 12
Fast ML search on Process 7: Time 125.940659 seconds

Slow ML Search 91 Likelihood: -16284.113758
Slow ML Search 92 Likelihood: -16286.594386
Slow ML search on Process 7: Time 63.101444 seconds
Thorough ML search on Process 7: Time 31.070680 seconds

processID = 7, bestLH = -16284.113760

This is RAxML MPI Process Number: 4

Time for BS model parameter optimization on Process 4: 2.774442 seconds
Bootstrap[52]: Time 7.559841 seconds, bootstrap likelihood -15847.600285, best rearrangement setting 8
Bootstrap[53]: Time 4.289291 seconds, bootstrap likelihood -15905.644132, best rearrangement setting 14
Bootstrap[54]: Time 4.353072 seconds, bootstrap likelihood -16509.247241, best rearrangement setting 5
Bootstrap[55]: Time 4.352056 seconds, bootstrap likelihood -15570.788212, best rearrangement setting 11
Bootstrap[56]: Time 3.977704 seconds, bootstrap likelihood -15655.292818, best rearrangement setting 6
Bootstrap[57]: Time 5.366316 seconds, bootstrap likelihood -16632.305682, best rearrangement setting 15
Bootstrap[58]: Time 4.268897 seconds, bootstrap likelihood -15826.555305, best rearrangement setting 11
Bootstrap[59]: Time 3.956483 seconds, bootstrap likelihood -15977.918705, best rearrangement setting 5
Bootstrap[60]: Time 4.008391 seconds, bootstrap likelihood -16126.085746, best rearrangement setting 12
Bootstrap[61]: Time 4.817647 seconds, bootstrap likelihood -16807.784458, best rearrangement setting 6
Bootstrap[62]: Time 4.297899 seconds, bootstrap likelihood -15629.937736, best rearrangement setting 7
Bootstrap[63]: Time 3.336779 seconds, bootstrap likelihood -15065.245124, best rearrangement setting 10
Bootstrap[64]: Time 4.790741 seconds, bootstrap likelihood -16164.423333, best rearrangement setting 13
Fast ML search on Process 4: Time 118.956367 seconds

Slow ML Search 52 Likelihood: -16284.836525
Slow ML Search 53 Likelihood: -16287.699701
Slow ML search on Process 4: Time 63.397623 seconds
Thorough ML search on Process 4: Time 32.437540 seconds

processID = 4, bestLH = -16284.836527

This is RAxML MPI Process Number: 5

Time for BS model parameter optimization on Process 5: 2.758238 seconds
Bootstrap[65]: Time 7.257781 seconds, bootstrap likelihood -16301.688207, best rearrangement setting 6
Bootstrap[66]: Time 4.079247 seconds, bootstrap likelihood -15284.744760, best rearrangement setting 15
Bootstrap[67]: Time 4.519391 seconds, bootstrap likelihood -15467.931025, best rearrangement setting 6
Bootstrap[68]: Time 3.950642 seconds, bootstrap likelihood -15518.494545, best rearrangement setting 13
Bootstrap[69]: Time 3.770368 seconds, bootstrap likelihood -15269.716002, best rearrangement setting 14
Bootstrap[70]: Time 3.881442 seconds, bootstrap likelihood -16199.338059, best rearrangement setting 5
Bootstrap[71]: Time 3.988383 seconds, bootstrap likelihood -16810.076841, best rearrangement setting 5
Bootstrap[72]: Time 4.457271 seconds, bootstrap likelihood -16949.308022, best rearrangement setting 11
Bootstrap[73]: Time 4.341460 seconds, bootstrap likelihood -16461.070350, best rearrangement setting 14
Bootstrap[74]: Time 4.703043 seconds, bootstrap likelihood -16746.560510, best rearrangement setting 11
Bootstrap[75]: Time 4.175668 seconds, bootstrap likelihood -17101.190138, best rearrangement setting 10
Bootstrap[76]: Time 3.947582 seconds, bootstrap likelihood -15420.530743, best rearrangement setting 11
Bootstrap[77]: Time 4.343775 seconds, bootstrap likelihood -16313.711213, best rearrangement setting 9
Fast ML search on Process 5: Time 121.363837 seconds

Slow ML Search 65 Likelihood: -16288.764109
Slow ML Search 66 Likelihood: -16290.539865
Slow ML search on Process 5: Time 58.554208 seconds
Thorough ML search on Process 5: Time 32.186769 seconds

processID = 5, bestLH = -16288.764114

This is RAxML MPI Process Number: 0
IMPORTANT WARNING: Alignment column 849 contains only undetermined values which will be treated as missing data
IMPORTANT WARNING: Alignment column 867 contains only undetermined values which will be treated as missing data
IMPORTANT WARNING: Alignment column 896 contains only undetermined values which will be treated as missing data
IMPORTANT WARNING: Alignment column 3102 contains only undetermined values which will be treated as missing data
IMPORTANT WARNING: Alignment column 3136 contains only undetermined values which will be treated as missing data
IMPORTANT WARNING: Alignment column 3149 contains only undetermined values which will be treated as missing data
IMPORTANT WARNING: Alignment column 3665 contains only undetermined values which will be treated as missing data
IMPORTANT WARNING: Alignment column 3666 contains only undetermined values which will be treated as missing data

IMPORTANT WARNING
Found 8 columns that contain only undetermined values which will be treated as missing data.
Normally these columns should be excluded from the analysis.

Just in case you might need it, an alignment file with 
undetermined columns removed is printed to file 28s.phy.reduced


This is RAxML version 8.0.22 released by Alexandros Stamatakis on May 6 2014.

With greatly appreciated code contributions by:
Andre Aberer      (HITS)
Simon Berger      (HITS)
Alexey Kozlov     (HITS)
Nick Pattengale   (Sandia)
Wayne Pfeiffer    (SDSC)
Akifumi S. Tanabe (NRIFS)
David Dao         (KIT)
Charlie Taylor    (UF)


Alignment has 1855 distinct alignment patterns

Proportion of gaps and completely undetermined characters in this alignment: 14.54%

RAxML rapid bootstrapping and subsequent ML search

Using 1 distinct models/data partitions with joint branch length optimization



Executing 100 rapid bootstrap inferences and thereafter a thorough ML search 

All free model parameters will be estimated by RAxML
GAMMA model of rate heteorgeneity, ML estimate of alpha-parameter

GAMMA Model parameters will be estimated up to an accuracy of 0.1000000000 Log Likelihood units

Partition: 0
Alignment Patterns: 1855
Name: No Name Provided
DataType: DNA
Substitution Matrix: GTR




RAxML was called as follows:

/gpfs/runtime/opt/raxml/8.0.22/avx/bin/raxmlHPC-MPI -f a -x 12345 -p 12345 -N 100 -m GTRGAMMA -s 28s.phy -n 28s_boot100 



Time for BS model parameter optimization on Process 0: 8.177857 seconds
Bootstrap[0]: Time 20.935573 seconds, bootstrap likelihood -48109.457662, best rearrangement setting 13
Bootstrap[1]: Time 12.634960 seconds, bootstrap likelihood -50139.701506, best rearrangement setting 13
Bootstrap[2]: Time 11.850320 seconds, bootstrap likelihood -51302.768666, best rearrangement setting 12
Bootstrap[3]: Time 14.349186 seconds, bootstrap likelihood -50633.377045, best rearrangement setting 15
Bootstrap[4]: Time 11.542139 seconds, bootstrap likelihood -50985.736829, best rearrangement setting 10
Bootstrap[5]: Time 13.919435 seconds, bootstrap likelihood -50228.128550, best rearrangement setting 10
Bootstrap[6]: Time 12.335317 seconds, bootstrap likelihood -49945.578986, best rearrangement setting 6
Bootstrap[7]: Time 12.678902 seconds, bootstrap likelihood -49224.044900, best rearrangement setting 14
Bootstrap[8]: Time 11.914869 seconds, bootstrap likelihood -49002.144891, best rearrangement setting 5
Bootstrap[9]: Time 11.578506 seconds, bootstrap likelihood -48705.911772, best rearrangement setting 7
Bootstrap[10]: Time 13.166962 seconds, bootstrap likelihood -50041.281663, best rearrangement setting 7
Bootstrap[11]: Time 13.361247 seconds, bootstrap likelihood -51415.317871, best rearrangement setting 5
Bootstrap[12]: Time 12.393459 seconds, bootstrap likelihood -49413.617842, best rearrangement setting 8


Overall Time for 104 Rapid Bootstraps 172.782077 seconds
Average Time per Rapid Bootstrap 1.661366 seconds

Starting ML Search ...

Fast ML optimization finished

Fast ML search on Process 0: Time 290.754781 seconds

Slow ML Search 0 Likelihood: -50166.923396
Slow ML Search 1 Likelihood: -
This is RAxML MPI Process Number: 3

Time for BS model parameter optimization on Process 3: 8.153199 seconds
Bootstrap[39]: Time 20.680760 seconds, bootstrap likelihood -49228.631046, best rearrangement setting 9
Bootstrap[40]: Time 13.279046 seconds, bootstrap likelihood -51547.054421, best rearrangement setting 14
Bootstrap[41]: Time 12.187792 seconds, bootstrap likelihood -47029.210541, best rearrangement setting 15
Bootstrap[42]: Time 12.530119 seconds, bootstrap likelihood -50220.903495, best rearrangement setting 10
Bootstrap[43]: Time 12.286633 seconds, bootstrap likelihood -48969.444487, best rearrangement setting 10
Bootstrap[44]: Time 12.205536 seconds, bootstrap likelihood -50291.720662, best rearrangement setting 13
Bootstrap[45]: Time 12.782520 seconds, bootstrap likelihood -51883.020658, best rearrangement setting 7
Bootstrap[46]: Time 12.005725 seconds, bootstrap likelihood -49092.120183, best rearrangement setting 10
Bootstrap[47]: Time 11.822887 seconds, bootstrap likelihood -47965.482491, best rearrangement setting 10
Bootstrap[48]: Time 11.817477 seconds, bootstrap likelihood -47483.306366, best rearrangement setting 12
Bootstrap[49]: Time 11.881331 seconds, bootstrap likelihood -48223.905096, best rearrangement setting 5
Bootstrap[50]: Time 12.991408 seconds, bootstrap likelihood -50936.528038, best rearrangement setting 9
Bootstrap[51]: Time 12.934415 seconds, bootstrap likelihood -49759.858320, best rearrangement setting 7
Fast ML search on Process 3: Time 326.623538 seconds

Slow ML Search 39 Likelihood: -50168.683709
Slow ML Search 40 Likelihood: -50169.632971
Slow ML search on Process 3: Time 214.592237 seconds
Thorough ML search on Process 3: Time 101.807492 seconds

processID = 3, bestLH = -50168.702105

This is RAxML MPI Process Number: 6

Time for BS model parameter optimization on Process 6: 8.294788 seconds
Bootstrap[78]: Time 20.269211 seconds, bootstrap likelihood -53261.065619, best rearrangement setting 5
Bootstrap[79]: Time 13.179157 seconds, bootstrap likelihood -50068.879806, best rearrangement setting 15
Bootstrap[80]: Time 12.270162 seconds, bootstrap likelihood -49887.044526, best rearrangement setting 7
Bootstrap[81]: Time 13.252189 seconds, bootstrap likelihood -52017.714843, best rearrangement setting 15
Bootstrap[82]: Time 12.998301 seconds, bootstrap likelihood -49650.424525, best rearrangement setting 10
Bootstrap[83]: Time 12.873761 seconds, bootstrap likelihood -49192.184289, best rearrangement setting 6
Bootstrap[84]: Time 12.609009 seconds, bootstrap likelihood -50864.252148, best rearrangement setting 9
Bootstrap[85]: Time 11.893580 seconds, bootstrap likelihood -48633.684100, best rearrangement setting 5
Bootstrap[86]: Time 13.913920 seconds, bootstrap likelihood -50512.219515, best rearrangement setting 15
Bootstrap[87]: Time 12.491735 seconds, bootstrap likelihood -49270.534159, best rearrangement setting 6
Bootstrap[88]: Time 12.827462 seconds, bootstrap likelihood -48104.641162, best rearrangement setting 13
Bootstrap[89]: Time 12.350717 seconds, bootstrap likelihood -49634.414329, best rearrangement setting 13
Bootstrap[90]: Time 11.284322 seconds, bootstrap likelihood -49715.546046, best rearrangement setting 5
Fast ML search on Process 6: Time 264.218345 seconds

Slow ML Search 78 Likelihood: -50162.482425
Slow ML Search 79 Likelihood: -50161.840083
Slow ML search on Process 6: Time 245.544435 seconds
Thorough ML search on Process 6: Time 97.862669 seconds

processID = 6, bestLH = -50161.753387

Final ML Optimization Likelihood: -50161.753387

Model Information:

Model Parameters of Partition 0, Name: No Name Provided, Type of Data: DNA
alpha: 0.238208
Tree-Length: 8.223250
rate A <-> C: 0.578063
rate A <-> G: 2.084487
rate A <-> T: 0.666076
rate C <-> G: 0.728393
rate C <-> T: 4.537034
rate G <-> T: 1.000000

freq pi(A): 0.263767
freq pi(C): 0.207798
freq pi(G): 0.283709
freq pi(T): 0.244726


ML search took 651.675172 secs or 0.181021 hours

Combined Bootstrap and ML search took 824.457552 secs or 0.229016 hours

Drawing Bootstrap Support Values on best-scoring ML tree ...



Found 1 tree in File /gpfs/scratch/guest310/hydroidolina/RAxML_bestTree.28s_boot100



Found 1 tree in File /gpfs/scratch/guest310/hydroidolina/RAxML_bestTree.28s_boot100

Program execution info written to /gpfs/scratch/guest310/hydroidolina/RAxML_info.28s_boot100
All 104 bootstrapped trees written to: /gpfs/scratch/guest310/hydroidolina/RAxML_bootstrap.28s_boot100

Best-scoring ML tree written to: /gpfs/scratch/guest310/hydroidolina/RAxML_bestTree.28s_boot100

Best-scoring ML tree with support values written to: /gpfs/scratch/guest310/hydroidolina/RAxML_bipartitions.28s_boot100

Best-scoring ML tree with support values as branch labels written to: /gpfs/scratch/guest310/hydroidolina/RAxML_bipartitionsBranchLabels.28s_boot100

Overall execution time for full ML analysis: 824.467493 secs or 0.229019 hours or 0.009542 days


This is RAxML MPI Process Number: 7

Time for BS model parameter optimization on Process 7: 8.117138 seconds
Bootstrap[91]: Time 20.916384 seconds, bootstrap likelihood -48650.033476, best rearrangement setting 15
Bootstrap[92]: Time 12.797707 seconds, bootstrap likelihood -46966.789833, best rearrangement setting 5
Bootstrap[93]: Time 13.528361 seconds, bootstrap likelihood -50768.465806, best rearrangement setting 8
Bootstrap[94]: Time 11.498922 seconds, bootstrap likelihood -50401.830169, best rearrangement setting 6
Bootstrap[95]: Time 11.198306 seconds, bootstrap likelihood -50575.641303, best rearrangement setting 6
Bootstrap[96]: Time 12.174208 seconds, bootstrap likelihood -50724.836651, best rearrangement setting 7
Bootstrap[97]: Time 12.654908 seconds, bootstrap likelihood -49263.860682, best rearrangement setting 13
Bootstrap[98]: Time 12.455894 seconds, bootstrap likelihood -49175.428254, best rearrangement setting 11
Bootstrap[99]: Time 12.786021 seconds, bootstrap likelihood -50875.824378, best rearrangement setting 6
Bootstrap[100]: Time 13.400437 seconds, bootstrap likelihood -48297.914465, best rearrangement setting 11
Bootstrap[101]: Time 12.175921 seconds, bootstrap likelihood -52286.245867, best rearrangement setting 5
Bootstrap[102]: Time 12.884374 seconds, bootstrap likelihood -49501.588510, best rearrangement setting 14
Bootstrap[103]: Time 12.175866 seconds, bootstrap likelihood -52057.347306, best rearrangement setting 12
Fast ML search on Process 7: Time 209.331327 seconds

Slow ML Search 91 Likelihood: -50163.488165
Slow ML Search 92 Likelihood: -50166.753685
Slow ML search on Process 7: Time 196.710318 seconds
Thorough ML search on Process 7: Time 99.234481 seconds

processID = 7, bestLH = -50163.488167

This is RAxML MPI Process Number: 1

Time for BS model parameter optimization on Process 1: 8.123457 seconds
Bootstrap[13]: Time 20.587296 seconds, bootstrap likelihood -50708.462400, best rearrangement setting 12
Bootstrap[14]: Time 11.910219 seconds, bootstrap likelihood -51538.675546, best rearrangement setting 13
Bootstrap[15]: Time 13.807789 seconds, bootstrap likelihood -50654.148843, best rearrangement setting 13
Bootstrap[16]: Time 12.704098 seconds, bootstrap likelihood -51221.673480, best rearrangement setting 6
Bootstrap[17]: Time 11.879495 seconds, bootstrap likelihood -51223.692029, best rearrangement setting 7
Bootstrap[18]: Time 12.128166 seconds, bootstrap likelihood -48919.010625, best rearrangement setting 11
Bootstrap[19]: Time 12.036066 seconds, bootstrap likelihood -51060.687987, best rearrangement setting 10
Bootstrap[20]: Time 12.364102 seconds, bootstrap likelihood -51994.771889, best rearrangement setting 9
Bootstrap[21]: Time 14.561113 seconds, bootstrap likelihood -50530.463616, best rearrangement setting 7
Bootstrap[22]: Time 12.698716 seconds, bootstrap likelihood -49046.736171, best rearrangement setting 12
Bootstrap[23]: Time 11.129113 seconds, bootstrap likelihood -48807.909493, best rearrangement setting 10
Bootstrap[24]: Time 13.053454 seconds, bootstrap likelihood -50086.190289, best rearrangement setting 6
Bootstrap[25]: Time 13.073238 seconds, bootstrap likelihood -51815.442061, best rearrangement setting 15
Fast ML search on Process 1: Time 284.585440 seconds

Slow ML Search 13 Likelihood: -50168.107285
Slow ML Search 14 Likelihood: -50168.711750
Slow ML search on Process 1: Time 266.196271 seconds
Thorough ML search on Process 1: Time 100.890703 seconds

processID = 1, bestLH = -50168.107291

This is RAxML MPI Process Number: 2

Time for BS model parameter optimization on Process 2: 8.402076 seconds
Bootstrap[26]: Time 21.701616 seconds, bootstrap likelihood -48319.719030, best rearrangement setting 10
Bootstrap[27]: Time 13.773985 seconds, bootstrap likelihood -48313.385693, best rearrangement setting 13
Bootstrap[28]: Time 12.355190 seconds, bootstrap likelihood -48193.466913, best rearrangement setting 14
Bootstrap[29]: Time 12.999258 seconds, bootstrap likelihood -50458.954699, best rearrangement setting 8
Bootstrap[30]: Time 12.402612 seconds, bootstrap likelihood -51113.852398, best rearrangement setting 14
Bootstrap[31]: Time 12.107182 seconds, bootstrap likelihood -50654.140538, best rearrangement setting 12
Bootstrap[32]: Time 12.367510 seconds, bootstrap likelihood -50394.329376, best rearrangement setting 14
Bootstrap[33]: Time 12.283848 seconds, bootstrap likelihood -50102.771211, best rearrangement setting 15
Bootstrap[34]: Time 12.592142 seconds, bootstrap likelihood -48696.848489, best rearrangement setting 9
Bootstrap[35]: Time 12.116752 seconds, bootstrap likelihood -49911.616099, best rearrangement setting 6
Bootstrap[36]: Time 12.160230 seconds, bootstrap likelihood -51140.933932, best rearrangement setting 13
Bootstrap[37]: Time 11.898022 seconds, bootstrap likelihood -50597.237842, best rearrangement setting 7
Bootstrap[38]: Time 12.033758 seconds, bootstrap likelihood -46570.547462, best rearrangement setting 11
Fast ML search on Process 2: Time 285.622570 seconds

Slow ML Search 26 Likelihood: -50163.461981
Slow ML Search 27 Likelihood: -50166.731035
Slow ML search on Process 2: Time 215.221541 seconds
Thorough ML search on Process 2: Time 97.145720 seconds

processID = 2, bestLH = -50163.482505

This is RAxML MPI Process Number: 4

Time for BS model parameter optimization on Process 4: 8.376687 seconds
Bootstrap[52]: Time 20.877036 seconds, bootstrap likelihood -50743.030739, best rearrangement setting 8
Bootstrap[53]: Time 11.806046 seconds, bootstrap likelihood -50171.320510, best rearrangement setting 14
Bootstrap[54]: Time 11.115508 seconds, bootstrap likelihood -50718.970180, best rearrangement setting 5
Bootstrap[55]: Time 12.536919 seconds, bootstrap likelihood -51268.433596, best rearrangement setting 11
Bootstrap[56]: Time 11.845578 seconds, bootstrap likelihood -51090.791444, best rearrangement setting 6
Bootstrap[57]: Time 13.422545 seconds, bootstrap likelihood -49908.097275, best rearrangement setting 15
Bootstrap[58]: Time 12.918986 seconds, bootstrap likelihood -48292.486857, best rearrangement setting 11
Bootstrap[59]: Time 12.313467 seconds, bootstrap likelihood -49642.467046, best rearrangement setting 5
Bootstrap[60]: Time 12.821029 seconds, bootstrap likelihood -49909.261820, best rearrangement setting 12
Bootstrap[61]: Time 11.481931 seconds, bootstrap likelihood -49887.988338, best rearrangement setting 6
Bootstrap[62]: Time 13.120410 seconds, bootstrap likelihood -50115.290901, best rearrangement setting 7
Bootstrap[63]: Time 12.379963 seconds, bootstrap likelihood -52217.273113, best rearrangement setting 10
Bootstrap[64]: Time 13.085396 seconds, bootstrap likelihood -49339.634467, best rearrangement setting 13
Fast ML search on Process 4: Time 289.220239 seconds

Slow ML Search 52 Likelihood: -50165.494298
Slow ML Search 53 Likelihood: -50164.493751
Slow ML search on Process 4: Time 197.420889 seconds
Thorough ML search on Process 4: Time 98.747514 seconds

processID = 4, bestLH = -50164.494529

This is RAxML MPI Process Number: 5

Time for BS model parameter optimization on Process 5: 8.406915 seconds
Bootstrap[65]: Time 21.872175 seconds, bootstrap likelihood -49692.026940, best rearrangement setting 6
Bootstrap[66]: Time 13.009217 seconds, bootstrap likelihood -48527.194900, best rearrangement setting 15
Bootstrap[67]: Time 12.635573 seconds, bootstrap likelihood -48900.838163, best rearrangement setting 6
Bootstrap[68]: Time 12.496928 seconds, bootstrap likelihood -49523.819248, best rearrangement setting 13
Bootstrap[69]: Time 13.049512 seconds, bootstrap likelihood -50698.004910, best rearrangement setting 14
Bootstrap[70]: Time 10.521754 seconds, bootstrap likelihood -51172.642929, best rearrangement setting 5
Bootstrap[71]: Time 11.861338 seconds, bootstrap likelihood -47526.552443, best rearrangement setting 5
Bootstrap[72]: Time 11.335496 seconds, bootstrap likelihood -50869.180416, best rearrangement setting 11
Bootstrap[73]: Time 13.197613 seconds, bootstrap likelihood -50500.508040, best rearrangement setting 14
Bootstrap[74]: Time 13.778781 seconds, bootstrap likelihood -49297.169725, best rearrangement setting 11
Bootstrap[75]: Time 13.249918 seconds, bootstrap likelihood -50710.073702, best rearrangement setting 10
Bootstrap[76]: Time 12.801183 seconds, bootstrap likelihood -51694.028435, best rearrangement setting 11
Bootstrap[77]: Time 12.156511 seconds, bootstrap likelihood -49278.166033, best rearrangement setting 9
Fast ML search on Process 5: Time 252.225273 seconds

Slow ML Search 65 Likelihood: -50163.462160
Slow ML Search 66 Likelihood: -50168.719112
Slow ML search on Process 5: Time 298.070646 seconds
Thorough ML search on Process 5: Time 97.068626 seconds

processID = 5, bestLH = -50163.482673
50164.499692
Slow ML optimization finished

Slow ML search on Process 0: Time 229.928632 seconds
Thorough ML search on Process 0: Time 98.425785 seconds

processID = 0, bestLH = -50164.494407
