## SLURM PROLOG ###############################################################
##    Job ID : 12157624
##  Job Name : MyMPIJob
##  Nodelist : node167
##      CPUs : 8
##   Mem/CPU : 2800 MB
## Directory : /gpfs/scratch/guest314/hydroidolina
##   Started : Wed Mar  9 15:12:31 EST 2016
###############################################################################
module: loading 'raxml/8.0.22'

This is RAxML MPI Process Number: 3

Time for BS model parameter optimization on Process 3: 41.877373 seconds
Bootstrap[39]: Time 88.187901 seconds, bootstrap likelihood -94074.602688, best rearrangement setting 9
Bootstrap[40]: Time 41.438827 seconds, bootstrap likelihood -93199.857556, best rearrangement setting 14
Bootstrap[41]: Time 40.393855 seconds, bootstrap likelihood -93460.123389, best rearrangement setting 15
Bootstrap[42]: Time 39.558364 seconds, bootstrap likelihood -92834.252348, best rearrangement setting 10
Bootstrap[43]: Time 43.349940 seconds, bootstrap likelihood -93572.996693, best rearrangement setting 10
Bootstrap[44]: Time 42.231958 seconds, bootstrap likelihood -90803.231293, best rearrangement setting 13
Bootstrap[45]: Time 38.983258 seconds, bootstrap likelihood -94888.135750, best rearrangement setting 7
Bootstrap[46]: Time 40.158881 seconds, bootstrap likelihood -96519.162354, best rearrangement setting 10
Bootstrap[47]: Time 38.704638 seconds, bootstrap likelihood -97234.409104, best rearrangement setting 10
Bootstrap[48]: Time 40.257806 seconds, bootstrap likelihood -95522.184383, best rearrangement setting 12
Bootstrap[49]: Time 36.594440 seconds, bootstrap likelihood -95015.119098, best rearrangement setting 5
Bootstrap[50]: Time 41.041518 seconds, bootstrap likelihood -96414.682658, best rearrangement setting 9
Bootstrap[51]: Time 39.844742 seconds, bootstrap likelihood -95515.349414, best rearrangement setting 7
Fast ML search on Process 3: Time 895.175013 seconds

Slow ML Search 39 Likelihood: -94428.330756
Slow ML Search 40 Likelihood: -94428.974655
Slow ML search on Process 3: Time 670.071778 seconds
Thorough ML search on Process 3: Time 357.756588 seconds

processID = 3, bestLH = -94428.330754

This is RAxML MPI Process Number: 1

Time for BS model parameter optimization on Process 1: 41.919500 seconds
Bootstrap[13]: Time 83.774583 seconds, bootstrap likelihood -97107.595823, best rearrangement setting 12
Bootstrap[14]: Time 40.297770 seconds, bootstrap likelihood -92023.896964, best rearrangement setting 13
Bootstrap[15]: Time 39.478073 seconds, bootstrap likelihood -93193.421389, best rearrangement setting 13
Bootstrap[16]: Time 38.920999 seconds, bootstrap likelihood -93991.718328, best rearrangement setting 6
Bootstrap[17]: Time 39.269020 seconds, bootstrap likelihood -97924.119369, best rearrangement setting 7
Bootstrap[18]: Time 40.478895 seconds, bootstrap likelihood -96299.575621, best rearrangement setting 11
Bootstrap[19]: Time 39.119547 seconds, bootstrap likelihood -92521.418165, best rearrangement setting 10
Bootstrap[20]: Time 39.295022 seconds, bootstrap likelihood -92355.265867, best rearrangement setting 9
Bootstrap[21]: Time 43.685266 seconds, bootstrap likelihood -97836.335718, best rearrangement setting 7
Bootstrap[22]: Time 40.026797 seconds, bootstrap likelihood -96075.545853, best rearrangement setting 12
Bootstrap[23]: Time 39.201029 seconds, bootstrap likelihood -91396.816799, best rearrangement setting 10
Bootstrap[24]: Time 37.932989 seconds, bootstrap likelihood -95800.118586, best rearrangement setting 6
Bootstrap[25]: Time 37.380384 seconds, bootstrap likelihood -93984.545274, best rearrangement setting 15
Fast ML search on Process 1: Time 915.441262 seconds

Slow ML Search 13 Likelihood: -94432.359431
Slow ML Search 14 Likelihood: -94431.198876
Slow ML search on Process 1: Time 676.480106 seconds
Thorough ML search on Process 1: Time 361.220809 seconds

processID = 1, bestLH = -94431.177629

This is RAxML MPI Process Number: 2

Time for BS model parameter optimization on Process 2: 42.138178 seconds
Bootstrap[26]: Time 84.363980 seconds, bootstrap likelihood -93620.291388, best rearrangement setting 10
Bootstrap[27]: Time 40.464202 seconds, bootstrap likelihood -95402.318223, best rearrangement setting 13
Bootstrap[28]: Time 41.306415 seconds, bootstrap likelihood -96843.459071, best rearrangement setting 14
Bootstrap[29]: Time 44.319839 seconds, bootstrap likelihood -92608.598391, best rearrangement setting 8
Bootstrap[30]: Time 39.917563 seconds, bootstrap likelihood -93041.459926, best rearrangement setting 14
Bootstrap[31]: Time 37.374991 seconds, bootstrap likelihood -92126.503188, best rearrangement setting 12
Bootstrap[32]: Time 45.895985 seconds, bootstrap likelihood -93545.319590, best rearrangement setting 14
Bootstrap[33]: Time 41.285073 seconds, bootstrap likelihood -90553.540948, best rearrangement setting 15
Bootstrap[34]: Time 41.599130 seconds, bootstrap likelihood -96436.864523, best rearrangement setting 9
Bootstrap[35]: Time 41.457567 seconds, bootstrap likelihood -95354.118061, best rearrangement setting 6
Bootstrap[36]: Time 38.328311 seconds, bootstrap likelihood -94059.309867, best rearrangement setting 13
Bootstrap[37]: Time 40.530975 seconds, bootstrap likelihood -91581.764957, best rearrangement setting 7
Bootstrap[38]: Time 41.412108 seconds, bootstrap likelihood -98077.705604, best rearrangement setting 11
Fast ML search on Process 2: Time 799.398130 seconds

Slow ML Search 26 Likelihood: -94433.884778
Slow ML Search 27 Likelihood: -94428.037214
Slow ML search on Process 2: Time 687.021539 seconds
Thorough ML search on Process 2: Time 355.722153 seconds

processID = 2, bestLH = -94427.917529

Final ML Optimization Likelihood: -94427.917529

Model Information:

Model Parameters of Partition 0, Name: No Name Provided, Type of Data: DNA
alpha: 0.253321
Tree-Length: 8.219909
rate A <-> C: 0.806800
rate A <-> G: 2.608071
rate A <-> T: 1.911118
rate C <-> G: 0.900656
rate C <-> T: 5.287369
rate G <-> T: 1.000000

freq pi(A): 0.277945
freq pi(C): 0.195911
freq pi(G): 0.264600
freq pi(T): 0.261544


ML search took 2114.119413 secs or 0.587255 hours

Combined Bootstrap and ML search took 2693.684514 secs or 0.748246 hours

Drawing Bootstrap Support Values on best-scoring ML tree ...



Found 1 tree in File /gpfs/scratch/guest314/hydroidolina/RAxML_bestTree.combined_boot100



Found 1 tree in File /gpfs/scratch/guest314/hydroidolina/RAxML_bestTree.combined_boot100

Program execution info written to /gpfs/scratch/guest314/hydroidolina/RAxML_info.combined_boot100
All 104 bootstrapped trees written to: /gpfs/scratch/guest314/hydroidolina/RAxML_bootstrap.combined_boot100

Best-scoring ML tree written to: /gpfs/scratch/guest314/hydroidolina/RAxML_bestTree.combined_boot100

Best-scoring ML tree with support values written to: /gpfs/scratch/guest314/hydroidolina/RAxML_bipartitions.combined_boot100

Best-scoring ML tree with support values as branch labels written to: /gpfs/scratch/guest314/hydroidolina/RAxML_bipartitionsBranchLabels.combined_boot100

Overall execution time for full ML analysis: 2693.696287 secs or 0.748249 hours or 0.031177 days


This is RAxML MPI Process Number: 6

Time for BS model parameter optimization on Process 6: 43.127977 seconds
Bootstrap[78]: Time 82.565538 seconds, bootstrap likelihood -94388.911933, best rearrangement setting 5
Bootstrap[79]: Time 40.709873 seconds, bootstrap likelihood -93553.530521, best rearrangement setting 15
Bootstrap[80]: Time 37.997015 seconds, bootstrap likelihood -93957.522438, best rearrangement setting 7
Bootstrap[81]: Time 39.114617 seconds, bootstrap likelihood -89575.571027, best rearrangement setting 15
Bootstrap[82]: Time 39.485727 seconds, bootstrap likelihood -94612.347317, best rearrangement setting 10
Bootstrap[83]: Time 36.391254 seconds, bootstrap likelihood -92076.007831, best rearrangement setting 6
Bootstrap[84]: Time 40.169970 seconds, bootstrap likelihood -92910.763114, best rearrangement setting 9
Bootstrap[85]: Time 37.054177 seconds, bootstrap likelihood -96822.787706, best rearrangement setting 5
Bootstrap[86]: Time 41.580149 seconds, bootstrap likelihood -92573.366555, best rearrangement setting 15
Bootstrap[87]: Time 36.125795 seconds, bootstrap likelihood -94743.882987, best rearrangement setting 6
Bootstrap[88]: Time 41.077249 seconds, bootstrap likelihood -95026.558631, best rearrangement setting 13
Bootstrap[89]: Time 42.508724 seconds, bootstrap likelihood -93667.495689, best rearrangement setting 13
Bootstrap[90]: Time 38.348533 seconds, bootstrap likelihood -93207.688384, best rearrangement setting 5
Fast ML search on Process 6: Time 1089.945629 seconds

Slow ML Search 78 Likelihood: -94429.803225
Slow ML Search 79 Likelihood: -94428.459307
Slow ML search on Process 6: Time 673.746990 seconds
Thorough ML search on Process 6: Time 350.422920 seconds

processID = 6, bestLH = -94428.439490

This is RAxML MPI Process Number: 5

Time for BS model parameter optimization on Process 5: 41.996960 seconds
Bootstrap[65]: Time 83.385517 seconds, bootstrap likelihood -93238.924032, best rearrangement setting 6
Bootstrap[66]: Time 40.592354 seconds, bootstrap likelihood -92753.617076, best rearrangement setting 15
Bootstrap[67]: Time 41.884261 seconds, bootstrap likelihood -95307.577059, best rearrangement setting 6
Bootstrap[68]: Time 37.281890 seconds, bootstrap likelihood -93136.457783, best rearrangement setting 13
Bootstrap[69]: Time 40.736423 seconds, bootstrap likelihood -96177.294420, best rearrangement setting 14
Bootstrap[70]: Time 36.927147 seconds, bootstrap likelihood -95926.329481, best rearrangement setting 5
Bootstrap[71]: Time 37.505726 seconds, bootstrap likelihood -96362.892265, best rearrangement setting 5
Bootstrap[72]: Time 40.695934 seconds, bootstrap likelihood -93272.531309, best rearrangement setting 11
Bootstrap[73]: Time 39.462280 seconds, bootstrap likelihood -96192.303424, best rearrangement setting 14
Bootstrap[74]: Time 39.799197 seconds, bootstrap likelihood -91725.489662, best rearrangement setting 11
Bootstrap[75]: Time 46.423201 seconds, bootstrap likelihood -91622.899785, best rearrangement setting 10
Bootstrap[76]: Time 40.814419 seconds, bootstrap likelihood -95112.039181, best rearrangement setting 11
Bootstrap[77]: Time 42.977813 seconds, bootstrap likelihood -96711.892958, best rearrangement setting 9
Fast ML search on Process 5: Time 915.363593 seconds

Slow ML Search 65 Likelihood: -94428.169496
Slow ML Search 66 Likelihood: -94430.471897
Slow ML search on Process 5: Time 610.186150 seconds
Thorough ML search on Process 5: Time 358.828947 seconds

processID = 5, bestLH = -94428.169496

This is RAxML MPI Process Number: 0
IMPORTANT WARNING: Alignment column 3597 contains only undetermined values which will be treated as missing data
IMPORTANT WARNING: Alignment column 3615 contains only undetermined values which will be treated as missing data
IMPORTANT WARNING: Alignment column 3644 contains only undetermined values which will be treated as missing data
IMPORTANT WARNING: Alignment column 5850 contains only undetermined values which will be treated as missing data
IMPORTANT WARNING: Alignment column 5884 contains only undetermined values which will be treated as missing data
IMPORTANT WARNING: Alignment column 5897 contains only undetermined values which will be treated as missing data

IMPORTANT WARNING
Found 6 columns that contain only undetermined values which will be treated as missing data.
Normally these columns should be excluded from the analysis.

Just in case you might need it, an alignment file with 
undetermined columns removed is printed to file combined.phy.reduced


This is RAxML version 8.0.22 released by Alexandros Stamatakis on May 6 2014.

With greatly appreciated code contributions by:
Andre Aberer      (HITS)
Simon Berger      (HITS)
Alexey Kozlov     (HITS)
Nick Pattengale   (Sandia)
Wayne Pfeiffer    (SDSC)
Akifumi S. Tanabe (NRIFS)
David Dao         (KIT)
Charlie Taylor    (UF)


Alignment has 3278 distinct alignment patterns

Proportion of gaps and completely undetermined characters in this alignment: 21.35%

RAxML rapid bootstrapping and subsequent ML search

Using 1 distinct models/data partitions with joint branch length optimization



Executing 100 rapid bootstrap inferences and thereafter a thorough ML search 

All free model parameters will be estimated by RAxML
GAMMA model of rate heteorgeneity, ML estimate of alpha-parameter

GAMMA Model parameters will be estimated up to an accuracy of 0.1000000000 Log Likelihood units

Partition: 0
Alignment Patterns: 3278
Name: No Name Provided
DataType: DNA
Substitution Matrix: GTR




RAxML was called as follows:

/gpfs/runtime/opt/raxml/8.0.22/sse4.2/bin/raxmlHPC-MPI -f a -x 12345 -p 12345 -N 100 -m GTRGAMMA -s combined.phy -n combined_boot100 



Time for BS model parameter optimization on Process 0: 42.384686 seconds
Bootstrap[0]: Time 82.571450 seconds, bootstrap likelihood -93666.651410, best rearrangement setting 13
Bootstrap[1]: Time 39.179432 seconds, bootstrap likelihood -92470.276079, best rearrangement setting 13
Bootstrap[2]: Time 39.353632 seconds, bootstrap likelihood -94924.972598, best rearrangement setting 12
Bootstrap[3]: Time 37.307730 seconds, bootstrap likelihood -93671.802098, best rearrangement setting 15
Bootstrap[4]: Time 38.524359 seconds, bootstrap likelihood -92474.563354, best rearrangement setting 10
Bootstrap[5]: Time 40.977512 seconds, bootstrap likelihood -93906.222154, best rearrangement setting 10
Bootstrap[6]: Time 35.795478 seconds, bootstrap likelihood -93905.040557, best rearrangement setting 6
Bootstrap[7]: Time 42.693607 seconds, bootstrap likelihood -91057.481889, best rearrangement setting 14
Bootstrap[8]: Time 39.443436 seconds, bootstrap likelihood -94353.562382, best rearrangement setting 5
Bootstrap[9]: Time 38.368578 seconds, bootstrap likelihood -90798.978249, best rearrangement setting 7
Bootstrap[10]: Time 42.107143 seconds, bootstrap likelihood -93707.324878, best rearrangement setting 7
Bootstrap[11]: Time 40.610717 seconds, bootstrap likelihood -93538.424394, best rearrangement setting 5
Bootstrap[12]: Time 40.506659 seconds, bootstrap likelihood -93412.999464, best rearrangement setting 8


Overall Time for 104 Rapid Bootstraps 579.564733 seconds
Average Time per Rapid Bootstrap 5.572738 seconds

Starting ML Search ...

Fast ML optimization finished

Fast ML search on Process 0: Time 942.843046 seconds

Slow ML Search 0 Likelihood: -94431.839677
Slow ML Search 1 Likelihood: -94432.853653
Slow ML optimization finished

Slow ML search on Process 0: Time 624.148984 seconds
Thorough ML search on Process 0: Time 365.611193 seconds

processID = 0, bestLH = -94431.839659

This is RAxML MPI Process Number: 7

Time for BS model parameter optimization on Process 7: 41.838725 seconds
Bootstrap[91]: Time 82.074807 seconds, bootstrap likelihood -90512.517042, best rearrangement setting 15
Bootstrap[92]: Time 35.680675 seconds, bootstrap likelihood -94311.005839, best rearrangement setting 5
Bootstrap[93]: Time 40.222913 seconds, bootstrap likelihood -96011.117795, best rearrangement setting 8
Bootstrap[94]: Time 37.468841 seconds, bootstrap likelihood -90495.675113, best rearrangement setting 6
Bootstrap[95]: Time 35.810624 seconds, bootstrap likelihood -92784.641995, best rearrangement setting 6
Bootstrap[96]: Time 39.982435 seconds, bootstrap likelihood -94882.709128, best rearrangement setting 7
Bootstrap[97]: Time 41.418624 seconds, bootstrap likelihood -92966.507011, best rearrangement setting 13
Bootstrap[98]: Time 37.367999 seconds, bootstrap likelihood -94059.838352, best rearrangement setting 11
Bootstrap[99]: Time 39.211011 seconds, bootstrap likelihood -94836.311003, best rearrangement setting 6
Bootstrap[100]: Time 38.357147 seconds, bootstrap likelihood -94323.373809, best rearrangement setting 11
Bootstrap[101]: Time 36.467287 seconds, bootstrap likelihood -92618.351899, best rearrangement setting 5
Bootstrap[102]: Time 39.303727 seconds, bootstrap likelihood -91522.029379, best rearrangement setting 14
Bootstrap[103]: Time 39.522159 seconds, bootstrap likelihood -91202.865629, best rearrangement setting 12
Fast ML search on Process 7: Time 854.215166 seconds

Slow ML Search 91 Likelihood: -94428.351852
Slow ML Search 92 Likelihood: -94429.870115
Slow ML search on Process 7: Time 614.915380 seconds
Thorough ML search on Process 7: Time 357.304950 seconds

processID = 7, bestLH = -94428.351852

This is RAxML MPI Process Number: 4

Time for BS model parameter optimization on Process 4: 42.650511 seconds
Bootstrap[52]: Time 86.920795 seconds, bootstrap likelihood -95547.973108, best rearrangement setting 8
Bootstrap[53]: Time 41.628204 seconds, bootstrap likelihood -93219.195219, best rearrangement setting 14
Bootstrap[54]: Time 37.430811 seconds, bootstrap likelihood -97812.296762, best rearrangement setting 5
Bootstrap[55]: Time 39.660124 seconds, bootstrap likelihood -91914.765103, best rearrangement setting 11
Bootstrap[56]: Time 37.583480 seconds, bootstrap likelihood -94406.569828, best rearrangement setting 6
Bootstrap[57]: Time 42.621207 seconds, bootstrap likelihood -97214.251644, best rearrangement setting 15
Bootstrap[58]: Time 38.486853 seconds, bootstrap likelihood -95129.565175, best rearrangement setting 11
Bootstrap[59]: Time 36.780031 seconds, bootstrap likelihood -90912.121008, best rearrangement setting 5
Bootstrap[60]: Time 41.388093 seconds, bootstrap likelihood -99809.320600, best rearrangement setting 12
Bootstrap[61]: Time 41.134643 seconds, bootstrap likelihood -95259.914783, best rearrangement setting 6
Bootstrap[62]: Time 41.701400 seconds, bootstrap likelihood -91635.093166, best rearrangement setting 7
Bootstrap[63]: Time 40.733808 seconds, bootstrap likelihood -94022.706207, best rearrangement setting 10
Bootstrap[64]: Time 41.858913 seconds, bootstrap likelihood -93171.522314, best rearrangement setting 13
Fast ML search on Process 4: Time 1025.681512 seconds

Slow ML Search 52 Likelihood: -94428.892618
Slow ML Search 53 Likelihood: -94434.664207
Slow ML search on Process 4: Time 619.293021 seconds
Thorough ML search on Process 4: Time 354.427460 seconds

processID = 4, bestLH = -94428.892602

This is RAxML MPI Process Number: 3

Time for BS model parameter optimization on Process 3: 6.610114 seconds
Bootstrap[39]: Time 14.628763 seconds, bootstrap likelihood -22685.128779, best rearrangement setting 9
Bootstrap[40]: Time 7.015884 seconds, bootstrap likelihood -23384.032914, best rearrangement setting 14
Bootstrap[41]: Time 8.662577 seconds, bootstrap likelihood -23025.198091, best rearrangement setting 15
Bootstrap[42]: Time 8.424219 seconds, bootstrap likelihood -22887.687063, best rearrangement setting 10
Bootstrap[43]: Time 7.632993 seconds, bootstrap likelihood -22566.777856, best rearrangement setting 10
Bootstrap[44]: Time 8.141512 seconds, bootstrap likelihood -23535.884980, best rearrangement setting 13
Bootstrap[45]: Time 7.747555 seconds, bootstrap likelihood -23503.308589, best rearrangement setting 7
Bootstrap[46]: Time 7.440785 seconds, bootstrap likelihood -22837.399087, best rearrangement setting 10
Bootstrap[47]: Time 6.255648 seconds, bootstrap likelihood -22276.388140, best rearrangement setting 10
Bootstrap[48]: Time 8.759116 seconds, bootstrap likelihood -22345.258384, best rearrangement setting 12
Bootstrap[49]: Time 6.523714 seconds, bootstrap likelihood -22439.593929, best rearrangement setting 5
Bootstrap[50]: Time 6.981076 seconds, bootstrap likelihood -23325.020405, best rearrangement setting 9
Bootstrap[51]: Time 7.256506 seconds, bootstrap likelihood -22643.925263, best rearrangement setting 7
Fast ML search on Process 3: Time 184.176872 seconds

Slow ML Search 39 Likelihood: -23203.438822
Slow ML Search 40 Likelihood: -23205.623410
Slow ML search on Process 3: Time 128.415917 seconds
Thorough ML search on Process 3: Time 62.634075 seconds

processID = 3, bestLH = -23203.438824

This is RAxML MPI Process Number: 2

Time for BS model parameter optimization on Process 2: 6.608686 seconds
Bootstrap[26]: Time 15.200908 seconds, bootstrap likelihood -21698.389809, best rearrangement setting 10
Bootstrap[27]: Time 8.453677 seconds, bootstrap likelihood -23105.295686, best rearrangement setting 13
Bootstrap[28]: Time 6.949639 seconds, bootstrap likelihood -22862.655334, best rearrangement setting 14
Bootstrap[29]: Time 6.928976 seconds, bootstrap likelihood -21906.783949, best rearrangement setting 8
Bootstrap[30]: Time 7.186156 seconds, bootstrap likelihood -23919.751598, best rearrangement setting 14
Bootstrap[31]: Time 7.805899 seconds, bootstrap likelihood -23229.200415, best rearrangement setting 12
Bootstrap[32]: Time 7.562085 seconds, bootstrap likelihood -23166.887356, best rearrangement setting 14
Bootstrap[33]: Time 7.322018 seconds, bootstrap likelihood -23115.112390, best rearrangement setting 15
Bootstrap[34]: Time 6.757161 seconds, bootstrap likelihood -22826.381167, best rearrangement setting 9
Bootstrap[35]: Time 7.554178 seconds, bootstrap likelihood -23444.046022, best rearrangement setting 6
Bootstrap[36]: Time 8.420489 seconds, bootstrap likelihood -23622.131644, best rearrangement setting 13
Bootstrap[37]: Time 7.410129 seconds, bootstrap likelihood -23621.067176, best rearrangement setting 7
Bootstrap[38]: Time 8.467608 seconds, bootstrap likelihood -22389.089924, best rearrangement setting 11
Fast ML search on Process 2: Time 327.532596 seconds

Slow ML Search 26 Likelihood: -23202.942656
Slow ML Search 27 Likelihood: -23205.809033
Slow ML search on Process 2: Time 226.494733 seconds
Thorough ML search on Process 2: Time 67.014981 seconds

processID = 2, bestLH = -23202.959680

This is RAxML MPI Process Number: 7

Time for BS model parameter optimization on Process 7: 6.604445 seconds
Bootstrap[91]: Time 15.951474 seconds, bootstrap likelihood -23081.072837, best rearrangement setting 15
Bootstrap[92]: Time 7.395297 seconds, bootstrap likelihood -22791.526589, best rearrangement setting 5
Bootstrap[93]: Time 7.623643 seconds, bootstrap likelihood -24105.248443, best rearrangement setting 8
Bootstrap[94]: Time 7.415693 seconds, bootstrap likelihood -22745.048210, best rearrangement setting 6
Bootstrap[95]: Time 6.849279 seconds, bootstrap likelihood -22329.067605, best rearrangement setting 6
Bootstrap[96]: Time 7.615496 seconds, bootstrap likelihood -24970.350695, best rearrangement setting 7
Bootstrap[97]: Time 7.536475 seconds, bootstrap likelihood -23498.299647, best rearrangement setting 13
Bootstrap[98]: Time 7.168189 seconds, bootstrap likelihood -22073.187241, best rearrangement setting 11
Bootstrap[99]: Time 6.357563 seconds, bootstrap likelihood -22793.834310, best rearrangement setting 6
Bootstrap[100]: Time 8.889940 seconds, bootstrap likelihood -24065.753358, best rearrangement setting 11
Bootstrap[101]: Time 7.437815 seconds, bootstrap likelihood -23888.563519, best rearrangement setting 5
Bootstrap[102]: Time 9.430609 seconds, bootstrap likelihood -24444.142693, best rearrangement setting 14
Bootstrap[103]: Time 8.830984 seconds, bootstrap likelihood -22613.169433, best rearrangement setting 12
Fast ML search on Process 7: Time 300.456167 seconds

Slow ML Search 91 Likelihood: -23203.947828
Slow ML Search 92 Likelihood: -23208.056865
Slow ML search on Process 7: Time 139.642088 seconds
Thorough ML search on Process 7: Time 65.730481 seconds

processID = 7, bestLH = -23203.897269

This is RAxML MPI Process Number: 0


This is RAxML version 8.0.22 released by Alexandros Stamatakis on May 6 2014.

With greatly appreciated code contributions by:
Andre Aberer      (HITS)
Simon Berger      (HITS)
Alexey Kozlov     (HITS)
Nick Pattengale   (Sandia)
Wayne Pfeiffer    (SDSC)
Akifumi S. Tanabe (NRIFS)
David Dao         (KIT)
Charlie Taylor    (UF)


Alignment has 686 distinct alignment patterns

Proportion of gaps and completely undetermined characters in this alignment: 26.96%

RAxML rapid bootstrapping and subsequent ML search

Using 1 distinct models/data partitions with joint branch length optimization



Executing 100 rapid bootstrap inferences and thereafter a thorough ML search 

All free model parameters will be estimated by RAxML
GAMMA model of rate heteorgeneity, ML estimate of alpha-parameter

GAMMA Model parameters will be estimated up to an accuracy of 0.1000000000 Log Likelihood units

Partition: 0
Alignment Patterns: 686
Name: No Name Provided
DataType: DNA
Substitution Matrix: GTR




RAxML was called as follows:

/gpfs/runtime/opt/raxml/8.0.22/sse4.2/bin/raxmlHPC-MPI -f a -x 12345 -p 12345 -N 100 -m GTRGAMMA -s 16s.phy -n 16s_boot100 



Time for BS model parameter optimization on Process 0: 6.718656 seconds
Bootstrap[0]: Time 15.323664 seconds, bootstrap likelihood -23690.333146, best rearrangement setting 13
Bootstrap[1]: Time 8.137435 seconds, bootstrap likelihood -24258.526868, best rearrangement setting 13
Bootstrap[2]: Time 7.000112 seconds, bootstrap likelihood -23765.180651, best rearrangement setting 12
Bootstrap[3]: Time 6.953061 seconds, bootstrap likelihood -22917.307307, best rearrangement setting 15
Bootstrap[4]: Time 6.624753 seconds, bootstrap likelihood -22522.304327, best rearrangement setting 10
Bootstrap[5]: Time 6.679994 seconds, bootstrap likelihood -24693.951567, best rearrangement setting 10
Bootstrap[6]: Time 7.483445 seconds, bootstrap likelihood -23661.842612, best rearrangement setting 6
Bootstrap[7]: Time 8.550923 seconds, bootstrap likelihood -22519.325304, best rearrangement setting 14
Bootstrap[8]: Time 6.665535 seconds, bootstrap likelihood -22166.130662, best rearrangement setting 5
Bootstrap[9]: Time 8.362518 seconds, bootstrap likelihood -23906.720992, best rearrangement setting 7
Bootstrap[10]: Time 7.053818 seconds, bootstrap likelihood -23799.970845, best rearrangement setting 7
Bootstrap[11]: Time 6.953235 seconds, bootstrap likelihood -22669.308074, best rearrangement setting 5
Bootstrap[12]: Time 7.328606 seconds, bootstrap likelihood -23369.289234, best rearrangement setting 8


Overall Time for 104 Rapid Bootstraps 108.580953 seconds
Average Time per Rapid Bootstrap 1.044048 seconds

Starting ML Search ...

Fast ML optimization finished

Fast ML search on Process 0: Time 267.304914 seconds

Slow ML Search 0 Likelihood: -23202.943216
Slow ML Search 1 Likelihood: -23203.062565
Slow ML optimization finished

Slow ML search on Process 0: Time 207.724315 seconds
Thorough ML search on Process 0: Time 68.748683 seconds

processID = 0, bestLH = -23202.960500

This is RAxML MPI Process Number: 4

Time for BS model parameter optimization on Process 4: 6.607693 seconds
Bootstrap[52]: Time 15.131409 seconds, bootstrap likelihood -21470.788337, best rearrangement setting 8
Bootstrap[53]: Time 7.338399 seconds, bootstrap likelihood -24237.543250, best rearrangement setting 14
Bootstrap[54]: Time 6.578016 seconds, bootstrap likelihood -22870.227851, best rearrangement setting 5
Bootstrap[55]: Time 8.064539 seconds, bootstrap likelihood -23413.509484, best rearrangement setting 11
Bootstrap[56]: Time 7.175813 seconds, bootstrap likelihood -22884.784899, best rearrangement setting 6
Bootstrap[57]: Time 8.912745 seconds, bootstrap likelihood -23240.810610, best rearrangement setting 15
Bootstrap[58]: Time 7.573874 seconds, bootstrap likelihood -22152.462202, best rearrangement setting 11
Bootstrap[59]: Time 6.410864 seconds, bootstrap likelihood -21967.601617, best rearrangement setting 5
Bootstrap[60]: Time 8.013511 seconds, bootstrap likelihood -23598.497971, best rearrangement setting 12
Bootstrap[61]: Time 7.511724 seconds, bootstrap likelihood -22566.794554, best rearrangement setting 6
Bootstrap[62]: Time 7.475716 seconds, bootstrap likelihood -24079.893672, best rearrangement setting 7
Bootstrap[63]: Time 6.952566 seconds, bootstrap likelihood -22333.891978, best rearrangement setting 10
Bootstrap[64]: Time 7.054563 seconds, bootstrap likelihood -22136.167754, best rearrangement setting 13
Fast ML search on Process 4: Time 281.374346 seconds

Slow ML Search 52 Likelihood: -23202.769876
Slow ML Search 53 Likelihood: -23202.968702
Slow ML search on Process 4: Time 119.338691 seconds
Thorough ML search on Process 4: Time 63.943769 seconds

processID = 4, bestLH = -23202.769879

Final ML Optimization Likelihood: -23202.769879

Model Information:

Model Parameters of Partition 0, Name: No Name Provided, Type of Data: DNA
alpha: 0.462090
Tree-Length: 28.790199
rate A <-> C: 1.749154
rate A <-> G: 6.174722
rate A <-> T: 3.799152
rate C <-> G: 0.685110
rate C <-> T: 11.183511
rate G <-> T: 1.000000

freq pi(A): 0.396763
freq pi(C): 0.124418
freq pi(G): 0.157227
freq pi(T): 0.321593


ML search took 621.044627 secs or 0.172512 hours

Combined Bootstrap and ML search took 729.625292 secs or 0.202674 hours

Drawing Bootstrap Support Values on best-scoring ML tree ...



Found 1 tree in File /gpfs/scratch/guest314/hydroidolina/RAxML_bestTree.16s_boot100



Found 1 tree in File /gpfs/scratch/guest314/hydroidolina/RAxML_bestTree.16s_boot100

Program execution info written to /gpfs/scratch/guest314/hydroidolina/RAxML_info.16s_boot100
All 104 bootstrapped trees written to: /gpfs/scratch/guest314/hydroidolina/RAxML_bootstrap.16s_boot100

Best-scoring ML tree written to: /gpfs/scratch/guest314/hydroidolina/RAxML_bestTree.16s_boot100

Best-scoring ML tree with support values written to: /gpfs/scratch/guest314/hydroidolina/RAxML_bipartitions.16s_boot100

Best-scoring ML tree with support values as branch labels written to: /gpfs/scratch/guest314/hydroidolina/RAxML_bipartitionsBranchLabels.16s_boot100

Overall execution time for full ML analysis: 729.634952 secs or 0.202676 hours or 0.008445 days


This is RAxML MPI Process Number: 1

Time for BS model parameter optimization on Process 1: 6.627752 seconds
Bootstrap[13]: Time 14.398418 seconds, bootstrap likelihood -24103.778016, best rearrangement setting 12
Bootstrap[14]: Time 7.598005 seconds, bootstrap likelihood -22087.063384, best rearrangement setting 13
Bootstrap[15]: Time 9.021530 seconds, bootstrap likelihood -23888.388923, best rearrangement setting 13
Bootstrap[16]: Time 6.263750 seconds, bootstrap likelihood -22008.755737, best rearrangement setting 6
Bootstrap[17]: Time 6.568438 seconds, bootstrap likelihood -23160.434410, best rearrangement setting 7
Bootstrap[18]: Time 6.853163 seconds, bootstrap likelihood -22635.827660, best rearrangement setting 11
Bootstrap[19]: Time 7.299590 seconds, bootstrap likelihood -23437.497296, best rearrangement setting 10
Bootstrap[20]: Time 7.895608 seconds, bootstrap likelihood -23199.925751, best rearrangement setting 9
Bootstrap[21]: Time 7.020015 seconds, bootstrap likelihood -23315.713755, best rearrangement setting 7
Bootstrap[22]: Time 6.963961 seconds, bootstrap likelihood -23621.058752, best rearrangement setting 12
Bootstrap[23]: Time 8.314828 seconds, bootstrap likelihood -23467.277647, best rearrangement setting 10
Bootstrap[24]: Time 7.322414 seconds, bootstrap likelihood -24618.523116, best rearrangement setting 6
Bootstrap[25]: Time 8.552680 seconds, bootstrap likelihood -23028.774701, best rearrangement setting 15
Fast ML search on Process 1: Time 286.119950 seconds

Slow ML Search 13 Likelihood: -23202.941875
Slow ML Search 14 Likelihood: -23205.652327
Slow ML search on Process 1: Time 148.094839 seconds
Thorough ML search on Process 1: Time 66.990820 seconds

processID = 1, bestLH = -23202.959116

This is RAxML MPI Process Number: 6

Time for BS model parameter optimization on Process 6: 6.622083 seconds
Bootstrap[78]: Time 13.686513 seconds, bootstrap likelihood -23564.973674, best rearrangement setting 5
Bootstrap[79]: Time 8.299861 seconds, bootstrap likelihood -23377.444529, best rearrangement setting 15
Bootstrap[80]: Time 6.844930 seconds, bootstrap likelihood -23225.895828, best rearrangement setting 7
Bootstrap[81]: Time 9.782498 seconds, bootstrap likelihood -24468.016967, best rearrangement setting 15
Bootstrap[82]: Time 8.691567 seconds, bootstrap likelihood -24818.075127, best rearrangement setting 10
Bootstrap[83]: Time 7.102691 seconds, bootstrap likelihood -23098.974538, best rearrangement setting 6
Bootstrap[84]: Time 7.586902 seconds, bootstrap likelihood -21409.645959, best rearrangement setting 9
Bootstrap[85]: Time 7.076553 seconds, bootstrap likelihood -23429.201715, best rearrangement setting 5
Bootstrap[86]: Time 6.660158 seconds, bootstrap likelihood -23356.470654, best rearrangement setting 15
Bootstrap[87]: Time 7.865924 seconds, bootstrap likelihood -24079.247874, best rearrangement setting 6
Bootstrap[88]: Time 7.657349 seconds, bootstrap likelihood -22668.735470, best rearrangement setting 13
Bootstrap[89]: Time 7.657291 seconds, bootstrap likelihood -21852.323764, best rearrangement setting 13
Bootstrap[90]: Time 6.922657 seconds, bootstrap likelihood -23221.873949, best rearrangement setting 5
Fast ML search on Process 6: Time 274.865839 seconds

Slow ML Search 78 Likelihood: -23202.943715
Slow ML Search 79 Likelihood: -23203.063039
Slow ML search on Process 6: Time 175.541722 seconds
Thorough ML search on Process 6: Time 67.721451 seconds

processID = 6, bestLH = -23202.960852

This is RAxML MPI Process Number: 5

Time for BS model parameter optimization on Process 5: 6.623331 seconds
Bootstrap[65]: Time 13.874488 seconds, bootstrap likelihood -23120.943125, best rearrangement setting 6
Bootstrap[66]: Time 7.208596 seconds, bootstrap likelihood -22036.931175, best rearrangement setting 15
Bootstrap[67]: Time 6.364182 seconds, bootstrap likelihood -22047.189796, best rearrangement setting 6
Bootstrap[68]: Time 6.805891 seconds, bootstrap likelihood -23925.212600, best rearrangement setting 13
Bootstrap[69]: Time 6.386764 seconds, bootstrap likelihood -22206.439920, best rearrangement setting 14
Bootstrap[70]: Time 6.086738 seconds, bootstrap likelihood -23308.457444, best rearrangement setting 5
Bootstrap[71]: Time 6.599494 seconds, bootstrap likelihood -22626.820859, best rearrangement setting 5
Bootstrap[72]: Time 6.589611 seconds, bootstrap likelihood -22794.273029, best rearrangement setting 11
Bootstrap[73]: Time 8.701412 seconds, bootstrap likelihood -23248.303429, best rearrangement setting 14
Bootstrap[74]: Time 7.654796 seconds, bootstrap likelihood -24407.712344, best rearrangement setting 11
Bootstrap[75]: Time 8.407659 seconds, bootstrap likelihood -22251.727290, best rearrangement setting 10
Bootstrap[76]: Time 6.880321 seconds, bootstrap likelihood -23188.872566, best rearrangement setting 11
Bootstrap[77]: Time 7.428209 seconds, bootstrap likelihood -24914.568418, best rearrangement setting 9
Fast ML search on Process 5: Time 229.743690 seconds

Slow ML Search 65 Likelihood: -23202.942738
Slow ML Search 66 Likelihood: -23205.579506
Slow ML search on Process 5: Time 129.628453 seconds
Thorough ML search on Process 5: Time 68.999653 seconds

processID = 5, bestLH = -23202.959949

This is RAxML MPI Process Number: 0


This is RAxML version 8.0.22 released by Alexandros Stamatakis on May 6 2014.

With greatly appreciated code contributions by:
Andre Aberer      (HITS)
Simon Berger      (HITS)
Alexey Kozlov     (HITS)
Nick Pattengale   (Sandia)
Wayne Pfeiffer    (SDSC)
Akifumi S. Tanabe (NRIFS)
David Dao         (KIT)
Charlie Taylor    (UF)


Alignment has 754 distinct alignment patterns

Proportion of gaps and completely undetermined characters in this alignment: 10.63%

RAxML rapid bootstrapping and subsequent ML search

Using 1 distinct models/data partitions with joint branch length optimization



Executing 100 rapid bootstrap inferences and thereafter a thorough ML search 

All free model parameters will be estimated by RAxML
GAMMA model of rate heteorgeneity, ML estimate of alpha-parameter

GAMMA Model parameters will be estimated up to an accuracy of 0.1000000000 Log Likelihood units

Partition: 0
Alignment Patterns: 754
Name: No Name Provided
DataType: DNA
Substitution Matrix: GTR




RAxML was called as follows:

/gpfs/runtime/opt/raxml/8.0.22/sse4.2/bin/raxmlHPC-MPI -f a -x 12345 -p 12345 -N 100 -m GTRGAMMA -s 18s.phy -n 18s_boot100 



Time for BS model parameter optimization on Process 0: 5.096032 seconds
Bootstrap[0]: Time 13.446018 seconds, bootstrap likelihood -16617.716161, best rearrangement setting 13
Bootstrap[1]: Time 7.083425 seconds, bootstrap likelihood -15250.575156, best rearrangement setting 13
Bootstrap[2]: Time 7.510494 seconds, bootstrap likelihood -14966.809669, best rearrangement setting 12
Bootstrap[3]: Time 7.430236 seconds, bootstrap likelihood -16102.278740, best rearrangement setting 15
Bootstrap[4]: Time 7.116147 seconds, bootstrap likelihood -17171.890593, best rearrangement setting 10
Bootstrap[5]: Time 7.967052 seconds, bootstrap likelihood -15862.900217, best rearrangement setting 10
Bootstrap[6]: Time 6.643477 seconds, bootstrap likelihood -16346.513315, best rearrangement setting 6
Bootstrap[7]: Time 6.340222 seconds, bootstrap likelihood -14524.453611, best rearrangement setting 14
Bootstrap[8]: Time 6.409343 seconds, bootstrap likelihood -15584.728790, best rearrangement setting 5
Bootstrap[9]: Time 6.910907 seconds, bootstrap likelihood -16775.184305, best rearrangement setting 7
Bootstrap[10]: Time 7.857128 seconds, bootstrap likelihood -15936.061790, best rearrangement setting 7
Bootstrap[11]: Time 7.031951 seconds, bootstrap likelihood -16492.215145, best rearrangement setting 5
Bootstrap[12]: Time 7.059547 seconds, bootstrap likelihood -15395.888870, best rearrangement setting 8


Overall Time for 104 Rapid Bootstraps 103.050550 seconds
Average Time per Rapid Bootstrap 0.990871 seconds

Starting ML Search ...

Fast ML optimization finished

Fast ML search on Process 0: Time 205.146589 seconds

Slow ML Search 0 Likelihood: -16285.579225
Slow ML Search 1 Likelihood: -16288.310299
Slow ML optimization finished

Slow ML search on Process 0: Time 111.392932 seconds
Thorough ML search on Process 0: Time 52.633984 seconds

processID = 0, bestLH = -16285.570459

This is RAxML MPI Process Number: 2

Time for BS model parameter optimization on Process 2: 5.086513 seconds
Bootstrap[26]: Time 12.377131 seconds, bootstrap likelihood -16482.842335, best rearrangement setting 10
Bootstrap[27]: Time 7.662029 seconds, bootstrap likelihood -15216.054372, best rearrangement setting 13
Bootstrap[28]: Time 8.145072 seconds, bootstrap likelihood -17157.136122, best rearrangement setting 14
Bootstrap[29]: Time 7.378583 seconds, bootstrap likelihood -15775.174907, best rearrangement setting 8
Bootstrap[30]: Time 8.104612 seconds, bootstrap likelihood -16072.165623, best rearrangement setting 14
Bootstrap[31]: Time 7.472919 seconds, bootstrap likelihood -15729.161212, best rearrangement setting 12
Bootstrap[32]: Time 7.993511 seconds, bootstrap likelihood -17151.019107, best rearrangement setting 14
Bootstrap[33]: Time 7.464438 seconds, bootstrap likelihood -15762.027750, best rearrangement setting 15
Bootstrap[34]: Time 7.223280 seconds, bootstrap likelihood -16295.730100, best rearrangement setting 9
Bootstrap[35]: Time 7.661470 seconds, bootstrap likelihood -16178.078421, best rearrangement setting 6
Bootstrap[36]: Time 6.722154 seconds, bootstrap likelihood -16054.653041, best rearrangement setting 13
Bootstrap[37]: Time 7.243149 seconds, bootstrap likelihood -16150.315365, best rearrangement setting 7
Bootstrap[38]: Time 7.526129 seconds, bootstrap likelihood -16121.675886, best rearrangement setting 11
Fast ML search on Process 2: Time 244.887898 seconds

Slow ML Search 26 Likelihood: -16284.114149
Slow ML Search 27 Likelihood: -16288.406169
Slow ML search on Process 2: Time 112.162034 seconds
Thorough ML search on Process 2: Time 52.246740 seconds

processID = 2, bestLH = -16284.114151

This is RAxML MPI Process Number: 6

Time for BS model parameter optimization on Process 6: 5.113541 seconds
Bootstrap[78]: Time 12.822958 seconds, bootstrap likelihood -16346.733706, best rearrangement setting 5
Bootstrap[79]: Time 7.028672 seconds, bootstrap likelihood -16497.784627, best rearrangement setting 15
Bootstrap[80]: Time 7.057075 seconds, bootstrap likelihood -16486.202147, best rearrangement setting 7
Bootstrap[81]: Time 7.086987 seconds, bootstrap likelihood -15988.763193, best rearrangement setting 15
Bootstrap[82]: Time 6.962222 seconds, bootstrap likelihood -15796.898866, best rearrangement setting 10
Bootstrap[83]: Time 6.885577 seconds, bootstrap likelihood -16323.765546, best rearrangement setting 6
Bootstrap[84]: Time 6.983846 seconds, bootstrap likelihood -15873.807229, best rearrangement setting 9
Bootstrap[85]: Time 7.037695 seconds, bootstrap likelihood -16154.674121, best rearrangement setting 5
Bootstrap[86]: Time 9.225610 seconds, bootstrap likelihood -16145.895320, best rearrangement setting 15
Bootstrap[87]: Time 7.583857 seconds, bootstrap likelihood -16549.157869, best rearrangement setting 6
Bootstrap[88]: Time 7.083376 seconds, bootstrap likelihood -14872.554613, best rearrangement setting 13
Bootstrap[89]: Time 6.602074 seconds, bootstrap likelihood -16513.056270, best rearrangement setting 13
Bootstrap[90]: Time 7.302861 seconds, bootstrap likelihood -15848.226011, best rearrangement setting 5
Fast ML search on Process 6: Time 145.777791 seconds

Slow ML Search 78 Likelihood: -16284.335023
Slow ML Search 79 Likelihood: -16290.136388
Slow ML search on Process 6: Time 98.392127 seconds
Thorough ML search on Process 6: Time 49.876560 seconds

processID = 6, bestLH = -16284.335027

This is RAxML MPI Process Number: 7

Time for BS model parameter optimization on Process 7: 5.061677 seconds
Bootstrap[91]: Time 12.203918 seconds, bootstrap likelihood -15081.167735, best rearrangement setting 15
Bootstrap[92]: Time 6.140282 seconds, bootstrap likelihood -15288.022154, best rearrangement setting 5
Bootstrap[93]: Time 7.443198 seconds, bootstrap likelihood -15827.269473, best rearrangement setting 8
Bootstrap[94]: Time 6.559543 seconds, bootstrap likelihood -16115.793798, best rearrangement setting 6
Bootstrap[95]: Time 6.423714 seconds, bootstrap likelihood -15508.220130, best rearrangement setting 6
Bootstrap[96]: Time 7.059127 seconds, bootstrap likelihood -15517.998517, best rearrangement setting 7
Bootstrap[97]: Time 7.592784 seconds, bootstrap likelihood -16094.079720, best rearrangement setting 13
Bootstrap[98]: Time 7.358929 seconds, bootstrap likelihood -15932.363112, best rearrangement setting 11
Bootstrap[99]: Time 7.245129 seconds, bootstrap likelihood -17237.343143, best rearrangement setting 6
Bootstrap[100]: Time 7.029234 seconds, bootstrap likelihood -16387.060610, best rearrangement setting 11
Bootstrap[101]: Time 7.260059 seconds, bootstrap likelihood -15836.891292, best rearrangement setting 5
Bootstrap[102]: Time 7.728255 seconds, bootstrap likelihood -15473.696236, best rearrangement setting 14
Bootstrap[103]: Time 7.460275 seconds, bootstrap likelihood -16637.871210, best rearrangement setting 12
Fast ML search on Process 7: Time 272.008625 seconds

Slow ML Search 91 Likelihood: -16285.316497
Slow ML Search 92 Likelihood: -16286.308519
Slow ML search on Process 7: Time 125.954646 seconds
Thorough ML search on Process 7: Time 53.800790 seconds

processID = 7, bestLH = -16285.316501

This is RAxML MPI Process Number: 3

Time for BS model parameter optimization on Process 3: 5.074199 seconds
Bootstrap[39]: Time 12.627273 seconds, bootstrap likelihood -16121.635534, best rearrangement setting 9
Bootstrap[40]: Time 7.330647 seconds, bootstrap likelihood -15455.442472, best rearrangement setting 14
Bootstrap[41]: Time 6.847870 seconds, bootstrap likelihood -17060.888909, best rearrangement setting 15
Bootstrap[42]: Time 6.592645 seconds, bootstrap likelihood -16315.975868, best rearrangement setting 10
Bootstrap[43]: Time 7.390454 seconds, bootstrap likelihood -15594.611745, best rearrangement setting 10
Bootstrap[44]: Time 7.743211 seconds, bootstrap likelihood -15505.088019, best rearrangement setting 13
Bootstrap[45]: Time 6.338261 seconds, bootstrap likelihood -16178.922101, best rearrangement setting 7
Bootstrap[46]: Time 7.400081 seconds, bootstrap likelihood -15442.678272, best rearrangement setting 10
Bootstrap[47]: Time 7.505064 seconds, bootstrap likelihood -16116.454844, best rearrangement setting 10
Bootstrap[48]: Time 7.008255 seconds, bootstrap likelihood -15800.984711, best rearrangement setting 12
Bootstrap[49]: Time 7.329742 seconds, bootstrap likelihood -15098.879063, best rearrangement setting 5
Bootstrap[50]: Time 7.083082 seconds, bootstrap likelihood -16946.649057, best rearrangement setting 9
Bootstrap[51]: Time 6.545665 seconds, bootstrap likelihood -15615.085606, best rearrangement setting 7
Fast ML search on Process 3: Time 181.153282 seconds

Slow ML Search 39 Likelihood: -16284.007036
Slow ML Search 40 Likelihood: -16288.253788
Slow ML search on Process 3: Time 128.626673 seconds
Thorough ML search on Process 3: Time 51.536217 seconds

processID = 3, bestLH = -16283.978169

Final ML Optimization Likelihood: -16283.978169

Model Information:

Model Parameters of Partition 0, Name: No Name Provided, Type of Data: DNA
alpha: 0.201546
Tree-Length: 3.716563
rate A <-> C: 1.391922
rate A <-> G: 2.947877
rate A <-> T: 1.282143
rate C <-> G: 0.986484
rate C <-> T: 6.546998
rate G <-> T: 1.000000

freq pi(A): 0.269513
freq pi(C): 0.194606
freq pi(G): 0.260255
freq pi(T): 0.275625


ML search took 451.766447 secs or 0.125491 hours

Combined Bootstrap and ML search took 554.816970 secs or 0.154116 hours

Drawing Bootstrap Support Values on best-scoring ML tree ...



Found 1 tree in File /gpfs/scratch/guest314/hydroidolina/RAxML_bestTree.18s_boot100



Found 1 tree in File /gpfs/scratch/guest314/hydroidolina/RAxML_bestTree.18s_boot100

Program execution info written to /gpfs/scratch/guest314/hydroidolina/RAxML_info.18s_boot100
All 104 bootstrapped trees written to: /gpfs/scratch/guest314/hydroidolina/RAxML_bootstrap.18s_boot100

Best-scoring ML tree written to: /gpfs/scratch/guest314/hydroidolina/RAxML_bestTree.18s_boot100

Best-scoring ML tree with support values written to: /gpfs/scratch/guest314/hydroidolina/RAxML_bipartitions.18s_boot100

Best-scoring ML tree with support values as branch labels written to: /gpfs/scratch/guest314/hydroidolina/RAxML_bipartitionsBranchLabels.18s_boot100

Overall execution time for full ML analysis: 554.827702 secs or 0.154119 hours or 0.006422 days


This is RAxML MPI Process Number: 5

Time for BS model parameter optimization on Process 5: 5.121466 seconds
Bootstrap[65]: Time 11.989266 seconds, bootstrap likelihood -16336.075494, best rearrangement setting 6
Bootstrap[66]: Time 7.745048 seconds, bootstrap likelihood -15136.226460, best rearrangement setting 15
Bootstrap[67]: Time 7.307689 seconds, bootstrap likelihood -16108.922654, best rearrangement setting 6
Bootstrap[68]: Time 6.463677 seconds, bootstrap likelihood -15696.063526, best rearrangement setting 13
Bootstrap[69]: Time 7.729013 seconds, bootstrap likelihood -15502.143559, best rearrangement setting 14
Bootstrap[70]: Time 7.099683 seconds, bootstrap likelihood -16678.834818, best rearrangement setting 5
Bootstrap[71]: Time 6.860372 seconds, bootstrap likelihood -16091.563794, best rearrangement setting 5
Bootstrap[72]: Time 7.621065 seconds, bootstrap likelihood -17019.644349, best rearrangement setting 11
Bootstrap[73]: Time 6.973907 seconds, bootstrap likelihood -16678.763010, best rearrangement setting 14
Bootstrap[74]: Time 8.328472 seconds, bootstrap likelihood -17103.826610, best rearrangement setting 11
Bootstrap[75]: Time 7.821075 seconds, bootstrap likelihood -16896.417757, best rearrangement setting 10
Bootstrap[76]: Time 7.305383 seconds, bootstrap likelihood -15147.522512, best rearrangement setting 11
Bootstrap[77]: Time 7.084701 seconds, bootstrap likelihood -16194.483474, best rearrangement setting 9
Fast ML search on Process 5: Time 247.412916 seconds

Slow ML Search 65 Likelihood: -16287.867299
Slow ML Search 66 Likelihood: -16288.110617
Slow ML search on Process 5: Time 99.692366 seconds
Thorough ML search on Process 5: Time 50.345335 seconds

processID = 5, bestLH = -16287.867304

This is RAxML MPI Process Number: 4

Time for BS model parameter optimization on Process 4: 5.097390 seconds
Bootstrap[52]: Time 12.223555 seconds, bootstrap likelihood -16038.418601, best rearrangement setting 8
Bootstrap[53]: Time 7.287356 seconds, bootstrap likelihood -15538.175986, best rearrangement setting 14
Bootstrap[54]: Time 7.549080 seconds, bootstrap likelihood -16182.566194, best rearrangement setting 5
Bootstrap[55]: Time 6.928010 seconds, bootstrap likelihood -15375.228552, best rearrangement setting 11
Bootstrap[56]: Time 7.162620 seconds, bootstrap likelihood -16086.183960, best rearrangement setting 6
Bootstrap[57]: Time 7.860686 seconds, bootstrap likelihood -16476.058788, best rearrangement setting 15
Bootstrap[58]: Time 6.997610 seconds, bootstrap likelihood -15929.675840, best rearrangement setting 11
Bootstrap[59]: Time 7.116190 seconds, bootstrap likelihood -16408.420381, best rearrangement setting 5
Bootstrap[60]: Time 6.826212 seconds, bootstrap likelihood -15962.521058, best rearrangement setting 12
Bootstrap[61]: Time 8.003511 seconds, bootstrap likelihood -16757.863207, best rearrangement setting 6
Bootstrap[62]: Time 7.387416 seconds, bootstrap likelihood -16424.084433, best rearrangement setting 7
Bootstrap[63]: Time 5.775817 seconds, bootstrap likelihood -15094.303405, best rearrangement setting 10
Bootstrap[64]: Time 7.499142 seconds, bootstrap likelihood -15973.877467, best rearrangement setting 13
Fast ML search on Process 4: Time 218.471330 seconds

Slow ML Search 52 Likelihood: -16286.818112
Slow ML Search 53 Likelihood: -16288.556128
Slow ML search on Process 4: Time 116.842795 seconds
Thorough ML search on Process 4: Time 54.484358 seconds

processID = 4, bestLH = -16286.808137

This is RAxML MPI Process Number: 1

Time for BS model parameter optimization on Process 1: 5.093870 seconds
Bootstrap[13]: Time 12.647840 seconds, bootstrap likelihood -15628.146009, best rearrangement setting 12
Bootstrap[14]: Time 7.721627 seconds, bootstrap likelihood -16322.326429, best rearrangement setting 13
Bootstrap[15]: Time 8.256318 seconds, bootstrap likelihood -16074.322534, best rearrangement setting 13
Bootstrap[16]: Time 7.101866 seconds, bootstrap likelihood -16382.323654, best rearrangement setting 6
Bootstrap[17]: Time 6.537040 seconds, bootstrap likelihood -15625.621684, best rearrangement setting 7
Bootstrap[18]: Time 7.602498 seconds, bootstrap likelihood -15757.338828, best rearrangement setting 11
Bootstrap[19]: Time 7.595986 seconds, bootstrap likelihood -15803.606961, best rearrangement setting 10
Bootstrap[20]: Time 7.857265 seconds, bootstrap likelihood -17863.846254, best rearrangement setting 9
Bootstrap[21]: Time 6.793792 seconds, bootstrap likelihood -17174.534412, best rearrangement setting 7
Bootstrap[22]: Time 7.034486 seconds, bootstrap likelihood -15569.117742, best rearrangement setting 12
Bootstrap[23]: Time 6.891604 seconds, bootstrap likelihood -14995.126534, best rearrangement setting 10
Bootstrap[24]: Time 6.317461 seconds, bootstrap likelihood -16778.558883, best rearrangement setting 6
Bootstrap[25]: Time 7.316355 seconds, bootstrap likelihood -16132.408141, best rearrangement setting 15
Fast ML search on Process 1: Time 235.855998 seconds

Slow ML Search 13 Likelihood: -16284.017828
Slow ML Search 14 Likelihood: -16284.076973
Slow ML search on Process 1: Time 110.285985 seconds
Thorough ML search on Process 1: Time 52.776686 seconds

processID = 1, bestLH = -16284.017831

This is RAxML MPI Process Number: 1

Time for BS model parameter optimization on Process 1: 15.791003 seconds
Bootstrap[13]: Time 37.256897 seconds, bootstrap likelihood -51224.279306, best rearrangement setting 12
Bootstrap[14]: Time 21.500929 seconds, bootstrap likelihood -50312.566276, best rearrangement setting 13
Bootstrap[15]: Time 21.426026 seconds, bootstrap likelihood -51377.939501, best rearrangement setting 13
Bootstrap[16]: Time 21.424120 seconds, bootstrap likelihood -51830.399791, best rearrangement setting 6
Bootstrap[17]: Time 20.357792 seconds, bootstrap likelihood -51541.978250, best rearrangement setting 7
Bootstrap[18]: Time 19.415221 seconds, bootstrap likelihood -47335.534295, best rearrangement setting 11
Bootstrap[19]: Time 22.264638 seconds, bootstrap likelihood -51094.790779, best rearrangement setting 10
Bootstrap[20]: Time 22.352956 seconds, bootstrap likelihood -52513.278901, best rearrangement setting 9
Bootstrap[21]: Time 20.916095 seconds, bootstrap likelihood -49603.949402, best rearrangement setting 7
Bootstrap[22]: Time 22.350736 seconds, bootstrap likelihood -49799.783804, best rearrangement setting 12
Bootstrap[23]: Time 20.068632 seconds, bootstrap likelihood -48592.695138, best rearrangement setting 10
Bootstrap[24]: Time 20.736324 seconds, bootstrap likelihood -50275.123790, best rearrangement setting 6
Bootstrap[25]: Time 21.207451 seconds, bootstrap likelihood -52256.249237, best rearrangement setting 15
Fast ML search on Process 1: Time 448.996983 seconds

Slow ML Search 13 Likelihood: -50162.481766
Slow ML Search 14 Likelihood: -50165.688712
Slow ML search on Process 1: Time 314.297698 seconds
Thorough ML search on Process 1: Time 165.221659 seconds

processID = 1, bestLH = -50162.481768

Final ML Optimization Likelihood: -50162.481768

Model Information:

Model Parameters of Partition 0, Name: No Name Provided, Type of Data: DNA
alpha: 0.238754
Tree-Length: 8.264010
rate A <-> C: 0.574413
rate A <-> G: 2.072312
rate A <-> T: 0.667600
rate C <-> G: 0.724368
rate C <-> T: 4.551401
rate G <-> T: 1.000000

freq pi(A): 0.263767
freq pi(C): 0.207798
freq pi(G): 0.283709
freq pi(T): 0.244726


ML search took 1152.577064 secs or 0.320160 hours

Combined Bootstrap and ML search took 1450.725307 secs or 0.402979 hours

Drawing Bootstrap Support Values on best-scoring ML tree ...



Found 1 tree in File /gpfs/scratch/guest314/hydroidolina/RAxML_bestTree.28s_boot100



Found 1 tree in File /gpfs/scratch/guest314/hydroidolina/RAxML_bestTree.28s_boot100

Program execution info written to /gpfs/scratch/guest314/hydroidolina/RAxML_info.28s_boot100
All 104 bootstrapped trees written to: /gpfs/scratch/guest314/hydroidolina/RAxML_bootstrap.28s_boot100

Best-scoring ML tree written to: /gpfs/scratch/guest314/hydroidolina/RAxML_bestTree.28s_boot100

Best-scoring ML tree with support values written to: /gpfs/scratch/guest314/hydroidolina/RAxML_bipartitions.28s_boot100

Best-scoring ML tree with support values as branch labels written to: /gpfs/scratch/guest314/hydroidolina/RAxML_bipartitionsBranchLabels.28s_boot100

Overall execution time for full ML analysis: 1450.736698 secs or 0.402982 hours or 0.016791 days


This is RAxML MPI Process Number: 0
IMPORTANT WARNING: Alignment column 849 contains only undetermined values which will be treated as missing data
IMPORTANT WARNING: Alignment column 867 contains only undetermined values which will be treated as missing data
IMPORTANT WARNING: Alignment column 896 contains only undetermined values which will be treated as missing data
IMPORTANT WARNING: Alignment column 3102 contains only undetermined values which will be treated as missing data
IMPORTANT WARNING: Alignment column 3136 contains only undetermined values which will be treated as missing data
IMPORTANT WARNING: Alignment column 3149 contains only undetermined values which will be treated as missing data

IMPORTANT WARNING
Found 6 columns that contain only undetermined values which will be treated as missing data.
Normally these columns should be excluded from the analysis.

Just in case you might need it, an alignment file with 
undetermined columns removed is printed to file 28s.phy.reduced


This is RAxML version 8.0.22 released by Alexandros Stamatakis on May 6 2014.

With greatly appreciated code contributions by:
Andre Aberer      (HITS)
Simon Berger      (HITS)
Alexey Kozlov     (HITS)
Nick Pattengale   (Sandia)
Wayne Pfeiffer    (SDSC)
Akifumi S. Tanabe (NRIFS)
David Dao         (KIT)
Charlie Taylor    (UF)


Alignment has 1855 distinct alignment patterns

Proportion of gaps and completely undetermined characters in this alignment: 14.49%

RAxML rapid bootstrapping and subsequent ML search

Using 1 distinct models/data partitions with joint branch length optimization



Executing 100 rapid bootstrap inferences and thereafter a thorough ML search 

All free model parameters will be estimated by RAxML
GAMMA model of rate heteorgeneity, ML estimate of alpha-parameter

GAMMA Model parameters will be estimated up to an accuracy of 0.1000000000 Log Likelihood units

Partition: 0
Alignment Patterns: 1855
Name: No Name Provided
DataType: DNA
Substitution Matrix: GTR




RAxML was called as follows:

/gpfs/runtime/opt/raxml/8.0.22/sse4.2/bin/raxmlHPC-MPI -f a -x 12345 -p 12345 -N 100 -m GTRGAMMA -s 28s.phy -n 28s_boot100 



Time for BS model parameter optimization on Process 0: 15.384357 seconds
Bootstrap[0]: Time 36.786075 seconds, bootstrap likelihood -49013.920213, best rearrangement setting 13
Bootstrap[1]: Time 21.514776 seconds, bootstrap likelihood -49883.783446, best rearrangement setting 13
Bootstrap[2]: Time 20.093683 seconds, bootstrap likelihood -51949.546840, best rearrangement setting 12
Bootstrap[3]: Time 21.491504 seconds, bootstrap likelihood -50113.093125, best rearrangement setting 15
Bootstrap[4]: Time 20.026548 seconds, bootstrap likelihood -50615.496193, best rearrangement setting 10
Bootstrap[5]: Time 20.954703 seconds, bootstrap likelihood -48514.246659, best rearrangement setting 10
Bootstrap[6]: Time 19.351922 seconds, bootstrap likelihood -49170.979975, best rearrangement setting 6
Bootstrap[7]: Time 20.772596 seconds, bootstrap likelihood -48800.912237, best rearrangement setting 14
Bootstrap[8]: Time 19.140183 seconds, bootstrap likelihood -48692.948250, best rearrangement setting 5
Bootstrap[9]: Time 22.020875 seconds, bootstrap likelihood -47806.249273, best rearrangement setting 7
Bootstrap[10]: Time 20.392079 seconds, bootstrap likelihood -50284.227152, best rearrangement setting 7
Bootstrap[11]: Time 18.801013 seconds, bootstrap likelihood -51876.437844, best rearrangement setting 5
Bootstrap[12]: Time 21.352113 seconds, bootstrap likelihood -50344.002177, best rearrangement setting 8


Overall Time for 104 Rapid Bootstraps 298.147941 seconds
Average Time per Rapid Bootstrap 2.866807 seconds

Starting ML Search ...

Fast ML optimization finished

Fast ML search on Process 0: Time 470.605571 seconds

Slow ML Search 0 Likelihood: -50164.494288
Slow ML Search 1 Likelihood: -50165.213537
Slow ML optimization finished

Slow ML search on Process 0: Time 341.007648 seconds
Thorough ML search on Process 0: Time 166.048296 seconds

processID = 0, bestLH = -50164.494290

This is RAxML MPI Process Number: 6

Time for BS model parameter optimization on Process 6: 15.357113 seconds
Bootstrap[78]: Time 34.466417 seconds, bootstrap likelihood -52290.888215, best rearrangement setting 5
Bootstrap[79]: Time 24.555618 seconds, bootstrap likelihood -50014.183982, best rearrangement setting 15
Bootstrap[80]: Time 20.444449 seconds, bootstrap likelihood -51024.233953, best rearrangement setting 7
Bootstrap[81]: Time 21.453193 seconds, bootstrap likelihood -51543.749829, best rearrangement setting 15
Bootstrap[82]: Time 20.373029 seconds, bootstrap likelihood -49447.711828, best rearrangement setting 10
Bootstrap[83]: Time 21.436553 seconds, bootstrap likelihood -47926.693314, best rearrangement setting 6
Bootstrap[84]: Time 21.862314 seconds, bootstrap likelihood -51209.631773, best rearrangement setting 9
Bootstrap[85]: Time 20.718661 seconds, bootstrap likelihood -49797.149163, best rearrangement setting 5
Bootstrap[86]: Time 20.937325 seconds, bootstrap likelihood -50855.612468, best rearrangement setting 15
Bootstrap[87]: Time 20.906974 seconds, bootstrap likelihood -48869.632491, best rearrangement setting 6
Bootstrap[88]: Time 19.378278 seconds, bootstrap likelihood -47210.500311, best rearrangement setting 13
Bootstrap[89]: Time 20.521701 seconds, bootstrap likelihood -50304.573386, best rearrangement setting 13
Bootstrap[90]: Time 20.004926 seconds, bootstrap likelihood -49410.263868, best rearrangement setting 5
Fast ML search on Process 6: Time 568.253467 seconds

Slow ML Search 78 Likelihood: -50163.456367
Slow ML Search 79 Likelihood: -50165.657556
Slow ML search on Process 6: Time 423.540600 seconds
Thorough ML search on Process 6: Time 160.780713 seconds

processID = 6, bestLH = -50163.482922

This is RAxML MPI Process Number: 7

Time for BS model parameter optimization on Process 7: 15.365138 seconds
Bootstrap[91]: Time 40.206322 seconds, bootstrap likelihood -47812.971510, best rearrangement setting 15
Bootstrap[92]: Time 19.878817 seconds, bootstrap likelihood -47975.767919, best rearrangement setting 5
Bootstrap[93]: Time 21.526032 seconds, bootstrap likelihood -50429.675673, best rearrangement setting 8
Bootstrap[94]: Time 20.668619 seconds, bootstrap likelihood -49959.488034, best rearrangement setting 6
Bootstrap[95]: Time 19.613130 seconds, bootstrap likelihood -51355.645026, best rearrangement setting 6
Bootstrap[96]: Time 20.066042 seconds, bootstrap likelihood -51001.493450, best rearrangement setting 7
Bootstrap[97]: Time 22.965878 seconds, bootstrap likelihood -49518.679783, best rearrangement setting 13
Bootstrap[98]: Time 22.700306 seconds, bootstrap likelihood -49840.835351, best rearrangement setting 11
Bootstrap[99]: Time 20.574031 seconds, bootstrap likelihood -51908.559384, best rearrangement setting 6
Bootstrap[100]: Time 19.599914 seconds, bootstrap likelihood -48104.435546, best rearrangement setting 11
Bootstrap[101]: Time 19.707957 seconds, bootstrap likelihood -52776.278022, best rearrangement setting 5
Bootstrap[102]: Time 22.168091 seconds, bootstrap likelihood -49576.669034, best rearrangement setting 14
Bootstrap[103]: Time 20.199743 seconds, bootstrap likelihood -52848.942819, best rearrangement setting 12
Fast ML search on Process 7: Time 430.956513 seconds

Slow ML Search 91 Likelihood: -50162.482213
Slow ML Search 92 Likelihood: -50163.505026
Slow ML search on Process 7: Time 311.575937 seconds
Thorough ML search on Process 7: Time 165.980750 seconds

processID = 7, bestLH = -50162.482216

This is RAxML MPI Process Number: 2

Time for BS model parameter optimization on Process 2: 15.365542 seconds
Bootstrap[26]: Time 37.113583 seconds, bootstrap likelihood -48848.296902, best rearrangement setting 10
Bootstrap[27]: Time 19.807423 seconds, bootstrap likelihood -48439.274625, best rearrangement setting 13
Bootstrap[28]: Time 20.433513 seconds, bootstrap likelihood -48941.265488, best rearrangement setting 14
Bootstrap[29]: Time 22.422390 seconds, bootstrap likelihood -50057.416082, best rearrangement setting 8
Bootstrap[30]: Time 22.520252 seconds, bootstrap likelihood -52179.777309, best rearrangement setting 14
Bootstrap[31]: Time 21.353725 seconds, bootstrap likelihood -51271.639436, best rearrangement setting 12
Bootstrap[32]: Time 21.537428 seconds, bootstrap likelihood -50403.987622, best rearrangement setting 14
Bootstrap[33]: Time 20.267354 seconds, bootstrap likelihood -48965.876742, best rearrangement setting 15
Bootstrap[34]: Time 20.107691 seconds, bootstrap likelihood -48819.847674, best rearrangement setting 9
Bootstrap[35]: Time 20.728500 seconds, bootstrap likelihood -50404.328942, best rearrangement setting 6
Bootstrap[36]: Time 22.101843 seconds, bootstrap likelihood -48991.400926, best rearrangement setting 13
Bootstrap[37]: Time 22.531600 seconds, bootstrap likelihood -50842.758755, best rearrangement setting 7
Bootstrap[38]: Time 20.582601 seconds, bootstrap likelihood -48191.439843, best rearrangement setting 11
Fast ML search on Process 2: Time 576.498200 seconds

Slow ML Search 26 Likelihood: -50163.767221
Slow ML Search 27 Likelihood: -50163.484762
Slow ML search on Process 2: Time 337.405352 seconds
Thorough ML search on Process 2: Time 162.161351 seconds

processID = 2, bestLH = -50163.482524

This is RAxML MPI Process Number: 4

Time for BS model parameter optimization on Process 4: 16.180420 seconds
Bootstrap[52]: Time 41.488390 seconds, bootstrap likelihood -50124.680174, best rearrangement setting 8
Bootstrap[53]: Time 22.218007 seconds, bootstrap likelihood -50142.892228, best rearrangement setting 14
Bootstrap[54]: Time 21.846314 seconds, bootstrap likelihood -51133.131453, best rearrangement setting 5
Bootstrap[55]: Time 20.043938 seconds, bootstrap likelihood -51072.645746, best rearrangement setting 11
Bootstrap[56]: Time 21.899279 seconds, bootstrap likelihood -51454.875275, best rearrangement setting 6
Bootstrap[57]: Time 22.121668 seconds, bootstrap likelihood -50220.909222, best rearrangement setting 15
Bootstrap[58]: Time 20.506927 seconds, bootstrap likelihood -48337.168697, best rearrangement setting 11
Bootstrap[59]: Time 21.540503 seconds, bootstrap likelihood -49218.147036, best rearrangement setting 5
Bootstrap[60]: Time 20.476597 seconds, bootstrap likelihood -49405.797864, best rearrangement setting 12
Bootstrap[61]: Time 21.207720 seconds, bootstrap likelihood -49068.905367, best rearrangement setting 6
Bootstrap[62]: Time 20.828953 seconds, bootstrap likelihood -48572.827924, best rearrangement setting 7
Bootstrap[63]: Time 21.104756 seconds, bootstrap likelihood -52912.060288, best rearrangement setting 10
Bootstrap[64]: Time 22.442694 seconds, bootstrap likelihood -49428.137553, best rearrangement setting 13
Fast ML search on Process 4: Time 470.011006 seconds

Slow ML Search 52 Likelihood: -50166.660683
Slow ML Search 53 Likelihood: -50166.716590
Slow ML search on Process 4: Time 405.500597 seconds
Thorough ML search on Process 4: Time 169.559176 seconds

processID = 4, bestLH = -50166.678812

This is RAxML MPI Process Number: 3

Time for BS model parameter optimization on Process 3: 15.460496 seconds
Bootstrap[39]: Time 37.375784 seconds, bootstrap likelihood -47595.512752, best rearrangement setting 9
Bootstrap[40]: Time 21.933643 seconds, bootstrap likelihood -50290.102271, best rearrangement setting 14
Bootstrap[41]: Time 19.714863 seconds, bootstrap likelihood -47454.586514, best rearrangement setting 15
Bootstrap[42]: Time 20.804604 seconds, bootstrap likelihood -50273.568097, best rearrangement setting 10
Bootstrap[43]: Time 20.034254 seconds, bootstrap likelihood -48606.960837, best rearrangement setting 10
Bootstrap[44]: Time 21.394799 seconds, bootstrap likelihood -51561.177780, best rearrangement setting 13
Bootstrap[45]: Time 20.315932 seconds, bootstrap likelihood -50644.985957, best rearrangement setting 7
Bootstrap[46]: Time 21.482689 seconds, bootstrap likelihood -48163.254973, best rearrangement setting 10
Bootstrap[47]: Time 22.284729 seconds, bootstrap likelihood -47928.602755, best rearrangement setting 10
Bootstrap[48]: Time 21.995490 seconds, bootstrap likelihood -47643.028109, best rearrangement setting 12
Bootstrap[49]: Time 20.475220 seconds, bootstrap likelihood -49166.115896, best rearrangement setting 5
Bootstrap[50]: Time 20.991762 seconds, bootstrap likelihood -51844.748799, best rearrangement setting 9
Bootstrap[51]: Time 21.553141 seconds, bootstrap likelihood -49032.124266, best rearrangement setting 7
Fast ML search on Process 3: Time 496.105041 seconds

Slow ML Search 39 Likelihood: -50169.182806
Slow ML Search 40 Likelihood: -50168.686055
Slow ML search on Process 3: Time 433.743311 seconds
Thorough ML search on Process 3: Time 169.529479 seconds

processID = 3, bestLH = -50168.702085

This is RAxML MPI Process Number: 5

Time for BS model parameter optimization on Process 5: 15.363357 seconds
Bootstrap[65]: Time 36.274698 seconds, bootstrap likelihood -49230.566984, best rearrangement setting 6
Bootstrap[66]: Time 22.511066 seconds, bootstrap likelihood -48255.635437, best rearrangement setting 15
Bootstrap[67]: Time 20.290142 seconds, bootstrap likelihood -47952.744332, best rearrangement setting 6
Bootstrap[68]: Time 23.036746 seconds, bootstrap likelihood -50607.210752, best rearrangement setting 13
Bootstrap[69]: Time 23.478007 seconds, bootstrap likelihood -49549.870285, best rearrangement setting 14
Bootstrap[70]: Time 19.677942 seconds, bootstrap likelihood -51168.302830, best rearrangement setting 5
Bootstrap[71]: Time 19.500502 seconds, bootstrap likelihood -48697.341523, best rearrangement setting 5
Bootstrap[72]: Time 20.513944 seconds, bootstrap likelihood -49806.271887, best rearrangement setting 11
Bootstrap[73]: Time 21.577594 seconds, bootstrap likelihood -50465.893825, best rearrangement setting 14
Bootstrap[74]: Time 23.188570 seconds, bootstrap likelihood -50060.883406, best rearrangement setting 11
Bootstrap[75]: Time 19.736958 seconds, bootstrap likelihood -50906.606534, best rearrangement setting 10
Bootstrap[76]: Time 21.771411 seconds, bootstrap likelihood -52056.088756, best rearrangement setting 11
Bootstrap[77]: Time 19.966148 seconds, bootstrap likelihood -48840.481125, best rearrangement setting 9
Fast ML search on Process 5: Time 478.996419 seconds

Slow ML Search 65 Likelihood: -50162.461782
Slow ML Search 66 Likelihood: -50166.389633
Slow ML search on Process 5: Time 338.620789 seconds
Thorough ML search on Process 5: Time 164.172180 seconds

processID = 5, bestLH = -50162.481955
