## SLURM PROLOG ###############################################################
##    Job ID : 12126358
##  Job Name : MyMPIJob
##  Nodelist : node617
##      CPUs : 8
##   Mem/CPU : 2800 MB
## Directory : /gpfs/scratch/jnunez/phylogenetics/hydroidolina
##   Started : Thu Mar  3 14:45:57 EST 2016
###############################################################################
module: loading 'raxml/8.0.22'

This is RAxML MPI Process Number: 1

Time for BS model parameter optimization on Process 1: 22.585779 seconds
Bootstrap[13]: Time 47.554632 seconds, bootstrap likelihood -97107.595823, best rearrangement setting 12
Bootstrap[14]: Time 24.185257 seconds, bootstrap likelihood -92023.896964, best rearrangement setting 13
Bootstrap[15]: Time 23.693249 seconds, bootstrap likelihood -93193.421389, best rearrangement setting 13
Bootstrap[16]: Time 23.320697 seconds, bootstrap likelihood -93991.718328, best rearrangement setting 6
Bootstrap[17]: Time 23.546354 seconds, bootstrap likelihood -97924.119369, best rearrangement setting 7
Bootstrap[18]: Time 24.294447 seconds, bootstrap likelihood -96299.575621, best rearrangement setting 11
Bootstrap[19]: Time 23.444772 seconds, bootstrap likelihood -92521.418165, best rearrangement setting 10
Bootstrap[20]: Time 23.503459 seconds, bootstrap likelihood -92355.265867, best rearrangement setting 9
Bootstrap[21]: Time 26.085786 seconds, bootstrap likelihood -97836.335717, best rearrangement setting 7
Bootstrap[22]: Time 23.987272 seconds, bootstrap likelihood -96075.545853, best rearrangement setting 12
Bootstrap[23]: Time 23.483675 seconds, bootstrap likelihood -91396.816799, best rearrangement setting 10
Bootstrap[24]: Time 22.633681 seconds, bootstrap likelihood -95800.118585, best rearrangement setting 6
Bootstrap[25]: Time 22.472327 seconds, bootstrap likelihood -93984.545274, best rearrangement setting 15
Fast ML search on Process 1: Time 502.345282 seconds

Slow ML Search 13 Likelihood: -94432.359431
Slow ML Search 14 Likelihood: -94431.198876
Slow ML search on Process 1: Time 392.843635 seconds
Thorough ML search on Process 1: Time 214.121167 seconds

processID = 1, bestLH = -94431.177629

This is RAxML MPI Process Number: 0
IMPORTANT WARNING: Alignment column 3597 contains only undetermined values which will be treated as missing data
IMPORTANT WARNING: Alignment column 3615 contains only undetermined values which will be treated as missing data
IMPORTANT WARNING: Alignment column 3644 contains only undetermined values which will be treated as missing data
IMPORTANT WARNING: Alignment column 5850 contains only undetermined values which will be treated as missing data
IMPORTANT WARNING: Alignment column 5884 contains only undetermined values which will be treated as missing data
IMPORTANT WARNING: Alignment column 5897 contains only undetermined values which will be treated as missing data

IMPORTANT WARNING
Found 6 columns that contain only undetermined values which will be treated as missing data.
Normally these columns should be excluded from the analysis.

Just in case you might need it, an alignment file with 
undetermined columns removed is printed to file combined.phy.reduced


This is RAxML version 8.0.22 released by Alexandros Stamatakis on May 6 2014.

With greatly appreciated code contributions by:
Andre Aberer      (HITS)
Simon Berger      (HITS)
Alexey Kozlov     (HITS)
Nick Pattengale   (Sandia)
Wayne Pfeiffer    (SDSC)
Akifumi S. Tanabe (NRIFS)
David Dao         (KIT)
Charlie Taylor    (UF)


Alignment has 3278 distinct alignment patterns

Proportion of gaps and completely undetermined characters in this alignment: 21.35%

RAxML rapid bootstrapping and subsequent ML search

Using 1 distinct models/data partitions with joint branch length optimization



Executing 100 rapid bootstrap inferences and thereafter a thorough ML search 

All free model parameters will be estimated by RAxML
GAMMA model of rate heteorgeneity, ML estimate of alpha-parameter

GAMMA Model parameters will be estimated up to an accuracy of 0.1000000000 Log Likelihood units

Partition: 0
Alignment Patterns: 3278
Name: No Name Provided
DataType: DNA
Substitution Matrix: GTR




RAxML was called as follows:

/gpfs/runtime/opt/raxml/8.0.22/avx/bin/raxmlHPC-MPI -f a -x 12345 -p 12345 -N 100 -m GTRGAMMA -s combined.phy -n combined_boot100 



Time for BS model parameter optimization on Process 0: 23.152301 seconds
Bootstrap[0]: Time 47.214364 seconds, bootstrap likelihood -93666.651410, best rearrangement setting 13
Bootstrap[1]: Time 23.331306 seconds, bootstrap likelihood -92470.276079, best rearrangement setting 13
Bootstrap[2]: Time 23.485619 seconds, bootstrap likelihood -94924.972598, best rearrangement setting 12
Bootstrap[3]: Time 22.299698 seconds, bootstrap likelihood -93671.802098, best rearrangement setting 15
Bootstrap[4]: Time 22.992909 seconds, bootstrap likelihood -92474.563354, best rearrangement setting 10
Bootstrap[5]: Time 24.465265 seconds, bootstrap likelihood -93906.222154, best rearrangement setting 10
Bootstrap[6]: Time 21.400951 seconds, bootstrap likelihood -93905.040557, best rearrangement setting 6
Bootstrap[7]: Time 25.501902 seconds, bootstrap likelihood -91057.481889, best rearrangement setting 14
Bootstrap[8]: Time 23.413570 seconds, bootstrap likelihood -94353.562382, best rearrangement setting 5
Bootstrap[9]: Time 22.870032 seconds, bootstrap likelihood -90798.978249, best rearrangement setting 7
Bootstrap[10]: Time 25.104244 seconds, bootstrap likelihood -93707.324878, best rearrangement setting 7
Bootstrap[11]: Time 23.943893 seconds, bootstrap likelihood -93538.424394, best rearrangement setting 5
Bootstrap[12]: Time 24.094185 seconds, bootstrap likelihood -93412.999464, best rearrangement setting 8


Overall Time for 104 Rapid Bootstraps 365.274297 seconds
Average Time per Rapid Bootstrap 3.512253 seconds

Starting ML Search ...

Fast ML optimization finished

Fast ML search on Process 0: Time 514.639828 seconds

Slow ML Search 0 Likelihood: -94431.839677
Slow ML Search 1 Likelihood: -94432.853653
Slow ML optimization finished

Slow ML search on Process 0: Time 359.195358 seconds
Thorough ML search on Process 0: Time 215.978430 seconds

processID = 0, bestLH = -94431.839659

This is RAxML MPI Process Number: 2

Time for BS model parameter optimization on Process 2: 22.502761 seconds
Bootstrap[26]: Time 47.555961 seconds, bootstrap likelihood -93620.291388, best rearrangement setting 10
Bootstrap[27]: Time 24.100054 seconds, bootstrap likelihood -95402.318223, best rearrangement setting 13
Bootstrap[28]: Time 24.609174 seconds, bootstrap likelihood -96843.459071, best rearrangement setting 14
Bootstrap[29]: Time 26.365812 seconds, bootstrap likelihood -92608.598390, best rearrangement setting 8
Bootstrap[30]: Time 23.910747 seconds, bootstrap likelihood -93041.459926, best rearrangement setting 14
Bootstrap[31]: Time 22.299311 seconds, bootstrap likelihood -92126.503188, best rearrangement setting 12
Bootstrap[32]: Time 27.168260 seconds, bootstrap likelihood -93545.319590, best rearrangement setting 14
Bootstrap[33]: Time 24.486309 seconds, bootstrap likelihood -90553.540948, best rearrangement setting 15
Bootstrap[34]: Time 24.756966 seconds, bootstrap likelihood -96436.864523, best rearrangement setting 9
Bootstrap[35]: Time 24.760011 seconds, bootstrap likelihood -95354.118061, best rearrangement setting 6
Bootstrap[36]: Time 22.832433 seconds, bootstrap likelihood -94059.309867, best rearrangement setting 13
Bootstrap[37]: Time 24.071646 seconds, bootstrap likelihood -91581.764957, best rearrangement setting 7
Bootstrap[38]: Time 25.147025 seconds, bootstrap likelihood -98077.705604, best rearrangement setting 11
Fast ML search on Process 2: Time 439.090305 seconds

Slow ML Search 26 Likelihood: -94433.884778
Slow ML Search 27 Likelihood: -94428.037214
Slow ML search on Process 2: Time 390.922367 seconds
Thorough ML search on Process 2: Time 208.110622 seconds

processID = 2, bestLH = -94427.917529

Final ML Optimization Likelihood: -94427.917529

Model Information:

Model Parameters of Partition 0, Name: No Name Provided, Type of Data: DNA
alpha: 0.253321
Tree-Length: 8.219909
rate A <-> C: 0.806800
rate A <-> G: 2.608071
rate A <-> T: 1.911118
rate C <-> G: 0.900656
rate C <-> T: 5.287369
rate G <-> T: 1.000000

freq pi(A): 0.277945
freq pi(C): 0.195911
freq pi(G): 0.264600
freq pi(T): 0.261544


ML search took 1390.956920 secs or 0.386377 hours

Combined Bootstrap and ML search took 1756.231047 secs or 0.487842 hours

Drawing Bootstrap Support Values on best-scoring ML tree ...



Found 1 tree in File /gpfs/scratch/jnunez/phylogenetics/hydroidolina/RAxML_bestTree.combined_boot100



Found 1 tree in File /gpfs/scratch/jnunez/phylogenetics/hydroidolina/RAxML_bestTree.combined_boot100

Program execution info written to /gpfs/scratch/jnunez/phylogenetics/hydroidolina/RAxML_info.combined_boot100
All 104 bootstrapped trees written to: /gpfs/scratch/jnunez/phylogenetics/hydroidolina/RAxML_bootstrap.combined_boot100

Best-scoring ML tree written to: /gpfs/scratch/jnunez/phylogenetics/hydroidolina/RAxML_bestTree.combined_boot100

Best-scoring ML tree with support values written to: /gpfs/scratch/jnunez/phylogenetics/hydroidolina/RAxML_bipartitions.combined_boot100

Best-scoring ML tree with support values as branch labels written to: /gpfs/scratch/jnunez/phylogenetics/hydroidolina/RAxML_bipartitionsBranchLabels.combined_boot100

Overall execution time for full ML analysis: 1756.242065 secs or 0.487845 hours or 0.020327 days


This is RAxML MPI Process Number: 4

Time for BS model parameter optimization on Process 4: 22.692532 seconds
Bootstrap[52]: Time 49.128465 seconds, bootstrap likelihood -95547.973108, best rearrangement setting 8
Bootstrap[53]: Time 24.953607 seconds, bootstrap likelihood -93219.195219, best rearrangement setting 14
Bootstrap[54]: Time 22.407565 seconds, bootstrap likelihood -97812.296762, best rearrangement setting 5
Bootstrap[55]: Time 23.876178 seconds, bootstrap likelihood -91914.765103, best rearrangement setting 11
Bootstrap[56]: Time 22.552523 seconds, bootstrap likelihood -94406.569828, best rearrangement setting 6
Bootstrap[57]: Time 25.523845 seconds, bootstrap likelihood -97214.251644, best rearrangement setting 15
Bootstrap[58]: Time 23.112563 seconds, bootstrap likelihood -95129.565175, best rearrangement setting 11
Bootstrap[59]: Time 22.072179 seconds, bootstrap likelihood -90912.121008, best rearrangement setting 5
Bootstrap[60]: Time 24.839209 seconds, bootstrap likelihood -99809.320600, best rearrangement setting 12
Bootstrap[61]: Time 24.593086 seconds, bootstrap likelihood -95259.914783, best rearrangement setting 6
Bootstrap[62]: Time 25.042600 seconds, bootstrap likelihood -91635.093166, best rearrangement setting 7
Bootstrap[63]: Time 24.442962 seconds, bootstrap likelihood -94022.706207, best rearrangement setting 10
Bootstrap[64]: Time 25.484395 seconds, bootstrap likelihood -93171.522313, best rearrangement setting 13
Fast ML search on Process 4: Time 567.386850 seconds

Slow ML Search 52 Likelihood: -94428.892618
Slow ML Search 53 Likelihood: -94434.664207
Slow ML search on Process 4: Time 357.197089 seconds
Thorough ML search on Process 4: Time 211.018038 seconds

processID = 4, bestLH = -94428.892602

This is RAxML MPI Process Number: 5

Time for BS model parameter optimization on Process 5: 22.632577 seconds
Bootstrap[65]: Time 47.439155 seconds, bootstrap likelihood -93238.924032, best rearrangement setting 6
Bootstrap[66]: Time 24.527237 seconds, bootstrap likelihood -92753.617076, best rearrangement setting 15
Bootstrap[67]: Time 25.093388 seconds, bootstrap likelihood -95307.577059, best rearrangement setting 6
Bootstrap[68]: Time 22.443784 seconds, bootstrap likelihood -93136.457783, best rearrangement setting 13
Bootstrap[69]: Time 24.609961 seconds, bootstrap likelihood -96177.294420, best rearrangement setting 14
Bootstrap[70]: Time 22.232353 seconds, bootstrap likelihood -95926.329481, best rearrangement setting 5
Bootstrap[71]: Time 22.592141 seconds, bootstrap likelihood -96362.892265, best rearrangement setting 5
Bootstrap[72]: Time 24.514532 seconds, bootstrap likelihood -93272.531309, best rearrangement setting 11
Bootstrap[73]: Time 23.828385 seconds, bootstrap likelihood -96192.303424, best rearrangement setting 14
Bootstrap[74]: Time 24.025322 seconds, bootstrap likelihood -91725.489662, best rearrangement setting 11
Bootstrap[75]: Time 28.029224 seconds, bootstrap likelihood -91622.899785, best rearrangement setting 10
Bootstrap[76]: Time 24.669257 seconds, bootstrap likelihood -95112.039181, best rearrangement setting 11
Bootstrap[77]: Time 26.189431 seconds, bootstrap likelihood -96711.892958, best rearrangement setting 9
Fast ML search on Process 5: Time 504.887360 seconds

Slow ML Search 65 Likelihood: -94428.169496
Slow ML Search 66 Likelihood: -94430.471897
Slow ML search on Process 5: Time 352.834457 seconds
Thorough ML search on Process 5: Time 209.948335 seconds

processID = 5, bestLH = -94428.169496

This is RAxML MPI Process Number: 3

Time for BS model parameter optimization on Process 3: 22.513601 seconds
Bootstrap[39]: Time 49.628133 seconds, bootstrap likelihood -94074.602688, best rearrangement setting 9
Bootstrap[40]: Time 24.595000 seconds, bootstrap likelihood -93199.857556, best rearrangement setting 14
Bootstrap[41]: Time 23.983018 seconds, bootstrap likelihood -93460.123388, best rearrangement setting 15
Bootstrap[42]: Time 23.452212 seconds, bootstrap likelihood -92834.252348, best rearrangement setting 10
Bootstrap[43]: Time 25.681820 seconds, bootstrap likelihood -93572.996693, best rearrangement setting 10
Bootstrap[44]: Time 25.102025 seconds, bootstrap likelihood -90803.231293, best rearrangement setting 13
Bootstrap[45]: Time 22.995568 seconds, bootstrap likelihood -94888.135750, best rearrangement setting 7
Bootstrap[46]: Time 23.657042 seconds, bootstrap likelihood -96519.162354, best rearrangement setting 10
Bootstrap[47]: Time 22.876315 seconds, bootstrap likelihood -97234.409104, best rearrangement setting 10
Bootstrap[48]: Time 23.795533 seconds, bootstrap likelihood -95522.184383, best rearrangement setting 12
Bootstrap[49]: Time 21.609250 seconds, bootstrap likelihood -95015.119098, best rearrangement setting 5
Bootstrap[50]: Time 24.287063 seconds, bootstrap likelihood -96414.682658, best rearrangement setting 9
Bootstrap[51]: Time 23.707664 seconds, bootstrap likelihood -95515.349414, best rearrangement setting 7
Fast ML search on Process 3: Time 492.065330 seconds

Slow ML Search 39 Likelihood: -94428.330756
Slow ML Search 40 Likelihood: -94428.974655
Slow ML search on Process 3: Time 389.405581 seconds
Thorough ML search on Process 3: Time 210.614271 seconds

processID = 3, bestLH = -94428.330754

This is RAxML MPI Process Number: 6

Time for BS model parameter optimization on Process 6: 28.923040 seconds
Bootstrap[78]: Time 54.866665 seconds, bootstrap likelihood -94388.911933, best rearrangement setting 5
Bootstrap[79]: Time 27.003280 seconds, bootstrap likelihood -93553.530521, best rearrangement setting 15
Bootstrap[80]: Time 24.736034 seconds, bootstrap likelihood -93957.522438, best rearrangement setting 7
Bootstrap[81]: Time 26.022835 seconds, bootstrap likelihood -89575.571027, best rearrangement setting 15
Bootstrap[82]: Time 25.998817 seconds, bootstrap likelihood -94612.347317, best rearrangement setting 10
Bootstrap[83]: Time 23.872494 seconds, bootstrap likelihood -92076.007831, best rearrangement setting 6
Bootstrap[84]: Time 26.241865 seconds, bootstrap likelihood -92910.763114, best rearrangement setting 9
Bootstrap[85]: Time 24.575463 seconds, bootstrap likelihood -96822.787706, best rearrangement setting 5
Bootstrap[86]: Time 27.291120 seconds, bootstrap likelihood -92573.366555, best rearrangement setting 15
Bootstrap[87]: Time 23.805588 seconds, bootstrap likelihood -94743.882987, best rearrangement setting 6
Bootstrap[88]: Time 27.054499 seconds, bootstrap likelihood -95026.558631, best rearrangement setting 13
Bootstrap[89]: Time 28.178710 seconds, bootstrap likelihood -93667.495689, best rearrangement setting 13
Bootstrap[90]: Time 25.426624 seconds, bootstrap likelihood -93207.688384, best rearrangement setting 5
Fast ML search on Process 6: Time 697.599600 seconds

Slow ML Search 78 Likelihood: -94429.803225
Slow ML Search 79 Likelihood: -94428.459307
Slow ML search on Process 6: Time 451.902090 seconds
Thorough ML search on Process 6: Time 241.447287 seconds

processID = 6, bestLH = -94428.439490

This is RAxML MPI Process Number: 7

Time for BS model parameter optimization on Process 7: 28.889430 seconds
Bootstrap[91]: Time 55.448017 seconds, bootstrap likelihood -90512.517042, best rearrangement setting 15
Bootstrap[92]: Time 23.553158 seconds, bootstrap likelihood -94311.005839, best rearrangement setting 5
Bootstrap[93]: Time 26.209487 seconds, bootstrap likelihood -96011.117795, best rearrangement setting 8
Bootstrap[94]: Time 24.989504 seconds, bootstrap likelihood -90495.675113, best rearrangement setting 6
Bootstrap[95]: Time 23.601594 seconds, bootstrap likelihood -92784.641995, best rearrangement setting 6
Bootstrap[96]: Time 26.344257 seconds, bootstrap likelihood -94882.709128, best rearrangement setting 7
Bootstrap[97]: Time 27.021631 seconds, bootstrap likelihood -92966.507011, best rearrangement setting 13
Bootstrap[98]: Time 24.932746 seconds, bootstrap likelihood -94059.838353, best rearrangement setting 11
Bootstrap[99]: Time 26.091306 seconds, bootstrap likelihood -94836.311003, best rearrangement setting 6
Bootstrap[100]: Time 25.419333 seconds, bootstrap likelihood -94323.373809, best rearrangement setting 11
Bootstrap[101]: Time 23.851342 seconds, bootstrap likelihood -92618.351898, best rearrangement setting 5
Bootstrap[102]: Time 26.097272 seconds, bootstrap likelihood -91522.029379, best rearrangement setting 14
Bootstrap[103]: Time 26.417006 seconds, bootstrap likelihood -91202.865629, best rearrangement setting 12
Fast ML search on Process 7: Time 550.024194 seconds

Slow ML Search 91 Likelihood: -94428.351852
Slow ML Search 92 Likelihood: -94429.870115
Slow ML search on Process 7: Time 412.035008 seconds
Thorough ML search on Process 7: Time 243.549352 seconds

processID = 7, bestLH = -94428.351852

This is RAxML MPI Process Number: 1

Time for BS model parameter optimization on Process 1: 3.735515 seconds
Bootstrap[13]: Time 8.488722 seconds, bootstrap likelihood -24103.778016, best rearrangement setting 12
Bootstrap[14]: Time 4.655647 seconds, bootstrap likelihood -22087.063384, best rearrangement setting 13
Bootstrap[15]: Time 5.505170 seconds, bootstrap likelihood -23888.388923, best rearrangement setting 13
Bootstrap[16]: Time 3.807537 seconds, bootstrap likelihood -22008.755737, best rearrangement setting 6
Bootstrap[17]: Time 3.987488 seconds, bootstrap likelihood -23160.434410, best rearrangement setting 7
Bootstrap[18]: Time 4.163753 seconds, bootstrap likelihood -22635.827660, best rearrangement setting 11
Bootstrap[19]: Time 4.428558 seconds, bootstrap likelihood -23437.497296, best rearrangement setting 10
Bootstrap[20]: Time 4.823323 seconds, bootstrap likelihood -23199.925752, best rearrangement setting 9
Bootstrap[21]: Time 4.268885 seconds, bootstrap likelihood -23315.713755, best rearrangement setting 7
Bootstrap[22]: Time 4.211588 seconds, bootstrap likelihood -23621.058752, best rearrangement setting 12
Bootstrap[23]: Time 5.093145 seconds, bootstrap likelihood -23467.277647, best rearrangement setting 10
Bootstrap[24]: Time 4.439850 seconds, bootstrap likelihood -24618.523116, best rearrangement setting 6
Bootstrap[25]: Time 5.262716 seconds, bootstrap likelihood -23028.774701, best rearrangement setting 15
Fast ML search on Process 1: Time 166.598755 seconds

Slow ML Search 13 Likelihood: -23202.941875
Slow ML Search 14 Likelihood: -23205.652327
Slow ML search on Process 1: Time 88.350025 seconds
Thorough ML search on Process 1: Time 40.229017 seconds

processID = 1, bestLH = -23202.959116

This is RAxML MPI Process Number: 5

Time for BS model parameter optimization on Process 5: 3.757581 seconds
Bootstrap[65]: Time 8.194424 seconds, bootstrap likelihood -23120.943125, best rearrangement setting 6
Bootstrap[66]: Time 4.421523 seconds, bootstrap likelihood -22036.931175, best rearrangement setting 15
Bootstrap[67]: Time 3.886501 seconds, bootstrap likelihood -22047.189796, best rearrangement setting 6
Bootstrap[68]: Time 4.176391 seconds, bootstrap likelihood -23925.212600, best rearrangement setting 13
Bootstrap[69]: Time 3.903926 seconds, bootstrap likelihood -22206.439920, best rearrangement setting 14
Bootstrap[70]: Time 3.707733 seconds, bootstrap likelihood -23308.457444, best rearrangement setting 5
Bootstrap[71]: Time 4.029465 seconds, bootstrap likelihood -22626.820859, best rearrangement setting 5
Bootstrap[72]: Time 4.044905 seconds, bootstrap likelihood -22794.273029, best rearrangement setting 11
Bootstrap[73]: Time 5.363807 seconds, bootstrap likelihood -23248.303429, best rearrangement setting 14
Bootstrap[74]: Time 4.676946 seconds, bootstrap likelihood -24407.712344, best rearrangement setting 11
Bootstrap[75]: Time 5.166264 seconds, bootstrap likelihood -22251.727290, best rearrangement setting 10
Bootstrap[76]: Time 4.188433 seconds, bootstrap likelihood -23188.872566, best rearrangement setting 11
Bootstrap[77]: Time 4.519517 seconds, bootstrap likelihood -24914.568418, best rearrangement setting 9
Fast ML search on Process 5: Time 133.243609 seconds

Slow ML Search 65 Likelihood: -23202.942738
Slow ML Search 66 Likelihood: -23205.579506
Slow ML search on Process 5: Time 77.153496 seconds
Thorough ML search on Process 5: Time 41.538795 seconds

processID = 5, bestLH = -23202.959949

This is RAxML MPI Process Number: 0


This is RAxML version 8.0.22 released by Alexandros Stamatakis on May 6 2014.

With greatly appreciated code contributions by:
Andre Aberer      (HITS)
Simon Berger      (HITS)
Alexey Kozlov     (HITS)
Nick Pattengale   (Sandia)
Wayne Pfeiffer    (SDSC)
Akifumi S. Tanabe (NRIFS)
David Dao         (KIT)
Charlie Taylor    (UF)


Alignment has 686 distinct alignment patterns

Proportion of gaps and completely undetermined characters in this alignment: 26.96%

RAxML rapid bootstrapping and subsequent ML search

Using 1 distinct models/data partitions with joint branch length optimization



Executing 100 rapid bootstrap inferences and thereafter a thorough ML search 

All free model parameters will be estimated by RAxML
GAMMA model of rate heteorgeneity, ML estimate of alpha-parameter

GAMMA Model parameters will be estimated up to an accuracy of 0.1000000000 Log Likelihood units

Partition: 0
Alignment Patterns: 686
Name: No Name Provided
DataType: DNA
Substitution Matrix: GTR




RAxML was called as follows:

/gpfs/runtime/opt/raxml/8.0.22/avx/bin/raxmlHPC-MPI -f a -x 12345 -p 12345 -N 100 -m GTRGAMMA -s 16s.phy -n 16s_boot100 



Time for BS model parameter optimization on Process 0: 3.776743 seconds
Bootstrap[0]: Time 9.095409 seconds, bootstrap likelihood -23690.333146, best rearrangement setting 13
Bootstrap[1]: Time 5.037266 seconds, bootstrap likelihood -24258.526868, best rearrangement setting 13
Bootstrap[2]: Time 4.313310 seconds, bootstrap likelihood -23765.180651, best rearrangement setting 12
Bootstrap[3]: Time 4.293509 seconds, bootstrap likelihood -22917.307307, best rearrangement setting 15
Bootstrap[4]: Time 4.105802 seconds, bootstrap likelihood -22522.304327, best rearrangement setting 10
Bootstrap[5]: Time 4.120321 seconds, bootstrap likelihood -24693.951567, best rearrangement setting 10
Bootstrap[6]: Time 4.643140 seconds, bootstrap likelihood -23661.842612, best rearrangement setting 6
Bootstrap[7]: Time 5.266005 seconds, bootstrap likelihood -22519.325304, best rearrangement setting 14
Bootstrap[8]: Time 4.105397 seconds, bootstrap likelihood -22166.130662, best rearrangement setting 5
Bootstrap[9]: Time 5.141856 seconds, bootstrap likelihood -23906.720992, best rearrangement setting 7
Bootstrap[10]: Time 4.393848 seconds, bootstrap likelihood -23799.970845, best rearrangement setting 7
Bootstrap[11]: Time 4.267756 seconds, bootstrap likelihood -22669.308074, best rearrangement setting 5
Bootstrap[12]: Time 4.519112 seconds, bootstrap likelihood -23369.289234, best rearrangement setting 8


Overall Time for 104 Rapid Bootstraps 71.255743 seconds
Average Time per Rapid Bootstrap 0.685151 seconds

Starting ML Search ...

Fast ML optimization finished

Fast ML search on Process 0: Time 156.944745 seconds

Slow ML Search 0 Likelihood: -23202.943216
Slow ML Search 1 Likelihood: -23203.062565
Slow ML optimization finished

Slow ML search on Process 0: Time 124.764215 seconds
Thorough ML search on Process 0: Time 41.786111 seconds

processID = 0, bestLH = -23202.960500

This is RAxML MPI Process Number: 2

Time for BS model parameter optimization on Process 2: 3.901007 seconds
Bootstrap[26]: Time 9.194686 seconds, bootstrap likelihood -21698.389809, best rearrangement setting 10
Bootstrap[27]: Time 5.206895 seconds, bootstrap likelihood -23105.295686, best rearrangement setting 13
Bootstrap[28]: Time 4.262248 seconds, bootstrap likelihood -22862.655334, best rearrangement setting 14
Bootstrap[29]: Time 4.243156 seconds, bootstrap likelihood -21906.783949, best rearrangement setting 8
Bootstrap[30]: Time 4.425230 seconds, bootstrap likelihood -23919.751598, best rearrangement setting 14
Bootstrap[31]: Time 4.804668 seconds, bootstrap likelihood -23229.200415, best rearrangement setting 12
Bootstrap[32]: Time 4.641558 seconds, bootstrap likelihood -23166.887356, best rearrangement setting 14
Bootstrap[33]: Time 4.513700 seconds, bootstrap likelihood -23115.112390, best rearrangement setting 15
Bootstrap[34]: Time 4.135812 seconds, bootstrap likelihood -22826.381167, best rearrangement setting 9
Bootstrap[35]: Time 4.593735 seconds, bootstrap likelihood -23444.046022, best rearrangement setting 6
Bootstrap[36]: Time 5.189181 seconds, bootstrap likelihood -23622.131644, best rearrangement setting 13
Bootstrap[37]: Time 4.535823 seconds, bootstrap likelihood -23621.067176, best rearrangement setting 7
Bootstrap[38]: Time 5.177482 seconds, bootstrap likelihood -22389.089924, best rearrangement setting 11
Fast ML search on Process 2: Time 192.091561 seconds

Slow ML Search 26 Likelihood: -23202.942656
Slow ML Search 27 Likelihood: -23205.809033
Slow ML search on Process 2: Time 136.779658 seconds
Thorough ML search on Process 2: Time 40.942371 seconds

processID = 2, bestLH = -23202.959680

This is RAxML MPI Process Number: 3

Time for BS model parameter optimization on Process 3: 3.700786 seconds
Bootstrap[39]: Time 8.621143 seconds, bootstrap likelihood -22685.128779, best rearrangement setting 9
Bootstrap[40]: Time 4.267127 seconds, bootstrap likelihood -23384.032914, best rearrangement setting 14
Bootstrap[41]: Time 5.315388 seconds, bootstrap likelihood -23025.198092, best rearrangement setting 15
Bootstrap[42]: Time 5.131483 seconds, bootstrap likelihood -22887.687063, best rearrangement setting 10
Bootstrap[43]: Time 4.645618 seconds, bootstrap likelihood -22566.777856, best rearrangement setting 10
Bootstrap[44]: Time 4.938115 seconds, bootstrap likelihood -23535.884980, best rearrangement setting 13
Bootstrap[45]: Time 4.693133 seconds, bootstrap likelihood -23503.308589, best rearrangement setting 7
Bootstrap[46]: Time 4.540840 seconds, bootstrap likelihood -22837.399087, best rearrangement setting 10
Bootstrap[47]: Time 3.803044 seconds, bootstrap likelihood -22276.388140, best rearrangement setting 10
Bootstrap[48]: Time 5.340104 seconds, bootstrap likelihood -22345.258384, best rearrangement setting 12
Bootstrap[49]: Time 3.977342 seconds, bootstrap likelihood -22439.593929, best rearrangement setting 5
Bootstrap[50]: Time 4.260601 seconds, bootstrap likelihood -23325.020404, best rearrangement setting 9
Bootstrap[51]: Time 4.404437 seconds, bootstrap likelihood -22643.925263, best rearrangement setting 7
Fast ML search on Process 3: Time 106.366619 seconds

Slow ML Search 39 Likelihood: -23203.438822
Slow ML Search 40 Likelihood: -23205.623410
Slow ML search on Process 3: Time 76.359563 seconds
Thorough ML search on Process 3: Time 37.360984 seconds

processID = 3, bestLH = -23203.438824

This is RAxML MPI Process Number: 7

Time for BS model parameter optimization on Process 7: 4.518389 seconds
Bootstrap[91]: Time 10.623758 seconds, bootstrap likelihood -23081.072837, best rearrangement setting 15
Bootstrap[92]: Time 4.742681 seconds, bootstrap likelihood -22791.526589, best rearrangement setting 5
Bootstrap[93]: Time 5.114155 seconds, bootstrap likelihood -24105.248443, best rearrangement setting 8
Bootstrap[94]: Time 4.871915 seconds, bootstrap likelihood -22745.048210, best rearrangement setting 6
Bootstrap[95]: Time 4.497231 seconds, bootstrap likelihood -22329.067606, best rearrangement setting 6
Bootstrap[96]: Time 4.951273 seconds, bootstrap likelihood -24970.350695, best rearrangement setting 7
Bootstrap[97]: Time 4.933469 seconds, bootstrap likelihood -23498.299647, best rearrangement setting 13
Bootstrap[98]: Time 4.599609 seconds, bootstrap likelihood -22073.187241, best rearrangement setting 11
Bootstrap[99]: Time 4.056259 seconds, bootstrap likelihood -22793.834310, best rearrangement setting 6
Bootstrap[100]: Time 5.893157 seconds, bootstrap likelihood -24065.753358, best rearrangement setting 11
Bootstrap[101]: Time 4.942439 seconds, bootstrap likelihood -23888.563519, best rearrangement setting 5
Bootstrap[102]: Time 6.165874 seconds, bootstrap likelihood -24444.142693, best rearrangement setting 14
Bootstrap[103]: Time 5.811407 seconds, bootstrap likelihood -22613.169433, best rearrangement setting 12
Fast ML search on Process 7: Time 190.797481 seconds

Slow ML Search 91 Likelihood: -23203.947828
Slow ML Search 92 Likelihood: -23208.056865
Slow ML search on Process 7: Time 92.668935 seconds
Thorough ML search on Process 7: Time 44.994210 seconds

processID = 7, bestLH = -23203.897269

This is RAxML MPI Process Number: 4

Time for BS model parameter optimization on Process 4: 3.711461 seconds
Bootstrap[52]: Time 8.918737 seconds, bootstrap likelihood -21470.788337, best rearrangement setting 8
Bootstrap[53]: Time 4.500154 seconds, bootstrap likelihood -24237.543250, best rearrangement setting 14
Bootstrap[54]: Time 4.000273 seconds, bootstrap likelihood -22870.227851, best rearrangement setting 5
Bootstrap[55]: Time 4.954622 seconds, bootstrap likelihood -23413.509484, best rearrangement setting 11
Bootstrap[56]: Time 4.372880 seconds, bootstrap likelihood -22884.784899, best rearrangement setting 6
Bootstrap[57]: Time 5.473219 seconds, bootstrap likelihood -23240.810610, best rearrangement setting 15
Bootstrap[58]: Time 4.619770 seconds, bootstrap likelihood -22152.462202, best rearrangement setting 11
Bootstrap[59]: Time 3.902442 seconds, bootstrap likelihood -21967.601617, best rearrangement setting 5
Bootstrap[60]: Time 4.900394 seconds, bootstrap likelihood -23598.497971, best rearrangement setting 12
Bootstrap[61]: Time 4.583384 seconds, bootstrap likelihood -22566.794554, best rearrangement setting 6
Bootstrap[62]: Time 4.556123 seconds, bootstrap likelihood -24079.893672, best rearrangement setting 7
Bootstrap[63]: Time 4.260057 seconds, bootstrap likelihood -22333.891978, best rearrangement setting 10
Bootstrap[64]: Time 4.312295 seconds, bootstrap likelihood -22136.167754, best rearrangement setting 13
Fast ML search on Process 4: Time 164.009808 seconds

Slow ML Search 52 Likelihood: -23202.769876
Slow ML Search 53 Likelihood: -23202.968702
Slow ML search on Process 4: Time 70.849665 seconds
Thorough ML search on Process 4: Time 38.283931 seconds

processID = 4, bestLH = -23202.769879

Final ML Optimization Likelihood: -23202.769879

Model Information:

Model Parameters of Partition 0, Name: No Name Provided, Type of Data: DNA
alpha: 0.462090
Tree-Length: 28.790199
rate A <-> C: 1.749154
rate A <-> G: 6.174722
rate A <-> T: 3.799152
rate C <-> G: 0.685110
rate C <-> T: 11.183511
rate G <-> T: 1.000000

freq pi(A): 0.396763
freq pi(C): 0.124418
freq pi(G): 0.157227
freq pi(T): 0.321593


ML search took 369.817130 secs or 0.102727 hours

Combined Bootstrap and ML search took 441.073432 secs or 0.122520 hours

Drawing Bootstrap Support Values on best-scoring ML tree ...



Found 1 tree in File /gpfs/scratch/jnunez/phylogenetics/hydroidolina/RAxML_bestTree.16s_boot100



Found 1 tree in File /gpfs/scratch/jnunez/phylogenetics/hydroidolina/RAxML_bestTree.16s_boot100

Program execution info written to /gpfs/scratch/jnunez/phylogenetics/hydroidolina/RAxML_info.16s_boot100
All 104 bootstrapped trees written to: /gpfs/scratch/jnunez/phylogenetics/hydroidolina/RAxML_bootstrap.16s_boot100

Best-scoring ML tree written to: /gpfs/scratch/jnunez/phylogenetics/hydroidolina/RAxML_bestTree.16s_boot100

Best-scoring ML tree with support values written to: /gpfs/scratch/jnunez/phylogenetics/hydroidolina/RAxML_bipartitions.16s_boot100

Best-scoring ML tree with support values as branch labels written to: /gpfs/scratch/jnunez/phylogenetics/hydroidolina/RAxML_bipartitionsBranchLabels.16s_boot100

Overall execution time for full ML analysis: 441.081662 secs or 0.122523 hours or 0.005105 days


This is RAxML MPI Process Number: 6

Time for BS model parameter optimization on Process 6: 4.503975 seconds
Bootstrap[78]: Time 9.120222 seconds, bootstrap likelihood -23564.973674, best rearrangement setting 5
Bootstrap[79]: Time 5.308974 seconds, bootstrap likelihood -23377.444529, best rearrangement setting 15
Bootstrap[80]: Time 4.506752 seconds, bootstrap likelihood -23225.895829, best rearrangement setting 7
Bootstrap[81]: Time 6.464749 seconds, bootstrap likelihood -24468.016967, best rearrangement setting 15
Bootstrap[82]: Time 5.621111 seconds, bootstrap likelihood -24818.075127, best rearrangement setting 10
Bootstrap[83]: Time 4.633871 seconds, bootstrap likelihood -23098.974538, best rearrangement setting 6
Bootstrap[84]: Time 5.054143 seconds, bootstrap likelihood -21409.645959, best rearrangement setting 9
Bootstrap[85]: Time 4.613172 seconds, bootstrap likelihood -23429.201715, best rearrangement setting 5
Bootstrap[86]: Time 4.265347 seconds, bootstrap likelihood -23356.470654, best rearrangement setting 15
Bootstrap[87]: Time 5.295038 seconds, bootstrap likelihood -24079.247874, best rearrangement setting 6
Bootstrap[88]: Time 5.096803 seconds, bootstrap likelihood -22668.735469, best rearrangement setting 13
Bootstrap[89]: Time 4.975774 seconds, bootstrap likelihood -21852.323764, best rearrangement setting 13
Bootstrap[90]: Time 4.542959 seconds, bootstrap likelihood -23221.873949, best rearrangement setting 5
Fast ML search on Process 6: Time 176.281843 seconds

Slow ML Search 78 Likelihood: -23202.943715
Slow ML Search 79 Likelihood: -23203.063039
Slow ML search on Process 6: Time 117.065808 seconds
Thorough ML search on Process 6: Time 45.833568 seconds

processID = 6, bestLH = -23202.960852

This is RAxML MPI Process Number: 2

Time for BS model parameter optimization on Process 2: 2.896794 seconds
Bootstrap[26]: Time 7.357574 seconds, bootstrap likelihood -16482.842335, best rearrangement setting 10
Bootstrap[27]: Time 4.676950 seconds, bootstrap likelihood -15216.054372, best rearrangement setting 13
Bootstrap[28]: Time 4.967200 seconds, bootstrap likelihood -17157.136122, best rearrangement setting 14
Bootstrap[29]: Time 4.505900 seconds, bootstrap likelihood -15775.174907, best rearrangement setting 8
Bootstrap[30]: Time 4.930769 seconds, bootstrap likelihood -16072.165623, best rearrangement setting 14
Bootstrap[31]: Time 4.544503 seconds, bootstrap likelihood -15729.161212, best rearrangement setting 12
Bootstrap[32]: Time 4.838813 seconds, bootstrap likelihood -17151.019107, best rearrangement setting 14
Bootstrap[33]: Time 4.528701 seconds, bootstrap likelihood -15762.027750, best rearrangement setting 15
Bootstrap[34]: Time 4.409114 seconds, bootstrap likelihood -16295.730100, best rearrangement setting 9
Bootstrap[35]: Time 4.656396 seconds, bootstrap likelihood -16178.078421, best rearrangement setting 6
Bootstrap[36]: Time 4.103144 seconds, bootstrap likelihood -16054.653041, best rearrangement setting 13
Bootstrap[37]: Time 4.414420 seconds, bootstrap likelihood -16150.315365, best rearrangement setting 7
Bootstrap[38]: Time 4.610004 seconds, bootstrap likelihood -16121.675886, best rearrangement setting 11
Fast ML search on Process 2: Time 142.337390 seconds

Slow ML Search 26 Likelihood: -16284.114149
Slow ML Search 27 Likelihood: -16288.406169
Slow ML search on Process 2: Time 66.845441 seconds
Thorough ML search on Process 2: Time 31.957759 seconds

processID = 2, bestLH = -16284.114151

This is RAxML MPI Process Number: 3

Time for BS model parameter optimization on Process 3: 2.846793 seconds
Bootstrap[39]: Time 7.475862 seconds, bootstrap likelihood -16121.635534, best rearrangement setting 9
Bootstrap[40]: Time 4.480310 seconds, bootstrap likelihood -15455.442472, best rearrangement setting 14
Bootstrap[41]: Time 4.196070 seconds, bootstrap likelihood -17060.888909, best rearrangement setting 15
Bootstrap[42]: Time 4.038235 seconds, bootstrap likelihood -16315.975868, best rearrangement setting 10
Bootstrap[43]: Time 4.496169 seconds, bootstrap likelihood -15594.611745, best rearrangement setting 10
Bootstrap[44]: Time 4.745694 seconds, bootstrap likelihood -15505.088019, best rearrangement setting 13
Bootstrap[45]: Time 3.858774 seconds, bootstrap likelihood -16178.922101, best rearrangement setting 7
Bootstrap[46]: Time 4.530011 seconds, bootstrap likelihood -15442.678272, best rearrangement setting 10
Bootstrap[47]: Time 4.606900 seconds, bootstrap likelihood -16116.454844, best rearrangement setting 10
Bootstrap[48]: Time 4.280364 seconds, bootstrap likelihood -15800.984711, best rearrangement setting 12
Bootstrap[49]: Time 4.478352 seconds, bootstrap likelihood -15098.879063, best rearrangement setting 5
Bootstrap[50]: Time 4.320507 seconds, bootstrap likelihood -16946.649057, best rearrangement setting 9
Bootstrap[51]: Time 4.012444 seconds, bootstrap likelihood -15615.085606, best rearrangement setting 7
Fast ML search on Process 3: Time 103.723418 seconds

Slow ML Search 39 Likelihood: -16284.007036
Slow ML Search 40 Likelihood: -16288.253788
Slow ML search on Process 3: Time 76.172180 seconds
Thorough ML search on Process 3: Time 31.361449 seconds

processID = 3, bestLH = -16283.978169

Final ML Optimization Likelihood: -16283.978169

Model Information:

Model Parameters of Partition 0, Name: No Name Provided, Type of Data: DNA
alpha: 0.201546
Tree-Length: 3.716563
rate A <-> C: 1.391922
rate A <-> G: 2.947877
rate A <-> T: 1.282143
rate C <-> G: 0.986484
rate C <-> T: 6.546998
rate G <-> T: 1.000000

freq pi(A): 0.269513
freq pi(C): 0.194606
freq pi(G): 0.260255
freq pi(T): 0.275625


ML search took 292.173817 secs or 0.081159 hours

Combined Bootstrap and ML search took 358.511129 secs or 0.099586 hours

Drawing Bootstrap Support Values on best-scoring ML tree ...



Found 1 tree in File /gpfs/scratch/jnunez/phylogenetics/hydroidolina/RAxML_bestTree.18s_boot100



Found 1 tree in File /gpfs/scratch/jnunez/phylogenetics/hydroidolina/RAxML_bestTree.18s_boot100

Program execution info written to /gpfs/scratch/jnunez/phylogenetics/hydroidolina/RAxML_info.18s_boot100
All 104 bootstrapped trees written to: /gpfs/scratch/jnunez/phylogenetics/hydroidolina/RAxML_bootstrap.18s_boot100

Best-scoring ML tree written to: /gpfs/scratch/jnunez/phylogenetics/hydroidolina/RAxML_bestTree.18s_boot100

Best-scoring ML tree with support values written to: /gpfs/scratch/jnunez/phylogenetics/hydroidolina/RAxML_bipartitions.18s_boot100

Best-scoring ML tree with support values as branch labels written to: /gpfs/scratch/jnunez/phylogenetics/hydroidolina/RAxML_bipartitionsBranchLabels.18s_boot100

Overall execution time for full ML analysis: 358.520175 secs or 0.099589 hours or 0.004150 days


This is RAxML MPI Process Number: 0


This is RAxML version 8.0.22 released by Alexandros Stamatakis on May 6 2014.

With greatly appreciated code contributions by:
Andre Aberer      (HITS)
Simon Berger      (HITS)
Alexey Kozlov     (HITS)
Nick Pattengale   (Sandia)
Wayne Pfeiffer    (SDSC)
Akifumi S. Tanabe (NRIFS)
David Dao         (KIT)
Charlie Taylor    (UF)


Alignment has 754 distinct alignment patterns

Proportion of gaps and completely undetermined characters in this alignment: 10.63%

RAxML rapid bootstrapping and subsequent ML search

Using 1 distinct models/data partitions with joint branch length optimization



Executing 100 rapid bootstrap inferences and thereafter a thorough ML search 

All free model parameters will be estimated by RAxML
GAMMA model of rate heteorgeneity, ML estimate of alpha-parameter

GAMMA Model parameters will be estimated up to an accuracy of 0.1000000000 Log Likelihood units

Partition: 0
Alignment Patterns: 754
Name: No Name Provided
DataType: DNA
Substitution Matrix: GTR




RAxML was called as follows:

/gpfs/runtime/opt/raxml/8.0.22/avx/bin/raxmlHPC-MPI -f a -x 12345 -p 12345 -N 100 -m GTRGAMMA -s 18s.phy -n 18s_boot100 



Time for BS model parameter optimization on Process 0: 2.889057 seconds
Bootstrap[0]: Time 7.966177 seconds, bootstrap likelihood -16617.716161, best rearrangement setting 13
Bootstrap[1]: Time 4.312502 seconds, bootstrap likelihood -15250.575156, best rearrangement setting 13
Bootstrap[2]: Time 4.567023 seconds, bootstrap likelihood -14966.809669, best rearrangement setting 12
Bootstrap[3]: Time 4.516688 seconds, bootstrap likelihood -16102.278740, best rearrangement setting 15
Bootstrap[4]: Time 4.308835 seconds, bootstrap likelihood -17171.890593, best rearrangement setting 10
Bootstrap[5]: Time 4.855271 seconds, bootstrap likelihood -15862.900217, best rearrangement setting 10
Bootstrap[6]: Time 4.033479 seconds, bootstrap likelihood -16346.513315, best rearrangement setting 6
Bootstrap[7]: Time 3.861928 seconds, bootstrap likelihood -14524.453611, best rearrangement setting 14
Bootstrap[8]: Time 3.889390 seconds, bootstrap likelihood -15584.728790, best rearrangement setting 5
Bootstrap[9]: Time 4.189332 seconds, bootstrap likelihood -16775.184305, best rearrangement setting 7
Bootstrap[10]: Time 4.771337 seconds, bootstrap likelihood -15936.061790, best rearrangement setting 7
Bootstrap[11]: Time 4.276680 seconds, bootstrap likelihood -16492.215144, best rearrangement setting 5
Bootstrap[12]: Time 4.282249 seconds, bootstrap likelihood -15395.888870, best rearrangement setting 8


Overall Time for 104 Rapid Bootstraps 66.337218 seconds
Average Time per Rapid Bootstrap 0.637858 seconds

Starting ML Search ...

Fast ML optimization finished

Fast ML search on Process 0: Time 118.146978 seconds

Slow ML Search 0 Likelihood: -16285.579225
Slow ML Search 1 Likelihood: -16288.310299
Slow ML optimization finished

Slow ML search on Process 0: Time 66.192348 seconds
Thorough ML search on Process 0: Time 31.976776 seconds

processID = 0, bestLH = -16285.570459

This is RAxML MPI Process Number: 1

Time for BS model parameter optimization on Process 1: 2.875386 seconds
Bootstrap[13]: Time 7.525283 seconds, bootstrap likelihood -15628.146009, best rearrangement setting 12
Bootstrap[14]: Time 4.690690 seconds, bootstrap likelihood -16322.326429, best rearrangement setting 13
Bootstrap[15]: Time 5.076899 seconds, bootstrap likelihood -16074.322534, best rearrangement setting 13
Bootstrap[16]: Time 4.357320 seconds, bootstrap likelihood -16382.323654, best rearrangement setting 6
Bootstrap[17]: Time 4.003693 seconds, bootstrap likelihood -15625.621684, best rearrangement setting 7
Bootstrap[18]: Time 4.663574 seconds, bootstrap likelihood -15757.338828, best rearrangement setting 11
Bootstrap[19]: Time 4.675550 seconds, bootstrap likelihood -15803.606961, best rearrangement setting 10
Bootstrap[20]: Time 4.816207 seconds, bootstrap likelihood -17863.846254, best rearrangement setting 9
Bootstrap[21]: Time 4.173510 seconds, bootstrap likelihood -17174.534412, best rearrangement setting 7
Bootstrap[22]: Time 4.325022 seconds, bootstrap likelihood -15569.117742, best rearrangement setting 12
Bootstrap[23]: Time 4.230812 seconds, bootstrap likelihood -14995.126534, best rearrangement setting 10
Bootstrap[24]: Time 3.865978 seconds, bootstrap likelihood -16778.558883, best rearrangement setting 6
Bootstrap[25]: Time 4.491891 seconds, bootstrap likelihood -16132.408141, best rearrangement setting 15
Fast ML search on Process 1: Time 134.948727 seconds

Slow ML Search 13 Likelihood: -16284.017828
Slow ML Search 14 Likelihood: -16284.076973
Slow ML search on Process 1: Time 65.762845 seconds
Thorough ML search on Process 1: Time 32.291602 seconds

processID = 1, bestLH = -16284.017831

This is RAxML MPI Process Number: 5

Time for BS model parameter optimization on Process 5: 2.895521 seconds
Bootstrap[65]: Time 7.104018 seconds, bootstrap likelihood -16336.075494, best rearrangement setting 6
Bootstrap[66]: Time 4.740295 seconds, bootstrap likelihood -15136.226460, best rearrangement setting 15
Bootstrap[67]: Time 4.456255 seconds, bootstrap likelihood -16108.922654, best rearrangement setting 6
Bootstrap[68]: Time 3.942964 seconds, bootstrap likelihood -15696.063526, best rearrangement setting 13
Bootstrap[69]: Time 4.718157 seconds, bootstrap likelihood -15502.143559, best rearrangement setting 14
Bootstrap[70]: Time 4.347084 seconds, bootstrap likelihood -16678.834818, best rearrangement setting 5
Bootstrap[71]: Time 4.204539 seconds, bootstrap likelihood -16091.563794, best rearrangement setting 5
Bootstrap[72]: Time 4.667200 seconds, bootstrap likelihood -17019.644348, best rearrangement setting 11
Bootstrap[73]: Time 4.260775 seconds, bootstrap likelihood -16678.763010, best rearrangement setting 14
Bootstrap[74]: Time 5.107023 seconds, bootstrap likelihood -17103.826610, best rearrangement setting 11
Bootstrap[75]: Time 4.781647 seconds, bootstrap likelihood -16896.417757, best rearrangement setting 10
Bootstrap[76]: Time 4.467312 seconds, bootstrap likelihood -15147.522513, best rearrangement setting 11
Bootstrap[77]: Time 4.354905 seconds, bootstrap likelihood -16194.483474, best rearrangement setting 9
Fast ML search on Process 5: Time 142.856401 seconds

Slow ML Search 65 Likelihood: -16287.867299
Slow ML Search 66 Likelihood: -16288.110617
Slow ML search on Process 5: Time 59.574239 seconds
Thorough ML search on Process 5: Time 30.847268 seconds

processID = 5, bestLH = -16287.867304

This is RAxML MPI Process Number: 6

Time for BS model parameter optimization on Process 6: 3.337542 seconds
Bootstrap[78]: Time 8.375675 seconds, bootstrap likelihood -16346.733706, best rearrangement setting 5
Bootstrap[79]: Time 4.778701 seconds, bootstrap likelihood -16497.784627, best rearrangement setting 15
Bootstrap[80]: Time 4.761731 seconds, bootstrap likelihood -16486.202147, best rearrangement setting 7
Bootstrap[81]: Time 4.711240 seconds, bootstrap likelihood -15988.763193, best rearrangement setting 15
Bootstrap[82]: Time 4.608869 seconds, bootstrap likelihood -15796.898866, best rearrangement setting 10
Bootstrap[83]: Time 4.571506 seconds, bootstrap likelihood -16323.765546, best rearrangement setting 6
Bootstrap[84]: Time 4.607190 seconds, bootstrap likelihood -15873.807229, best rearrangement setting 9
Bootstrap[85]: Time 4.571732 seconds, bootstrap likelihood -16154.674121, best rearrangement setting 5
Bootstrap[86]: Time 6.195065 seconds, bootstrap likelihood -16145.895320, best rearrangement setting 15
Bootstrap[87]: Time 5.059687 seconds, bootstrap likelihood -16549.157869, best rearrangement setting 6
Bootstrap[88]: Time 4.715691 seconds, bootstrap likelihood -14872.554613, best rearrangement setting 13
Bootstrap[89]: Time 4.391005 seconds, bootstrap likelihood -16513.056270, best rearrangement setting 13
Bootstrap[90]: Time 4.923639 seconds, bootstrap likelihood -15848.226010, best rearrangement setting 5
Fast ML search on Process 6: Time 92.650389 seconds

Slow ML Search 78 Likelihood: -16284.335023
Slow ML Search 79 Likelihood: -16290.136388
Slow ML search on Process 6: Time 65.488639 seconds
Thorough ML search on Process 6: Time 33.705297 seconds

processID = 6, bestLH = -16284.335027

This is RAxML MPI Process Number: 7

Time for BS model parameter optimization on Process 7: 3.296227 seconds
Bootstrap[91]: Time 7.927956 seconds, bootstrap likelihood -15081.167735, best rearrangement setting 15
Bootstrap[92]: Time 4.060302 seconds, bootstrap likelihood -15288.022154, best rearrangement setting 5
Bootstrap[93]: Time 4.996947 seconds, bootstrap likelihood -15827.269472, best rearrangement setting 8
Bootstrap[94]: Time 4.390011 seconds, bootstrap likelihood -16115.793798, best rearrangement setting 6
Bootstrap[95]: Time 4.181812 seconds, bootstrap likelihood -15508.220130, best rearrangement setting 6
Bootstrap[96]: Time 4.622117 seconds, bootstrap likelihood -15517.998517, best rearrangement setting 7
Bootstrap[97]: Time 5.024011 seconds, bootstrap likelihood -16094.079720, best rearrangement setting 13
Bootstrap[98]: Time 4.713771 seconds, bootstrap likelihood -15932.363112, best rearrangement setting 11
Bootstrap[99]: Time 4.724814 seconds, bootstrap likelihood -17237.343143, best rearrangement setting 6
Bootstrap[100]: Time 4.740008 seconds, bootstrap likelihood -16387.060610, best rearrangement setting 11
Bootstrap[101]: Time 4.884402 seconds, bootstrap likelihood -15836.891292, best rearrangement setting 5
Bootstrap[102]: Time 5.045328 seconds, bootstrap likelihood -15473.696236, best rearrangement setting 14
Bootstrap[103]: Time 4.871324 seconds, bootstrap likelihood -16637.871210, best rearrangement setting 12
Fast ML search on Process 7: Time 171.504467 seconds

Slow ML Search 91 Likelihood: -16285.316497
Slow ML Search 92 Likelihood: -16286.308519
Slow ML search on Process 7: Time 84.224813 seconds
Thorough ML search on Process 7: Time 36.440187 seconds

processID = 7, bestLH = -16285.316501

This is RAxML MPI Process Number: 4

Time for BS model parameter optimization on Process 4: 2.838473 seconds
Bootstrap[52]: Time 7.197863 seconds, bootstrap likelihood -16038.418601, best rearrangement setting 8
Bootstrap[53]: Time 4.444837 seconds, bootstrap likelihood -15538.175986, best rearrangement setting 14
Bootstrap[54]: Time 4.611427 seconds, bootstrap likelihood -16182.566194, best rearrangement setting 5
Bootstrap[55]: Time 4.260593 seconds, bootstrap likelihood -15375.228552, best rearrangement setting 11
Bootstrap[56]: Time 4.384247 seconds, bootstrap likelihood -16086.183960, best rearrangement setting 6
Bootstrap[57]: Time 4.820205 seconds, bootstrap likelihood -16476.058788, best rearrangement setting 15
Bootstrap[58]: Time 4.287654 seconds, bootstrap likelihood -15929.675840, best rearrangement setting 11
Bootstrap[59]: Time 4.351592 seconds, bootstrap likelihood -16408.420381, best rearrangement setting 5
Bootstrap[60]: Time 4.182503 seconds, bootstrap likelihood -15962.521058, best rearrangement setting 12
Bootstrap[61]: Time 4.901376 seconds, bootstrap likelihood -16757.863207, best rearrangement setting 6
Bootstrap[62]: Time 4.521715 seconds, bootstrap likelihood -16424.084433, best rearrangement setting 7
Bootstrap[63]: Time 3.532206 seconds, bootstrap likelihood -15094.303405, best rearrangement setting 10
Bootstrap[64]: Time 4.604244 seconds, bootstrap likelihood -15973.877467, best rearrangement setting 13
Fast ML search on Process 4: Time 126.068086 seconds

Slow ML Search 52 Likelihood: -16286.818112
Slow ML Search 53 Likelihood: -16288.556128
Slow ML search on Process 4: Time 69.902742 seconds
Thorough ML search on Process 4: Time 33.529524 seconds

processID = 4, bestLH = -16286.808137

This is RAxML MPI Process Number: 1

Time for BS model parameter optimization on Process 1: 8.574884 seconds
Bootstrap[13]: Time 21.525296 seconds, bootstrap likelihood -51224.279306, best rearrangement setting 12
Bootstrap[14]: Time 12.996776 seconds, bootstrap likelihood -50312.566276, best rearrangement setting 13
Bootstrap[15]: Time 12.978844 seconds, bootstrap likelihood -51377.939501, best rearrangement setting 13
Bootstrap[16]: Time 12.972722 seconds, bootstrap likelihood -51830.399791, best rearrangement setting 6
Bootstrap[17]: Time 12.336668 seconds, bootstrap likelihood -51541.978250, best rearrangement setting 7
Bootstrap[18]: Time 11.777141 seconds, bootstrap likelihood -47335.534295, best rearrangement setting 11
Bootstrap[19]: Time 13.465016 seconds, bootstrap likelihood -51094.790779, best rearrangement setting 10
Bootstrap[20]: Time 13.517563 seconds, bootstrap likelihood -52513.278901, best rearrangement setting 9
Bootstrap[21]: Time 12.663683 seconds, bootstrap likelihood -49603.949402, best rearrangement setting 7
Bootstrap[22]: Time 13.542811 seconds, bootstrap likelihood -49799.783804, best rearrangement setting 12
Bootstrap[23]: Time 12.146021 seconds, bootstrap likelihood -48592.695138, best rearrangement setting 10
Bootstrap[24]: Time 12.540655 seconds, bootstrap likelihood -50275.123790, best rearrangement setting 6
Bootstrap[25]: Time 12.895959 seconds, bootstrap likelihood -52256.249237, best rearrangement setting 15
Fast ML search on Process 1: Time 253.519677 seconds

Slow ML Search 13 Likelihood: -50162.481766
Slow ML Search 14 Likelihood: -50165.688712
Slow ML search on Process 1: Time 184.680736 seconds
Thorough ML search on Process 1: Time 99.663662 seconds

processID = 1, bestLH = -50162.481768

Final ML Optimization Likelihood: -50162.481768

Model Information:

Model Parameters of Partition 0, Name: No Name Provided, Type of Data: DNA
alpha: 0.238754
Tree-Length: 8.264010
rate A <-> C: 0.574413
rate A <-> G: 2.072312
rate A <-> T: 0.667600
rate C <-> G: 0.724368
rate C <-> T: 4.551401
rate G <-> T: 1.000000

freq pi(A): 0.263767
freq pi(C): 0.207798
freq pi(G): 0.283709
freq pi(T): 0.244726


ML search took 748.258922 secs or 0.207850 hours

Combined Bootstrap and ML search took 937.598252 secs or 0.260444 hours

Drawing Bootstrap Support Values on best-scoring ML tree ...



Found 1 tree in File /gpfs/scratch/jnunez/phylogenetics/hydroidolina/RAxML_bestTree.28s_boot100



Found 1 tree in File /gpfs/scratch/jnunez/phylogenetics/hydroidolina/RAxML_bestTree.28s_boot100

Program execution info written to /gpfs/scratch/jnunez/phylogenetics/hydroidolina/RAxML_info.28s_boot100
All 104 bootstrapped trees written to: /gpfs/scratch/jnunez/phylogenetics/hydroidolina/RAxML_bootstrap.28s_boot100

Best-scoring ML tree written to: /gpfs/scratch/jnunez/phylogenetics/hydroidolina/RAxML_bestTree.28s_boot100

Best-scoring ML tree with support values written to: /gpfs/scratch/jnunez/phylogenetics/hydroidolina/RAxML_bipartitions.28s_boot100

Best-scoring ML tree with support values as branch labels written to: /gpfs/scratch/jnunez/phylogenetics/hydroidolina/RAxML_bipartitionsBranchLabels.28s_boot100

Overall execution time for full ML analysis: 937.607622 secs or 0.260447 hours or 0.010852 days


This is RAxML MPI Process Number: 2

Time for BS model parameter optimization on Process 2: 8.607683 seconds
Bootstrap[26]: Time 21.680436 seconds, bootstrap likelihood -48848.296902, best rearrangement setting 10
Bootstrap[27]: Time 11.959804 seconds, bootstrap likelihood -48439.274625, best rearrangement setting 13
Bootstrap[28]: Time 12.341293 seconds, bootstrap likelihood -48941.265488, best rearrangement setting 14
Bootstrap[29]: Time 13.570015 seconds, bootstrap likelihood -50057.416082, best rearrangement setting 8
Bootstrap[30]: Time 13.584107 seconds, bootstrap likelihood -52179.777309, best rearrangement setting 14
Bootstrap[31]: Time 12.907032 seconds, bootstrap likelihood -51271.639436, best rearrangement setting 12
Bootstrap[32]: Time 13.007625 seconds, bootstrap likelihood -50403.987622, best rearrangement setting 14
Bootstrap[33]: Time 12.237711 seconds, bootstrap likelihood -48965.876742, best rearrangement setting 15
Bootstrap[34]: Time 12.141783 seconds, bootstrap likelihood -48819.847674, best rearrangement setting 9
Bootstrap[35]: Time 12.537597 seconds, bootstrap likelihood -50404.328942, best rearrangement setting 6
Bootstrap[36]: Time 13.343397 seconds, bootstrap likelihood -48991.400926, best rearrangement setting 13
Bootstrap[37]: Time 13.569746 seconds, bootstrap likelihood -50842.758755, best rearrangement setting 7
Bootstrap[38]: Time 12.478611 seconds, bootstrap likelihood -48191.439843, best rearrangement setting 11
Fast ML search on Process 2: Time 325.442137 seconds

Slow ML Search 26 Likelihood: -50163.767221
Slow ML Search 27 Likelihood: -50163.484762
Slow ML search on Process 2: Time 198.185573 seconds
Thorough ML search on Process 2: Time 98.679715 seconds

processID = 2, bestLH = -50163.482524

This is RAxML MPI Process Number: 3

Time for BS model parameter optimization on Process 3: 8.595311 seconds
Bootstrap[39]: Time 21.792188 seconds, bootstrap likelihood -47595.512752, best rearrangement setting 9
Bootstrap[40]: Time 13.263215 seconds, bootstrap likelihood -50290.102271, best rearrangement setting 14
Bootstrap[41]: Time 11.953341 seconds, bootstrap likelihood -47454.586514, best rearrangement setting 15
Bootstrap[42]: Time 12.612230 seconds, bootstrap likelihood -50273.568097, best rearrangement setting 10
Bootstrap[43]: Time 12.101895 seconds, bootstrap likelihood -48606.960837, best rearrangement setting 10
Bootstrap[44]: Time 12.932890 seconds, bootstrap likelihood -51561.177780, best rearrangement setting 13
Bootstrap[45]: Time 12.257156 seconds, bootstrap likelihood -50644.985957, best rearrangement setting 7
Bootstrap[46]: Time 12.972600 seconds, bootstrap likelihood -48163.254973, best rearrangement setting 10
Bootstrap[47]: Time 13.448113 seconds, bootstrap likelihood -47928.602755, best rearrangement setting 10
Bootstrap[48]: Time 13.292585 seconds, bootstrap likelihood -47643.028109, best rearrangement setting 12
Bootstrap[49]: Time 12.360023 seconds, bootstrap likelihood -49166.115896, best rearrangement setting 5
Bootstrap[50]: Time 12.672621 seconds, bootstrap likelihood -51844.748799, best rearrangement setting 9
Bootstrap[51]: Time 13.047400 seconds, bootstrap likelihood -49032.124266, best rearrangement setting 7
Fast ML search on Process 3: Time 280.716371 seconds

Slow ML Search 39 Likelihood: -50169.182806
Slow ML Search 40 Likelihood: -50168.686055
Slow ML search on Process 3: Time 254.550396 seconds
Thorough ML search on Process 3: Time 103.768794 seconds

processID = 3, bestLH = -50168.702085

This is RAxML MPI Process Number: 4

Time for BS model parameter optimization on Process 4: 8.605962 seconds
Bootstrap[52]: Time 23.791284 seconds, bootstrap likelihood -50124.680174, best rearrangement setting 8
Bootstrap[53]: Time 13.417526 seconds, bootstrap likelihood -50142.892228, best rearrangement setting 14
Bootstrap[54]: Time 13.178580 seconds, bootstrap likelihood -51133.131453, best rearrangement setting 5
Bootstrap[55]: Time 12.129224 seconds, bootstrap likelihood -51072.645746, best rearrangement setting 11
Bootstrap[56]: Time 13.221152 seconds, bootstrap likelihood -51454.875275, best rearrangement setting 6
Bootstrap[57]: Time 13.357959 seconds, bootstrap likelihood -50220.909222, best rearrangement setting 15
Bootstrap[58]: Time 12.383395 seconds, bootstrap likelihood -48337.168697, best rearrangement setting 11
Bootstrap[59]: Time 12.987244 seconds, bootstrap likelihood -49218.147036, best rearrangement setting 5
Bootstrap[60]: Time 12.383283 seconds, bootstrap likelihood -49405.797864, best rearrangement setting 12
Bootstrap[61]: Time 12.786402 seconds, bootstrap likelihood -49068.905367, best rearrangement setting 6
Bootstrap[62]: Time 12.575264 seconds, bootstrap likelihood -48572.827924, best rearrangement setting 7
Bootstrap[63]: Time 12.712217 seconds, bootstrap likelihood -52912.060288, best rearrangement setting 10
Bootstrap[64]: Time 13.648928 seconds, bootstrap likelihood -49428.137553, best rearrangement setting 13
Fast ML search on Process 4: Time 264.890672 seconds

Slow ML Search 52 Likelihood: -50166.660683
Slow ML Search 53 Likelihood: -50166.716590
Slow ML search on Process 4: Time 237.273667 seconds
Thorough ML search on Process 4: Time 102.582048 seconds

processID = 4, bestLH = -50166.678812

This is RAxML MPI Process Number: 0
IMPORTANT WARNING: Alignment column 849 contains only undetermined values which will be treated as missing data
IMPORTANT WARNING: Alignment column 867 contains only undetermined values which will be treated as missing data
IMPORTANT WARNING: Alignment column 896 contains only undetermined values which will be treated as missing data
IMPORTANT WARNING: Alignment column 3102 contains only undetermined values which will be treated as missing data
IMPORTANT WARNING: Alignment column 3136 contains only undetermined values which will be treated as missing data
IMPORTANT WARNING: Alignment column 3149 contains only undetermined values which will be treated as missing data

IMPORTANT WARNING
Found 6 columns that contain only undetermined values which will be treated as missing data.
Normally these columns should be excluded from the analysis.

Just in case you might need it, an alignment file with 
undetermined columns removed is printed to file 28s.phy.reduced


This is RAxML version 8.0.22 released by Alexandros Stamatakis on May 6 2014.

With greatly appreciated code contributions by:
Andre Aberer      (HITS)
Simon Berger      (HITS)
Alexey Kozlov     (HITS)
Nick Pattengale   (Sandia)
Wayne Pfeiffer    (SDSC)
Akifumi S. Tanabe (NRIFS)
David Dao         (KIT)
Charlie Taylor    (UF)


Alignment has 1855 distinct alignment patterns

Proportion of gaps and completely undetermined characters in this alignment: 14.49%

RAxML rapid bootstrapping and subsequent ML search

Using 1 distinct models/data partitions with joint branch length optimization



Executing 100 rapid bootstrap inferences and thereafter a thorough ML search 

All free model parameters will be estimated by RAxML
GAMMA model of rate heteorgeneity, ML estimate of alpha-parameter

GAMMA Model parameters will be estimated up to an accuracy of 0.1000000000 Log Likelihood units

Partition: 0
Alignment Patterns: 1855
Name: No Name Provided
DataType: DNA
Substitution Matrix: GTR




RAxML was called as follows:

/gpfs/runtime/opt/raxml/8.0.22/avx/bin/raxmlHPC-MPI -f a -x 12345 -p 12345 -N 100 -m GTRGAMMA -s 28s.phy -n 28s_boot100 



Time for BS model parameter optimization on Process 0: 8.586350 seconds
Bootstrap[0]: Time 21.470552 seconds, bootstrap likelihood -49013.920213, best rearrangement setting 13
Bootstrap[1]: Time 13.013162 seconds, bootstrap likelihood -49883.783446, best rearrangement setting 13
Bootstrap[2]: Time 12.194241 seconds, bootstrap likelihood -51949.546840, best rearrangement setting 12
Bootstrap[3]: Time 13.034619 seconds, bootstrap likelihood -50113.093125, best rearrangement setting 15
Bootstrap[4]: Time 12.116198 seconds, bootstrap likelihood -50615.496193, best rearrangement setting 10
Bootstrap[5]: Time 12.682257 seconds, bootstrap likelihood -48514.246659, best rearrangement setting 10
Bootstrap[6]: Time 11.730642 seconds, bootstrap likelihood -49170.979975, best rearrangement setting 6
Bootstrap[7]: Time 12.626805 seconds, bootstrap likelihood -48800.912237, best rearrangement setting 14
Bootstrap[8]: Time 11.610947 seconds, bootstrap likelihood -48692.948250, best rearrangement setting 5
Bootstrap[9]: Time 13.361761 seconds, bootstrap likelihood -47806.249273, best rearrangement setting 7
Bootstrap[10]: Time 12.384793 seconds, bootstrap likelihood -50284.227152, best rearrangement setting 7
Bootstrap[11]: Time 11.318465 seconds, bootstrap likelihood -51876.437844, best rearrangement setting 5
Bootstrap[12]: Time 12.926624 seconds, bootstrap likelihood -50344.002177, best rearrangement setting 8


Overall Time for 104 Rapid Bootstraps 189.339346 seconds
Average Time per Rapid Bootstrap 1.820571 seconds

Starting ML Search ...

Fast ML optimization finished

Fast ML search on Process 0: Time 265.767201 seconds

Slow ML Search 0 Likelihood: -50164.494288
Slow ML Search 1 Likelihood: -50165.213537
Slow ML optimization finished

Slow ML search on Process 0: Time 200.893414 seconds
Thorough ML search on Process 0: Time 100.964292 seconds

processID = 0, bestLH = -50164.494290

This is RAxML MPI Process Number: 5

Time for BS model parameter optimization on Process 5: 8.599370 seconds
Bootstrap[65]: Time 21.145849 seconds, bootstrap likelihood -49230.566984, best rearrangement setting 6
Bootstrap[66]: Time 13.531021 seconds, bootstrap likelihood -48255.635437, best rearrangement setting 15
Bootstrap[67]: Time 12.261733 seconds, bootstrap likelihood -47952.744332, best rearrangement setting 6
Bootstrap[68]: Time 13.860400 seconds, bootstrap likelihood -50607.210752, best rearrangement setting 13
Bootstrap[69]: Time 14.122199 seconds, bootstrap likelihood -49549.870285, best rearrangement setting 14
Bootstrap[70]: Time 11.860944 seconds, bootstrap likelihood -51168.302830, best rearrangement setting 5
Bootstrap[71]: Time 11.744868 seconds, bootstrap likelihood -48697.341523, best rearrangement setting 5
Bootstrap[72]: Time 12.353650 seconds, bootstrap likelihood -49806.271887, best rearrangement setting 11
Bootstrap[73]: Time 12.972178 seconds, bootstrap likelihood -50465.893825, best rearrangement setting 14
Bootstrap[74]: Time 13.964930 seconds, bootstrap likelihood -50060.883406, best rearrangement setting 11
Bootstrap[75]: Time 11.883583 seconds, bootstrap likelihood -50906.606534, best rearrangement setting 10
Bootstrap[76]: Time 13.140511 seconds, bootstrap likelihood -52056.088756, best rearrangement setting 11
Bootstrap[77]: Time 12.056143 seconds, bootstrap likelihood -48840.481125, best rearrangement setting 9
Fast ML search on Process 5: Time 271.124515 seconds

Slow ML Search 65 Likelihood: -50162.461782
Slow ML Search 66 Likelihood: -50166.389633
Slow ML search on Process 5: Time 199.437703 seconds
Thorough ML search on Process 5: Time 99.453364 seconds

processID = 5, bestLH = -50162.481955

This is RAxML MPI Process Number: 7

Time for BS model parameter optimization on Process 7: 10.380596 seconds
Bootstrap[91]: Time 26.504407 seconds, bootstrap likelihood -47812.971510, best rearrangement setting 15
Bootstrap[92]: Time 12.906326 seconds, bootstrap likelihood -47975.767919, best rearrangement setting 5
Bootstrap[93]: Time 13.978847 seconds, bootstrap likelihood -50429.675673, best rearrangement setting 8
Bootstrap[94]: Time 13.612319 seconds, bootstrap likelihood -49959.488034, best rearrangement setting 6
Bootstrap[95]: Time 12.789307 seconds, bootstrap likelihood -51355.645026, best rearrangement setting 6
Bootstrap[96]: Time 13.156472 seconds, bootstrap likelihood -51001.493450, best rearrangement setting 7
Bootstrap[97]: Time 15.017670 seconds, bootstrap likelihood -49518.679783, best rearrangement setting 13
Bootstrap[98]: Time 14.751753 seconds, bootstrap likelihood -49840.835351, best rearrangement setting 11
Bootstrap[99]: Time 13.423264 seconds, bootstrap likelihood -51908.559384, best rearrangement setting 6
Bootstrap[100]: Time 12.607312 seconds, bootstrap likelihood -48104.435546, best rearrangement setting 11
Bootstrap[101]: Time 12.995506 seconds, bootstrap likelihood -52776.278022, best rearrangement setting 5
Bootstrap[102]: Time 14.511206 seconds, bootstrap likelihood -49576.669034, best rearrangement setting 14
Bootstrap[103]: Time 12.946934 seconds, bootstrap likelihood -52848.942819, best rearrangement setting 12
Fast ML search on Process 7: Time 273.940304 seconds

Slow ML Search 91 Likelihood: -50162.482213
Slow ML Search 92 Likelihood: -50163.505026
Slow ML search on Process 7: Time 202.636781 seconds
Thorough ML search on Process 7: Time 108.867637 seconds

processID = 7, bestLH = -50162.482216

This is RAxML MPI Process Number: 6

Time for BS model parameter optimization on Process 6: 10.456352 seconds
Bootstrap[78]: Time 22.801742 seconds, bootstrap likelihood -52290.888215, best rearrangement setting 5
Bootstrap[79]: Time 15.882283 seconds, bootstrap likelihood -50014.183982, best rearrangement setting 15
Bootstrap[80]: Time 13.053509 seconds, bootstrap likelihood -51024.233953, best rearrangement setting 7
Bootstrap[81]: Time 14.055618 seconds, bootstrap likelihood -51543.749829, best rearrangement setting 15
Bootstrap[82]: Time 13.199973 seconds, bootstrap likelihood -49447.711828, best rearrangement setting 10
Bootstrap[83]: Time 14.065615 seconds, bootstrap likelihood -47926.693314, best rearrangement setting 6
Bootstrap[84]: Time 14.215631 seconds, bootstrap likelihood -51209.631773, best rearrangement setting 9
Bootstrap[85]: Time 13.468218 seconds, bootstrap likelihood -49797.149163, best rearrangement setting 5
Bootstrap[86]: Time 13.799963 seconds, bootstrap likelihood -50855.612468, best rearrangement setting 15
Bootstrap[87]: Time 13.593269 seconds, bootstrap likelihood -48869.632491, best rearrangement setting 6
Bootstrap[88]: Time 12.652466 seconds, bootstrap likelihood -47210.500311, best rearrangement setting 13
Bootstrap[89]: Time 13.466412 seconds, bootstrap likelihood -50304.573386, best rearrangement setting 13
Bootstrap[90]: Time 12.779983 seconds, bootstrap likelihood -49410.263868, best rearrangement setting 5
Fast ML search on Process 6: Time 362.461940 seconds

Slow ML Search 78 Likelihood: -50163.456367
Slow ML Search 79 Likelihood: -50165.657556
Slow ML search on Process 6: Time 277.763947 seconds
Thorough ML search on Process 6: Time 108.029203 seconds

processID = 6, bestLH = -50163.482922
