## SLURM PROLOG ###############################################################
##    Job ID : 12174665
##  Job Name : MyMPIJob
##  Nodelist : node412
##      CPUs : 8
##   Mem/CPU : 2800 MB
## Directory : /gpfs/scratch/guest382/hydroidolina
##   Started : Thu Mar 10 16:09:13 EST 2016
###############################################################################
module: loading 'raxml/8.0.22'

This is RAxML MPI Process Number: 0
IMPORTANT WARNING: Alignment column 3546 contains only undetermined values which will be treated as missing data
IMPORTANT WARNING: Alignment column 3564 contains only undetermined values which will be treated as missing data
IMPORTANT WARNING: Alignment column 3593 contains only undetermined values which will be treated as missing data
IMPORTANT WARNING: Alignment column 5801 contains only undetermined values which will be treated as missing data
IMPORTANT WARNING: Alignment column 5835 contains only undetermined values which will be treated as missing data
IMPORTANT WARNING: Alignment column 5848 contains only undetermined values which will be treated as missing data

IMPORTANT WARNING
Found 6 columns that contain only undetermined values which will be treated as missing data.
Normally these columns should be excluded from the analysis.

Just in case you might need it, an alignment file with 
undetermined columns removed is printed to file combined.phy.reduced


This is RAxML version 8.0.22 released by Alexandros Stamatakis on May 6 2014.

With greatly appreciated code contributions by:
Andre Aberer      (HITS)
Simon Berger      (HITS)
Alexey Kozlov     (HITS)
Nick Pattengale   (Sandia)
Wayne Pfeiffer    (SDSC)
Akifumi S. Tanabe (NRIFS)
David Dao         (KIT)
Charlie Taylor    (UF)


Alignment has 3245 distinct alignment patterns

Proportion of gaps and completely undetermined characters in this alignment: 20.74%

RAxML rapid bootstrapping and subsequent ML search

Using 1 distinct models/data partitions with joint branch length optimization



Executing 100 rapid bootstrap inferences and thereafter a thorough ML search 

All free model parameters will be estimated by RAxML
GAMMA model of rate heteorgeneity, ML estimate of alpha-parameter

GAMMA Model parameters will be estimated up to an accuracy of 0.1000000000 Log Likelihood units

Partition: 0
Alignment Patterns: 3245
Name: No Name Provided
DataType: DNA
Substitution Matrix: GTR




RAxML was called as follows:

/gpfs/runtime/opt/raxml/8.0.22/avx/bin/raxmlHPC-MPI -f a -x 12345 -p 12345 -N 100 -m GTRGAMMA -s combined.phy -n combined_boot100 



Time for BS model parameter optimization on Process 0: 19.089136 seconds
Bootstrap[0]: Time 44.253025 seconds, bootstrap likelihood -95452.434490, best rearrangement setting 13
Bootstrap[1]: Time 21.996803 seconds, bootstrap likelihood -97251.133237, best rearrangement setting 13
Bootstrap[2]: Time 21.426308 seconds, bootstrap likelihood -94595.359504, best rearrangement setting 12
Bootstrap[3]: Time 22.959177 seconds, bootstrap likelihood -95894.446910, best rearrangement setting 15
Bootstrap[4]: Time 20.946754 seconds, bootstrap likelihood -94065.108559, best rearrangement setting 10
Bootstrap[5]: Time 22.380782 seconds, bootstrap likelihood -94362.669935, best rearrangement setting 10
Bootstrap[6]: Time 20.636608 seconds, bootstrap likelihood -96432.628545, best rearrangement setting 6
Bootstrap[7]: Time 23.014888 seconds, bootstrap likelihood -92160.349248, best rearrangement setting 14
Bootstrap[8]: Time 21.691427 seconds, bootstrap likelihood -96902.455599, best rearrangement setting 5
Bootstrap[9]: Time 22.609432 seconds, bootstrap likelihood -90307.617002, best rearrangement setting 7
Bootstrap[10]: Time 24.263337 seconds, bootstrap likelihood -95026.737345, best rearrangement setting 7
Bootstrap[11]: Time 21.895394 seconds, bootstrap likelihood -95516.565410, best rearrangement setting 5
Bootstrap[12]: Time 23.365932 seconds, bootstrap likelihood -95627.722915, best rearrangement setting 8


Overall Time for 104 Rapid Bootstraps 317.157313 seconds
Average Time per Rapid Bootstrap 3.049590 seconds

Starting ML Search ...

Fast ML optimization finished

Fast ML search on Process 0: Time 418.317045 seconds

Slow ML Search 0 Likelihood: -95414.889402
Slow ML Search 1 Likelihood: -95413.313452
Slow ML optimization finished

Slow ML search on Process 0: Time 363.153357 seconds
Thorough ML search on Process 0: Time 200.187358 seconds

processID = 0, bestLH = -95413.332154

This is RAxML MPI Process Number: 5

Time for BS model parameter optimization on Process 5: 18.787234 seconds
Bootstrap[65]: Time 42.569311 seconds, bootstrap likelihood -93640.760506, best rearrangement setting 6
Bootstrap[66]: Time 24.450352 seconds, bootstrap likelihood -92560.885162, best rearrangement setting 15
Bootstrap[67]: Time 21.638657 seconds, bootstrap likelihood -96261.415512, best rearrangement setting 6
Bootstrap[68]: Time 22.686898 seconds, bootstrap likelihood -95474.182434, best rearrangement setting 13
Bootstrap[69]: Time 22.712817 seconds, bootstrap likelihood -97108.824761, best rearrangement setting 14
Bootstrap[70]: Time 20.366266 seconds, bootstrap likelihood -98028.042911, best rearrangement setting 5
Bootstrap[71]: Time 20.750260 seconds, bootstrap likelihood -96131.073276, best rearrangement setting 5
Bootstrap[72]: Time 22.538565 seconds, bootstrap likelihood -92047.358451, best rearrangement setting 11
Bootstrap[73]: Time 21.401281 seconds, bootstrap likelihood -99339.494673, best rearrangement setting 14
Bootstrap[74]: Time 20.359977 seconds, bootstrap likelihood -94068.435099, best rearrangement setting 11
Bootstrap[75]: Time 21.968765 seconds, bootstrap likelihood -91581.568941, best rearrangement setting 10
Bootstrap[76]: Time 22.148857 seconds, bootstrap likelihood -93450.931952, best rearrangement setting 11
Bootstrap[77]: Time 20.563436 seconds, bootstrap likelihood -97577.153193, best rearrangement setting 9
Fast ML search on Process 5: Time 606.568255 seconds

Slow ML Search 65 Likelihood: -95416.998158
Slow ML Search 66 Likelihood: -95414.164376
Slow ML search on Process 5: Time 386.334683 seconds
Thorough ML search on Process 5: Time 191.710389 seconds

processID = 5, bestLH = -95414.094503

This is RAxML MPI Process Number: 1

Time for BS model parameter optimization on Process 1: 20.651091 seconds
Bootstrap[13]: Time 45.090966 seconds, bootstrap likelihood -96998.365997, best rearrangement setting 12
Bootstrap[14]: Time 21.829149 seconds, bootstrap likelihood -92296.501774, best rearrangement setting 13
Bootstrap[15]: Time 23.387687 seconds, bootstrap likelihood -97278.285250, best rearrangement setting 13
Bootstrap[16]: Time 20.668465 seconds, bootstrap likelihood -92965.918662, best rearrangement setting 6
Bootstrap[17]: Time 21.211103 seconds, bootstrap likelihood -97261.118670, best rearrangement setting 7
Bootstrap[18]: Time 23.121633 seconds, bootstrap likelihood -94871.651747, best rearrangement setting 11
Bootstrap[19]: Time 22.138736 seconds, bootstrap likelihood -96597.905226, best rearrangement setting 10
Bootstrap[20]: Time 22.103530 seconds, bootstrap likelihood -94108.799479, best rearrangement setting 9
Bootstrap[21]: Time 21.671595 seconds, bootstrap likelihood -94686.166137, best rearrangement setting 7
Bootstrap[22]: Time 22.394873 seconds, bootstrap likelihood -95794.631174, best rearrangement setting 12
Bootstrap[23]: Time 24.395186 seconds, bootstrap likelihood -93657.177848, best rearrangement setting 10
Bootstrap[24]: Time 22.590672 seconds, bootstrap likelihood -96913.282604, best rearrangement setting 6
Bootstrap[25]: Time 22.065489 seconds, bootstrap likelihood -94465.840547, best rearrangement setting 15
Fast ML search on Process 1: Time 574.500876 seconds

Slow ML Search 13 Likelihood: -95413.070437
Slow ML Search 14 Likelihood: -95418.839069
Slow ML search on Process 1: Time 337.467371 seconds
Thorough ML search on Process 1: Time 195.257265 seconds

processID = 1, bestLH = -95413.070428

This is RAxML MPI Process Number: 2

Time for BS model parameter optimization on Process 2: 18.956148 seconds
Bootstrap[26]: Time 42.679178 seconds, bootstrap likelihood -95811.888332, best rearrangement setting 10
Bootstrap[27]: Time 20.859407 seconds, bootstrap likelihood -94825.389109, best rearrangement setting 13
Bootstrap[28]: Time 22.558951 seconds, bootstrap likelihood -98942.130965, best rearrangement setting 14
Bootstrap[29]: Time 24.294383 seconds, bootstrap likelihood -97107.658024, best rearrangement setting 8
Bootstrap[30]: Time 21.605209 seconds, bootstrap likelihood -95978.443985, best rearrangement setting 14
Bootstrap[31]: Time 21.728948 seconds, bootstrap likelihood -94612.345233, best rearrangement setting 12
Bootstrap[32]: Time 22.853678 seconds, bootstrap likelihood -96313.160600, best rearrangement setting 14
Bootstrap[33]: Time 23.818213 seconds, bootstrap likelihood -94447.640858, best rearrangement setting 15
Bootstrap[34]: Time 22.926894 seconds, bootstrap likelihood -96437.229603, best rearrangement setting 9
Bootstrap[35]: Time 21.934660 seconds, bootstrap likelihood -95148.855130, best rearrangement setting 6
Bootstrap[36]: Time 21.709120 seconds, bootstrap likelihood -94553.636116, best rearrangement setting 13
Bootstrap[37]: Time 21.055352 seconds, bootstrap likelihood -93142.206727, best rearrangement setting 7
Bootstrap[38]: Time 23.167709 seconds, bootstrap likelihood -98403.665772, best rearrangement setting 11
Fast ML search on Process 2: Time 446.012668 seconds

Slow ML Search 26 Likelihood: -95416.171248
Slow ML Search 27 Likelihood: -95417.692174
Slow ML search on Process 2: Time 329.449524 seconds
Thorough ML search on Process 2: Time 200.893533 seconds

processID = 2, bestLH = -95416.171247

This is RAxML MPI Process Number: 7

Time for BS model parameter optimization on Process 7: 18.944605 seconds
Bootstrap[91]: Time 42.583898 seconds, bootstrap likelihood -91900.287175, best rearrangement setting 15
Bootstrap[92]: Time 20.024212 seconds, bootstrap likelihood -94859.719391, best rearrangement setting 5
Bootstrap[93]: Time 21.549694 seconds, bootstrap likelihood -96765.120714, best rearrangement setting 8
Bootstrap[94]: Time 22.301127 seconds, bootstrap likelihood -93519.060890, best rearrangement setting 6
Bootstrap[95]: Time 20.433569 seconds, bootstrap likelihood -94216.868409, best rearrangement setting 6
Bootstrap[96]: Time 21.432985 seconds, bootstrap likelihood -95535.361973, best rearrangement setting 7
Bootstrap[97]: Time 20.213269 seconds, bootstrap likelihood -94332.366436, best rearrangement setting 13
Bootstrap[98]: Time 22.397227 seconds, bootstrap likelihood -95952.373672, best rearrangement setting 11
Bootstrap[99]: Time 20.106604 seconds, bootstrap likelihood -97841.653561, best rearrangement setting 6
Bootstrap[100]: Time 22.284849 seconds, bootstrap likelihood -95916.211955, best rearrangement setting 11
Bootstrap[101]: Time 21.998465 seconds, bootstrap likelihood -93030.978998, best rearrangement setting 5
Bootstrap[102]: Time 20.190636 seconds, bootstrap likelihood -93379.204174, best rearrangement setting 14
Bootstrap[103]: Time 21.378907 seconds, bootstrap likelihood -92474.783062, best rearrangement setting 12
Fast ML search on Process 7: Time 530.298474 seconds

Slow ML Search 91 Likelihood: -95415.760446
Slow ML Search 92 Likelihood: -95412.221717
Slow ML search on Process 7: Time 352.418955 seconds
Thorough ML search on Process 7: Time 194.353117 seconds

processID = 7, bestLH = -95412.100521

Final ML Optimization Likelihood: -95412.100521

Model Information:

Model Parameters of Partition 0, Name: No Name Provided, Type of Data: DNA
alpha: 0.260111
Tree-Length: 8.588258
rate A <-> C: 0.815476
rate A <-> G: 2.556305
rate A <-> T: 1.929167
rate C <-> G: 0.881816
rate C <-> T: 5.241357
rate G <-> T: 1.000000

freq pi(A): 0.277945
freq pi(C): 0.195911
freq pi(G): 0.264600
freq pi(T): 0.261544


ML search took 1184.628035 secs or 0.329063 hours

Combined Bootstrap and ML search took 1501.785859 secs or 0.417163 hours

Drawing Bootstrap Support Values on best-scoring ML tree ...



Found 1 tree in File /gpfs/scratch/guest382/hydroidolina/RAxML_bestTree.combined_boot100



Found 1 tree in File /gpfs/scratch/guest382/hydroidolina/RAxML_bestTree.combined_boot100

Program execution info written to /gpfs/scratch/guest382/hydroidolina/RAxML_info.combined_boot100
All 104 bootstrapped trees written to: /gpfs/scratch/guest382/hydroidolina/RAxML_bootstrap.combined_boot100

Best-scoring ML tree written to: /gpfs/scratch/guest382/hydroidolina/RAxML_bestTree.combined_boot100

Best-scoring ML tree with support values written to: /gpfs/scratch/guest382/hydroidolina/RAxML_bipartitions.combined_boot100

Best-scoring ML tree with support values as branch labels written to: /gpfs/scratch/guest382/hydroidolina/RAxML_bipartitionsBranchLabels.combined_boot100

Overall execution time for full ML analysis: 1504.032447 secs or 0.417787 hours or 0.017408 days


This is RAxML MPI Process Number: 6

Time for BS model parameter optimization on Process 6: 20.543425 seconds
Bootstrap[78]: Time 43.023716 seconds, bootstrap likelihood -97691.533326, best rearrangement setting 5
Bootstrap[79]: Time 23.130053 seconds, bootstrap likelihood -95867.261247, best rearrangement setting 15
Bootstrap[80]: Time 22.866017 seconds, bootstrap likelihood -93224.301709, best rearrangement setting 7
Bootstrap[81]: Time 21.287433 seconds, bootstrap likelihood -91076.340978, best rearrangement setting 15
Bootstrap[82]: Time 21.772550 seconds, bootstrap likelihood -92423.804414, best rearrangement setting 10
Bootstrap[83]: Time 20.242439 seconds, bootstrap likelihood -94275.333765, best rearrangement setting 6
Bootstrap[84]: Time 22.422091 seconds, bootstrap likelihood -95072.970384, best rearrangement setting 9
Bootstrap[85]: Time 21.494955 seconds, bootstrap likelihood -95910.795217, best rearrangement setting 5
Bootstrap[86]: Time 23.451927 seconds, bootstrap likelihood -94349.256699, best rearrangement setting 15
Bootstrap[87]: Time 22.251587 seconds, bootstrap likelihood -94304.149091, best rearrangement setting 6
Bootstrap[88]: Time 22.065014 seconds, bootstrap likelihood -96324.468845, best rearrangement setting 13
Bootstrap[89]: Time 25.048517 seconds, bootstrap likelihood -97842.115349, best rearrangement setting 13
Bootstrap[90]: Time 22.102982 seconds, bootstrap likelihood -94449.216374, best rearrangement setting 5
Fast ML search on Process 6: Time 477.270456 seconds

Slow ML Search 78 Likelihood: -95417.379650
Slow ML Search 79 Likelihood: -95420.476331
Slow ML search on Process 6: Time 332.381689 seconds
Thorough ML search on Process 6: Time 194.332892 seconds

processID = 6, bestLH = -95417.379641

This is RAxML MPI Process Number: 3

Time for BS model parameter optimization on Process 3: 21.117726 seconds
Bootstrap[39]: Time 46.303985 seconds, bootstrap likelihood -96703.984115, best rearrangement setting 9
Bootstrap[40]: Time 22.823545 seconds, bootstrap likelihood -94212.121602, best rearrangement setting 14
Bootstrap[41]: Time 22.283976 seconds, bootstrap likelihood -93880.153919, best rearrangement setting 15
Bootstrap[42]: Time 22.945472 seconds, bootstrap likelihood -94523.360914, best rearrangement setting 10
Bootstrap[43]: Time 20.654966 seconds, bootstrap likelihood -90877.006932, best rearrangement setting 10
Bootstrap[44]: Time 23.403310 seconds, bootstrap likelihood -92181.721326, best rearrangement setting 13
Bootstrap[45]: Time 23.137211 seconds, bootstrap likelihood -96704.465514, best rearrangement setting 7
Bootstrap[46]: Time 21.306782 seconds, bootstrap likelihood -97565.346011, best rearrangement setting 10
Bootstrap[47]: Time 20.767537 seconds, bootstrap likelihood -93307.664784, best rearrangement setting 10
Bootstrap[48]: Time 24.547116 seconds, bootstrap likelihood -94877.887759, best rearrangement setting 12
Bootstrap[49]: Time 21.727435 seconds, bootstrap likelihood -96146.028482, best rearrangement setting 5
Bootstrap[50]: Time 23.344182 seconds, bootstrap likelihood -99177.626870, best rearrangement setting 9
Bootstrap[51]: Time 21.812422 seconds, bootstrap likelihood -95445.437432, best rearrangement setting 7
Fast ML search on Process 3: Time 404.349249 seconds

Slow ML Search 39 Likelihood: -95417.047092
Slow ML Search 40 Likelihood: -95416.159680
Slow ML search on Process 3: Time 365.071383 seconds
Thorough ML search on Process 3: Time 199.949569 seconds

processID = 3, bestLH = -95416.148810

This is RAxML MPI Process Number: 4

Time for BS model parameter optimization on Process 4: 19.373119 seconds
Bootstrap[52]: Time 45.218672 seconds, bootstrap likelihood -93415.772159, best rearrangement setting 8
Bootstrap[53]: Time 22.205245 seconds, bootstrap likelihood -95300.479093, best rearrangement setting 14
Bootstrap[54]: Time 22.561123 seconds, bootstrap likelihood -96604.070361, best rearrangement setting 5
Bootstrap[55]: Time 22.874390 seconds, bootstrap likelihood -94583.179288, best rearrangement setting 11
Bootstrap[56]: Time 21.353582 seconds, bootstrap likelihood -97263.563211, best rearrangement setting 6
Bootstrap[57]: Time 23.595531 seconds, bootstrap likelihood -97560.669076, best rearrangement setting 15
Bootstrap[58]: Time 20.207423 seconds, bootstrap likelihood -95042.046358, best rearrangement setting 11
Bootstrap[59]: Time 20.084937 seconds, bootstrap likelihood -93334.959856, best rearrangement setting 5
Bootstrap[60]: Time 21.406816 seconds, bootstrap likelihood -97068.147400, best rearrangement setting 12
Bootstrap[61]: Time 21.136005 seconds, bootstrap likelihood -96228.419270, best rearrangement setting 6
Bootstrap[62]: Time 21.512433 seconds, bootstrap likelihood -92624.877491, best rearrangement setting 7
Bootstrap[63]: Time 21.517625 seconds, bootstrap likelihood -95381.387930, best rearrangement setting 10
Bootstrap[64]: Time 20.917289 seconds, bootstrap likelihood -92942.512308, best rearrangement setting 13
Fast ML search on Process 4: Time 465.308301 seconds

Slow ML Search 52 Likelihood: -95413.358835
Slow ML Search 53 Likelihood: -95415.867863
Slow ML search on Process 4: Time 326.110624 seconds
Thorough ML search on Process 4: Time 195.510601 seconds

processID = 4, bestLH = -95413.358834

This is RAxML MPI Process Number: 3

Time for BS model parameter optimization on Process 3: 3.318952 seconds
Bootstrap[39]: Time 7.566837 seconds, bootstrap likelihood -24266.690502, best rearrangement setting 9
Bootstrap[40]: Time 4.711727 seconds, bootstrap likelihood -23525.849431, best rearrangement setting 14
Bootstrap[41]: Time 5.020121 seconds, bootstrap likelihood -23863.915932, best rearrangement setting 15
Bootstrap[42]: Time 4.193182 seconds, bootstrap likelihood -23162.532488, best rearrangement setting 10
Bootstrap[43]: Time 3.998777 seconds, bootstrap likelihood -23722.484113, best rearrangement setting 10
Bootstrap[44]: Time 3.951819 seconds, bootstrap likelihood -22704.464478, best rearrangement setting 13
Bootstrap[45]: Time 3.744228 seconds, bootstrap likelihood -23427.148652, best rearrangement setting 7
Bootstrap[46]: Time 4.019030 seconds, bootstrap likelihood -23106.373785, best rearrangement setting 10
Bootstrap[47]: Time 4.741991 seconds, bootstrap likelihood -23507.437543, best rearrangement setting 10
Bootstrap[48]: Time 3.996176 seconds, bootstrap likelihood -22929.925890, best rearrangement setting 12
Bootstrap[49]: Time 3.605722 seconds, bootstrap likelihood -23381.917451, best rearrangement setting 5
Bootstrap[50]: Time 3.788133 seconds, bootstrap likelihood -23156.765239, best rearrangement setting 9
Bootstrap[51]: Time 3.630865 seconds, bootstrap likelihood -24801.003665, best rearrangement setting 7
Fast ML search on Process 3: Time 104.600696 seconds

Slow ML Search 39 Likelihood: -23553.669097
Slow ML Search 40 Likelihood: -23554.254970
Slow ML search on Process 3: Time 101.415477 seconds
Thorough ML search on Process 3: Time 32.806600 seconds

processID = 3, bestLH = -23553.661725

This is RAxML MPI Process Number: 2

Time for BS model parameter optimization on Process 2: 3.154900 seconds
Bootstrap[26]: Time 7.855981 seconds, bootstrap likelihood -22842.561999, best rearrangement setting 10
Bootstrap[27]: Time 5.121926 seconds, bootstrap likelihood -23064.449115, best rearrangement setting 13
Bootstrap[28]: Time 4.516038 seconds, bootstrap likelihood -22503.567173, best rearrangement setting 14
Bootstrap[29]: Time 4.274831 seconds, bootstrap likelihood -21965.462623, best rearrangement setting 8
Bootstrap[30]: Time 4.107719 seconds, bootstrap likelihood -22667.912033, best rearrangement setting 14
Bootstrap[31]: Time 4.023210 seconds, bootstrap likelihood -24321.144392, best rearrangement setting 12
Bootstrap[32]: Time 3.889036 seconds, bootstrap likelihood -21666.339916, best rearrangement setting 14
Bootstrap[33]: Time 3.632102 seconds, bootstrap likelihood -23649.666235, best rearrangement setting 15
Bootstrap[34]: Time 3.683272 seconds, bootstrap likelihood -24337.580070, best rearrangement setting 9
Bootstrap[35]: Time 3.885086 seconds, bootstrap likelihood -23122.824079, best rearrangement setting 6
Bootstrap[36]: Time 4.433785 seconds, bootstrap likelihood -24636.467916, best rearrangement setting 13
Bootstrap[37]: Time 3.791617 seconds, bootstrap likelihood -23283.571919, best rearrangement setting 7
Bootstrap[38]: Time 4.169884 seconds, bootstrap likelihood -23930.895578, best rearrangement setting 11
Fast ML search on Process 2: Time 215.733937 seconds

Slow ML Search 26 Likelihood: -23553.423067
Slow ML Search 27 Likelihood: -23553.496920
Slow ML search on Process 2: Time 72.738312 seconds
Thorough ML search on Process 2: Time 32.764749 seconds

processID = 2, bestLH = -23553.423068

Final ML Optimization Likelihood: -23553.423068

Model Information:

Model Parameters of Partition 0, Name: No Name Provided, Type of Data: DNA
alpha: 0.481497
Tree-Length: 27.627629
rate A <-> C: 1.882128
rate A <-> G: 6.400933
rate A <-> T: 4.060151
rate C <-> G: 0.779172
rate C <-> T: 11.625040
rate G <-> T: 1.000000

freq pi(A): 0.396766
freq pi(C): 0.124415
freq pi(G): 0.157225
freq pi(T): 0.321594


ML search took 321.241581 secs or 0.089234 hours

Combined Bootstrap and ML search took 383.383177 secs or 0.106495 hours

Drawing Bootstrap Support Values on best-scoring ML tree ...



Found 1 tree in File /gpfs/scratch/guest382/hydroidolina/RAxML_bestTree.16s_boot100



Found 1 tree in File /gpfs/scratch/guest382/hydroidolina/RAxML_bestTree.16s_boot100

Program execution info written to /gpfs/scratch/guest382/hydroidolina/RAxML_info.16s_boot100
All 104 bootstrapped trees written to: /gpfs/scratch/guest382/hydroidolina/RAxML_bootstrap.16s_boot100

Best-scoring ML tree written to: /gpfs/scratch/guest382/hydroidolina/RAxML_bestTree.16s_boot100

Best-scoring ML tree with support values written to: /gpfs/scratch/guest382/hydroidolina/RAxML_bipartitions.16s_boot100

Best-scoring ML tree with support values as branch labels written to: /gpfs/scratch/guest382/hydroidolina/RAxML_bipartitionsBranchLabels.16s_boot100

Overall execution time for full ML analysis: 383.546121 secs or 0.106541 hours or 0.004439 days


This is RAxML MPI Process Number: 0


This is RAxML version 8.0.22 released by Alexandros Stamatakis on May 6 2014.

With greatly appreciated code contributions by:
Andre Aberer      (HITS)
Simon Berger      (HITS)
Alexey Kozlov     (HITS)
Nick Pattengale   (Sandia)
Wayne Pfeiffer    (SDSC)
Akifumi S. Tanabe (NRIFS)
David Dao         (KIT)
Charlie Taylor    (UF)


Alignment has 654 distinct alignment patterns

Proportion of gaps and completely undetermined characters in this alignment: 23.32%

RAxML rapid bootstrapping and subsequent ML search

Using 1 distinct models/data partitions with joint branch length optimization



Executing 100 rapid bootstrap inferences and thereafter a thorough ML search 

All free model parameters will be estimated by RAxML
GAMMA model of rate heteorgeneity, ML estimate of alpha-parameter

GAMMA Model parameters will be estimated up to an accuracy of 0.1000000000 Log Likelihood units

Partition: 0
Alignment Patterns: 654
Name: No Name Provided
DataType: DNA
Substitution Matrix: GTR




RAxML was called as follows:

/gpfs/runtime/opt/raxml/8.0.22/avx/bin/raxmlHPC-MPI -f a -x 12345 -p 12345 -N 100 -m GTRGAMMA -s 16s.phy -n 16s_boot100 



Time for BS model parameter optimization on Process 0: 3.422147 seconds
Bootstrap[0]: Time 8.170975 seconds, bootstrap likelihood -23513.475903, best rearrangement setting 13
Bootstrap[1]: Time 4.172130 seconds, bootstrap likelihood -23306.136905, best rearrangement setting 13
Bootstrap[2]: Time 4.549780 seconds, bootstrap likelihood -23807.600396, best rearrangement setting 12
Bootstrap[3]: Time 4.996542 seconds, bootstrap likelihood -24583.175469, best rearrangement setting 15
Bootstrap[4]: Time 3.855200 seconds, bootstrap likelihood -22632.921510, best rearrangement setting 10
Bootstrap[5]: Time 4.326518 seconds, bootstrap likelihood -24099.586215, best rearrangement setting 10
Bootstrap[6]: Time 3.635366 seconds, bootstrap likelihood -23619.951328, best rearrangement setting 6
Bootstrap[7]: Time 4.024983 seconds, bootstrap likelihood -23486.681816, best rearrangement setting 14
Bootstrap[8]: Time 4.100078 seconds, bootstrap likelihood -23049.428849, best rearrangement setting 5
Bootstrap[9]: Time 4.442894 seconds, bootstrap likelihood -24626.367588, best rearrangement setting 7
Bootstrap[10]: Time 3.810442 seconds, bootstrap likelihood -22125.113824, best rearrangement setting 7
Bootstrap[11]: Time 3.759299 seconds, bootstrap likelihood -25198.036036, best rearrangement setting 5
Bootstrap[12]: Time 3.614165 seconds, bootstrap likelihood -21944.604339, best rearrangement setting 8


Overall Time for 104 Rapid Bootstraps 62.141681 seconds
Average Time per Rapid Bootstrap 0.597516 seconds

Starting ML Search ...

Fast ML optimization finished

Fast ML search on Process 0: Time 101.571961 seconds

Slow ML Search 0 Likelihood: -23553.669874
Slow ML Search 1 Likelihood: -23556.004357
Slow ML optimization finished

Slow ML search on Process 0: Time 107.220185 seconds
Thorough ML search on Process 0: Time 32.447924 seconds

processID = 0, bestLH = -23553.662499

This is RAxML MPI Process Number: 1

Time for BS model parameter optimization on Process 1: 3.450579 seconds
Bootstrap[13]: Time 7.846717 seconds, bootstrap likelihood -24891.217611, best rearrangement setting 12
Bootstrap[14]: Time 4.578264 seconds, bootstrap likelihood -24008.250811, best rearrangement setting 13
Bootstrap[15]: Time 4.352323 seconds, bootstrap likelihood -23008.986565, best rearrangement setting 13
Bootstrap[16]: Time 3.457335 seconds, bootstrap likelihood -21984.614638, best rearrangement setting 6
Bootstrap[17]: Time 4.190318 seconds, bootstrap likelihood -22787.543513, best rearrangement setting 7
Bootstrap[18]: Time 3.852158 seconds, bootstrap likelihood -23770.973602, best rearrangement setting 11
Bootstrap[19]: Time 4.043093 seconds, bootstrap likelihood -23763.296512, best rearrangement setting 10
Bootstrap[20]: Time 4.057116 seconds, bootstrap likelihood -22833.387244, best rearrangement setting 9
Bootstrap[21]: Time 4.379351 seconds, bootstrap likelihood -21379.017707, best rearrangement setting 7
Bootstrap[22]: Time 4.257367 seconds, bootstrap likelihood -24198.353544, best rearrangement setting 12
Bootstrap[23]: Time 3.973332 seconds, bootstrap likelihood -22266.267287, best rearrangement setting 10
Bootstrap[24]: Time 3.925758 seconds, bootstrap likelihood -23767.154736, best rearrangement setting 6
Bootstrap[25]: Time 5.335696 seconds, bootstrap likelihood -23924.291362, best rearrangement setting 15
Fast ML search on Process 1: Time 141.763881 seconds

Slow ML Search 13 Likelihood: -23553.770942
Slow ML Search 14 Likelihood: -23553.802227
Slow ML search on Process 1: Time 97.961751 seconds
Thorough ML search on Process 1: Time 32.174925 seconds

processID = 1, bestLH = -23553.770944

This is RAxML MPI Process Number: 5

Time for BS model parameter optimization on Process 5: 3.455283 seconds
Bootstrap[65]: Time 7.565425 seconds, bootstrap likelihood -24189.863238, best rearrangement setting 6
Bootstrap[66]: Time 5.208882 seconds, bootstrap likelihood -22665.161225, best rearrangement setting 15
Bootstrap[67]: Time 4.407566 seconds, bootstrap likelihood -23516.125404, best rearrangement setting 6
Bootstrap[68]: Time 5.243950 seconds, bootstrap likelihood -23630.244289, best rearrangement setting 13
Bootstrap[69]: Time 4.594474 seconds, bootstrap likelihood -23470.709684, best rearrangement setting 14
Bootstrap[70]: Time 3.762949 seconds, bootstrap likelihood -24269.663616, best rearrangement setting 5
Bootstrap[71]: Time 3.739754 seconds, bootstrap likelihood -22280.928764, best rearrangement setting 5
Bootstrap[72]: Time 4.244547 seconds, bootstrap likelihood -21900.725003, best rearrangement setting 11
Bootstrap[73]: Time 4.385248 seconds, bootstrap likelihood -24681.433511, best rearrangement setting 14
Bootstrap[74]: Time 5.608262 seconds, bootstrap likelihood -22760.159397, best rearrangement setting 11
Bootstrap[75]: Time 4.465336 seconds, bootstrap likelihood -24082.530487, best rearrangement setting 10
Bootstrap[76]: Time 4.478304 seconds, bootstrap likelihood -23545.508983, best rearrangement setting 11
Bootstrap[77]: Time 4.084970 seconds, bootstrap likelihood -23494.822536, best rearrangement setting 9
Fast ML search on Process 5: Time 122.900097 seconds

Slow ML Search 65 Likelihood: -23553.779020
Slow ML Search 66 Likelihood: -23554.853215
Slow ML search on Process 5: Time 72.542181 seconds
Thorough ML search on Process 5: Time 32.299527 seconds

processID = 5, bestLH = -23553.770187

This is RAxML MPI Process Number: 6

Time for BS model parameter optimization on Process 6: 3.140089 seconds
Bootstrap[78]: Time 7.271328 seconds, bootstrap likelihood -22671.144174, best rearrangement setting 5
Bootstrap[79]: Time 4.486027 seconds, bootstrap likelihood -23918.109512, best rearrangement setting 15
Bootstrap[80]: Time 5.525259 seconds, bootstrap likelihood -22754.235565, best rearrangement setting 7
Bootstrap[81]: Time 6.244693 seconds, bootstrap likelihood -24212.413803, best rearrangement setting 15
Bootstrap[82]: Time 5.990338 seconds, bootstrap likelihood -23466.620743, best rearrangement setting 10
Bootstrap[83]: Time 3.623211 seconds, bootstrap likelihood -24105.488556, best rearrangement setting 6
Bootstrap[84]: Time 3.457107 seconds, bootstrap likelihood -22246.866408, best rearrangement setting 9
Bootstrap[85]: Time 3.871859 seconds, bootstrap likelihood -23678.801663, best rearrangement setting 5
Bootstrap[86]: Time 4.657998 seconds, bootstrap likelihood -24703.697914, best rearrangement setting 15
Bootstrap[87]: Time 3.743009 seconds, bootstrap likelihood -22805.544038, best rearrangement setting 6
Bootstrap[88]: Time 4.629100 seconds, bootstrap likelihood -23713.512366, best rearrangement setting 13
Bootstrap[89]: Time 5.430180 seconds, bootstrap likelihood -21380.597439, best rearrangement setting 13
Bootstrap[90]: Time 3.163997 seconds, bootstrap likelihood -24575.657657, best rearrangement setting 5
Fast ML search on Process 6: Time 102.825547 seconds

Slow ML Search 78 Likelihood: -23553.766385
Slow ML Search 79 Likelihood: -23555.831113
Slow ML search on Process 6: Time 95.527092 seconds
Thorough ML search on Process 6: Time 32.468534 seconds

processID = 6, bestLH = -23553.741043

This is RAxML MPI Process Number: 4

Time for BS model parameter optimization on Process 4: 3.152017 seconds
Bootstrap[52]: Time 7.812187 seconds, bootstrap likelihood -22858.864511, best rearrangement setting 8
Bootstrap[53]: Time 4.398988 seconds, bootstrap likelihood -22203.078475, best rearrangement setting 14
Bootstrap[54]: Time 3.938516 seconds, bootstrap likelihood -23530.217274, best rearrangement setting 5
Bootstrap[55]: Time 4.842601 seconds, bootstrap likelihood -23578.664890, best rearrangement setting 11
Bootstrap[56]: Time 3.594883 seconds, bootstrap likelihood -24011.646378, best rearrangement setting 6
Bootstrap[57]: Time 4.941181 seconds, bootstrap likelihood -23703.611306, best rearrangement setting 15
Bootstrap[58]: Time 4.494265 seconds, bootstrap likelihood -23815.155368, best rearrangement setting 11
Bootstrap[59]: Time 4.045024 seconds, bootstrap likelihood -22401.654925, best rearrangement setting 5
Bootstrap[60]: Time 4.481168 seconds, bootstrap likelihood -24085.973529, best rearrangement setting 12
Bootstrap[61]: Time 3.333504 seconds, bootstrap likelihood -22589.869983, best rearrangement setting 6
Bootstrap[62]: Time 3.991285 seconds, bootstrap likelihood -22738.862751, best rearrangement setting 7
Bootstrap[63]: Time 3.746902 seconds, bootstrap likelihood -22874.418987, best rearrangement setting 10
Bootstrap[64]: Time 4.939095 seconds, bootstrap likelihood -22695.348841, best rearrangement setting 13
Fast ML search on Process 4: Time 119.104794 seconds

Slow ML Search 52 Likelihood: -23553.835648
Slow ML Search 53 Likelihood: -23557.032064
Slow ML search on Process 4: Time 103.859126 seconds
Thorough ML search on Process 4: Time 34.101702 seconds

processID = 4, bestLH = -23553.891170

This is RAxML MPI Process Number: 7

Time for BS model parameter optimization on Process 7: 3.177877 seconds
Bootstrap[91]: Time 8.380491 seconds, bootstrap likelihood -24209.963980, best rearrangement setting 15
Bootstrap[92]: Time 3.469080 seconds, bootstrap likelihood -24660.315502, best rearrangement setting 5
Bootstrap[93]: Time 4.129126 seconds, bootstrap likelihood -22909.240027, best rearrangement setting 8
Bootstrap[94]: Time 3.520514 seconds, bootstrap likelihood -23664.345616, best rearrangement setting 6
Bootstrap[95]: Time 4.238071 seconds, bootstrap likelihood -24950.907981, best rearrangement setting 6
Bootstrap[96]: Time 3.832050 seconds, bootstrap likelihood -24374.975596, best rearrangement setting 7
Bootstrap[97]: Time 4.363892 seconds, bootstrap likelihood -22630.258859, best rearrangement setting 13
Bootstrap[98]: Time 4.150434 seconds, bootstrap likelihood -22807.227970, best rearrangement setting 11
Bootstrap[99]: Time 3.585510 seconds, bootstrap likelihood -22994.181809, best rearrangement setting 6
Bootstrap[100]: Time 4.001048 seconds, bootstrap likelihood -22198.117965, best rearrangement setting 11
Bootstrap[101]: Time 3.621573 seconds, bootstrap likelihood -23554.795183, best rearrangement setting 5
Bootstrap[102]: Time 4.687024 seconds, bootstrap likelihood -24805.340979, best rearrangement setting 14
Bootstrap[103]: Time 4.278545 seconds, bootstrap likelihood -22539.399063, best rearrangement setting 12
Fast ML search on Process 7: Time 116.670890 seconds

Slow ML Search 91 Likelihood: -23553.779841
Slow ML Search 92 Likelihood: -23556.154639
Slow ML search on Process 7: Time 102.539862 seconds
Thorough ML search on Process 7: Time 32.142422 seconds

processID = 7, bestLH = -23553.771084

This is RAxML MPI Process Number: 0


This is RAxML version 8.0.22 released by Alexandros Stamatakis on May 6 2014.

With greatly appreciated code contributions by:
Andre Aberer      (HITS)
Simon Berger      (HITS)
Alexey Kozlov     (HITS)
Nick Pattengale   (Sandia)
Wayne Pfeiffer    (SDSC)
Akifumi S. Tanabe (NRIFS)
David Dao         (KIT)
Charlie Taylor    (UF)


Alignment has 760 distinct alignment patterns

Proportion of gaps and completely undetermined characters in this alignment: 10.72%

RAxML rapid bootstrapping and subsequent ML search

Using 1 distinct models/data partitions with joint branch length optimization



Executing 100 rapid bootstrap inferences and thereafter a thorough ML search 

All free model parameters will be estimated by RAxML
GAMMA model of rate heteorgeneity, ML estimate of alpha-parameter

GAMMA Model parameters will be estimated up to an accuracy of 0.1000000000 Log Likelihood units

Partition: 0
Alignment Patterns: 760
Name: No Name Provided
DataType: DNA
Substitution Matrix: GTR




RAxML was called as follows:

/gpfs/runtime/opt/raxml/8.0.22/avx/bin/raxmlHPC-MPI -f a -x 12345 -p 12345 -N 100 -m GTRGAMMA -s 18s.phy -n 18s_boot100 



Time for BS model parameter optimization on Process 0: 2.675994 seconds
Bootstrap[0]: Time 7.415521 seconds, bootstrap likelihood -16919.734637, best rearrangement setting 13
Bootstrap[1]: Time 4.492811 seconds, bootstrap likelihood -16310.710262, best rearrangement setting 13
Bootstrap[2]: Time 3.954770 seconds, bootstrap likelihood -15775.239223, best rearrangement setting 12
Bootstrap[3]: Time 4.537955 seconds, bootstrap likelihood -15669.001650, best rearrangement setting 15
Bootstrap[4]: Time 4.314305 seconds, bootstrap likelihood -16955.564148, best rearrangement setting 10
Bootstrap[5]: Time 4.411630 seconds, bootstrap likelihood -16294.467082, best rearrangement setting 10
Bootstrap[6]: Time 3.952809 seconds, bootstrap likelihood -16317.276756, best rearrangement setting 6
Bootstrap[7]: Time 4.087339 seconds, bootstrap likelihood -15532.555419, best rearrangement setting 14
Bootstrap[8]: Time 3.637304 seconds, bootstrap likelihood -16169.381302, best rearrangement setting 5
Bootstrap[9]: Time 3.939058 seconds, bootstrap likelihood -16247.454516, best rearrangement setting 7
Bootstrap[10]: Time 3.792747 seconds, bootstrap likelihood -15992.750481, best rearrangement setting 7
Bootstrap[11]: Time 4.013856 seconds, bootstrap likelihood -16444.774388, best rearrangement setting 5
Bootstrap[12]: Time 4.290219 seconds, bootstrap likelihood -15426.512389, best rearrangement setting 8


Overall Time for 104 Rapid Bootstraps 57.890505 seconds
Average Time per Rapid Bootstrap 0.556639 seconds

Starting ML Search ...

Fast ML optimization finished

Fast ML search on Process 0: Time 153.925145 seconds

Slow ML Search 0 Likelihood: -16568.574697
Slow ML Search 1 Likelihood: -16571.130078
Slow ML optimization finished

Slow ML search on Process 0: Time 55.761231 seconds
Thorough ML search on Process 0: Time 30.782396 seconds

processID = 0, bestLH = -16568.574697

This is RAxML MPI Process Number: 4

Time for BS model parameter optimization on Process 4: 2.666816 seconds
Bootstrap[52]: Time 6.777309 seconds, bootstrap likelihood -17066.013494, best rearrangement setting 8
Bootstrap[53]: Time 4.158683 seconds, bootstrap likelihood -16277.531193, best rearrangement setting 14
Bootstrap[54]: Time 4.262558 seconds, bootstrap likelihood -17009.813948, best rearrangement setting 5
Bootstrap[55]: Time 4.144507 seconds, bootstrap likelihood -15516.007438, best rearrangement setting 11
Bootstrap[56]: Time 4.000261 seconds, bootstrap likelihood -15948.451929, best rearrangement setting 6
Bootstrap[57]: Time 4.954128 seconds, bootstrap likelihood -17459.374851, best rearrangement setting 15
Bootstrap[58]: Time 4.092171 seconds, bootstrap likelihood -16231.182888, best rearrangement setting 11
Bootstrap[59]: Time 3.669055 seconds, bootstrap likelihood -16203.239413, best rearrangement setting 5
Bootstrap[60]: Time 3.643254 seconds, bootstrap likelihood -16184.599560, best rearrangement setting 12
Bootstrap[61]: Time 4.270138 seconds, bootstrap likelihood -17339.251756, best rearrangement setting 6
Bootstrap[62]: Time 4.313225 seconds, bootstrap likelihood -16638.427560, best rearrangement setting 7
Bootstrap[63]: Time 3.819664 seconds, bootstrap likelihood -15461.565067, best rearrangement setting 10
Bootstrap[64]: Time 4.185128 seconds, bootstrap likelihood -16295.186102, best rearrangement setting 13
Fast ML search on Process 4: Time 135.826250 seconds

Slow ML Search 52 Likelihood: -16568.652634
Slow ML Search 53 Likelihood: -16569.672482
Slow ML search on Process 4: Time 66.551670 seconds
Thorough ML search on Process 4: Time 29.974489 seconds

processID = 4, bestLH = -16568.702472

This is RAxML MPI Process Number: 1

Time for BS model parameter optimization on Process 1: 2.654162 seconds
Bootstrap[13]: Time 6.951076 seconds, bootstrap likelihood -16995.415683, best rearrangement setting 12
Bootstrap[14]: Time 4.181117 seconds, bootstrap likelihood -17097.250571, best rearrangement setting 13
Bootstrap[15]: Time 3.984906 seconds, bootstrap likelihood -16810.214446, best rearrangement setting 13
Bootstrap[16]: Time 4.123112 seconds, bootstrap likelihood -16290.752151, best rearrangement setting 6
Bootstrap[17]: Time 4.069451 seconds, bootstrap likelihood -16191.423998, best rearrangement setting 7
Bootstrap[18]: Time 3.991753 seconds, bootstrap likelihood -15485.786350, best rearrangement setting 11
Bootstrap[19]: Time 4.016247 seconds, bootstrap likelihood -15295.569233, best rearrangement setting 10
Bootstrap[20]: Time 4.424223 seconds, bootstrap likelihood -18229.475253, best rearrangement setting 9
Bootstrap[21]: Time 4.172788 seconds, bootstrap likelihood -17078.806769, best rearrangement setting 7
Bootstrap[22]: Time 3.881033 seconds, bootstrap likelihood -15252.161805, best rearrangement setting 12
Bootstrap[23]: Time 4.175751 seconds, bootstrap likelihood -15168.563375, best rearrangement setting 10
Bootstrap[24]: Time 3.888726 seconds, bootstrap likelihood -17660.144393, best rearrangement setting 6
Bootstrap[25]: Time 3.982155 seconds, bootstrap likelihood -15979.794186, best rearrangement setting 15
Fast ML search on Process 1: Time 85.609786 seconds

Slow ML Search 13 Likelihood: -16567.683799
Slow ML Search 14 Likelihood: -16569.568544
Slow ML search on Process 1: Time 73.158956 seconds
Thorough ML search on Process 1: Time 29.615452 seconds

processID = 1, bestLH = -16567.632679

This is RAxML MPI Process Number: 3

Time for BS model parameter optimization on Process 3: 2.698180 seconds
Bootstrap[39]: Time 6.707639 seconds, bootstrap likelihood -16323.165485, best rearrangement setting 9
Bootstrap[40]: Time 4.193531 seconds, bootstrap likelihood -15348.662403, best rearrangement setting 14
Bootstrap[41]: Time 4.287992 seconds, bootstrap likelihood -16901.746782, best rearrangement setting 15
Bootstrap[42]: Time 4.294758 seconds, bootstrap likelihood -16414.185077, best rearrangement setting 10
Bootstrap[43]: Time 4.210440 seconds, bootstrap likelihood -16633.108238, best rearrangement setting 10
Bootstrap[44]: Time 4.599399 seconds, bootstrap likelihood -16546.600459, best rearrangement setting 13
Bootstrap[45]: Time 3.925060 seconds, bootstrap likelihood -16063.947258, best rearrangement setting 7
Bootstrap[46]: Time 4.104810 seconds, bootstrap likelihood -16250.300470, best rearrangement setting 10
Bootstrap[47]: Time 4.321666 seconds, bootstrap likelihood -15242.161277, best rearrangement setting 10
Bootstrap[48]: Time 4.301533 seconds, bootstrap likelihood -15378.432862, best rearrangement setting 12
Bootstrap[49]: Time 3.910846 seconds, bootstrap likelihood -15958.785966, best rearrangement setting 5
Bootstrap[50]: Time 4.486118 seconds, bootstrap likelihood -17135.725951, best rearrangement setting 9
Bootstrap[51]: Time 4.467254 seconds, bootstrap likelihood -16067.042131, best rearrangement setting 7
Fast ML search on Process 3: Time 89.335110 seconds

Slow ML Search 39 Likelihood: -16567.632278
Slow ML Search 40 Likelihood: -16571.135690
Slow ML search on Process 3: Time 63.039004 seconds
Thorough ML search on Process 3: Time 30.504588 seconds

processID = 3, bestLH = -16567.632278

Final ML Optimization Likelihood: -16567.632278

Model Information:

Model Parameters of Partition 0, Name: No Name Provided, Type of Data: DNA
alpha: 0.208150
Tree-Length: 3.471518
rate A <-> C: 1.358213
rate A <-> G: 2.661064
rate A <-> T: 1.186767
rate C <-> G: 0.933663
rate C <-> T: 6.193228
rate G <-> T: 1.000000

freq pi(A): 0.269513
freq pi(C): 0.194606
freq pi(G): 0.260255
freq pi(T): 0.275625


ML search took 240.472533 secs or 0.066798 hours

Combined Bootstrap and ML search took 298.363242 secs or 0.082879 hours

Drawing Bootstrap Support Values on best-scoring ML tree ...



Found 1 tree in File /gpfs/scratch/guest382/hydroidolina/RAxML_bestTree.18s_boot100



Found 1 tree in File /gpfs/scratch/guest382/hydroidolina/RAxML_bestTree.18s_boot100

Program execution info written to /gpfs/scratch/guest382/hydroidolina/RAxML_info.18s_boot100
All 104 bootstrapped trees written to: /gpfs/scratch/guest382/hydroidolina/RAxML_bootstrap.18s_boot100

Best-scoring ML tree written to: /gpfs/scratch/guest382/hydroidolina/RAxML_bestTree.18s_boot100

Best-scoring ML tree with support values written to: /gpfs/scratch/guest382/hydroidolina/RAxML_bipartitions.18s_boot100

Best-scoring ML tree with support values as branch labels written to: /gpfs/scratch/guest382/hydroidolina/RAxML_bipartitionsBranchLabels.18s_boot100

Overall execution time for full ML analysis: 298.404174 secs or 0.082890 hours or 0.003454 days


This is RAxML MPI Process Number: 5

Time for BS model parameter optimization on Process 5: 2.652557 seconds
Bootstrap[65]: Time 6.825647 seconds, bootstrap likelihood -15849.341940, best rearrangement setting 6
Bootstrap[66]: Time 4.344411 seconds, bootstrap likelihood -15015.169643, best rearrangement setting 15
Bootstrap[67]: Time 4.097513 seconds, bootstrap likelihood -16124.711797, best rearrangement setting 6
Bootstrap[68]: Time 4.192641 seconds, bootstrap likelihood -15359.154159, best rearrangement setting 13
Bootstrap[69]: Time 4.161050 seconds, bootstrap likelihood -15226.442225, best rearrangement setting 14
Bootstrap[70]: Time 4.797569 seconds, bootstrap likelihood -16989.577026, best rearrangement setting 5
Bootstrap[71]: Time 3.890320 seconds, bootstrap likelihood -16505.288344, best rearrangement setting 5
Bootstrap[72]: Time 4.200497 seconds, bootstrap likelihood -16920.334020, best rearrangement setting 11
Bootstrap[73]: Time 4.062830 seconds, bootstrap likelihood -16929.265551, best rearrangement setting 14
Bootstrap[74]: Time 4.110180 seconds, bootstrap likelihood -17077.161538, best rearrangement setting 11
Bootstrap[75]: Time 4.408319 seconds, bootstrap likelihood -17042.113224, best rearrangement setting 10
Bootstrap[76]: Time 3.783249 seconds, bootstrap likelihood -15940.039615, best rearrangement setting 11
Bootstrap[77]: Time 4.208320 seconds, bootstrap likelihood -16551.886784, best rearrangement setting 9
Fast ML search on Process 5: Time 100.010659 seconds

Slow ML Search 65 Likelihood: -16570.921553
Slow ML Search 66 Likelihood: -16568.407336
Slow ML search on Process 5: Time 62.430822 seconds
Thorough ML search on Process 5: Time 30.933796 seconds

processID = 5, bestLH = -16568.467759

This is RAxML MPI Process Number: 6

Time for BS model parameter optimization on Process 6: 2.676966 seconds
Bootstrap[78]: Time 6.674423 seconds, bootstrap likelihood -17172.841412, best rearrangement setting 5
Bootstrap[79]: Time 4.415872 seconds, bootstrap likelihood -16688.456150, best rearrangement setting 15
Bootstrap[80]: Time 4.060143 seconds, bootstrap likelihood -17044.889670, best rearrangement setting 7
Bootstrap[81]: Time 4.245338 seconds, bootstrap likelihood -15815.665678, best rearrangement setting 15
Bootstrap[82]: Time 3.811359 seconds, bootstrap likelihood -16122.215960, best rearrangement setting 10
Bootstrap[83]: Time 3.985089 seconds, bootstrap likelihood -16577.334079, best rearrangement setting 6
Bootstrap[84]: Time 3.607793 seconds, bootstrap likelihood -15775.815638, best rearrangement setting 9
Bootstrap[85]: Time 3.771100 seconds, bootstrap likelihood -15891.967066, best rearrangement setting 5
Bootstrap[86]: Time 4.551714 seconds, bootstrap likelihood -17040.462942, best rearrangement setting 15
Bootstrap[87]: Time 3.794394 seconds, bootstrap likelihood -17031.658453, best rearrangement setting 6
Bootstrap[88]: Time 4.063927 seconds, bootstrap likelihood -14901.195937, best rearrangement setting 13
Bootstrap[89]: Time 4.479628 seconds, bootstrap likelihood -15946.532579, best rearrangement setting 13
Bootstrap[90]: Time 4.050508 seconds, bootstrap likelihood -15998.975711, best rearrangement setting 5
Fast ML search on Process 6: Time 108.475505 seconds

Slow ML Search 78 Likelihood: -16571.079882
Slow ML Search 79 Likelihood: -16571.820142
Slow ML search on Process 6: Time 61.367520 seconds
Thorough ML search on Process 6: Time 31.808452 seconds

processID = 6, bestLH = -16571.079884

This is RAxML MPI Process Number: 7

Time for BS model parameter optimization on Process 7: 2.676748 seconds
Bootstrap[91]: Time 7.714096 seconds, bootstrap likelihood -15827.354144, best rearrangement setting 15
Bootstrap[92]: Time 4.116180 seconds, bootstrap likelihood -16462.905415, best rearrangement setting 5
Bootstrap[93]: Time 4.039577 seconds, bootstrap likelihood -16066.260171, best rearrangement setting 8
Bootstrap[94]: Time 3.851179 seconds, bootstrap likelihood -16783.219411, best rearrangement setting 6
Bootstrap[95]: Time 3.856738 seconds, bootstrap likelihood -16259.574035, best rearrangement setting 6
Bootstrap[96]: Time 4.028580 seconds, bootstrap likelihood -16250.218319, best rearrangement setting 7
Bootstrap[97]: Time 4.207909 seconds, bootstrap likelihood -17235.965178, best rearrangement setting 13
Bootstrap[98]: Time 4.361335 seconds, bootstrap likelihood -17209.200682, best rearrangement setting 11
Bootstrap[99]: Time 3.865413 seconds, bootstrap likelihood -17084.718030, best rearrangement setting 6
Bootstrap[100]: Time 4.026427 seconds, bootstrap likelihood -16425.348177, best rearrangement setting 11
Bootstrap[101]: Time 4.071905 seconds, bootstrap likelihood -15658.235679, best rearrangement setting 5
Bootstrap[102]: Time 4.012967 seconds, bootstrap likelihood -16390.696347, best rearrangement setting 14
Bootstrap[103]: Time 4.510729 seconds, bootstrap likelihood -16736.413280, best rearrangement setting 12
Fast ML search on Process 7: Time 79.589474 seconds

Slow ML Search 91 Likelihood: -16568.425836
Slow ML Search 92 Likelihood: -16569.880284
Slow ML search on Process 7: Time 66.616116 seconds
Thorough ML search on Process 7: Time 30.660017 seconds

processID = 7, bestLH = -16568.404853

This is RAxML MPI Process Number: 2

Time for BS model parameter optimization on Process 2: 3.041202 seconds
Bootstrap[26]: Time 7.061554 seconds, bootstrap likelihood -16689.377819, best rearrangement setting 10
Bootstrap[27]: Time 4.054972 seconds, bootstrap likelihood -16327.786005, best rearrangement setting 13
Bootstrap[28]: Time 4.220395 seconds, bootstrap likelihood -17126.805123, best rearrangement setting 14
Bootstrap[29]: Time 3.924782 seconds, bootstrap likelihood -15849.855267, best rearrangement setting 8
Bootstrap[30]: Time 4.159322 seconds, bootstrap likelihood -15584.317313, best rearrangement setting 14
Bootstrap[31]: Time 4.219126 seconds, bootstrap likelihood -16596.282806, best rearrangement setting 12
Bootstrap[32]: Time 4.032954 seconds, bootstrap likelihood -17024.958126, best rearrangement setting 14
Bootstrap[33]: Time 3.873657 seconds, bootstrap likelihood -15784.994987, best rearrangement setting 15
Bootstrap[34]: Time 4.320462 seconds, bootstrap likelihood -16559.606273, best rearrangement setting 9
Bootstrap[35]: Time 4.034096 seconds, bootstrap likelihood -16285.000658, best rearrangement setting 6
Bootstrap[36]: Time 3.970136 seconds, bootstrap likelihood -15870.129099, best rearrangement setting 13
Bootstrap[37]: Time 4.214729 seconds, bootstrap likelihood -16432.746701, best rearrangement setting 7
Bootstrap[38]: Time 4.019795 seconds, bootstrap likelihood -16581.219019, best rearrangement setting 11
Fast ML search on Process 2: Time 92.189691 seconds

Slow ML Search 26 Likelihood: -16568.526906
Slow ML Search 27 Likelihood: -16575.247784
Slow ML search on Process 2: Time 69.725213 seconds
Thorough ML search on Process 2: Time 30.295453 seconds

processID = 2, bestLH = -16568.574257

This is RAxML MPI Process Number: 0
IMPORTANT WARNING: Alignment column 833 contains only undetermined values which will be treated as missing data
IMPORTANT WARNING: Alignment column 851 contains only undetermined values which will be treated as missing data
IMPORTANT WARNING: Alignment column 880 contains only undetermined values which will be treated as missing data
IMPORTANT WARNING: Alignment column 3088 contains only undetermined values which will be treated as missing data
IMPORTANT WARNING: Alignment column 3122 contains only undetermined values which will be treated as missing data
IMPORTANT WARNING: Alignment column 3135 contains only undetermined values which will be treated as missing data

IMPORTANT WARNING
Found 6 columns that contain only undetermined values which will be treated as missing data.
Normally these columns should be excluded from the analysis.

Just in case you might need it, an alignment file with 
undetermined columns removed is printed to file 28s.phy.reduced


This is RAxML version 8.0.22 released by Alexandros Stamatakis on May 6 2014.

With greatly appreciated code contributions by:
Andre Aberer      (HITS)
Simon Berger      (HITS)
Alexey Kozlov     (HITS)
Nick Pattengale   (Sandia)
Wayne Pfeiffer    (SDSC)
Akifumi S. Tanabe (NRIFS)
David Dao         (KIT)
Charlie Taylor    (UF)


Alignment has 1849 distinct alignment patterns

Proportion of gaps and completely undetermined characters in this alignment: 14.17%

RAxML rapid bootstrapping and subsequent ML search

Using 1 distinct models/data partitions with joint branch length optimization



Executing 100 rapid bootstrap inferences and thereafter a thorough ML search 

All free model parameters will be estimated by RAxML
GAMMA model of rate heteorgeneity, ML estimate of alpha-parameter

GAMMA Model parameters will be estimated up to an accuracy of 0.1000000000 Log Likelihood units

Partition: 0
Alignment Patterns: 1849
Name: No Name Provided
DataType: DNA
Substitution Matrix: GTR




RAxML was called as follows:

/gpfs/runtime/opt/raxml/8.0.22/avx/bin/raxmlHPC-MPI -f a -x 12345 -p 12345 -N 100 -m GTRGAMMA -s 28s.phy -n 28s_boot100 



Time for BS model parameter optimization on Process 0: 8.008874 seconds
Bootstrap[0]: Time 20.206916 seconds, bootstrap likelihood -48664.053695, best rearrangement setting 13
Bootstrap[1]: Time 12.750566 seconds, bootstrap likelihood -51574.249411, best rearrangement setting 13
Bootstrap[2]: Time 11.987871 seconds, bootstrap likelihood -50864.787273, best rearrangement setting 12
Bootstrap[3]: Time 12.600146 seconds, bootstrap likelihood -48488.256005, best rearrangement setting 15
Bootstrap[4]: Time 11.244839 seconds, bootstrap likelihood -49293.677445, best rearrangement setting 10
Bootstrap[5]: Time 12.962382 seconds, bootstrap likelihood -49032.153260, best rearrangement setting 10
Bootstrap[6]: Time 12.294595 seconds, bootstrap likelihood -48569.084376, best rearrangement setting 6
Bootstrap[7]: Time 12.513639 seconds, bootstrap likelihood -49659.303456, best rearrangement setting 14
Bootstrap[8]: Time 11.479689 seconds, bootstrap likelihood -49741.890190, best rearrangement setting 5
Bootstrap[9]: Time 11.776390 seconds, bootstrap likelihood -48107.699150, best rearrangement setting 7
Bootstrap[10]: Time 11.727671 seconds, bootstrap likelihood -50640.073415, best rearrangement setting 7
Bootstrap[11]: Time 11.932504 seconds, bootstrap likelihood -51654.113846, best rearrangement setting 5
Bootstrap[12]: Time 13.072305 seconds, bootstrap likelihood -48639.519550, best rearrangement setting 8


Overall Time for 104 Rapid Bootstraps 167.439062 seconds
Average Time per Rapid Bootstrap 1.609991 seconds

Starting ML Search ...

Fast ML optimization finished

Fast ML search on Process 0: Time 261.051594 seconds

Slow ML Search 0 Likelihood: -50347.039784
Slow ML Search 1 Likelihood: -50351.804131
Slow ML optimization finished

Slow ML search on Process 0: Time 207.896659 seconds
Thorough ML search on Process 0: Time 98.204538 seconds

processID = 0, bestLH = -50347.039784

Final ML Optimization Likelihood:
This is RAxML MPI Process Number: 3

Time for BS model parameter optimization on Process 3: 7.855068 seconds
Bootstrap[39]: Time 20.560996 seconds, bootstrap likelihood -48180.470886, best rearrangement setting 9
Bootstrap[40]: Time 12.486047 seconds, bootstrap likelihood -51944.313974, best rearrangement setting 14
Bootstrap[41]: Time 12.449313 seconds, bootstrap likelihood -48656.407103, best rearrangement setting 15
Bootstrap[42]: Time 12.638935 seconds, bootstrap likelihood -52425.137240, best rearrangement setting 10
Bootstrap[43]: Time 12.060128 seconds, bootstrap likelihood -49464.715267, best rearrangement setting 10
Bootstrap[44]: Time 11.945500 seconds, bootstrap likelihood -48931.754498, best rearrangement setting 13
Bootstrap[45]: Time 12.500399 seconds, bootstrap likelihood -49935.450210, best rearrangement setting 7
Bootstrap[46]: Time 12.226629 seconds, bootstrap likelihood -47653.274911, best rearrangement setting 10
Bootstrap[47]: Time 11.670841 seconds, bootstrap likelihood -48320.926239, best rearrangement setting 10
Bootstrap[48]: Time 12.694489 seconds, bootstrap likelihood -47386.537944, best rearrangement setting 12
Bootstrap[49]: Time 12.005233 seconds, bootstrap likelihood -49168.123073, best rearrangement setting 5
Bootstrap[50]: Time 11.552010 seconds, bootstrap likelihood -50617.098410, best rearrangement setting 9
Bootstrap[51]: Time 11.507092 seconds, bootstrap likelihood -48764.882134, best rearrangement setting 7
Fast ML search on Process 3: Time 282.442843 seconds

Slow ML Search 39 Likelihood: -50353.420264
Slow ML Search 40 Likelihood: -50358.129548
Slow ML search on Process 3: Time 191.620960 seconds
Thorough ML search on Process 3: Time 96.847020 seconds

processID = 3, bestLH = -50353.420265

This is RAxML MPI Process Number: 1

Time for BS model parameter optimization on Process 1: 7.863686 seconds
Bootstrap[13]: Time 21.209841 seconds, bootstrap likelihood -51779.285159, best rearrangement setting 12
Bootstrap[14]: Time 13.633868 seconds, bootstrap likelihood -52075.739981, best rearrangement setting 13
Bootstrap[15]: Time 12.297810 seconds, bootstrap likelihood -50645.000553, best rearrangement setting 13
Bootstrap[16]: Time 11.918217 seconds, bootstrap likelihood -53479.869432, best rearrangement setting 6
Bootstrap[17]: Time 11.686454 seconds, bootstrap likelihood -51600.085800, best rearrangement setting 7
Bootstrap[18]: Time 12.147825 seconds, bootstrap likelihood -49821.071830, best rearrangement setting 11
Bootstrap[19]: Time 13.100208 seconds, bootstrap likelihood -51212.004004, best rearrangement setting 10
Bootstrap[20]: Time 12.240329 seconds, bootstrap likelihood -51561.304264, best rearrangement setting 9
Bootstrap[21]: Time 11.380329 seconds, bootstrap likelihood -48665.465835, best rearrangement setting 7
Bootstrap[22]: Time 12.675115 seconds, bootstrap likelihood -49349.016432, best rearrangement setting 12
Bootstrap[23]: Time 11.281560 seconds, bootstrap likelihood -48745.143179, best rearrangement setting 10
Bootstrap[24]: Time 11.458773 seconds, bootstrap likelihood -50460.932874, best rearrangement setting 6
Bootstrap[25]: Time 11.376140 seconds, bootstrap likelihood -50476.671999, best rearrangement setting 15
Fast ML search on Process 1: Time 199.624146 seconds

Slow ML Search 13 Likelihood: -50349.576024
Slow ML Search 14 Likelihood: -50358.138368
Slow ML search on Process 1: Time 221.776437 seconds
Thorough ML search on Process 1: Time 98.862593 seconds

processID = 1, bestLH = -50349.564798
 -50347.039784

Model Information:

Model Parameters of Partition 0, Name: No Name Provided, Type of Data: DNA
alpha: 0.239585
Tree-Length: 8.336512
rate A <-> C: 0.588715
rate A <-> G: 2.107479
rate A <-> T: 0.646216
rate C <-> G: 0.721779
rate C <-> T: 4.482694
rate G <-> T: 1.000000

freq pi(A): 0.263767
freq pi(C): 0.207798
freq pi(G): 0.283709
freq pi(T): 0.244726


ML search took 607.154954 secs or 0.168654 hours

Combined Bootstrap and ML search took 774.594072 secs or 0.215165 hours

Drawing Bootstrap Support Values on best-scoring ML tree ...



Found 1 tree in File /gpfs/scratch/guest382/hydroidolina/RAxML_bestTree.28s_boot100



Found 1 tree in File /gpfs/scratch/guest382/hydroidolina/RAxML_bestTree.28s_boot100

Program execution info written to /gpfs/scratch/guest382/hydroidolina/RAxML_info.28s_boot100
All 104 bootstrapped trees written to: /gpfs/scratch/guest382/hydroidolina/RAxML_bootstrap.28s_boot100

Best-scoring ML tree written to: /gpfs/scratch/guest382/hydroidolina/RAxML_bestTree.28s_boot100

Best-scoring ML tree with support values written to: /gpfs/scratch/guest382/hydroidolina/RAxML_bipartitions.28s_boot100

Best-scoring ML tree with support values as branch labels written to: /gpfs/scratch/guest382/hydroidolina/RAxML_bipartitionsBranchLabels.28s_boot100

Overall execution time for full ML analysis: 774.896518 secs or 0.215249 hours or 0.008969 days


This is RAxML MPI Process Number: 7

Time for BS model parameter optimization on Process 7: 8.041560 seconds
Bootstrap[91]: Time 20.588236 seconds, bootstrap likelihood -48421.494454, best rearrangement setting 15
Bootstrap[92]: Time 10.866428 seconds, bootstrap likelihood -48192.843711, best rearrangement setting 5
Bootstrap[93]: Time 11.295602 seconds, bootstrap likelihood -50070.627827, best rearrangement setting 8
Bootstrap[94]: Time 10.617122 seconds, bootstrap likelihood -52018.864723, best rearrangement setting 6
Bootstrap[95]: Time 11.716499 seconds, bootstrap likelihood -51901.862104, best rearrangement setting 6
Bootstrap[96]: Time 11.725949 seconds, bootstrap likelihood -49238.692627, best rearrangement setting 7
Bootstrap[97]: Time 11.513325 seconds, bootstrap likelihood -49801.415231, best rearrangement setting 13
Bootstrap[98]: Time 12.396407 seconds, bootstrap likelihood -49871.232776, best rearrangement setting 11
Bootstrap[99]: Time 11.311921 seconds, bootstrap likelihood -50971.392234, best rearrangement setting 6
Bootstrap[100]: Time 12.630320 seconds, bootstrap likelihood -49059.903049, best rearrangement setting 11
Bootstrap[101]: Time 13.293576 seconds, bootstrap likelihood -51251.872500, best rearrangement setting 5
Bootstrap[102]: Time 13.460962 seconds, bootstrap likelihood -50585.716244, best rearrangement setting 14
Bootstrap[103]: Time 12.457034 seconds, bootstrap likelihood -52727.083590, best rearrangement setting 12
Fast ML search on Process 7: Time 320.513379 seconds

Slow ML Search 91 Likelihood: -50349.778682
Slow ML Search 92 Likelihood: -50354.636813
Slow ML search on Process 7: Time 187.696155 seconds
Thorough ML search on Process 7: Time 98.941776 seconds

processID = 7, bestLH = -50349.778683

This is RAxML MPI Process Number: 4

Time for BS model parameter optimization on Process 4: 7.828378 seconds
Bootstrap[52]: Time 23.145944 seconds, bootstrap likelihood -49477.411104, best rearrangement setting 8
Bootstrap[53]: Time 12.935610 seconds, bootstrap likelihood -51206.331823, best rearrangement setting 14
Bootstrap[54]: Time 11.556529 seconds, bootstrap likelihood -50906.288660, best rearrangement setting 5
Bootstrap[55]: Time 11.531271 seconds, bootstrap likelihood -50204.525325, best rearrangement setting 11
Bootstrap[56]: Time 12.055853 seconds, bootstrap likelihood -50618.280533, best rearrangement setting 6
Bootstrap[57]: Time 12.961513 seconds, bootstrap likelihood -52427.250451, best rearrangement setting 15
Bootstrap[58]: Time 11.483961 seconds, bootstrap likelihood -47913.475690, best rearrangement setting 11
Bootstrap[59]: Time 11.881743 seconds, bootstrap likelihood -50747.015290, best rearrangement setting 5
Bootstrap[60]: Time 12.337839 seconds, bootstrap likelihood -48235.213077, best rearrangement setting 12
Bootstrap[61]: Time 11.292367 seconds, bootstrap likelihood -50760.622333, best rearrangement setting 6
Bootstrap[62]: Time 11.694311 seconds, bootstrap likelihood -49212.308877, best rearrangement setting 7
Bootstrap[63]: Time 12.644243 seconds, bootstrap likelihood -53649.615586, best rearrangement setting 10
Bootstrap[64]: Time 11.591023 seconds, bootstrap likelihood -48220.436932, best rearrangement setting 13
Fast ML search on Process 4: Time 214.786074 seconds

Slow ML Search 52 Likelihood: -50352.874584
Slow ML Search 53 Likelihood: -50351.735361
Slow ML search on Process 4: Time 206.967467 seconds
Thorough ML search on Process 4: Time 98.983532 seconds

processID = 4, bestLH = -50351.711239

This is RAxML MPI Process Number: 2

Time for BS model parameter optimization on Process 2: 7.804803 seconds
Bootstrap[26]: Time 20.890558 seconds, bootstrap likelihood -49078.190182, best rearrangement setting 10
Bootstrap[27]: Time 12.228126 seconds, bootstrap likelihood -50161.238493, best rearrangement setting 13
Bootstrap[28]: Time 11.058984 seconds, bootstrap likelihood -48740.894678, best rearrangement setting 14
Bootstrap[29]: Time 13.046060 seconds, bootstrap likelihood -51349.093404, best rearrangement setting 8
Bootstrap[30]: Time 12.940672 seconds, bootstrap likelihood -50346.994006, best rearrangement setting 14
Bootstrap[31]: Time 11.737738 seconds, bootstrap likelihood -50605.026436, best rearrangement setting 12
Bootstrap[32]: Time 12.239510 seconds, bootstrap likelihood -51079.074665, best rearrangement setting 14
Bootstrap[33]: Time 11.333490 seconds, bootstrap likelihood -49217.840867, best rearrangement setting 15
Bootstrap[34]: Time 11.782076 seconds, bootstrap likelihood -48357.004798, best rearrangement setting 9
Bootstrap[35]: Time 11.559245 seconds, bootstrap likelihood -51220.990650, best rearrangement setting 6
Bootstrap[36]: Time 12.294996 seconds, bootstrap likelihood -49587.396282, best rearrangement setting 13
Bootstrap[37]: Time 12.340069 seconds, bootstrap likelihood -51956.231596, best rearrangement setting 7
Bootstrap[38]: Time 11.233676 seconds, bootstrap likelihood -49104.240382, best rearrangement setting 11
Fast ML search on Process 2: Time 293.832872 seconds

Slow ML Search 26 Likelihood: -50351.613113
Slow ML Search 27 Likelihood: -50351.236493
Slow ML search on Process 2: Time 189.081827 seconds
Thorough ML search on Process 2: Time 97.003246 seconds

processID = 2, bestLH = -50351.197665

This is RAxML MPI Process Number: 5

Time for BS model parameter optimization on Process 5: 7.856540 seconds
Bootstrap[65]: Time 20.158410 seconds, bootstrap likelihood -48150.908786, best rearrangement setting 6
Bootstrap[66]: Time 11.825020 seconds, bootstrap likelihood -47787.200072, best rearrangement setting 15
Bootstrap[67]: Time 11.718079 seconds, bootstrap likelihood -48518.496971, best rearrangement setting 6
Bootstrap[68]: Time 12.477377 seconds, bootstrap likelihood -50055.696839, best rearrangement setting 13
Bootstrap[69]: Time 12.295147 seconds, bootstrap likelihood -51152.792074, best rearrangement setting 14
Bootstrap[70]: Time 11.679611 seconds, bootstrap likelihood -52018.937635, best rearrangement setting 5
Bootstrap[71]: Time 11.577601 seconds, bootstrap likelihood -49835.857733, best rearrangement setting 5
Bootstrap[72]: Time 13.285308 seconds, bootstrap likelihood -49821.810515, best rearrangement setting 11
Bootstrap[73]: Time 11.779794 seconds, bootstrap likelihood -52238.380317, best rearrangement setting 14
Bootstrap[74]: Time 12.572623 seconds, bootstrap likelihood -51638.522400, best rearrangement setting 11
Bootstrap[75]: Time 12.042359 seconds, bootstrap likelihood -51411.150134, best rearrangement setting 10
Bootstrap[76]: Time 12.046443 seconds, bootstrap likelihood -52718.850402, best rearrangement setting 11
Bootstrap[77]: Time 11.455821 seconds, bootstrap likelihood -48722.346041, best rearrangement setting 9
Fast ML search on Process 5: Time 219.919036 seconds

Slow ML Search 65 Likelihood: -50355.547175
Slow ML Search 66 Likelihood: -50362.629475
Slow ML search on Process 5: Time 208.065826 seconds
Thorough ML search on Process 5: Time 98.056132 seconds

processID = 5, bestLH = -50355.560510

This is RAxML MPI Process Number: 6

Time for BS model parameter optimization on Process 6: 7.876745 seconds
Bootstrap[78]: Time 19.831549 seconds, bootstrap likelihood -50313.185538, best rearrangement setting 5
Bootstrap[79]: Time 12.857072 seconds, bootstrap likelihood -50273.968294, best rearrangement setting 15
Bootstrap[80]: Time 12.777824 seconds, bootstrap likelihood -50349.027875, best rearrangement setting 7
Bootstrap[81]: Time 12.042841 seconds, bootstrap likelihood -51612.751011, best rearrangement setting 15
Bootstrap[82]: Time 12.119879 seconds, bootstrap likelihood -51222.709307, best rearrangement setting 10
Bootstrap[83]: Time 11.525173 seconds, bootstrap likelihood -48710.751585, best rearrangement setting 6
Bootstrap[84]: Time 12.217636 seconds, bootstrap likelihood -50235.366588, best rearrangement setting 9
Bootstrap[85]: Time 11.420435 seconds, bootstrap likelihood -48241.429352, best rearrangement setting 5
Bootstrap[86]: Time 11.954441 seconds, bootstrap likelihood -49723.052196, best rearrangement setting 15
Bootstrap[87]: Time 12.168296 seconds, bootstrap likelihood -49800.076610, best rearrangement setting 6
Bootstrap[88]: Time 12.807232 seconds, bootstrap likelihood -46525.702526, best rearrangement setting 13
Bootstrap[89]: Time 12.214031 seconds, bootstrap likelihood -49557.700699, best rearrangement setting 13
Bootstrap[90]: Time 11.641577 seconds, bootstrap likelihood -49548.774517, best rearrangement setting 5
Fast ML search on Process 6: Time 255.182784 seconds

Slow ML Search 78 Likelihood: -50347.048824
Slow ML Search 79 Likelihood: -50350.147133
Slow ML search on Process 6: Time 208.354217 seconds
Thorough ML search on Process 6: Time 97.383493 seconds

processID = 6, bestLH = -50347.039971
