## SLURM PROLOG ###############################################################
##    Job ID : 12154851
##  Job Name : MyMPIJob
##  Nodelist : smp012
##      CPUs : 8
##   Mem/CPU : 2800 MB
## Directory : /gpfs/scratch/guest312/hydroidolina
##   Started : Wed Mar  9 13:38:22 EST 2016
###############################################################################
module: loading 'raxml/8.0.22'

This is RAxML MPI Process Number: 7

Time for BS model parameter optimization on Process 7: 82.763437 seconds
Bootstrap[91]: Time 163.467484 seconds, bootstrap likelihood -91900.287175, best rearrangement setting 15
Bootstrap[92]: Time 68.228948 seconds, bootstrap likelihood -94859.719391, best rearrangement setting 5
Bootstrap[93]: Time 72.939864 seconds, bootstrap likelihood -96765.120714, best rearrangement setting 8
Bootstrap[94]: Time 75.953792 seconds, bootstrap likelihood -93519.060890, best rearrangement setting 6
Bootstrap[95]: Time 69.514519 seconds, bootstrap likelihood -94216.868409, best rearrangement setting 6
Bootstrap[96]: Time 73.159438 seconds, bootstrap likelihood -95535.361973, best rearrangement setting 7
Bootstrap[97]: Time 68.805206 seconds, bootstrap likelihood -94332.366436, best rearrangement setting 13
Bootstrap[98]: Time 75.784532 seconds, bootstrap likelihood -95952.373672, best rearrangement setting 11
Bootstrap[99]: Time 68.501796 seconds, bootstrap likelihood -97841.653561, best rearrangement setting 6
Bootstrap[100]: Time 75.912298 seconds, bootstrap likelihood -95916.211955, best rearrangement setting 11
Bootstrap[101]: Time 74.960773 seconds, bootstrap likelihood -93030.978998, best rearrangement setting 5
Bootstrap[102]: Time 68.076534 seconds, bootstrap likelihood -93379.204174, best rearrangement setting 14
Bootstrap[103]: Time 72.607222 seconds, bootstrap likelihood -92474.783062, best rearrangement setting 12
Fast ML search on Process 7: Time 2075.531801 seconds

Slow ML Search 91 Likelihood: -95415.760446
Slow ML Search 92 Likelihood: -95412.221717
Slow ML search on Process 7: Time 1288.866693 seconds
Thorough ML search on Process 7: Time 629.756013 seconds

processID = 7, bestLH = -95412.100521

Final ML Optimization Likelihood: -95412.100521

Model Information:

Model Parameters of Partition 0, Name: No Name Provided, Type of Data: DNA
alpha: 0.260111
Tree-Length: 8.588258
rate A <-> C: 0.815476
rate A <-> G: 2.556305
rate A <-> T: 1.929167
rate C <-> G: 0.881816
rate C <-> T: 5.241357
rate G <-> T: 1.000000

freq pi(A): 0.277945
freq pi(C): 0.195911
freq pi(G): 0.264600
freq pi(T): 0.261544


ML search took 4287.901469 secs or 1.191084 hours

Combined Bootstrap and ML search took 5368.657075 secs or 1.491294 hours

Drawing Bootstrap Support Values on best-scoring ML tree ...



Found 1 tree in File /gpfs/scratch/guest312/hydroidolina/RAxML_bestTree.combined_boot100



Found 1 tree in File /gpfs/scratch/guest312/hydroidolina/RAxML_bestTree.combined_boot100

Program execution info written to /gpfs/scratch/guest312/hydroidolina/RAxML_info.combined_boot100
All 104 bootstrapped trees written to: /gpfs/scratch/guest312/hydroidolina/RAxML_bootstrap.combined_boot100

Best-scoring ML tree written to: /gpfs/scratch/guest312/hydroidolina/RAxML_bestTree.combined_boot100

Best-scoring ML tree with support values written to: /gpfs/scratch/guest312/hydroidolina/RAxML_bipartitions.combined_boot100

Best-scoring ML tree with support values as branch labels written to: /gpfs/scratch/guest312/hydroidolina/RAxML_bipartitionsBranchLabels.combined_boot100

Overall execution time for full ML analysis: 5371.084340 secs or 1.491968 hours or 0.062165 days


This is RAxML MPI Process Number: 4

Time for BS model parameter optimization on Process 4: 83.354339 seconds
Bootstrap[52]: Time 172.929376 seconds, bootstrap likelihood -93415.772159, best rearrangement setting 8
Bootstrap[53]: Time 75.796995 seconds, bootstrap likelihood -95300.479093, best rearrangement setting 14
Bootstrap[54]: Time 77.185007 seconds, bootstrap likelihood -96604.070361, best rearrangement setting 5
Bootstrap[55]: Time 77.909490 seconds, bootstrap likelihood -94583.179288, best rearrangement setting 11
Bootstrap[56]: Time 72.848262 seconds, bootstrap likelihood -97263.563211, best rearrangement setting 6
Bootstrap[57]: Time 80.953989 seconds, bootstrap likelihood -97560.669076, best rearrangement setting 15
Bootstrap[58]: Time 69.212020 seconds, bootstrap likelihood -95042.046358, best rearrangement setting 11
Bootstrap[59]: Time 68.316245 seconds, bootstrap likelihood -93334.959856, best rearrangement setting 5
Bootstrap[60]: Time 73.175853 seconds, bootstrap likelihood -97068.147400, best rearrangement setting 12
Bootstrap[61]: Time 72.161851 seconds, bootstrap likelihood -96228.419270, best rearrangement setting 6
Bootstrap[62]: Time 72.630788 seconds, bootstrap likelihood -92624.877491, best rearrangement setting 7
Bootstrap[63]: Time 73.500991 seconds, bootstrap likelihood -95381.387930, best rearrangement setting 10
Bootstrap[64]: Time 71.566333 seconds, bootstrap likelihood -92942.512308, best rearrangement setting 13
Fast ML search on Process 4: Time 1829.758160 seconds

Slow ML Search 52 Likelihood: -95413.358835
Slow ML Search 53 Likelihood: -95415.867863
Slow ML search on Process 4: Time 1216.740352 seconds
Thorough ML search on Process 4: Time 700.229416 seconds

processID = 4, bestLH = -95413.358834

This is RAxML MPI Process Number: 5

Time for BS model parameter optimization on Process 5: 82.672823 seconds
Bootstrap[65]: Time 165.238990 seconds, bootstrap likelihood -93640.760506, best rearrangement setting 6
Bootstrap[66]: Time 84.489263 seconds, bootstrap likelihood -92560.885162, best rearrangement setting 15
Bootstrap[67]: Time 74.212247 seconds, bootstrap likelihood -96261.415512, best rearrangement setting 6
Bootstrap[68]: Time 77.173553 seconds, bootstrap likelihood -95474.182434, best rearrangement setting 13
Bootstrap[69]: Time 77.386607 seconds, bootstrap likelihood -97108.824761, best rearrangement setting 14
Bootstrap[70]: Time 69.614942 seconds, bootstrap likelihood -98028.042911, best rearrangement setting 5
Bootstrap[71]: Time 71.493354 seconds, bootstrap likelihood -96131.073276, best rearrangement setting 5
Bootstrap[72]: Time 76.773564 seconds, bootstrap likelihood -92047.358451, best rearrangement setting 11
Bootstrap[73]: Time 73.082210 seconds, bootstrap likelihood -99339.494673, best rearrangement setting 14
Bootstrap[74]: Time 69.616037 seconds, bootstrap likelihood -94068.435099, best rearrangement setting 11
Bootstrap[75]: Time 74.163424 seconds, bootstrap likelihood -91581.568941, best rearrangement setting 10
Bootstrap[76]: Time 75.556040 seconds, bootstrap likelihood -93450.931952, best rearrangement setting 11
Bootstrap[77]: Time 70.010456 seconds, bootstrap likelihood -97577.153193, best rearrangement setting 9
Fast ML search on Process 5: Time 2378.521078 seconds

Slow ML Search 65 Likelihood: -95416.998158
Slow ML Search 66 Likelihood: -95414.164376
Slow ML search on Process 5: Time 1409.418348 seconds
Thorough ML search on Process 5: Time 499.879940 seconds

processID = 5, bestLH = -95414.094503

This is RAxML MPI Process Number: 2

Time for BS model parameter optimization on Process 2: 82.741742 seconds
Bootstrap[26]: Time 162.814914 seconds, bootstrap likelihood -95811.888332, best rearrangement setting 10
Bootstrap[27]: Time 70.847589 seconds, bootstrap likelihood -94825.389109, best rearrangement setting 13
Bootstrap[28]: Time 76.850140 seconds, bootstrap likelihood -98942.130965, best rearrangement setting 14
Bootstrap[29]: Time 81.691018 seconds, bootstrap likelihood -97107.658024, best rearrangement setting 8
Bootstrap[30]: Time 72.698001 seconds, bootstrap likelihood -95978.443985, best rearrangement setting 14
Bootstrap[31]: Time 73.453041 seconds, bootstrap likelihood -94612.345233, best rearrangement setting 12
Bootstrap[32]: Time 77.095161 seconds, bootstrap likelihood -96313.160600, best rearrangement setting 14
Bootstrap[33]: Time 79.812137 seconds, bootstrap likelihood -94447.640858, best rearrangement setting 15
Bootstrap[34]: Time 77.708745 seconds, bootstrap likelihood -96437.229603, best rearrangement setting 9
Bootstrap[35]: Time 74.683048 seconds, bootstrap likelihood -95148.855130, best rearrangement setting 6
Bootstrap[36]: Time 71.879223 seconds, bootstrap likelihood -94553.636116, best rearrangement setting 13
Bootstrap[37]: Time 71.155671 seconds, bootstrap likelihood -93142.206727, best rearrangement setting 7
Bootstrap[38]: Time 77.779484 seconds, bootstrap likelihood -98403.665772, best rearrangement setting 11
Fast ML search on Process 2: Time 1741.644201 seconds

Slow ML Search 26 Likelihood: -95416.171248
Slow ML Search 27 Likelihood: -95417.692174
Slow ML search on Process 2: Time 1198.445565 seconds
Thorough ML search on Process 2: Time 684.258031 seconds

processID = 2, bestLH = -95416.171247

This is RAxML MPI Process Number: 3

Time for BS model parameter optimization on Process 3: 88.625485 seconds
Bootstrap[39]: Time 173.729822 seconds, bootstrap likelihood -96703.984115, best rearrangement setting 9
Bootstrap[40]: Time 77.907555 seconds, bootstrap likelihood -94212.121602, best rearrangement setting 14
Bootstrap[41]: Time 76.118021 seconds, bootstrap likelihood -93880.153919, best rearrangement setting 15
Bootstrap[42]: Time 77.456016 seconds, bootstrap likelihood -94523.360914, best rearrangement setting 10
Bootstrap[43]: Time 70.192774 seconds, bootstrap likelihood -90877.006932, best rearrangement setting 10
Bootstrap[44]: Time 79.782623 seconds, bootstrap likelihood -92181.721326, best rearrangement setting 13
Bootstrap[45]: Time 77.897283 seconds, bootstrap likelihood -96704.465514, best rearrangement setting 7
Bootstrap[46]: Time 71.814655 seconds, bootstrap likelihood -97565.346011, best rearrangement setting 10
Bootstrap[47]: Time 70.207073 seconds, bootstrap likelihood -93307.664784, best rearrangement setting 10
Bootstrap[48]: Time 83.484983 seconds, bootstrap likelihood -94877.887759, best rearrangement setting 12
Bootstrap[49]: Time 72.655216 seconds, bootstrap likelihood -96146.028482, best rearrangement setting 5
Bootstrap[50]: Time 79.524610 seconds, bootstrap likelihood -99177.626870, best rearrangement setting 9
Bootstrap[51]: Time 69.567478 seconds, bootstrap likelihood -95445.437432, best rearrangement setting 7
Fast ML search on Process 3: Time 1570.794385 seconds

Slow ML Search 39 Likelihood: -95417.047092
Slow ML Search 40 Likelihood: -95416.159680
Slow ML search on Process 3: Time 1326.551041 seconds
Thorough ML search on Process 3: Time 692.735708 seconds

processID = 3, bestLH = -95416.148810

This is RAxML MPI Process Number: 6

Time for BS model parameter optimization on Process 6: 89.510939 seconds
Bootstrap[78]: Time 166.956331 seconds, bootstrap likelihood -97691.533326, best rearrangement setting 5
Bootstrap[79]: Time 79.172255 seconds, bootstrap likelihood -95867.261247, best rearrangement setting 15
Bootstrap[80]: Time 78.109905 seconds, bootstrap likelihood -93224.301709, best rearrangement setting 7
Bootstrap[81]: Time 72.632182 seconds, bootstrap likelihood -91076.340978, best rearrangement setting 15
Bootstrap[82]: Time 74.150066 seconds, bootstrap likelihood -92423.804414, best rearrangement setting 10
Bootstrap[83]: Time 69.386958 seconds, bootstrap likelihood -94275.333765, best rearrangement setting 6
Bootstrap[84]: Time 76.815171 seconds, bootstrap likelihood -95072.970384, best rearrangement setting 9
Bootstrap[85]: Time 73.225768 seconds, bootstrap likelihood -95910.795217, best rearrangement setting 5
Bootstrap[86]: Time 80.100447 seconds, bootstrap likelihood -94349.256699, best rearrangement setting 15
Bootstrap[87]: Time 76.061072 seconds, bootstrap likelihood -94304.149091, best rearrangement setting 6
Bootstrap[88]: Time 75.076083 seconds, bootstrap likelihood -96324.468845, best rearrangement setting 13
Bootstrap[89]: Time 85.690593 seconds, bootstrap likelihood -97842.115349, best rearrangement setting 13
Bootstrap[90]: Time 61.127371 seconds, bootstrap likelihood -94449.216374, best rearrangement setting 5
Fast ML search on Process 6: Time 1887.759725 seconds

Slow ML Search 78 Likelihood: -95417.379650
Slow ML Search 79 Likelihood: -95420.476331
Slow ML search on Process 6: Time 1234.083555 seconds
Thorough ML search on Process 6: Time 689.859937 seconds

processID = 6, bestLH = -95417.379641

This is RAxML MPI Process Number: 1

Time for BS model parameter optimization on Process 1: 88.968082 seconds
Bootstrap[13]: Time 171.062331 seconds, bootstrap likelihood -96998.365997, best rearrangement setting 12
Bootstrap[14]: Time 74.283229 seconds, bootstrap likelihood -92296.501774, best rearrangement setting 13
Bootstrap[15]: Time 79.428246 seconds, bootstrap likelihood -97278.285250, best rearrangement setting 13
Bootstrap[16]: Time 69.247073 seconds, bootstrap likelihood -92965.918662, best rearrangement setting 6
Bootstrap[17]: Time 71.422454 seconds, bootstrap likelihood -97261.118670, best rearrangement setting 7
Bootstrap[18]: Time 78.631496 seconds, bootstrap likelihood -94871.651747, best rearrangement setting 11
Bootstrap[19]: Time 74.675739 seconds, bootstrap likelihood -96597.905226, best rearrangement setting 10
Bootstrap[20]: Time 73.401277 seconds, bootstrap likelihood -94108.799479, best rearrangement setting 9
Bootstrap[21]: Time 72.966028 seconds, bootstrap likelihood -94686.166137, best rearrangement setting 7
Bootstrap[22]: Time 75.409834 seconds, bootstrap likelihood -95794.631174, best rearrangement setting 12
Bootstrap[23]: Time 82.517243 seconds, bootstrap likelihood -93657.177848, best rearrangement setting 10
Bootstrap[24]: Time 76.895269 seconds, bootstrap likelihood -96913.282604, best rearrangement setting 6
Bootstrap[25]: Time 71.147894 seconds, bootstrap likelihood -94465.840547, best rearrangement setting 15
Fast ML search on Process 1: Time 2200.628603 seconds

Slow ML Search 13 Likelihood: -95413.070437
Slow ML Search 14 Likelihood: -95418.839069
Slow ML search on Process 1: Time 1208.474080 seconds
Thorough ML search on Process 1: Time 563.368570 seconds

processID = 1, bestLH = -95413.070428

This is RAxML MPI Process Number: 0
IMPORTANT WARNING: Alignment column 3546 contains only undetermined values which will be treated as missing data
IMPORTANT WARNING: Alignment column 3564 contains only undetermined values which will be treated as missing data
IMPORTANT WARNING: Alignment column 3593 contains only undetermined values which will be treated as missing data
IMPORTANT WARNING: Alignment column 5801 contains only undetermined values which will be treated as missing data
IMPORTANT WARNING: Alignment column 5835 contains only undetermined values which will be treated as missing data
IMPORTANT WARNING: Alignment column 5848 contains only undetermined values which will be treated as missing data

IMPORTANT WARNING
Found 6 columns that contain only undetermined values which will be treated as missing data.
Normally these columns should be excluded from the analysis.

Just in case you might need it, an alignment file with 
undetermined columns removed is printed to file combined.phy.reduced


This is RAxML version 8.0.22 released by Alexandros Stamatakis on May 6 2014.

With greatly appreciated code contributions by:
Andre Aberer      (HITS)
Simon Berger      (HITS)
Alexey Kozlov     (HITS)
Nick Pattengale   (Sandia)
Wayne Pfeiffer    (SDSC)
Akifumi S. Tanabe (NRIFS)
David Dao         (KIT)
Charlie Taylor    (UF)


Alignment has 3245 distinct alignment patterns

Proportion of gaps and completely undetermined characters in this alignment: 20.74%

RAxML rapid bootstrapping and subsequent ML search

Using 1 distinct models/data partitions with joint branch length optimization



Executing 100 rapid bootstrap inferences and thereafter a thorough ML search 

All free model parameters will be estimated by RAxML
GAMMA model of rate heteorgeneity, ML estimate of alpha-parameter

GAMMA Model parameters will be estimated up to an accuracy of 0.1000000000 Log Likelihood units

Partition: 0
Alignment Patterns: 3245
Name: No Name Provided
DataType: DNA
Substitution Matrix: GTR




RAxML was called as follows:

/gpfs/runtime/opt/raxml/8.0.22/avx/bin/raxmlHPC-MPI -f a -x 12345 -p 12345 -N 100 -m GTRGAMMA -s combined.phy -n combined_boot100 



Time for BS model parameter optimization on Process 0: 82.694447 seconds
Bootstrap[0]: Time 167.574469 seconds, bootstrap likelihood -95452.434490, best rearrangement setting 13
Bootstrap[1]: Time 74.249877 seconds, bootstrap likelihood -97251.133237, best rearrangement setting 13
Bootstrap[2]: Time 72.097994 seconds, bootstrap likelihood -94595.359504, best rearrangement setting 12
Bootstrap[3]: Time 76.795038 seconds, bootstrap likelihood -95894.446910, best rearrangement setting 15
Bootstrap[4]: Time 70.130890 seconds, bootstrap likelihood -94065.108559, best rearrangement setting 10
Bootstrap[5]: Time 75.618250 seconds, bootstrap likelihood -94362.669935, best rearrangement setting 10
Bootstrap[6]: Time 69.092047 seconds, bootstrap likelihood -96432.628545, best rearrangement setting 6
Bootstrap[7]: Time 76.054077 seconds, bootstrap likelihood -92160.349248, best rearrangement setting 14
Bootstrap[8]: Time 72.563773 seconds, bootstrap likelihood -96902.455599, best rearrangement setting 5
Bootstrap[9]: Time 75.285698 seconds, bootstrap likelihood -90307.617002, best rearrangement setting 7
Bootstrap[10]: Time 81.156311 seconds, bootstrap likelihood -95026.737345, best rearrangement setting 7
Bootstrap[11]: Time 73.698313 seconds, bootstrap likelihood -95516.565410, best rearrangement setting 5
Bootstrap[12]: Time 77.726944 seconds, bootstrap likelihood -95627.722915, best rearrangement setting 8


Overall Time for 104 Rapid Bootstraps 1080.755163 seconds
Average Time per Rapid Bootstrap 10.391877 seconds

Starting ML Search ...

Fast ML optimization finished

Fast ML search on Process 0: Time 1626.579869 seconds

Slow ML Search 0 Likelihood: -95414.889402
Slow ML Search 1 Likelihood: -95413.313452
Slow ML optimization finished

Slow ML search on Process 0: Time 1315.501081 seconds
Thorough ML search on Process 0: Time 689.981108 seconds

processID = 0, bestLH = -95413.332154

This is RAxML MPI Process Number: 1

Time for BS model parameter optimization on Process 1: 14.737642 seconds
Bootstrap[13]: Time 29.858477 seconds, bootstrap likelihood -24891.217611, best rearrangement setting 12
Bootstrap[14]: Time 15.517424 seconds, bootstrap likelihood -24008.250811, best rearrangement setting 13
Bootstrap[15]: Time 14.808847 seconds, bootstrap likelihood -23008.986565, best rearrangement setting 13
Bootstrap[16]: Time 11.914327 seconds, bootstrap likelihood -21984.614638, best rearrangement setting 6
Bootstrap[17]: Time 14.549849 seconds, bootstrap likelihood -22787.543513, best rearrangement setting 7
Bootstrap[18]: Time 13.257698 seconds, bootstrap likelihood -23770.973602, best rearrangement setting 11
Bootstrap[19]: Time 13.757413 seconds, bootstrap likelihood -23763.296512, best rearrangement setting 10
Bootstrap[20]: Time 13.777855 seconds, bootstrap likelihood -22833.387244, best rearrangement setting 9
Bootstrap[21]: Time 15.018644 seconds, bootstrap likelihood -21379.017707, best rearrangement setting 7
Bootstrap[22]: Time 14.062799 seconds, bootstrap likelihood -24198.353544, best rearrangement setting 12
Bootstrap[23]: Time 13.440841 seconds, bootstrap likelihood -22266.267287, best rearrangement setting 10
Bootstrap[24]: Time 13.530177 seconds, bootstrap likelihood -23767.154736, best rearrangement setting 6
Bootstrap[25]: Time 17.419492 seconds, bootstrap likelihood -23924.291362, best rearrangement setting 15
Fast ML search on Process 1: Time 521.703299 seconds

Slow ML Search 13 Likelihood: -23553.770942
Slow ML Search 14 Likelihood: -23553.802227
Slow ML search on Process 1: Time 343.442974 seconds
Thorough ML search on Process 1: Time 89.959914 seconds

processID = 1, bestLH = -23553.770944

This is RAxML MPI Process Number: 2

Time for BS model parameter optimization on Process 2: 13.570232 seconds
Bootstrap[26]: Time 29.855554 seconds, bootstrap likelihood -22842.561999, best rearrangement setting 10
Bootstrap[27]: Time 17.581821 seconds, bootstrap likelihood -23064.449115, best rearrangement setting 13
Bootstrap[28]: Time 15.444043 seconds, bootstrap likelihood -22503.567173, best rearrangement setting 14
Bootstrap[29]: Time 14.544759 seconds, bootstrap likelihood -21965.462623, best rearrangement setting 8
Bootstrap[30]: Time 13.893140 seconds, bootstrap likelihood -22667.912033, best rearrangement setting 14
Bootstrap[31]: Time 13.738195 seconds, bootstrap likelihood -24321.144392, best rearrangement setting 12
Bootstrap[32]: Time 13.388888 seconds, bootstrap likelihood -21666.339916, best rearrangement setting 14
Bootstrap[33]: Time 12.437327 seconds, bootstrap likelihood -23649.666235, best rearrangement setting 15
Bootstrap[34]: Time 12.399217 seconds, bootstrap likelihood -24337.580070, best rearrangement setting 9
Bootstrap[35]: Time 13.077667 seconds, bootstrap likelihood -23122.824079, best rearrangement setting 6
Bootstrap[36]: Time 15.023738 seconds, bootstrap likelihood -24636.467916, best rearrangement setting 13
Bootstrap[37]: Time 12.932829 seconds, bootstrap likelihood -23283.571919, best rearrangement setting 7
Bootstrap[38]: Time 13.580839 seconds, bootstrap likelihood -23930.895578, best rearrangement setting 11
Fast ML search on Process 2: Time 782.127084 seconds

Slow ML Search 26 Likelihood: -23553.423067
Slow ML Search 27 Likelihood: -23553.496920
Slow ML search on Process 2: Time 212.826595 seconds
Thorough ML search on Process 2: Time 89.534078 seconds

processID = 2, bestLH = -23553.423068

Final ML Optimization Likelihood: -23553.423068

Model Information:

Model Parameters of Partition 0, Name: No Name Provided, Type of Data: DNA
alpha: 0.481497
Tree-Length: 27.627629
rate A <-> C: 1.882128
rate A <-> G: 6.400933
rate A <-> T: 4.060151
rate C <-> G: 0.779172
rate C <-> T: 11.625040
rate G <-> T: 1.000000

freq pi(A): 0.396766
freq pi(C): 0.124415
freq pi(G): 0.157225
freq pi(T): 0.321594


ML search took 1084.494269 secs or 0.301248 hours

Combined Bootstrap and ML search took 1295.375074 secs or 0.359826 hours

Drawing Bootstrap Support Values on best-scoring ML tree ...



Found 1 tree in File /gpfs/scratch/guest312/hydroidolina/RAxML_bestTree.16s_boot100



Found 1 tree in File /gpfs/scratch/guest312/hydroidolina/RAxML_bestTree.16s_boot100

Program execution info written to /gpfs/scratch/guest312/hydroidolina/RAxML_info.16s_boot100
All 104 bootstrapped trees written to: /gpfs/scratch/guest312/hydroidolina/RAxML_bootstrap.16s_boot100

Best-scoring ML tree written to: /gpfs/scratch/guest312/hydroidolina/RAxML_bestTree.16s_boot100

Best-scoring ML tree with support values written to: /gpfs/scratch/guest312/hydroidolina/RAxML_bipartitions.16s_boot100

Best-scoring ML tree with support values as branch labels written to: /gpfs/scratch/guest312/hydroidolina/RAxML_bipartitionsBranchLabels.16s_boot100

Overall execution time for full ML analysis: 1299.148709 secs or 0.360875 hours or 0.015036 days


This is RAxML MPI Process Number: 4

Time for BS model parameter optimization on Process 4: 13.615971 seconds
Bootstrap[52]: Time 29.854885 seconds, bootstrap likelihood -22858.864511, best rearrangement setting 8
Bootstrap[53]: Time 14.753306 seconds, bootstrap likelihood -22203.078475, best rearrangement setting 14
Bootstrap[54]: Time 13.575246 seconds, bootstrap likelihood -23530.217274, best rearrangement setting 5
Bootstrap[55]: Time 16.611752 seconds, bootstrap likelihood -23578.664890, best rearrangement setting 11
Bootstrap[56]: Time 12.278449 seconds, bootstrap likelihood -24011.646378, best rearrangement setting 6
Bootstrap[57]: Time 16.834932 seconds, bootstrap likelihood -23703.611306, best rearrangement setting 15
Bootstrap[58]: Time 15.348029 seconds, bootstrap likelihood -23815.155368, best rearrangement setting 11
Bootstrap[59]: Time 14.082022 seconds, bootstrap likelihood -22401.654925, best rearrangement setting 5
Bootstrap[60]: Time 14.899393 seconds, bootstrap likelihood -24085.973529, best rearrangement setting 12
Bootstrap[61]: Time 11.088959 seconds, bootstrap likelihood -22589.869983, best rearrangement setting 6
Bootstrap[62]: Time 13.558492 seconds, bootstrap likelihood -22738.862751, best rearrangement setting 7
Bootstrap[63]: Time 12.652470 seconds, bootstrap likelihood -22874.418987, best rearrangement setting 10
Bootstrap[64]: Time 16.816215 seconds, bootstrap likelihood -22695.348841, best rearrangement setting 13
Fast ML search on Process 4: Time 444.191295 seconds

Slow ML Search 52 Likelihood: -23553.835648
Slow ML Search 53 Likelihood: -23557.032064
Slow ML search on Process 4: Time 360.785465 seconds
Thorough ML search on Process 4: Time 96.036850 seconds

processID = 4, bestLH = -23553.891170

This is RAxML MPI Process Number: 5

Time for BS model parameter optimization on Process 5: 14.753445 seconds
Bootstrap[65]: Time 29.857644 seconds, bootstrap likelihood -24189.863238, best rearrangement setting 6
Bootstrap[66]: Time 17.267032 seconds, bootstrap likelihood -22665.161225, best rearrangement setting 15
Bootstrap[67]: Time 15.064121 seconds, bootstrap likelihood -23516.125404, best rearrangement setting 6
Bootstrap[68]: Time 17.700462 seconds, bootstrap likelihood -23630.244289, best rearrangement setting 13
Bootstrap[69]: Time 15.325167 seconds, bootstrap likelihood -23470.709684, best rearrangement setting 14
Bootstrap[70]: Time 12.851792 seconds, bootstrap likelihood -24269.663616, best rearrangement setting 5
Bootstrap[71]: Time 12.727192 seconds, bootstrap likelihood -22280.928764, best rearrangement setting 5
Bootstrap[72]: Time 14.397480 seconds, bootstrap likelihood -21900.725003, best rearrangement setting 11
Bootstrap[73]: Time 14.428663 seconds, bootstrap likelihood -24681.433511, best rearrangement setting 14
Bootstrap[74]: Time 18.741873 seconds, bootstrap likelihood -22760.159397, best rearrangement setting 11
Bootstrap[75]: Time 14.922864 seconds, bootstrap likelihood -24082.530487, best rearrangement setting 10
Bootstrap[76]: Time 15.206142 seconds, bootstrap likelihood -23545.508983, best rearrangement setting 11
Bootstrap[77]: Time 11.465003 seconds, bootstrap likelihood -23494.822536, best rearrangement setting 9
Fast ML search on Process 5: Time 455.679682 seconds

Slow ML Search 65 Likelihood: -23553.779020
Slow ML Search 66 Likelihood: -23554.853215
Slow ML search on Process 5: Time 254.950483 seconds
Thorough ML search on Process 5: Time 113.246682 seconds

processID = 5, bestLH = -23553.770187

This is RAxML MPI Process Number: 3

Time for BS model parameter optimization on Process 3: 13.587800 seconds
Bootstrap[39]: Time 28.445079 seconds, bootstrap likelihood -24266.690502, best rearrangement setting 9
Bootstrap[40]: Time 15.719219 seconds, bootstrap likelihood -23525.849431, best rearrangement setting 14
Bootstrap[41]: Time 16.973024 seconds, bootstrap likelihood -23863.915932, best rearrangement setting 15
Bootstrap[42]: Time 14.322227 seconds, bootstrap likelihood -23162.532488, best rearrangement setting 10
Bootstrap[43]: Time 13.527835 seconds, bootstrap likelihood -23722.484113, best rearrangement setting 10
Bootstrap[44]: Time 13.361778 seconds, bootstrap likelihood -22704.464478, best rearrangement setting 13
Bootstrap[45]: Time 12.788522 seconds, bootstrap likelihood -23427.148652, best rearrangement setting 7
Bootstrap[46]: Time 13.557083 seconds, bootstrap likelihood -23106.373785, best rearrangement setting 10
Bootstrap[47]: Time 16.026757 seconds, bootstrap likelihood -23507.437543, best rearrangement setting 10
Bootstrap[48]: Time 13.124867 seconds, bootstrap likelihood -22929.925890, best rearrangement setting 12
Bootstrap[49]: Time 12.295080 seconds, bootstrap likelihood -23381.917451, best rearrangement setting 5
Bootstrap[50]: Time 12.866881 seconds, bootstrap likelihood -23156.765239, best rearrangement setting 9
Bootstrap[51]: Time 12.400199 seconds, bootstrap likelihood -24801.003665, best rearrangement setting 7
Fast ML search on Process 3: Time 383.695181 seconds

Slow ML Search 39 Likelihood: -23553.669097
Slow ML Search 40 Likelihood: -23554.254970
Slow ML search on Process 3: Time 356.237411 seconds
Thorough ML search on Process 3: Time 116.242517 seconds

processID = 3, bestLH = -23553.661725

This is RAxML MPI Process Number: 6

Time for BS model parameter optimization on Process 6: 13.561042 seconds
Bootstrap[78]: Time 28.444751 seconds, bootstrap likelihood -22671.144174, best rearrangement setting 5
Bootstrap[79]: Time 15.347742 seconds, bootstrap likelihood -23918.109512, best rearrangement setting 15
Bootstrap[80]: Time 13.661300 seconds, bootstrap likelihood -22754.235565, best rearrangement setting 7
Bootstrap[81]: Time 15.190515 seconds, bootstrap likelihood -24212.413803, best rearrangement setting 15
Bootstrap[82]: Time 14.198659 seconds, bootstrap likelihood -23466.620743, best rearrangement setting 10
Bootstrap[83]: Time 12.558813 seconds, bootstrap likelihood -24105.488556, best rearrangement setting 6
Bootstrap[84]: Time 11.840601 seconds, bootstrap likelihood -22246.866408, best rearrangement setting 9
Bootstrap[85]: Time 13.478507 seconds, bootstrap likelihood -23678.801663, best rearrangement setting 5
Bootstrap[86]: Time 15.374364 seconds, bootstrap likelihood -24703.697914, best rearrangement setting 15
Bootstrap[87]: Time 12.972745 seconds, bootstrap likelihood -22805.544038, best rearrangement setting 6
Bootstrap[88]: Time 15.698697 seconds, bootstrap likelihood -23713.512366, best rearrangement setting 13
Bootstrap[89]: Time 14.672069 seconds, bootstrap likelihood -21380.597439, best rearrangement setting 13
Bootstrap[90]: Time 10.889096 seconds, bootstrap likelihood -24575.657657, best rearrangement setting 5
Fast ML search on Process 6: Time 386.412838 seconds

Slow ML Search 78 Likelihood: -23553.766385
Slow ML Search 79 Likelihood: -23555.831113
Slow ML search on Process 6: Time 336.895104 seconds
Thorough ML search on Process 6: Time 114.565200 seconds

processID = 6, bestLH = -23553.741043

This is RAxML MPI Process Number: 7

Time for BS model parameter optimization on Process 7: 13.510322 seconds
Bootstrap[91]: Time 30.731254 seconds, bootstrap likelihood -24209.963980, best rearrangement setting 15
Bootstrap[92]: Time 12.019816 seconds, bootstrap likelihood -24660.315502, best rearrangement setting 5
Bootstrap[93]: Time 14.249589 seconds, bootstrap likelihood -22909.240027, best rearrangement setting 8
Bootstrap[94]: Time 12.106249 seconds, bootstrap likelihood -23664.345616, best rearrangement setting 6
Bootstrap[95]: Time 14.426353 seconds, bootstrap likelihood -24950.907981, best rearrangement setting 6
Bootstrap[96]: Time 13.092394 seconds, bootstrap likelihood -24374.975596, best rearrangement setting 7
Bootstrap[97]: Time 14.830124 seconds, bootstrap likelihood -22630.258859, best rearrangement setting 13
Bootstrap[98]: Time 14.289289 seconds, bootstrap likelihood -22807.227970, best rearrangement setting 11
Bootstrap[99]: Time 12.156353 seconds, bootstrap likelihood -22994.181809, best rearrangement setting 6
Bootstrap[100]: Time 13.263620 seconds, bootstrap likelihood -22198.117965, best rearrangement setting 11
Bootstrap[101]: Time 12.337053 seconds, bootstrap likelihood -23554.795183, best rearrangement setting 5
Bootstrap[102]: Time 15.913339 seconds, bootstrap likelihood -24805.340979, best rearrangement setting 14
Bootstrap[103]: Time 14.512255 seconds, bootstrap likelihood -22539.399063, best rearrangement setting 12
Fast ML search on Process 7: Time 434.624786 seconds

Slow ML Search 91 Likelihood: -23553.779841
Slow ML Search 92 Likelihood: -23556.154639
Slow ML search on Process 7: Time 355.904287 seconds
Thorough ML search on Process 7: Time 100.107227 seconds

processID = 7, bestLH = -23553.771084

This is RAxML MPI Process Number: 0


This is RAxML version 8.0.22 released by Alexandros Stamatakis on May 6 2014.

With greatly appreciated code contributions by:
Andre Aberer      (HITS)
Simon Berger      (HITS)
Alexey Kozlov     (HITS)
Nick Pattengale   (Sandia)
Wayne Pfeiffer    (SDSC)
Akifumi S. Tanabe (NRIFS)
David Dao         (KIT)
Charlie Taylor    (UF)


Alignment has 654 distinct alignment patterns

Proportion of gaps and completely undetermined characters in this alignment: 23.32%

RAxML rapid bootstrapping and subsequent ML search

Using 1 distinct models/data partitions with joint branch length optimization



Executing 100 rapid bootstrap inferences and thereafter a thorough ML search 

All free model parameters will be estimated by RAxML
GAMMA model of rate heteorgeneity, ML estimate of alpha-parameter

GAMMA Model parameters will be estimated up to an accuracy of 0.1000000000 Log Likelihood units

Partition: 0
Alignment Patterns: 654
Name: No Name Provided
DataType: DNA
Substitution Matrix: GTR




RAxML was called as follows:

/gpfs/runtime/opt/raxml/8.0.22/avx/bin/raxmlHPC-MPI -f a -x 12345 -p 12345 -N 100 -m GTRGAMMA -s 16s.phy -n 16s_boot100 



Time for BS model parameter optimization on Process 0: 14.710305 seconds
Bootstrap[0]: Time 30.449967 seconds, bootstrap likelihood -23513.475903, best rearrangement setting 13
Bootstrap[1]: Time 14.203286 seconds, bootstrap likelihood -23306.136905, best rearrangement setting 13
Bootstrap[2]: Time 15.544858 seconds, bootstrap likelihood -23807.600396, best rearrangement setting 12
Bootstrap[3]: Time 17.060449 seconds, bootstrap likelihood -24583.175469, best rearrangement setting 15
Bootstrap[4]: Time 13.164954 seconds, bootstrap likelihood -22632.921510, best rearrangement setting 10
Bootstrap[5]: Time 14.782652 seconds, bootstrap likelihood -24099.586215, best rearrangement setting 10
Bootstrap[6]: Time 12.435014 seconds, bootstrap likelihood -23619.951328, best rearrangement setting 6
Bootstrap[7]: Time 13.636825 seconds, bootstrap likelihood -23486.681816, best rearrangement setting 14
Bootstrap[8]: Time 14.042573 seconds, bootstrap likelihood -23049.428849, best rearrangement setting 5
Bootstrap[9]: Time 14.866774 seconds, bootstrap likelihood -24626.367588, best rearrangement setting 7
Bootstrap[10]: Time 13.101341 seconds, bootstrap likelihood -22125.113824, best rearrangement setting 7
Bootstrap[11]: Time 12.992697 seconds, bootstrap likelihood -25198.036036, best rearrangement setting 5
Bootstrap[12]: Time 12.328715 seconds, bootstrap likelihood -21944.604339, best rearrangement setting 8


Overall Time for 104 Rapid Bootstraps 210.881739 seconds
Average Time per Rapid Bootstrap 2.027709 seconds

Starting ML Search ...

Fast ML optimization finished

Fast ML search on Process 0: Time 379.669014 seconds

Slow ML Search 0 Likelihood: -23553.669874
Slow ML Search 1 Likelihood: -23556.004357
Slow ML optimization finished

Slow ML search on Process 0: Time 378.547467 seconds
Thorough ML search on Process 0: Time 115.259860 seconds

processID = 0, bestLH = -23553.662499

This is RAxML MPI Process Number: 2

Time for BS model parameter optimization on Process 2: 12.431161 seconds
Bootstrap[26]: Time 25.835442 seconds, bootstrap likelihood -16689.377819, best rearrangement setting 10
Bootstrap[27]: Time 13.509340 seconds, bootstrap likelihood -16327.786005, best rearrangement setting 13
Bootstrap[28]: Time 14.148306 seconds, bootstrap likelihood -17126.805123, best rearrangement setting 14
Bootstrap[29]: Time 13.110036 seconds, bootstrap likelihood -15849.855267, best rearrangement setting 8
Bootstrap[30]: Time 13.723540 seconds, bootstrap likelihood -15584.317313, best rearrangement setting 14
Bootstrap[31]: Time 13.962328 seconds, bootstrap likelihood -16596.282806, best rearrangement setting 12
Bootstrap[32]: Time 13.591253 seconds, bootstrap likelihood -17024.958126, best rearrangement setting 14
Bootstrap[33]: Time 13.008557 seconds, bootstrap likelihood -15784.994987, best rearrangement setting 15
Bootstrap[34]: Time 14.470092 seconds, bootstrap likelihood -16559.606273, best rearrangement setting 9
Bootstrap[35]: Time 13.690042 seconds, bootstrap likelihood -16285.000658, best rearrangement setting 6
Bootstrap[36]: Time 12.976733 seconds, bootstrap likelihood -15870.129099, best rearrangement setting 13
Bootstrap[37]: Time 14.145024 seconds, bootstrap likelihood -16432.746701, best rearrangement setting 7
Bootstrap[38]: Time 13.616284 seconds, bootstrap likelihood -16581.219019, best rearrangement setting 11
Fast ML search on Process 2: Time 335.607312 seconds

Slow ML Search 26 Likelihood: -16568.526906
Slow ML Search 27 Likelihood: -16575.247784
Slow ML search on Process 2: Time 238.970936 seconds
Thorough ML search on Process 2: Time 94.595852 seconds

processID = 2, bestLH = -16568.574257

This is RAxML MPI Process Number: 7

Time for BS model parameter optimization on Process 7: 10.883820 seconds
Bootstrap[91]: Time 27.610739 seconds, bootstrap likelihood -15827.354144, best rearrangement setting 15
Bootstrap[92]: Time 13.696913 seconds, bootstrap likelihood -16462.905415, best rearrangement setting 5
Bootstrap[93]: Time 13.449974 seconds, bootstrap likelihood -16066.260171, best rearrangement setting 8
Bootstrap[94]: Time 12.688308 seconds, bootstrap likelihood -16783.219411, best rearrangement setting 6
Bootstrap[95]: Time 12.581834 seconds, bootstrap likelihood -16259.574035, best rearrangement setting 6
Bootstrap[96]: Time 13.303835 seconds, bootstrap likelihood -16250.218319, best rearrangement setting 7
Bootstrap[97]: Time 13.860921 seconds, bootstrap likelihood -17235.965178, best rearrangement setting 13
Bootstrap[98]: Time 14.624004 seconds, bootstrap likelihood -17209.200682, best rearrangement setting 11
Bootstrap[99]: Time 13.026149 seconds, bootstrap likelihood -17084.718030, best rearrangement setting 6
Bootstrap[100]: Time 13.316980 seconds, bootstrap likelihood -16425.348177, best rearrangement setting 11
Bootstrap[101]: Time 13.485044 seconds, bootstrap likelihood -15658.235679, best rearrangement setting 5
Bootstrap[102]: Time 13.258667 seconds, bootstrap likelihood -16390.696347, best rearrangement setting 14
Bootstrap[103]: Time 14.085506 seconds, bootstrap likelihood -16736.413280, best rearrangement setting 12
Fast ML search on Process 7: Time 292.677779 seconds

Slow ML Search 91 Likelihood: -16568.425836
Slow ML Search 92 Likelihood: -16569.880284
Slow ML search on Process 7: Time 228.322975 seconds
Thorough ML search on Process 7: Time 101.471469 seconds

processID = 7, bestLH = -16568.404853

This is RAxML MPI Process Number: 6

Time for BS model parameter optimization on Process 6: 10.973554 seconds
Bootstrap[78]: Time 24.289991 seconds, bootstrap likelihood -17172.841412, best rearrangement setting 5
Bootstrap[79]: Time 14.556950 seconds, bootstrap likelihood -16688.456150, best rearrangement setting 15
Bootstrap[80]: Time 13.496090 seconds, bootstrap likelihood -17044.889670, best rearrangement setting 7
Bootstrap[81]: Time 13.873024 seconds, bootstrap likelihood -15815.665678, best rearrangement setting 15
Bootstrap[82]: Time 12.582820 seconds, bootstrap likelihood -16122.215960, best rearrangement setting 10
Bootstrap[83]: Time 13.196435 seconds, bootstrap likelihood -16577.334079, best rearrangement setting 6
Bootstrap[84]: Time 11.978335 seconds, bootstrap likelihood -15775.815638, best rearrangement setting 9
Bootstrap[85]: Time 12.508540 seconds, bootstrap likelihood -15891.967066, best rearrangement setting 5
Bootstrap[86]: Time 15.495297 seconds, bootstrap likelihood -17040.462942, best rearrangement setting 15
Bootstrap[87]: Time 12.549375 seconds, bootstrap likelihood -17031.658453, best rearrangement setting 6
Bootstrap[88]: Time 13.473702 seconds, bootstrap likelihood -14901.195937, best rearrangement setting 13
Bootstrap[89]: Time 14.742370 seconds, bootstrap likelihood -15946.532579, best rearrangement setting 13
Bootstrap[90]: Time 13.481871 seconds, bootstrap likelihood -15998.975711, best rearrangement setting 5
Fast ML search on Process 6: Time 393.708779 seconds

Slow ML Search 78 Likelihood: -16571.079882
Slow ML Search 79 Likelihood: -16571.820142
Slow ML search on Process 6: Time 210.704078 seconds
Thorough ML search on Process 6: Time 84.362509 seconds

processID = 6, bestLH = -16571.079884

This is RAxML MPI Process Number: 0


This is RAxML version 8.0.22 released by Alexandros Stamatakis on May 6 2014.

With greatly appreciated code contributions by:
Andre Aberer      (HITS)
Simon Berger      (HITS)
Alexey Kozlov     (HITS)
Nick Pattengale   (Sandia)
Wayne Pfeiffer    (SDSC)
Akifumi S. Tanabe (NRIFS)
David Dao         (KIT)
Charlie Taylor    (UF)


Alignment has 760 distinct alignment patterns

Proportion of gaps and completely undetermined characters in this alignment: 10.72%

RAxML rapid bootstrapping and subsequent ML search

Using 1 distinct models/data partitions with joint branch length optimization



Executing 100 rapid bootstrap inferences and thereafter a thorough ML search 

All free model parameters will be estimated by RAxML
GAMMA model of rate heteorgeneity, ML estimate of alpha-parameter

GAMMA Model parameters will be estimated up to an accuracy of 0.1000000000 Log Likelihood units

Partition: 0
Alignment Patterns: 760
Name: No Name Provided
DataType: DNA
Substitution Matrix: GTR




RAxML was called as follows:

/gpfs/runtime/opt/raxml/8.0.22/avx/bin/raxmlHPC-MPI -f a -x 12345 -p 12345 -N 100 -m GTRGAMMA -s 18s.phy -n 18s_boot100 



Time for BS model parameter optimization on Process 0: 11.006931 seconds
Bootstrap[0]: Time 26.789685 seconds, bootstrap likelihood -16919.734637, best rearrangement setting 13
Bootstrap[1]: Time 14.905259 seconds, bootstrap likelihood -16310.710262, best rearrangement setting 13
Bootstrap[2]: Time 13.186081 seconds, bootstrap likelihood -15775.239223, best rearrangement setting 12
Bootstrap[3]: Time 15.072242 seconds, bootstrap likelihood -15669.001650, best rearrangement setting 15
Bootstrap[4]: Time 14.268841 seconds, bootstrap likelihood -16955.564148, best rearrangement setting 10
Bootstrap[5]: Time 14.504690 seconds, bootstrap likelihood -16294.467082, best rearrangement setting 10
Bootstrap[6]: Time 13.222473 seconds, bootstrap likelihood -16317.276756, best rearrangement setting 6
Bootstrap[7]: Time 13.729892 seconds, bootstrap likelihood -15532.555419, best rearrangement setting 14
Bootstrap[8]: Time 12.087411 seconds, bootstrap likelihood -16169.381302, best rearrangement setting 5
Bootstrap[9]: Time 13.311514 seconds, bootstrap likelihood -16247.454516, best rearrangement setting 7
Bootstrap[10]: Time 12.584055 seconds, bootstrap likelihood -15992.750481, best rearrangement setting 7
Bootstrap[11]: Time 13.474719 seconds, bootstrap likelihood -16444.774388, best rearrangement setting 5
Bootstrap[12]: Time 13.856288 seconds, bootstrap likelihood -15426.512389, best rearrangement setting 8


Overall Time for 104 Rapid Bootstraps 196.765782 seconds
Average Time per Rapid Bootstrap 1.891979 seconds

Starting ML Search ...

Fast ML optimization finished

Fast ML search on Process 0: Time 551.548163 seconds

Slow ML Search 0 Likelihood: -16568.574697
Slow ML Search 1 Likelihood: -16571.130078
Slow ML optimization finished

Slow ML search on Process 0: Time 174.479336 seconds
Thorough ML search on Process 0: Time 78.947948 seconds

processID = 0, bestLH = -16568.574697

This is RAxML MPI Process Number: 3

Time for BS model parameter optimization on Process 3: 11.030177 seconds
Bootstrap[39]: Time 24.321848 seconds, bootstrap likelihood -16323.165485, best rearrangement setting 9
Bootstrap[40]: Time 13.728265 seconds, bootstrap likelihood -15348.662403, best rearrangement setting 14
Bootstrap[41]: Time 14.299520 seconds, bootstrap likelihood -16901.746782, best rearrangement setting 15
Bootstrap[42]: Time 14.144314 seconds, bootstrap likelihood -16414.185077, best rearrangement setting 10
Bootstrap[43]: Time 13.841971 seconds, bootstrap likelihood -16633.108238, best rearrangement setting 10
Bootstrap[44]: Time 15.159657 seconds, bootstrap likelihood -16546.600459, best rearrangement setting 13
Bootstrap[45]: Time 13.064302 seconds, bootstrap likelihood -16063.947258, best rearrangement setting 7
Bootstrap[46]: Time 13.767275 seconds, bootstrap likelihood -16250.300470, best rearrangement setting 10
Bootstrap[47]: Time 14.307966 seconds, bootstrap likelihood -15242.161277, best rearrangement setting 10
Bootstrap[48]: Time 14.583276 seconds, bootstrap likelihood -15378.432862, best rearrangement setting 12
Bootstrap[49]: Time 12.874572 seconds, bootstrap likelihood -15958.785966, best rearrangement setting 5
Bootstrap[50]: Time 14.945482 seconds, bootstrap likelihood -17135.725951, best rearrangement setting 9
Bootstrap[51]: Time 14.153046 seconds, bootstrap likelihood -16067.042131, best rearrangement setting 7
Fast ML search on Process 3: Time 326.869085 seconds

Slow ML Search 39 Likelihood: -16567.632278
Slow ML Search 40 Likelihood: -16571.135690
Slow ML search on Process 3: Time 216.113417 seconds
Thorough ML search on Process 3: Time 100.811953 seconds

processID = 3, bestLH = -16567.632278

Final ML Optimization Likelihood: -16567.632278

Model Information:

Model Parameters of Partition 0, Name: No Name Provided, Type of Data: DNA
alpha: 0.208150
Tree-Length: 3.471518
rate A <-> C: 1.358213
rate A <-> G: 2.661064
rate A <-> T: 1.186767
rate C <-> G: 0.933663
rate C <-> T: 6.193228
rate G <-> T: 1.000000

freq pi(A): 0.269513
freq pi(C): 0.194606
freq pi(G): 0.260255
freq pi(T): 0.275625


ML search took 804.980534 secs or 0.223606 hours

Combined Bootstrap and ML search took 1001.744883 secs or 0.278262 hours

Drawing Bootstrap Support Values on best-scoring ML tree ...



Found 1 tree in File /gpfs/scratch/guest312/hydroidolina/RAxML_bestTree.18s_boot100



Found 1 tree in File /gpfs/scratch/guest312/hydroidolina/RAxML_bestTree.18s_boot100

Program execution info written to /gpfs/scratch/guest312/hydroidolina/RAxML_info.18s_boot100
All 104 bootstrapped trees written to: /gpfs/scratch/guest312/hydroidolina/RAxML_bootstrap.18s_boot100

Best-scoring ML tree written to: /gpfs/scratch/guest312/hydroidolina/RAxML_bestTree.18s_boot100

Best-scoring ML tree with support values written to: /gpfs/scratch/guest312/hydroidolina/RAxML_bipartitions.18s_boot100

Best-scoring ML tree with support values as branch labels written to: /gpfs/scratch/guest312/hydroidolina/RAxML_bipartitionsBranchLabels.18s_boot100

Overall execution time for full ML analysis: 1001.773053 secs or 0.278270 hours or 0.011595 days


This is RAxML MPI Process Number: 1

Time for BS model parameter optimization on Process 1: 10.927184 seconds
Bootstrap[13]: Time 25.271840 seconds, bootstrap likelihood -16995.415683, best rearrangement setting 12
Bootstrap[14]: Time 13.876083 seconds, bootstrap likelihood -17097.250571, best rearrangement setting 13
Bootstrap[15]: Time 13.439582 seconds, bootstrap likelihood -16810.214446, best rearrangement setting 13
Bootstrap[16]: Time 13.858673 seconds, bootstrap likelihood -16290.752151, best rearrangement setting 6
Bootstrap[17]: Time 13.523966 seconds, bootstrap likelihood -16191.423998, best rearrangement setting 7
Bootstrap[18]: Time 13.197595 seconds, bootstrap likelihood -15485.786350, best rearrangement setting 11
Bootstrap[19]: Time 13.480179 seconds, bootstrap likelihood -15295.569233, best rearrangement setting 10
Bootstrap[20]: Time 15.051069 seconds, bootstrap likelihood -18229.475253, best rearrangement setting 9
Bootstrap[21]: Time 14.005758 seconds, bootstrap likelihood -17078.806769, best rearrangement setting 7
Bootstrap[22]: Time 13.114295 seconds, bootstrap likelihood -15252.161805, best rearrangement setting 12
Bootstrap[23]: Time 13.759713 seconds, bootstrap likelihood -15168.563375, best rearrangement setting 10
Bootstrap[24]: Time 13.128197 seconds, bootstrap likelihood -17660.144393, best rearrangement setting 6
Bootstrap[25]: Time 13.442538 seconds, bootstrap likelihood -15979.794186, best rearrangement setting 15
Fast ML search on Process 1: Time 314.758932 seconds

Slow ML Search 13 Likelihood: -16567.683799
Slow ML Search 14 Likelihood: -16569.568544
Slow ML search on Process 1: Time 250.701438 seconds
Thorough ML search on Process 1: Time 99.746604 seconds

processID = 1, bestLH = -16567.632679

This is RAxML MPI Process Number: 4

Time for BS model parameter optimization on Process 4: 10.986662 seconds
Bootstrap[52]: Time 24.633021 seconds, bootstrap likelihood -17066.013494, best rearrangement setting 8
Bootstrap[53]: Time 13.724506 seconds, bootstrap likelihood -16277.531193, best rearrangement setting 14
Bootstrap[54]: Time 14.123865 seconds, bootstrap likelihood -17009.813948, best rearrangement setting 5
Bootstrap[55]: Time 13.559513 seconds, bootstrap likelihood -15516.007438, best rearrangement setting 11
Bootstrap[56]: Time 13.415304 seconds, bootstrap likelihood -15948.451929, best rearrangement setting 6
Bootstrap[57]: Time 16.422350 seconds, bootstrap likelihood -17459.374851, best rearrangement setting 15
Bootstrap[58]: Time 13.486092 seconds, bootstrap likelihood -16231.182888, best rearrangement setting 11
Bootstrap[59]: Time 12.460215 seconds, bootstrap likelihood -16203.239413, best rearrangement setting 5
Bootstrap[60]: Time 12.317033 seconds, bootstrap likelihood -16184.599560, best rearrangement setting 12
Bootstrap[61]: Time 14.028291 seconds, bootstrap likelihood -17339.251756, best rearrangement setting 6
Bootstrap[62]: Time 14.163874 seconds, bootstrap likelihood -16638.427560, best rearrangement setting 7
Bootstrap[63]: Time 12.664816 seconds, bootstrap likelihood -15461.565067, best rearrangement setting 10
Bootstrap[64]: Time 13.869623 seconds, bootstrap likelihood -16295.186102, best rearrangement setting 13
Fast ML search on Process 4: Time 492.021273 seconds

Slow ML Search 52 Likelihood: -16568.652634
Slow ML Search 53 Likelihood: -16569.672482
Slow ML search on Process 4: Time 222.273488 seconds
Thorough ML search on Process 4: Time 77.467142 seconds

processID = 4, bestLH = -16568.702472

This is RAxML MPI Process Number: 5

Time for BS model parameter optimization on Process 5: 11.006619 seconds
Bootstrap[65]: Time 24.911888 seconds, bootstrap likelihood -15849.341940, best rearrangement setting 6
Bootstrap[66]: Time 14.419563 seconds, bootstrap likelihood -15015.169643, best rearrangement setting 15
Bootstrap[67]: Time 13.638624 seconds, bootstrap likelihood -16124.711797, best rearrangement setting 6
Bootstrap[68]: Time 14.017869 seconds, bootstrap likelihood -15359.154159, best rearrangement setting 13
Bootstrap[69]: Time 13.744877 seconds, bootstrap likelihood -15226.442225, best rearrangement setting 14
Bootstrap[70]: Time 16.064498 seconds, bootstrap likelihood -16989.577026, best rearrangement setting 5
Bootstrap[71]: Time 12.903320 seconds, bootstrap likelihood -16505.288344, best rearrangement setting 5
Bootstrap[72]: Time 14.379625 seconds, bootstrap likelihood -16920.334020, best rearrangement setting 11
Bootstrap[73]: Time 13.632744 seconds, bootstrap likelihood -16929.265551, best rearrangement setting 14
Bootstrap[74]: Time 13.520278 seconds, bootstrap likelihood -17077.161538, best rearrangement setting 11
Bootstrap[75]: Time 14.635150 seconds, bootstrap likelihood -17042.113224, best rearrangement setting 10
Bootstrap[76]: Time 12.492519 seconds, bootstrap likelihood -15940.039615, best rearrangement setting 11
Bootstrap[77]: Time 13.177493 seconds, bootstrap likelihood -16551.886784, best rearrangement setting 9
Fast ML search on Process 5: Time 365.866610 seconds

Slow ML Search 65 Likelihood: -16570.921553
Slow ML Search 66 Likelihood: -16568.407336
Slow ML search on Process 5: Time 216.374877 seconds
Thorough ML search on Process 5: Time 103.860065 seconds

processID = 5, bestLH = -16568.467759

This is RAxML MPI Process Number: 0
IMPORTANT WARNING: Alignment column 833 contains only undetermined values which will be treated as missing data
IMPORTANT WARNING: Alignment column 851 contains only undetermined values which will be treated as missing data
IMPORTANT WARNING: Alignment column 880 contains only undetermined values which will be treated as missing data
IMPORTANT WARNING: Alignment column 3088 contains only undetermined values which will be treated as missing data
IMPORTANT WARNING: Alignment column 3122 contains only undetermined values which will be treated as missing data
IMPORTANT WARNING: Alignment column 3135 contains only undetermined values which will be treated as missing data

IMPORTANT WARNING
Found 6 columns that contain only undetermined values which will be treated as missing data.
Normally these columns should be excluded from the analysis.

Just in case you might need it, an alignment file with 
undetermined columns removed is printed to file 28s.phy.reduced


This is RAxML version 8.0.22 released by Alexandros Stamatakis on May 6 2014.

With greatly appreciated code contributions by:
Andre Aberer      (HITS)
Simon Berger      (HITS)
Alexey Kozlov     (HITS)
Nick Pattengale   (Sandia)
Wayne Pfeiffer    (SDSC)
Akifumi S. Tanabe (NRIFS)
David Dao         (KIT)
Charlie Taylor    (UF)


Alignment has 1849 distinct alignment patterns

Proportion of gaps and completely undetermined characters in this alignment: 14.17%

RAxML rapid bootstrapping and subsequent ML search

Using 1 distinct models/data partitions with joint branch length optimization



Executing 100 rapid bootstrap inferences and thereafter a thorough ML search 

All free model parameters will be estimated by RAxML
GAMMA model of rate heteorgeneity, ML estimate of alpha-parameter

GAMMA Model parameters will be estimated up to an accuracy of 0.1000000000 Log Likelihood units

Partition: 0
Alignment Patterns: 1849
Name: No Name Provided
DataType: DNA
Substitution Matrix: GTR




RAxML was called as follows:

/gpfs/runtime/opt/raxml/8.0.22/avx/bin/raxmlHPC-MPI -f a -x 12345 -p 12345 -N 100 -m GTRGAMMA -s 28s.phy -n 28s_boot100 



Time for BS model parameter optimization on Process 0: 32.845388 seconds
Bootstrap[0]: Time 72.547825 seconds, bootstrap likelihood -48664.053695, best rearrangement setting 13
Bootstrap[1]: Time 41.042063 seconds, bootstrap likelihood -51574.249411, best rearrangement setting 13
Bootstrap[2]: Time 39.232510 seconds, bootstrap likelihood -50864.787273, best rearrangement setting 12
Bootstrap[3]: Time 40.795880 seconds, bootstrap likelihood -48488.256005, best rearrangement setting 15
Bootstrap[4]: Time 36.657097 seconds, bootstrap likelihood -49293.677445, best rearrangement setting 10
Bootstrap[5]: Time 42.040724 seconds, bootstrap likelihood -49032.153260, best rearrangement setting 10
Bootstrap[6]: Time 39.774823 seconds, bootstrap likelihood -48569.084376, best rearrangement setting 6
Bootstrap[7]: Time 40.970007 seconds, bootstrap likelihood -49659.303456, best rearrangement setting 14
Bootstrap[8]: Time 37.230845 seconds, bootstrap likelihood -49741.890190, best rearrangement setting 5
Bootstrap[9]: Time 38.713394 seconds, bootstrap likelihood -48107.699150, best rearrangement setting 7
Bootstrap[10]: Time 38.100296 seconds, bootstrap likelihood -50640.073415, best rearrangement setting 7
Bootstrap[11]: Time 38.679827 seconds, bootstrap likelihood -51654.113846, best rearrangement setting 5
Bootstrap[12]: Time 42.385611 seconds, bootstrap likelihood -48639.519550, best rearrangement setting 8


Overall Time for 104 Rapid Bootstraps 551.945757 seconds
Average Time per Rapid Bootstrap 5.307171 seconds

Starting ML Search ...

Fast ML optimization finished

Fast ML search on Process 0: Time 946.621243 seconds

Slow ML Search 0 Likelihood: -50347.039784
Slow ML Search 1 Likelihood: -50351.804131
Slow ML optimization finished

Slow ML search on Process 0: Time 703.280057 seconds
Thorough ML search on Process 0: Time 284.527240 seconds

processID = 0, bestLH = -50347.039784

Final ML Optimization Likelihoo
This is RAxML MPI Process Number: 4

Time for BS model parameter optimization on Process 4: 32.878461 seconds
Bootstrap[52]: Time 82.627275 seconds, bootstrap likelihood -49477.411104, best rearrangement setting 8
Bootstrap[53]: Time 41.812418 seconds, bootstrap likelihood -51206.331823, best rearrangement setting 14
Bootstrap[54]: Time 37.651846 seconds, bootstrap likelihood -50906.288660, best rearrangement setting 5
Bootstrap[55]: Time 37.570915 seconds, bootstrap likelihood -50204.525325, best rearrangement setting 11
Bootstrap[56]: Time 39.239909 seconds, bootstrap likelihood -50618.280533, best rearrangement setting 6
Bootstrap[57]: Time 42.005993 seconds, bootstrap likelihood -52427.250451, best rearrangement setting 15
Bootstrap[58]: Time 37.484973 seconds, bootstrap likelihood -47913.475690, best rearrangement setting 11
Bootstrap[59]: Time 38.965247 seconds, bootstrap likelihood -50747.015290, best rearrangement setting 5
Bootstrap[60]: Time 40.214371 seconds, bootstrap likelihood -48235.213077, best rearrangement setting 12
Bootstrap[61]: Time 37.219693 seconds, bootstrap likelihood -50760.622333, best rearrangement setting 6
Bootstrap[62]: Time 38.117407 seconds, bootstrap likelihood -49212.308877, best rearrangement setting 7
Bootstrap[63]: Time 40.937737 seconds, bootstrap likelihood -53649.615586, best rearrangement setting 10
Bootstrap[64]: Time 35.675616 seconds, bootstrap likelihood -48220.436932, best rearrangement setting 13
Fast ML search on Process 4: Time 793.745312 seconds

Slow ML Search 52 Likelihood: -50352.874584
Slow ML Search 53 Likelihood: -50351.735361
Slow ML search on Process 4: Time 707.415942 seconds
Thorough ML search on Process 4: Time 324.069657 seconds

processID = 4, bestLH = -50351.711239

This is RAxML MPI Process Number: 5

Time for BS model parameter optimization on Process 5: 32.818507 seconds
Bootstrap[65]: Time 72.571079 seconds, bootstrap likelihood -48150.908786, best rearrangement setting 6
Bootstrap[66]: Time 38.246026 seconds, bootstrap likelihood -47787.200072, best rearrangement setting 15
Bootstrap[67]: Time 37.960098 seconds, bootstrap likelihood -48518.496971, best rearrangement setting 6
Bootstrap[68]: Time 40.385462 seconds, bootstrap likelihood -50055.696839, best rearrangement setting 13
Bootstrap[69]: Time 40.059318 seconds, bootstrap likelihood -51152.792074, best rearrangement setting 14
Bootstrap[70]: Time 37.888368 seconds, bootstrap likelihood -52018.937635, best rearrangement setting 5
Bootstrap[71]: Time 37.668397 seconds, bootstrap likelihood -49835.857733, best rearrangement setting 5
Bootstrap[72]: Time 43.781941 seconds, bootstrap likelihood -49821.810515, best rearrangement setting 11
Bootstrap[73]: Time 38.119791 seconds, bootstrap likelihood -52238.380317, best rearrangement setting 14
Bootstrap[74]: Time 41.371449 seconds, bootstrap likelihood -51638.522400, best rearrangement setting 11
Bootstrap[75]: Time 38.829307 seconds, bootstrap likelihood -51411.150134, best rearrangement setting 10
Bootstrap[76]: Time 39.138914 seconds, bootstrap likelihood -52718.850402, best rearrangement setting 11
Bootstrap[77]: Time 36.997511 seconds, bootstrap likelihood -48722.346041, best rearrangement setting 9
Fast ML search on Process 5: Time 808.726111 seconds

Slow ML Search 65 Likelihood: -50355.547175
Slow ML Search 66 Likelihood: -50362.629475
Slow ML search on Process 5: Time 709.706322 seconds
Thorough ML search on Process 5: Time 317.042024 seconds

processID = 5, bestLH = -50355.560510

This is RAxML MPI Process Number: 3

Time for BS model parameter optimization on Process 3: 32.804032 seconds
Bootstrap[39]: Time 74.467806 seconds, bootstrap likelihood -48180.470886, best rearrangement setting 9
Bootstrap[40]: Time 40.607762 seconds, bootstrap likelihood -51944.313974, best rearrangement setting 14
Bootstrap[41]: Time 41.325410 seconds, bootstrap likelihood -48656.407103, best rearrangement setting 15
Bootstrap[42]: Time 41.004054 seconds, bootstrap likelihood -52425.137240, best rearrangement setting 10
Bootstrap[43]: Time 39.370638 seconds, bootstrap likelihood -49464.715267, best rearrangement setting 10
Bootstrap[44]: Time 38.896260 seconds, bootstrap likelihood -48931.754498, best rearrangement setting 13
Bootstrap[45]: Time 40.935375 seconds, bootstrap likelihood -49935.450210, best rearrangement setting 7
Bootstrap[46]: Time 40.333479 seconds, bootstrap likelihood -47653.274911, best rearrangement setting 10
Bootstrap[47]: Time 38.072821 seconds, bootstrap likelihood -48320.926239, best rearrangement setting 10
Bootstrap[48]: Time 41.740934 seconds, bootstrap likelihood -47386.537944, best rearrangement setting 12
Bootstrap[49]: Time 39.040784 seconds, bootstrap likelihood -49168.123073, best rearrangement setting 5
Bootstrap[50]: Time 37.619570 seconds, bootstrap likelihood -50617.098410, best rearrangement setting 9
Bootstrap[51]: Time 38.072051 seconds, bootstrap likelihood -48764.882134, best rearrangement setting 7
Fast ML search on Process 3: Time 1030.175963 seconds

Slow ML Search 39 Likelihood: -50353.420264
Slow ML Search 40 Likelihood: -50358.129548
Slow ML search on Process 3: Time 654.583981 seconds
Thorough ML search on Process 3: Time 319.070731 seconds

processID = 3, bestLH = -50353.420265
d: -50347.039784

Model Information:

Model Parameters of Partition 0, Name: No Name Provided, Type of Data: DNA
alpha: 0.239585
Tree-Length: 8.336512
rate A <-> C: 0.588715
rate A <-> G: 2.107479
rate A <-> T: 0.646216
rate C <-> G: 0.721779
rate C <-> T: 4.482694
rate G <-> T: 1.000000

freq pi(A): 0.263767
freq pi(C): 0.207798
freq pi(G): 0.283709
freq pi(T): 0.244726


ML search took 2099.975303 secs or 0.583326 hours

Combined Bootstrap and ML search took 2651.921176 secs or 0.736645 hours

Drawing Bootstrap Support Values on best-scoring ML tree ...



Found 1 tree in File /gpfs/scratch/guest312/hydroidolina/RAxML_bestTree.28s_boot100



Found 1 tree in File /gpfs/scratch/guest312/hydroidolina/RAxML_bestTree.28s_boot100

Program execution info written to /gpfs/scratch/guest312/hydroidolina/RAxML_info.28s_boot100
All 104 bootstrapped trees written to: /gpfs/scratch/guest312/hydroidolina/RAxML_bootstrap.28s_boot100

Best-scoring ML tree written to: /gpfs/scratch/guest312/hydroidolina/RAxML_bestTree.28s_boot100

Best-scoring ML tree with support values written to: /gpfs/scratch/guest312/hydroidolina/RAxML_bipartitions.28s_boot100

Best-scoring ML tree with support values as branch labels written to: /gpfs/scratch/guest312/hydroidolina/RAxML_bipartitionsBranchLabels.28s_boot100

Overall execution time for full ML analysis: 2652.009069 secs or 0.736669 hours or 0.030695 days


This is RAxML MPI Process Number: 1

Time for BS model parameter optimization on Process 1: 32.914184 seconds
Bootstrap[13]: Time 76.039167 seconds, bootstrap likelihood -51779.285159, best rearrangement setting 12
Bootstrap[14]: Time 43.730531 seconds, bootstrap likelihood -52075.739981, best rearrangement setting 13
Bootstrap[15]: Time 39.835508 seconds, bootstrap likelihood -50645.000553, best rearrangement setting 13
Bootstrap[16]: Time 38.203689 seconds, bootstrap likelihood -53479.869432, best rearrangement setting 6
Bootstrap[17]: Time 37.949183 seconds, bootstrap likelihood -51600.085800, best rearrangement setting 7
Bootstrap[18]: Time 39.257588 seconds, bootstrap likelihood -49821.071830, best rearrangement setting 11
Bootstrap[19]: Time 42.314163 seconds, bootstrap likelihood -51212.004004, best rearrangement setting 10
Bootstrap[20]: Time 39.921184 seconds, bootstrap likelihood -51561.304264, best rearrangement setting 9
Bootstrap[21]: Time 36.445749 seconds, bootstrap likelihood -48665.465835, best rearrangement setting 7
Bootstrap[22]: Time 41.488455 seconds, bootstrap likelihood -49349.016432, best rearrangement setting 12
Bootstrap[23]: Time 36.184876 seconds, bootstrap likelihood -48745.143179, best rearrangement setting 10
Bootstrap[24]: Time 36.898002 seconds, bootstrap likelihood -50460.932874, best rearrangement setting 6
Bootstrap[25]: Time 37.085902 seconds, bootstrap likelihood -50476.671999, best rearrangement setting 15
Fast ML search on Process 1: Time 731.858277 seconds

Slow ML Search 13 Likelihood: -50349.576024
Slow ML Search 14 Likelihood: -50358.138368
Slow ML search on Process 1: Time 756.436446 seconds
Thorough ML search on Process 1: Time 322.529951 seconds

processID = 1, bestLH = -50349.564798

This is RAxML MPI Process Number: 2

Time for BS model parameter optimization on Process 2: 32.995572 seconds
Bootstrap[26]: Time 76.109047 seconds, bootstrap likelihood -49078.190182, best rearrangement setting 10
Bootstrap[27]: Time 40.038711 seconds, bootstrap likelihood -50161.238493, best rearrangement setting 13
Bootstrap[28]: Time 36.728048 seconds, bootstrap likelihood -48740.894678, best rearrangement setting 14
Bootstrap[29]: Time 43.052491 seconds, bootstrap likelihood -51349.093404, best rearrangement setting 8
Bootstrap[30]: Time 42.761948 seconds, bootstrap likelihood -50346.994006, best rearrangement setting 14
Bootstrap[31]: Time 38.751873 seconds, bootstrap likelihood -50605.026436, best rearrangement setting 12
Bootstrap[32]: Time 40.206547 seconds, bootstrap likelihood -51079.074665, best rearrangement setting 14
Bootstrap[33]: Time 37.769293 seconds, bootstrap likelihood -49217.840867, best rearrangement setting 15
Bootstrap[34]: Time 39.086565 seconds, bootstrap likelihood -48357.004798, best rearrangement setting 9
Bootstrap[35]: Time 38.515799 seconds, bootstrap likelihood -51220.990650, best rearrangement setting 6
Bootstrap[36]: Time 40.235697 seconds, bootstrap likelihood -49587.396282, best rearrangement setting 13
Bootstrap[37]: Time 40.620997 seconds, bootstrap likelihood -51956.231596, best rearrangement setting 7
Bootstrap[38]: Time 37.455806 seconds, bootstrap likelihood -49104.240382, best rearrangement setting 11
Fast ML search on Process 2: Time 1087.547343 seconds

Slow ML Search 26 Likelihood: -50351.613113
Slow ML Search 27 Likelihood: -50351.236493
Slow ML search on Process 2: Time 648.722372 seconds
Thorough ML search on Process 2: Time 311.540135 seconds

processID = 2, bestLH = -50351.197665

This is RAxML MPI Process Number: 7

Time for BS model parameter optimization on Process 7: 32.763760 seconds
Bootstrap[91]: Time 73.751800 seconds, bootstrap likelihood -48421.494454, best rearrangement setting 15
Bootstrap[92]: Time 35.437891 seconds, bootstrap likelihood -48192.843711, best rearrangement setting 5
Bootstrap[93]: Time 36.749223 seconds, bootstrap likelihood -50070.627827, best rearrangement setting 8
Bootstrap[94]: Time 34.769448 seconds, bootstrap likelihood -52018.864723, best rearrangement setting 6
Bootstrap[95]: Time 38.250667 seconds, bootstrap likelihood -51901.862104, best rearrangement setting 6
Bootstrap[96]: Time 38.304895 seconds, bootstrap likelihood -49238.692627, best rearrangement setting 7
Bootstrap[97]: Time 37.316163 seconds, bootstrap likelihood -49801.415231, best rearrangement setting 13
Bootstrap[98]: Time 40.398221 seconds, bootstrap likelihood -49871.232776, best rearrangement setting 11
Bootstrap[99]: Time 37.059349 seconds, bootstrap likelihood -50971.392234, best rearrangement setting 6
Bootstrap[100]: Time 41.218242 seconds, bootstrap likelihood -49059.903049, best rearrangement setting 11
Bootstrap[101]: Time 43.447135 seconds, bootstrap likelihood -51251.872500, best rearrangement setting 5
Bootstrap[102]: Time 43.549465 seconds, bootstrap likelihood -50585.716244, best rearrangement setting 14
Bootstrap[103]: Time 40.656724 seconds, bootstrap likelihood -52727.083590, best rearrangement setting 12
Fast ML search on Process 7: Time 1170.310401 seconds

Slow ML Search 91 Likelihood: -50349.778682
Slow ML Search 92 Likelihood: -50354.636813
Slow ML search on Process 7: Time 640.885431 seconds
Thorough ML search on Process 7: Time 288.774973 seconds

processID = 7, bestLH = -50349.778683

This is RAxML MPI Process Number: 6

Time for BS model parameter optimization on Process 6: 32.867158 seconds
Bootstrap[78]: Time 72.098422 seconds, bootstrap likelihood -50313.185538, best rearrangement setting 5
Bootstrap[79]: Time 42.103077 seconds, bootstrap likelihood -50273.968294, best rearrangement setting 15
Bootstrap[80]: Time 41.521735 seconds, bootstrap likelihood -50349.027875, best rearrangement setting 7
Bootstrap[81]: Time 39.115284 seconds, bootstrap likelihood -51612.751011, best rearrangement setting 15
Bootstrap[82]: Time 39.679704 seconds, bootstrap likelihood -51222.709307, best rearrangement setting 10
Bootstrap[83]: Time 37.543107 seconds, bootstrap likelihood -48710.751585, best rearrangement setting 6
Bootstrap[84]: Time 39.691347 seconds, bootstrap likelihood -50235.366588, best rearrangement setting 9
Bootstrap[85]: Time 37.463359 seconds, bootstrap likelihood -48241.429352, best rearrangement setting 5
Bootstrap[86]: Time 38.938691 seconds, bootstrap likelihood -49723.052196, best rearrangement setting 15
Bootstrap[87]: Time 39.984303 seconds, bootstrap likelihood -49800.076610, best rearrangement setting 6
Bootstrap[88]: Time 41.598967 seconds, bootstrap likelihood -46525.702526, best rearrangement setting 13
Bootstrap[89]: Time 39.568620 seconds, bootstrap likelihood -49557.700699, best rearrangement setting 13
Bootstrap[90]: Time 36.479852 seconds, bootstrap likelihood -49548.774517, best rearrangement setting 5
Fast ML search on Process 6: Time 939.850839 seconds

Slow ML Search 78 Likelihood: -50347.048824
Slow ML Search 79 Likelihood: -50350.147133
Slow ML search on Process 6: Time 713.376354 seconds
Thorough ML search on Process 6: Time 321.277084 seconds

processID = 6, bestLH = -50347.039971
