## SLURM PROLOG ###############################################################
##    Job ID : 12143866
##  Job Name : MyMPIJob
##  Nodelist : smp013
##      CPUs : 8
##   Mem/CPU : 2800 MB
## Directory : /gpfs/scratch/guest317/hydroidolina
##   Started : Mon Mar  7 19:38:26 EST 2016
###############################################################################
module: loading 'raxml/8.0.22'

This is RAxML MPI Process Number: 3

Time for BS model parameter optimization on Process 3: 82.489425 seconds
Bootstrap[39]: Time 163.672778 seconds, bootstrap likelihood -94074.602688, best rearrangement setting 9
Bootstrap[40]: Time 72.373674 seconds, bootstrap likelihood -93199.857556, best rearrangement setting 14
Bootstrap[41]: Time 70.721430 seconds, bootstrap likelihood -93460.123388, best rearrangement setting 15
Bootstrap[42]: Time 68.895210 seconds, bootstrap likelihood -92834.252348, best rearrangement setting 10
Bootstrap[43]: Time 75.961569 seconds, bootstrap likelihood -93572.996693, best rearrangement setting 10
Bootstrap[44]: Time 73.735682 seconds, bootstrap likelihood -90803.231293, best rearrangement setting 13
Bootstrap[45]: Time 68.146219 seconds, bootstrap likelihood -94888.135750, best rearrangement setting 7
Bootstrap[46]: Time 70.627769 seconds, bootstrap likelihood -96519.162354, best rearrangement setting 10
Bootstrap[47]: Time 67.478011 seconds, bootstrap likelihood -97234.409104, best rearrangement setting 10
Bootstrap[48]: Time 70.727115 seconds, bootstrap likelihood -95522.184383, best rearrangement setting 12
Bootstrap[49]: Time 63.609427 seconds, bootstrap likelihood -95015.119098, best rearrangement setting 5
Bootstrap[50]: Time 71.999667 seconds, bootstrap likelihood -96414.682658, best rearrangement setting 9
Bootstrap[51]: Time 71.425026 seconds, bootstrap likelihood -95515.349414, best rearrangement setting 7
Fast ML search on Process 3: Time 1730.383766 seconds

Slow ML Search 39 Likelihood: -94428.330756
Slow ML Search 40 Likelihood: -94428.974655
Slow ML search on Process 3: Time 1245.251522 seconds
Thorough ML search on Process 3: Time 617.799353 seconds

processID = 3, bestLH = -94428.330754

This is RAxML MPI Process Number: 2

Time for BS model parameter optimization on Process 2: 82.804976 seconds
Bootstrap[26]: Time 157.337048 seconds, bootstrap likelihood -93620.291388, best rearrangement setting 10
Bootstrap[27]: Time 71.460187 seconds, bootstrap likelihood -95402.318223, best rearrangement setting 13
Bootstrap[28]: Time 73.258128 seconds, bootstrap likelihood -96843.459071, best rearrangement setting 14
Bootstrap[29]: Time 78.639573 seconds, bootstrap likelihood -92608.598390, best rearrangement setting 8
Bootstrap[30]: Time 70.472949 seconds, bootstrap likelihood -93041.459926, best rearrangement setting 14
Bootstrap[31]: Time 65.666669 seconds, bootstrap likelihood -92126.503188, best rearrangement setting 12
Bootstrap[32]: Time 81.921752 seconds, bootstrap likelihood -93545.319590, best rearrangement setting 14
Bootstrap[33]: Time 73.278927 seconds, bootstrap likelihood -90553.540948, best rearrangement setting 15
Bootstrap[34]: Time 73.453562 seconds, bootstrap likelihood -96436.864523, best rearrangement setting 9
Bootstrap[35]: Time 73.407079 seconds, bootstrap likelihood -95354.118061, best rearrangement setting 6
Bootstrap[36]: Time 67.615088 seconds, bootstrap likelihood -94059.309867, best rearrangement setting 13
Bootstrap[37]: Time 71.932441 seconds, bootstrap likelihood -91581.764957, best rearrangement setting 7
Bootstrap[38]: Time 69.598771 seconds, bootstrap likelihood -98077.705604, best rearrangement setting 11
Fast ML search on Process 2: Time 1542.195822 seconds

Slow ML Search 26 Likelihood: -94433.884778
Slow ML Search 27 Likelihood: -94428.037214
Slow ML search on Process 2: Time 1277.082522 seconds
Thorough ML search on Process 2: Time 648.982873 seconds

processID = 2, bestLH = -94427.917529

Final ML Optimization Likelihood: -94427.917529

Model Information:

Model Parameters of Partition 0, Name: No Name Provided, Type of Data: DNA
alpha: 0.253321
Tree-Length: 8.219909
rate A <-> C: 0.806800
rate A <-> G: 2.608071
rate A <-> T: 1.911118
rate C <-> G: 0.900656
rate C <-> T: 5.287369
rate G <-> T: 1.000000

freq pi(A): 0.277945
freq pi(C): 0.195911
freq pi(G): 0.264600
freq pi(T): 0.261544


ML search took 3720.514024 secs or 1.033476 hours

Combined Bootstrap and ML search took 4748.887598 secs or 1.319135 hours

Drawing Bootstrap Support Values on best-scoring ML tree ...



Found 1 tree in File /gpfs/scratch/guest317/hydroidolina/RAxML_bestTree.combined_boot100



Found 1 tree in File /gpfs/scratch/guest317/hydroidolina/RAxML_bestTree.combined_boot100

Program execution info written to /gpfs/scratch/guest317/hydroidolina/RAxML_info.combined_boot100
All 104 bootstrapped trees written to: /gpfs/scratch/guest317/hydroidolina/RAxML_bootstrap.combined_boot100

Best-scoring ML tree written to: /gpfs/scratch/guest317/hydroidolina/RAxML_bestTree.combined_boot100

Best-scoring ML tree with support values written to: /gpfs/scratch/guest317/hydroidolina/RAxML_bipartitions.combined_boot100

Best-scoring ML tree with support values as branch labels written to: /gpfs/scratch/guest317/hydroidolina/RAxML_bipartitionsBranchLabels.combined_boot100

Overall execution time for full ML analysis: 4748.933811 secs or 1.319148 hours or 0.054965 days


This is RAxML MPI Process Number: 5

Time for BS model parameter optimization on Process 5: 82.852207 seconds
Bootstrap[65]: Time 155.981064 seconds, bootstrap likelihood -93238.924032, best rearrangement setting 6
Bootstrap[66]: Time 71.854514 seconds, bootstrap likelihood -92753.617076, best rearrangement setting 15
Bootstrap[67]: Time 75.036574 seconds, bootstrap likelihood -95307.577059, best rearrangement setting 6
Bootstrap[68]: Time 66.158134 seconds, bootstrap likelihood -93136.457783, best rearrangement setting 13
Bootstrap[69]: Time 72.346297 seconds, bootstrap likelihood -96177.294420, best rearrangement setting 14
Bootstrap[70]: Time 65.637928 seconds, bootstrap likelihood -95926.329481, best rearrangement setting 5
Bootstrap[71]: Time 66.753341 seconds, bootstrap likelihood -96362.892265, best rearrangement setting 5
Bootstrap[72]: Time 72.666644 seconds, bootstrap likelihood -93272.531309, best rearrangement setting 11
Bootstrap[73]: Time 70.075468 seconds, bootstrap likelihood -96192.303424, best rearrangement setting 14
Bootstrap[74]: Time 70.932931 seconds, bootstrap likelihood -91725.489662, best rearrangement setting 11
Bootstrap[75]: Time 82.374323 seconds, bootstrap likelihood -91622.899785, best rearrangement setting 10
Bootstrap[76]: Time 72.738584 seconds, bootstrap likelihood -95112.039181, best rearrangement setting 11
Bootstrap[77]: Time 78.861732 seconds, bootstrap likelihood -96711.892958, best rearrangement setting 9
Fast ML search on Process 5: Time 1767.825927 seconds

Slow ML Search 65 Likelihood: -94428.169496
Slow ML Search 66 Likelihood: -94430.471897
Slow ML search on Process 5: Time 1137.487591 seconds
Thorough ML search on Process 5: Time 650.287153 seconds

processID = 5, bestLH = -94428.169496

This is RAxML MPI Process Number: 4

Time for BS model parameter optimization on Process 4: 82.934188 seconds
Bootstrap[52]: Time 161.579546 seconds, bootstrap likelihood -95547.973108, best rearrangement setting 8
Bootstrap[53]: Time 73.923063 seconds, bootstrap likelihood -93219.195219, best rearrangement setting 14
Bootstrap[54]: Time 66.860246 seconds, bootstrap likelihood -97812.296762, best rearrangement setting 5
Bootstrap[55]: Time 70.533096 seconds, bootstrap likelihood -91914.765103, best rearrangement setting 11
Bootstrap[56]: Time 66.700709 seconds, bootstrap likelihood -94406.569828, best rearrangement setting 6
Bootstrap[57]: Time 76.006013 seconds, bootstrap likelihood -97214.251644, best rearrangement setting 15
Bootstrap[58]: Time 68.480706 seconds, bootstrap likelihood -95129.565175, best rearrangement setting 11
Bootstrap[59]: Time 65.688849 seconds, bootstrap likelihood -90912.121008, best rearrangement setting 5
Bootstrap[60]: Time 73.555155 seconds, bootstrap likelihood -99809.320600, best rearrangement setting 12
Bootstrap[61]: Time 73.545425 seconds, bootstrap likelihood -95259.914783, best rearrangement setting 6
Bootstrap[62]: Time 74.043942 seconds, bootstrap likelihood -91635.093166, best rearrangement setting 7
Bootstrap[63]: Time 72.745489 seconds, bootstrap likelihood -94022.706207, best rearrangement setting 10
Bootstrap[64]: Time 77.029568 seconds, bootstrap likelihood -93171.522313, best rearrangement setting 13
Fast ML search on Process 4: Time 1974.053140 seconds

Slow ML Search 52 Likelihood: -94428.892618
Slow ML Search 53 Likelihood: -94434.664207
Slow ML search on Process 4: Time 1138.857684 seconds
Thorough ML search on Process 4: Time 607.597656 seconds

processID = 4, bestLH = -94428.892602

This is RAxML MPI Process Number: 1

Time for BS model parameter optimization on Process 1: 82.719838 seconds
Bootstrap[13]: Time 156.767465 seconds, bootstrap likelihood -97107.595823, best rearrangement setting 12
Bootstrap[14]: Time 71.139649 seconds, bootstrap likelihood -92023.896964, best rearrangement setting 13
Bootstrap[15]: Time 69.970738 seconds, bootstrap likelihood -93193.421389, best rearrangement setting 13
Bootstrap[16]: Time 69.026527 seconds, bootstrap likelihood -93991.718328, best rearrangement setting 6
Bootstrap[17]: Time 69.604797 seconds, bootstrap likelihood -97924.119369, best rearrangement setting 7
Bootstrap[18]: Time 71.875249 seconds, bootstrap likelihood -96299.575621, best rearrangement setting 11
Bootstrap[19]: Time 69.116517 seconds, bootstrap likelihood -92521.418165, best rearrangement setting 10
Bootstrap[20]: Time 69.849876 seconds, bootstrap likelihood -92355.265867, best rearrangement setting 9
Bootstrap[21]: Time 77.677206 seconds, bootstrap likelihood -97836.335717, best rearrangement setting 7
Bootstrap[22]: Time 71.151068 seconds, bootstrap likelihood -96075.545853, best rearrangement setting 12
Bootstrap[23]: Time 69.583236 seconds, bootstrap likelihood -91396.816799, best rearrangement setting 10
Bootstrap[24]: Time 67.776130 seconds, bootstrap likelihood -95800.118585, best rearrangement setting 6
Bootstrap[25]: Time 64.633576 seconds, bootstrap likelihood -93984.545274, best rearrangement setting 15
Fast ML search on Process 1: Time 1766.045681 seconds

Slow ML Search 13 Likelihood: -94432.359431
Slow ML Search 14 Likelihood: -94431.198876
Slow ML search on Process 1: Time 1257.751100 seconds
Thorough ML search on Process 1: Time 655.879467 seconds

processID = 1, bestLH = -94431.177629

This is RAxML MPI Process Number: 6

Time for BS model parameter optimization on Process 6: 61.863135 seconds
Bootstrap[78]: Time 109.899219 seconds, bootstrap likelihood -94388.911933, best rearrangement setting 5
Bootstrap[79]: Time 49.233483 seconds, bootstrap likelihood -93553.530521, best rearrangement setting 15
Bootstrap[80]: Time 45.960571 seconds, bootstrap likelihood -93957.522438, best rearrangement setting 7
Bootstrap[81]: Time 47.409335 seconds, bootstrap likelihood -89575.571027, best rearrangement setting 15
Bootstrap[82]: Time 48.110932 seconds, bootstrap likelihood -94612.347317, best rearrangement setting 10
Bootstrap[83]: Time 44.088625 seconds, bootstrap likelihood -92076.007831, best rearrangement setting 6
Bootstrap[84]: Time 48.767280 seconds, bootstrap likelihood -92910.763114, best rearrangement setting 9
Bootstrap[85]: Time 44.667293 seconds, bootstrap likelihood -96822.787706, best rearrangement setting 5
Bootstrap[86]: Time 49.598274 seconds, bootstrap likelihood -92573.366555, best rearrangement setting 15
Bootstrap[87]: Time 42.849780 seconds, bootstrap likelihood -94743.882987, best rearrangement setting 6
Bootstrap[88]: Time 49.039200 seconds, bootstrap likelihood -95026.558631, best rearrangement setting 13
Bootstrap[89]: Time 50.575417 seconds, bootstrap likelihood -93667.495689, best rearrangement setting 13
Bootstrap[90]: Time 45.903728 seconds, bootstrap likelihood -93207.688384, best rearrangement setting 5
Fast ML search on Process 6: Time 1400.425338 seconds

Slow ML Search 78 Likelihood: -94429.803225
Slow ML Search 79 Likelihood: -94428.459307
Slow ML search on Process 6: Time 861.940126 seconds
Thorough ML search on Process 6: Time 449.510612 seconds

processID = 6, bestLH = -94428.439490

This is RAxML MPI Process Number: 7

Time for BS model parameter optimization on Process 7: 77.164369 seconds
Bootstrap[91]: Time 141.162936 seconds, bootstrap likelihood -90512.517042, best rearrangement setting 15
Bootstrap[92]: Time 56.478888 seconds, bootstrap likelihood -94311.005839, best rearrangement setting 5
Bootstrap[93]: Time 63.799199 seconds, bootstrap likelihood -96011.117795, best rearrangement setting 8
Bootstrap[94]: Time 59.036940 seconds, bootstrap likelihood -90495.675113, best rearrangement setting 6
Bootstrap[95]: Time 56.521887 seconds, bootstrap likelihood -92784.641995, best rearrangement setting 6
Bootstrap[96]: Time 62.990856 seconds, bootstrap likelihood -94882.709128, best rearrangement setting 7
Bootstrap[97]: Time 63.374180 seconds, bootstrap likelihood -92966.507011, best rearrangement setting 13
Bootstrap[98]: Time 57.184471 seconds, bootstrap likelihood -94059.838353, best rearrangement setting 11
Bootstrap[99]: Time 59.985089 seconds, bootstrap likelihood -94836.311003, best rearrangement setting 6
Bootstrap[100]: Time 58.450863 seconds, bootstrap likelihood -94323.373809, best rearrangement setting 11
Bootstrap[101]: Time 54.813791 seconds, bootstrap likelihood -92618.351898, best rearrangement setting 5
Bootstrap[102]: Time 59.315475 seconds, bootstrap likelihood -91522.029379, best rearrangement setting 14
Bootstrap[103]: Time 60.398223 seconds, bootstrap likelihood -91202.865629, best rearrangement setting 12
Fast ML search on Process 7: Time 1427.526694 seconds

Slow ML Search 91 Likelihood: -94428.351852
Slow ML Search 92 Likelihood: -94429.870115
Slow ML search on Process 7: Time 1027.682243 seconds
Thorough ML search on Process 7: Time 590.817628 seconds

processID = 7, bestLH = -94428.351852

This is RAxML MPI Process Number: 0
IMPORTANT WARNING: Alignment column 3597 contains only undetermined values which will be treated as missing data
IMPORTANT WARNING: Alignment column 3615 contains only undetermined values which will be treated as missing data
IMPORTANT WARNING: Alignment column 3644 contains only undetermined values which will be treated as missing data
IMPORTANT WARNING: Alignment column 5850 contains only undetermined values which will be treated as missing data
IMPORTANT WARNING: Alignment column 5884 contains only undetermined values which will be treated as missing data
IMPORTANT WARNING: Alignment column 5897 contains only undetermined values which will be treated as missing data

IMPORTANT WARNING
Found 6 columns that contain only undetermined values which will be treated as missing data.
Normally these columns should be excluded from the analysis.

Just in case you might need it, an alignment file with 
undetermined columns removed is printed to file combined.phy.reduced


This is RAxML version 8.0.22 released by Alexandros Stamatakis on May 6 2014.

With greatly appreciated code contributions by:
Andre Aberer      (HITS)
Simon Berger      (HITS)
Alexey Kozlov     (HITS)
Nick Pattengale   (Sandia)
Wayne Pfeiffer    (SDSC)
Akifumi S. Tanabe (NRIFS)
David Dao         (KIT)
Charlie Taylor    (UF)


Alignment has 3278 distinct alignment patterns

Proportion of gaps and completely undetermined characters in this alignment: 21.35%

RAxML rapid bootstrapping and subsequent ML search

Using 1 distinct models/data partitions with joint branch length optimization



Executing 100 rapid bootstrap inferences and thereafter a thorough ML search 

All free model parameters will be estimated by RAxML
GAMMA model of rate heteorgeneity, ML estimate of alpha-parameter

GAMMA Model parameters will be estimated up to an accuracy of 0.1000000000 Log Likelihood units

Partition: 0
Alignment Patterns: 3278
Name: No Name Provided
DataType: DNA
Substitution Matrix: GTR




RAxML was called as follows:

/gpfs/runtime/opt/raxml/8.0.22/avx/bin/raxmlHPC-MPI -f a -x 12345 -p 12345 -N 100 -m GTRGAMMA -s combined.phy -n combined_boot100 



Time for BS model parameter optimization on Process 0: 82.716140 seconds
Bootstrap[0]: Time 153.272343 seconds, bootstrap likelihood -93666.651410, best rearrangement setting 13
Bootstrap[1]: Time 68.912500 seconds, bootstrap likelihood -92470.276079, best rearrangement setting 13
Bootstrap[2]: Time 69.484155 seconds, bootstrap likelihood -94924.972598, best rearrangement setting 12
Bootstrap[3]: Time 65.616757 seconds, bootstrap likelihood -93671.802098, best rearrangement setting 15
Bootstrap[4]: Time 67.935924 seconds, bootstrap likelihood -92474.563354, best rearrangement setting 10
Bootstrap[5]: Time 72.280729 seconds, bootstrap likelihood -93906.222154, best rearrangement setting 10
Bootstrap[6]: Time 63.057700 seconds, bootstrap likelihood -93905.040557, best rearrangement setting 6
Bootstrap[7]: Time 75.395154 seconds, bootstrap likelihood -91057.481889, best rearrangement setting 14
Bootstrap[8]: Time 70.079959 seconds, bootstrap likelihood -94353.562382, best rearrangement setting 5
Bootstrap[9]: Time 67.975563 seconds, bootstrap likelihood -90798.978249, best rearrangement setting 7
Bootstrap[10]: Time 74.446006 seconds, bootstrap likelihood -93707.324878, best rearrangement setting 7
Bootstrap[11]: Time 72.150033 seconds, bootstrap likelihood -93538.424394, best rearrangement setting 5
Bootstrap[12]: Time 71.641226 seconds, bootstrap likelihood -93412.999464, best rearrangement setting 8


Overall Time for 104 Rapid Bootstraps 1028.373502 seconds
Average Time per Rapid Bootstrap 9.888207 seconds

Starting ML Search ...

Fast ML optimization finished

Fast ML search on Process 0: Time 1808.929066 seconds

Slow ML Search 0 Likelihood: -94431.839677
Slow ML Search 1 Likelihood: -94432.853653
Slow ML optimization finished

Slow ML search on Process 0: Time 1155.016640 seconds
Thorough ML search on Process 0: Time 672.080101 seconds

processID = 0, bestLH = -94431.839659

This is RAxML MPI Process Number: 4

Time for BS model parameter optimization on Process 4: 13.367690 seconds
Bootstrap[52]: Time 28.933559 seconds, bootstrap likelihood -21470.788337, best rearrangement setting 8
Bootstrap[53]: Time 13.448477 seconds, bootstrap likelihood -24237.543250, best rearrangement setting 14
Bootstrap[54]: Time 11.923948 seconds, bootstrap likelihood -22870.227851, best rearrangement setting 5
Bootstrap[55]: Time 14.582304 seconds, bootstrap likelihood -23413.509484, best rearrangement setting 11
Bootstrap[56]: Time 13.025041 seconds, bootstrap likelihood -22884.784899, best rearrangement setting 6
Bootstrap[57]: Time 16.095191 seconds, bootstrap likelihood -23240.810610, best rearrangement setting 15
Bootstrap[58]: Time 13.600673 seconds, bootstrap likelihood -22152.462202, best rearrangement setting 11
Bootstrap[59]: Time 11.688179 seconds, bootstrap likelihood -21967.601617, best rearrangement setting 5
Bootstrap[60]: Time 14.663505 seconds, bootstrap likelihood -23598.497971, best rearrangement setting 12
Bootstrap[61]: Time 13.566759 seconds, bootstrap likelihood -22566.794554, best rearrangement setting 6
Bootstrap[62]: Time 13.583284 seconds, bootstrap likelihood -24079.893672, best rearrangement setting 7
Bootstrap[63]: Time 12.719258 seconds, bootstrap likelihood -22333.891978, best rearrangement setting 10
Bootstrap[64]: Time 10.479108 seconds, bootstrap likelihood -22136.167754, best rearrangement setting 13
Fast ML search on Process 4: Time 527.670385 seconds

Slow ML Search 52 Likelihood: -23202.769876
Slow ML Search 53 Likelihood: -23202.968702
Slow ML search on Process 4: Time 220.411781 seconds
Thorough ML search on Process 4: Time 103.117747 seconds

processID = 4, bestLH = -23202.769879

Final ML Optimization Likelihood: -23202.769879

Model Information:

x


ML search took 1039.541056 secs or 0.288761 hours

Combined Bootstrap and ML search took 1233.639589 secs or 0.342678 hours

Drawing Bootstrap Support Values on best-scoring ML tree ...



Found 1 tree in File /gpfs/scratch/guest317/hydroidolina/RAxML_bestTree.16s_boot100



Found 1 tree in File /gpfs/scratch/guest317/hydroidolina/RAxML_bestTree.16s_boot100

Program execution info written to /gpfs/scratch/guest317/hydroidolina/RAxML_info.16s_boot100
All 104 bootstrapped trees written to: /gpfs/scratch/guest317/hydroidolina/RAxML_bootstrap.16s_boot100

Best-scoring ML tree written to: /gpfs/scratch/guest317/hydroidolina/RAxML_bestTree.16s_boot100

Best-scoring ML tree with support values written to: /gpfs/scratch/guest317/hydroidolina/RAxML_bipartitions.16s_boot100

Best-scoring ML tree with support values as branch labels written to: /gpfs/scratch/guest317/hydroidolina/RAxML_bipartitionsBranchLabels.16s_boot100

Overall execution time for full ML analysis: 1233.665388 secs or 0.342685 hours or 0.014279 days


This is RAxML MPI Process Number: 5

Time for BS model parameter optimization on Process 5: 13.321425 seconds
Bootstrap[65]: Time 26.468600 seconds, bootstrap likelihood -23120.943125, best rearrangement setting 6
Bootstrap[66]: Time 13.272998 seconds, bootstrap likelihood -22036.931175, best rearrangement setting 15
Bootstrap[67]: Time 11.571713 seconds, bootstrap likelihood -22047.189796, best rearrangement setting 6
Bootstrap[68]: Time 12.315094 seconds, bootstrap likelihood -23925.212600, best rearrangement setting 13
Bootstrap[69]: Time 11.535361 seconds, bootstrap likelihood -22206.439920, best rearrangement setting 14
Bootstrap[70]: Time 11.038237 seconds, bootstrap likelihood -23308.457444, best rearrangement setting 5
Bootstrap[71]: Time 11.954994 seconds, bootstrap likelihood -22626.820859, best rearrangement setting 5
Bootstrap[72]: Time 11.932139 seconds, bootstrap likelihood -22794.273029, best rearrangement setting 11
Bootstrap[73]: Time 15.829750 seconds, bootstrap likelihood -23248.303429, best rearrangement setting 14
Bootstrap[74]: Time 13.988450 seconds, bootstrap likelihood -24407.712344, best rearrangement setting 11
Bootstrap[75]: Time 15.078786 seconds, bootstrap likelihood -22251.727290, best rearrangement setting 10
Bootstrap[76]: Time 12.510191 seconds, bootstrap likelihood -23188.872566, best rearrangement setting 11
Bootstrap[77]: Time 13.540337 seconds, bootstrap likelihood -24914.568418, best rearrangement setting 9
Fast ML search on Process 5: Time 430.273391 seconds

Slow ML Search 65 Likelihood: -23202.942738
Slow ML Search 66 Likelihood: -23205.579506
Slow ML search on Process 5: Time 241.320720 seconds
Thorough ML search on Process 5: Time 126.907587 seconds

processID = 5, bestLH = -23202.959949

This is RAxML MPI Process Number: 0


This is RAxML version 8.0.22 released by Alexandros Stamatakis on May 6 2014.

With greatly appreciated code contributions by:
Andre Aberer      (HITS)
Simon Berger      (HITS)
Alexey Kozlov     (HITS)
Nick Pattengale   (Sandia)
Wayne Pfeiffer    (SDSC)
Akifumi S. Tanabe (NRIFS)
David Dao         (KIT)
Charlie Taylor    (UF)


Alignment has 686 distinct alignment patterns

Proportion of gaps and completely undetermined characters in this alignment: 26.96%

RAxML rapid bootstrapping and subsequent ML search

Using 1 distinct models/data partitions with joint branch length optimization



Executing 100 rapid bootstrap inferences and thereafter a thorough ML search 

All free model parameters will be estimated by RAxML
GAMMA model of rate heteorgeneity, ML estimate of alpha-parameter

GAMMA Model parameters will be estimated up to an accuracy of 0.1000000000 Log Likelihood units

Partition: 0
Alignment Patterns: 686
Name: No Name Provided
DataType: DNA
Substitution Matrix: GTR




RAxML was called as follows:

/gpfs/runtime/opt/raxml/8.0.22/avx/bin/raxmlHPC-MPI -f a -x 12345 -p 12345 -N 100 -m GTRGAMMA -s 16s.phy -n 16s_boot100 



Time for BS model parameter optimization on Process 0: 13.518977 seconds
Bootstrap[0]: Time 29.088849 seconds, bootstrap likelihood -23690.333146, best rearrangement setting 13
Bootstrap[1]: Time 14.862907 seconds, bootstrap likelihood -24258.526868, best rearrangement setting 13
Bootstrap[2]: Time 12.600237 seconds, bootstrap likelihood -23765.180651, best rearrangement setting 12
Bootstrap[3]: Time 12.606861 seconds, bootstrap likelihood -22917.307307, best rearrangement setting 15
Bootstrap[4]: Time 11.930184 seconds, bootstrap likelihood -22522.304327, best rearrangement setting 10
Bootstrap[5]: Time 12.104625 seconds, bootstrap likelihood -24693.951567, best rearrangement setting 10
Bootstrap[6]: Time 13.626344 seconds, bootstrap likelihood -23661.842612, best rearrangement setting 6
Bootstrap[7]: Time 15.498906 seconds, bootstrap likelihood -22519.325304, best rearrangement setting 14
Bootstrap[8]: Time 12.167863 seconds, bootstrap likelihood -22166.130662, best rearrangement setting 5
Bootstrap[9]: Time 15.260017 seconds, bootstrap likelihood -23906.720992, best rearrangement setting 7
Bootstrap[10]: Time 12.744904 seconds, bootstrap likelihood -23799.970845, best rearrangement setting 7
Bootstrap[11]: Time 12.791648 seconds, bootstrap likelihood -22669.308074, best rearrangement setting 5
Bootstrap[12]: Time 13.239452 seconds, bootstrap likelihood -23369.289234, best rearrangement setting 8


Overall Time for 104 Rapid Bootstraps 194.098391 seconds
Average Time per Rapid Bootstrap 1.866331 seconds

Starting ML Search ...

Fast ML optimization finished

Fast ML search on Process 0: Time 500.038723 seconds

Slow ML Search 0 Likelihood: -23202.943216
Slow ML Search 1 Likelihood: -23203.062565
Slow ML optimization finished

Slow ML search on Process 0: Time 380.416433 seconds
Thorough ML search on Process 0: Time 110.050077 seconds

processID = 0, bestLH = -23202.960500

This is RAxML MPI Process Number: 1

Time for BS model parameter optimization on Process 1: 13.331826 seconds
Bootstrap[13]: Time 27.414118 seconds, bootstrap likelihood -24103.778016, best rearrangement setting 12
Bootstrap[14]: Time 13.920375 seconds, bootstrap likelihood -22087.063384, best rearrangement setting 13
Bootstrap[15]: Time 16.326529 seconds, bootstrap likelihood -23888.388923, best rearrangement setting 13
Bootstrap[16]: Time 11.363723 seconds, bootstrap likelihood -22008.755737, best rearrangement setting 6
Bootstrap[17]: Time 11.887490 seconds, bootstrap likelihood -23160.434410, best rearrangement setting 7
Bootstrap[18]: Time 12.415240 seconds, bootstrap likelihood -22635.827660, best rearrangement setting 11
Bootstrap[19]: Time 13.315869 seconds, bootstrap likelihood -23437.497296, best rearrangement setting 10
Bootstrap[20]: Time 14.307664 seconds, bootstrap likelihood -23199.925752, best rearrangement setting 9
Bootstrap[21]: Time 12.753986 seconds, bootstrap likelihood -23315.713755, best rearrangement setting 7
Bootstrap[22]: Time 12.824340 seconds, bootstrap likelihood -23621.058752, best rearrangement setting 12
Bootstrap[23]: Time 14.929984 seconds, bootstrap likelihood -23467.277647, best rearrangement setting 10
Bootstrap[24]: Time 13.424098 seconds, bootstrap likelihood -24618.523116, best rearrangement setting 6
Bootstrap[25]: Time 14.951583 seconds, bootstrap likelihood -23028.774701, best rearrangement setting 15
Fast ML search on Process 1: Time 534.810027 seconds

Slow ML Search 13 Likelihood: -23202.941875
Slow ML Search 14 Likelihood: -23205.652327
Slow ML search on Process 1: Time 274.125443 seconds
Thorough ML search on Process 1: Time 123.625963 seconds

processID = 1, bestLH = -23202.959116

This is RAxML MPI Process Number: 2

Time for BS model parameter optimization on Process 2: 13.362458 seconds
Bootstrap[26]: Time 28.969007 seconds, bootstrap likelihood -21698.389809, best rearrangement setting 10
Bootstrap[27]: Time 15.434633 seconds, bootstrap likelihood -23105.295686, best rearrangement setting 13
Bootstrap[28]: Time 12.549384 seconds, bootstrap likelihood -22862.655334, best rearrangement setting 14
Bootstrap[29]: Time 12.497967 seconds, bootstrap likelihood -21906.783949, best rearrangement setting 8
Bootstrap[30]: Time 12.944673 seconds, bootstrap likelihood -23919.751598, best rearrangement setting 14
Bootstrap[31]: Time 14.145285 seconds, bootstrap likelihood -23229.200415, best rearrangement setting 12
Bootstrap[32]: Time 13.774731 seconds, bootstrap likelihood -23166.887356, best rearrangement setting 14
Bootstrap[33]: Time 13.323900 seconds, bootstrap likelihood -23115.112390, best rearrangement setting 15
Bootstrap[34]: Time 12.361318 seconds, bootstrap likelihood -22826.381167, best rearrangement setting 9
Bootstrap[35]: Time 13.707950 seconds, bootstrap likelihood -23444.046022, best rearrangement setting 6
Bootstrap[36]: Time 15.137024 seconds, bootstrap likelihood -23622.131644, best rearrangement setting 13
Bootstrap[37]: Time 13.535580 seconds, bootstrap likelihood -23621.067176, best rearrangement setting 7
Bootstrap[38]: Time 15.507242 seconds, bootstrap likelihood -22389.089924, best rearrangement setting 11
Fast ML search on Process 2: Time 608.770392 seconds

Slow ML Search 26 Likelihood: -23202.942656
Slow ML Search 27 Likelihood: -23205.809033
Slow ML search on Process 2: Time 336.982477 seconds
Thorough ML search on Process 2: Time 93.782739 seconds

processID = 2, bestLH = -23202.959680

This is RAxML MPI Process Number: 3

Time for BS model parameter optimization on Process 3: 13.340143 seconds
Bootstrap[39]: Time 27.851147 seconds, bootstrap likelihood -22685.128779, best rearrangement setting 9
Bootstrap[40]: Time 12.931257 seconds, bootstrap likelihood -23384.032914, best rearrangement setting 14
Bootstrap[41]: Time 15.617173 seconds, bootstrap likelihood -23025.198092, best rearrangement setting 15
Bootstrap[42]: Time 15.267331 seconds, bootstrap likelihood -22887.687063, best rearrangement setting 10
Bootstrap[43]: Time 13.805568 seconds, bootstrap likelihood -22566.777856, best rearrangement setting 10
Bootstrap[44]: Time 14.794195 seconds, bootstrap likelihood -23535.884980, best rearrangement setting 13
Bootstrap[45]: Time 14.024933 seconds, bootstrap likelihood -23503.308589, best rearrangement setting 7
Bootstrap[46]: Time 13.553686 seconds, bootstrap likelihood -22837.399087, best rearrangement setting 10
Bootstrap[47]: Time 11.477038 seconds, bootstrap likelihood -22276.388140, best rearrangement setting 10
Bootstrap[48]: Time 15.802770 seconds, bootstrap likelihood -22345.258384, best rearrangement setting 12
Bootstrap[49]: Time 11.863562 seconds, bootstrap likelihood -22439.593929, best rearrangement setting 5
Bootstrap[50]: Time 12.682720 seconds, bootstrap likelihood -23325.020404, best rearrangement setting 9
Bootstrap[51]: Time 13.454482 seconds, bootstrap likelihood -22643.925263, best rearrangement setting 7
Fast ML search on Process 3: Time 346.060418 seconds

Slow ML Search 39 Likelihood: -23203.438822
Slow ML Search 40 Likelihood: -23205.623410
Slow ML search on Process 3: Time 237.534735 seconds
Thorough ML search on Process 3: Time 117.466191 seconds

processID = 3, bestLH = -23203.438824

This is RAxML MPI Process Number: 6

Time for BS model parameter optimization on Process 6: 9.703982 seconds
Bootstrap[78]: Time 18.634970 seconds, bootstrap likelihood -23564.973674, best rearrangement setting 5
Bootstrap[79]: Time 10.317800 seconds, bootstrap likelihood -23377.444529, best rearrangement setting 15
Bootstrap[80]: Time 8.571663 seconds, bootstrap likelihood -23225.895829, best rearrangement setting 7
Bootstrap[81]: Time 12.239838 seconds, bootstrap likelihood -24468.016967, best rearrangement setting 15
Bootstrap[82]: Time 10.879863 seconds, bootstrap likelihood -24818.075127, best rearrangement setting 10
Bootstrap[83]: Time 8.899044 seconds, bootstrap likelihood -23098.974538, best rearrangement setting 6
Bootstrap[84]: Time 9.462114 seconds, bootstrap likelihood -21409.645959, best rearrangement setting 9
Bootstrap[85]: Time 8.848089 seconds, bootstrap likelihood -23429.201715, best rearrangement setting 5
Bootstrap[86]: Time 8.322423 seconds, bootstrap likelihood -23356.470654, best rearrangement setting 15
Bootstrap[87]: Time 9.865052 seconds, bootstrap likelihood -24079.247874, best rearrangement setting 6
Bootstrap[88]: Time 9.585445 seconds, bootstrap likelihood -22668.735469, best rearrangement setting 13
Bootstrap[89]: Time 9.547574 seconds, bootstrap likelihood -21852.323764, best rearrangement setting 13
Bootstrap[90]: Time 8.622604 seconds, bootstrap likelihood -23221.873949, best rearrangement setting 5
Fast ML search on Process 6: Time 357.849956 seconds

Slow ML Search 78 Likelihood: -23202.943715
Slow ML Search 79 Likelihood: -23203.063039
Slow ML search on Process 6: Time 225.905778 seconds
Thorough ML search on Process 6: Time 89.210035 seconds

processID = 6, bestLH = -23202.960852

This is RAxML MPI Process Number: 7

Time for BS model parameter optimization on Process 7: 11.877523 seconds
Bootstrap[91]: Time 26.672858 seconds, bootstrap likelihood -23081.072837, best rearrangement setting 15
Bootstrap[92]: Time 11.756669 seconds, bootstrap likelihood -22791.526589, best rearrangement setting 5
Bootstrap[93]: Time 11.990899 seconds, bootstrap likelihood -24105.248443, best rearrangement setting 8
Bootstrap[94]: Time 11.669346 seconds, bootstrap likelihood -22745.048210, best rearrangement setting 6
Bootstrap[95]: Time 10.742583 seconds, bootstrap likelihood -22329.067606, best rearrangement setting 6
Bootstrap[96]: Time 11.948118 seconds, bootstrap likelihood -24970.350695, best rearrangement setting 7
Bootstrap[97]: Time 11.874883 seconds, bootstrap likelihood -23498.299647, best rearrangement setting 13
Bootstrap[98]: Time 11.235790 seconds, bootstrap likelihood -22073.187241, best rearrangement setting 11
Bootstrap[99]: Time 9.982386 seconds, bootstrap likelihood -22793.834310, best rearrangement setting 6
Bootstrap[100]: Time 14.018303 seconds, bootstrap likelihood -24065.753358, best rearrangement setting 11
Bootstrap[101]: Time 11.674151 seconds, bootstrap likelihood -23888.563519, best rearrangement setting 5
Bootstrap[102]: Time 14.725173 seconds, bootstrap likelihood -24444.142693, best rearrangement setting 14
Bootstrap[103]: Time 13.839130 seconds, bootstrap likelihood -22613.169433, best rearrangement setting 12
Fast ML search on Process 7: Time 487.758554 seconds

Slow ML Search 91 Likelihood: -23203.947828
Slow ML Search 92 Likelihood: -23208.056865
Slow ML search on Process 7: Time 230.487288 seconds
Thorough ML search on Process 7: Time 110.899306 seconds

processID = 7, bestLH = -23203.897269

This is RAxML MPI Process Number: 5

Time for BS model parameter optimization on Process 5: 10.306950 seconds
Bootstrap[65]: Time 22.739314 seconds, bootstrap likelihood -16336.075494, best rearrangement setting 6
Bootstrap[66]: Time 14.046835 seconds, bootstrap likelihood -15136.226460, best rearrangement setting 15
Bootstrap[67]: Time 13.270125 seconds, bootstrap likelihood -16108.922654, best rearrangement setting 6
Bootstrap[68]: Time 11.710481 seconds, bootstrap likelihood -15696.063526, best rearrangement setting 13
Bootstrap[69]: Time 14.080772 seconds, bootstrap likelihood -15502.143559, best rearrangement setting 14
Bootstrap[70]: Time 12.846637 seconds, bootstrap likelihood -16678.834818, best rearrangement setting 5
Bootstrap[71]: Time 12.415377 seconds, bootstrap likelihood -16091.563794, best rearrangement setting 5
Bootstrap[72]: Time 13.793432 seconds, bootstrap likelihood -17019.644348, best rearrangement setting 11
Bootstrap[73]: Time 12.655303 seconds, bootstrap likelihood -16678.763010, best rearrangement setting 14
Bootstrap[74]: Time 15.096047 seconds, bootstrap likelihood -17103.826610, best rearrangement setting 11
Bootstrap[75]: Time 14.292112 seconds, bootstrap likelihood -16896.417757, best rearrangement setting 10
Bootstrap[76]: Time 13.246785 seconds, bootstrap likelihood -15147.522513, best rearrangement setting 11
Bootstrap[77]: Time 12.744956 seconds, bootstrap likelihood -16194.483474, best rearrangement setting 9
Fast ML search on Process 5: Time 464.252686 seconds

Slow ML Search 65 Likelihood: -16287.867299
Slow ML Search 66 Likelihood: -16288.110617
Slow ML search on Process 5: Time 183.429336 seconds
Thorough ML search on Process 5: Time 90.420608 seconds

processID = 5, bestLH = -16287.867304

This is RAxML MPI Process Number: 0


This is RAxML version 8.0.22 released by Alexandros Stamatakis on May 6 2014.

With greatly appreciated code contributions by:
Andre Aberer      (HITS)
Simon Berger      (HITS)
Alexey Kozlov     (HITS)
Nick Pattengale   (Sandia)
Wayne Pfeiffer    (SDSC)
Akifumi S. Tanabe (NRIFS)
David Dao         (KIT)
Charlie Taylor    (UF)


Alignment has 754 distinct alignment patterns

Proportion of gaps and completely undetermined characters in this alignment: 10.63%

RAxML rapid bootstrapping and subsequent ML search

Using 1 distinct models/data partitions with joint branch length optimization



Executing 100 rapid bootstrap inferences and thereafter a thorough ML search 

All free model parameters will be estimated by RAxML
GAMMA model of rate heteorgeneity, ML estimate of alpha-parameter

GAMMA Model parameters will be estimated up to an accuracy of 0.1000000000 Log Likelihood units

Partition: 0
Alignment Patterns: 754
Name: No Name Provided
DataType: DNA
Substitution Matrix: GTR




RAxML was called as follows:

/gpfs/runtime/opt/raxml/8.0.22/avx/bin/raxmlHPC-MPI -f a -x 12345 -p 12345 -N 100 -m GTRGAMMA -s 18s.phy -n 18s_boot100w 



Time for BS model parameter optimization on Process 0: 10.155465 seconds
Bootstrap[0]: Time 25.146888 seconds, bootstrap likelihood -16617.716161, best rearrangement setting 13
Bootstrap[1]: Time 12.698225 seconds, bootstrap likelihood -15250.575156, best rearrangement setting 13
Bootstrap[2]: Time 13.416535 seconds, bootstrap likelihood -14966.809669, best rearrangement setting 12
Bootstrap[3]: Time 13.310576 seconds, bootstrap likelihood -16102.278740, best rearrangement setting 15
Bootstrap[4]: Time 12.845190 seconds, bootstrap likelihood -17171.890593, best rearrangement setting 10
Bootstrap[5]: Time 14.234882 seconds, bootstrap likelihood -15862.900217, best rearrangement setting 10
Bootstrap[6]: Time 11.853438 seconds, bootstrap likelihood -16346.513315, best rearrangement setting 6
Bootstrap[7]: Time 11.338704 seconds, bootstrap likelihood -14524.453611, best rearrangement setting 14
Bootstrap[8]: Time 11.489114 seconds, bootstrap likelihood -15584.728790, best rearrangement setting 5
Bootstrap[9]: Time 12.423825 seconds, bootstrap likelihood -16775.184305, best rearrangement setting 7
Bootstrap[10]: Time 14.115552 seconds, bootstrap likelihood -15936.061790, best rearrangement setting 7
Bootstrap[11]: Time 12.646272 seconds, bootstrap likelihood -16492.215144, best rearrangement setting 5
Bootstrap[12]: Time 12.695637 seconds, bootstrap likelihood -15395.888870, best rearrangement setting 8


Overall Time for 104 Rapid Bootstraps 185.119020 seconds
Average Time per Rapid Bootstrap 1.779991 seconds

Starting ML Search ...

Fast ML optimization finished

Fast ML search on Process 0: Time 382.822924 seconds

Slow ML Search 0 Likelihood: -16285.579225
Slow ML Search 1 Likelihood: -16288.310299
Slow ML optimization finished

Slow ML search on Process 0: Time 203.410378 seconds
Thorough ML search on Process 0: Time 94.255103 seconds

processID = 0, bestLH = -16285.570459

This is RAxML MPI Process Number: 1

Time for BS model parameter optimization on Process 1: 10.122804 seconds
Bootstrap[13]: Time 23.658024 seconds, bootstrap likelihood -15628.146009, best rearrangement setting 12
Bootstrap[14]: Time 13.921609 seconds, bootstrap likelihood -16322.326429, best rearrangement setting 13
Bootstrap[15]: Time 14.877364 seconds, bootstrap likelihood -16074.322534, best rearrangement setting 13
Bootstrap[16]: Time 12.794834 seconds, bootstrap likelihood -16382.323654, best rearrangement setting 6
Bootstrap[17]: Time 11.800305 seconds, bootstrap likelihood -15625.621684, best rearrangement setting 7
Bootstrap[18]: Time 13.653091 seconds, bootstrap likelihood -15757.338828, best rearrangement setting 11
Bootstrap[19]: Time 13.651489 seconds, bootstrap likelihood -15803.606961, best rearrangement setting 10
Bootstrap[20]: Time 14.115206 seconds, bootstrap likelihood -17863.846254, best rearrangement setting 9
Bootstrap[21]: Time 12.233927 seconds, bootstrap likelihood -17174.534412, best rearrangement setting 7
Bootstrap[22]: Time 12.675124 seconds, bootstrap likelihood -15569.117742, best rearrangement setting 12
Bootstrap[23]: Time 12.477263 seconds, bootstrap likelihood -14995.126534, best rearrangement setting 10
Bootstrap[24]: Time 11.432493 seconds, bootstrap likelihood -16778.558883, best rearrangement setting 6
Bootstrap[25]: Time 12.889153 seconds, bootstrap likelihood -16132.408141, best rearrangement setting 15
Fast ML search on Process 1: Time 438.359024 seconds

Slow ML Search 13 Likelihood: -16284.017828
Slow ML Search 14 Likelihood: -16284.076973
Slow ML search on Process 1: Time 200.070169 seconds
Thorough ML search on Process 1: Time 84.650908 seconds

processID = 1, bestLH = -16284.017831

This is RAxML MPI Process Number: 2

Time for BS model parameter optimization on Process 2: 10.156250 seconds
Bootstrap[26]: Time 23.230446 seconds, bootstrap likelihood -16482.842335, best rearrangement setting 10
Bootstrap[27]: Time 13.764323 seconds, bootstrap likelihood -15216.054372, best rearrangement setting 13
Bootstrap[28]: Time 14.674720 seconds, bootstrap likelihood -17157.136122, best rearrangement setting 14
Bootstrap[29]: Time 13.253141 seconds, bootstrap likelihood -15775.174907, best rearrangement setting 8
Bootstrap[30]: Time 14.595810 seconds, bootstrap likelihood -16072.165623, best rearrangement setting 14
Bootstrap[31]: Time 13.417980 seconds, bootstrap likelihood -15729.161212, best rearrangement setting 12
Bootstrap[32]: Time 14.379202 seconds, bootstrap likelihood -17151.019107, best rearrangement setting 14
Bootstrap[33]: Time 13.430884 seconds, bootstrap likelihood -15762.027750, best rearrangement setting 15
Bootstrap[34]: Time 12.972315 seconds, bootstrap likelihood -16295.730100, best rearrangement setting 9
Bootstrap[35]: Time 13.837539 seconds, bootstrap likelihood -16178.078421, best rearrangement setting 6
Bootstrap[36]: Time 12.145734 seconds, bootstrap likelihood -16054.653041, best rearrangement setting 13
Bootstrap[37]: Time 13.040230 seconds, bootstrap likelihood -16150.315365, best rearrangement setting 7
Bootstrap[38]: Time 12.286449 seconds, bootstrap likelihood -16121.675886, best rearrangement setting 11
Fast ML search on Process 2: Time 455.858649 seconds

Slow ML Search 26 Likelihood: -16284.114149
Slow ML Search 27 Likelihood: -16288.406169
Slow ML search on Process 2: Time 204.278417 seconds
Thorough ML search on Process 2: Time 74.371213 seconds

processID = 2, bestLH = -16284.114151

This is RAxML MPI Process Number: 3

Time for BS model parameter optimization on Process 3: 10.101202 seconds
Bootstrap[39]: Time 23.662115 seconds, bootstrap likelihood -16121.635534, best rearrangement setting 9
Bootstrap[40]: Time 13.136319 seconds, bootstrap likelihood -15455.442472, best rearrangement setting 14
Bootstrap[41]: Time 12.243884 seconds, bootstrap likelihood -17060.888909, best rearrangement setting 15
Bootstrap[42]: Time 11.826471 seconds, bootstrap likelihood -16315.975868, best rearrangement setting 10
Bootstrap[43]: Time 13.362891 seconds, bootstrap likelihood -15594.611745, best rearrangement setting 10
Bootstrap[44]: Time 13.908105 seconds, bootstrap likelihood -15505.088019, best rearrangement setting 13
Bootstrap[45]: Time 11.410324 seconds, bootstrap likelihood -16178.922101, best rearrangement setting 7
Bootstrap[46]: Time 13.267415 seconds, bootstrap likelihood -15442.678272, best rearrangement setting 10
Bootstrap[47]: Time 13.450483 seconds, bootstrap likelihood -16116.454844, best rearrangement setting 10
Bootstrap[48]: Time 12.609771 seconds, bootstrap likelihood -15800.984711, best rearrangement setting 12
Bootstrap[49]: Time 13.217590 seconds, bootstrap likelihood -15098.879063, best rearrangement setting 5
Bootstrap[50]: Time 12.801837 seconds, bootstrap likelihood -16946.649057, best rearrangement setting 9
Bootstrap[51]: Time 11.763476 seconds, bootstrap likelihood -15615.085606, best rearrangement setting 7
Fast ML search on Process 3: Time 338.785931 seconds

Slow ML Search 39 Likelihood: -16284.007036
Slow ML Search 40 Likelihood: -16288.253788
Slow ML search on Process 3: Time 232.950402 seconds
Thorough ML search on Process 3: Time 92.990972 seconds

processID = 3, bestLH = -16283.978169

Final ML Optimization Likelihood: -16283.978169

Model Information:

Model Parameters of Partition 0, Name: No Name Provided, Type of Data: DNA
alpha: 0.201546
Tree-Length: 3.716563
rate A <-> C: 1.391922
rate A <-> G: 2.947877
rate A <-> T: 1.282143
rate C <-> G: 0.986484
rate C <-> T: 6.546998
rate G <-> T: 1.000000

freq pi(A): 0.269513
freq pi(C): 0.194606
freq pi(G): 0.260255
freq pi(T): 0.275625


ML search took 780.302949 secs or 0.216751 hours

Combined Bootstrap and ML search took 965.421411 secs or 0.268173 hours

Drawing Bootstrap Support Values on best-scoring ML tree ...



Found 1 tree in File /gpfs/scratch/guest317/hydroidolina/RAxML_bestTree.18s_boot100w



Found 1 tree in File /gpfs/scratch/guest317/hydroidolina/RAxML_bestTree.18s_boot100w

Program execution info written to /gpfs/scratch/guest317/hydroidolina/RAxML_info.18s_boot100w
All 104 bootstrapped trees written to: /gpfs/scratch/guest317/hydroidolina/RAxML_bootstrap.18s_boot100w

Best-scoring ML tree written to: /gpfs/scratch/guest317/hydroidolina/RAxML_bestTree.18s_boot100w

Best-scoring ML tree with support values written to: /gpfs/scratch/guest317/hydroidolina/RAxML_bipartitions.18s_boot100w

Best-scoring ML tree with support values as branch labels written to: /gpfs/scratch/guest317/hydroidolina/RAxML_bipartitionsBranchLabels.18s_boot100w

Overall execution time for full ML analysis: 965.456132 secs or 0.268182 hours or 0.011174 days


This is RAxML MPI Process Number: 7

Time for BS model parameter optimization on Process 7: 9.917183 seconds
Bootstrap[91]: Time 21.831327 seconds, bootstrap likelihood -15081.167735, best rearrangement setting 15
Bootstrap[92]: Time 10.242995 seconds, bootstrap likelihood -15288.022154, best rearrangement setting 5
Bootstrap[93]: Time 12.423259 seconds, bootstrap likelihood -15827.269472, best rearrangement setting 8
Bootstrap[94]: Time 10.943213 seconds, bootstrap likelihood -16115.793798, best rearrangement setting 6
Bootstrap[95]: Time 10.638882 seconds, bootstrap likelihood -15508.220130, best rearrangement setting 6
Bootstrap[96]: Time 11.832392 seconds, bootstrap likelihood -15517.998517, best rearrangement setting 7
Bootstrap[97]: Time 12.676175 seconds, bootstrap likelihood -16094.079720, best rearrangement setting 13
Bootstrap[98]: Time 12.351585 seconds, bootstrap likelihood -15932.363112, best rearrangement setting 11
Bootstrap[99]: Time 12.205515 seconds, bootstrap likelihood -17237.343143, best rearrangement setting 6
Bootstrap[100]: Time 11.809324 seconds, bootstrap likelihood -16387.060610, best rearrangement setting 11
Bootstrap[101]: Time 12.066890 seconds, bootstrap likelihood -15836.891292, best rearrangement setting 5
Bootstrap[102]: Time 12.934117 seconds, bootstrap likelihood -15473.696236, best rearrangement setting 14
Bootstrap[103]: Time 12.556603 seconds, bootstrap likelihood -16637.871210, best rearrangement setting 12
Fast ML search on Process 7: Time 473.916624 seconds

Slow ML Search 91 Likelihood: -16285.316497
Slow ML Search 92 Likelihood: -16286.308519
Slow ML search on Process 7: Time 215.533726 seconds
Thorough ML search on Process 7: Time 90.844781 seconds

processID = 7, bestLH = -16285.316501

This is RAxML MPI Process Number: 6

Time for BS model parameter optimization on Process 6: 7.846935 seconds
Bootstrap[78]: Time 17.612233 seconds, bootstrap likelihood -16346.733706, best rearrangement setting 5
Bootstrap[79]: Time 8.904808 seconds, bootstrap likelihood -16497.784627, best rearrangement setting 15
Bootstrap[80]: Time 8.871045 seconds, bootstrap likelihood -16486.202147, best rearrangement setting 7
Bootstrap[81]: Time 8.862480 seconds, bootstrap likelihood -15988.763193, best rearrangement setting 15
Bootstrap[82]: Time 8.747649 seconds, bootstrap likelihood -15796.898866, best rearrangement setting 10
Bootstrap[83]: Time 8.663275 seconds, bootstrap likelihood -16323.765546, best rearrangement setting 6
Bootstrap[84]: Time 8.745841 seconds, bootstrap likelihood -15873.807229, best rearrangement setting 9
Bootstrap[85]: Time 8.831645 seconds, bootstrap likelihood -16154.674121, best rearrangement setting 5
Bootstrap[86]: Time 11.652433 seconds, bootstrap likelihood -16145.895320, best rearrangement setting 15
Bootstrap[87]: Time 9.591360 seconds, bootstrap likelihood -16549.157869, best rearrangement setting 6
Bootstrap[88]: Time 8.899581 seconds, bootstrap likelihood -14872.554613, best rearrangement setting 13
Bootstrap[89]: Time 8.309103 seconds, bootstrap likelihood -16513.056270, best rearrangement setting 13
Bootstrap[90]: Time 9.176549 seconds, bootstrap likelihood -15848.226010, best rearrangement setting 5
Fast ML search on Process 6: Time 195.670280 seconds

Slow ML Search 78 Likelihood: -16284.335023
Slow ML Search 79 Likelihood: -16290.136388
Slow ML search on Process 6: Time 129.051247 seconds
Thorough ML search on Process 6: Time 64.006412 seconds

processID = 6, bestLH = -16284.335027

This is RAxML MPI Process Number: 4

Time for BS model parameter optimization on Process 4: 10.256879 seconds
Bootstrap[52]: Time 23.145833 seconds, bootstrap likelihood -16038.418601, best rearrangement setting 8
Bootstrap[53]: Time 13.202452 seconds, bootstrap likelihood -15538.175986, best rearrangement setting 14
Bootstrap[54]: Time 13.680993 seconds, bootstrap likelihood -16182.566194, best rearrangement setting 5
Bootstrap[55]: Time 12.519510 seconds, bootstrap likelihood -15375.228552, best rearrangement setting 11
Bootstrap[56]: Time 12.990078 seconds, bootstrap likelihood -16086.183960, best rearrangement setting 6
Bootstrap[57]: Time 14.220574 seconds, bootstrap likelihood -16476.058788, best rearrangement setting 15
Bootstrap[58]: Time 12.638668 seconds, bootstrap likelihood -15929.675840, best rearrangement setting 11
Bootstrap[59]: Time 12.901792 seconds, bootstrap likelihood -16408.420381, best rearrangement setting 5
Bootstrap[60]: Time 12.372327 seconds, bootstrap likelihood -15962.521058, best rearrangement setting 12
Bootstrap[61]: Time 14.531838 seconds, bootstrap likelihood -16757.863207, best rearrangement setting 6
Bootstrap[62]: Time 13.437840 seconds, bootstrap likelihood -16424.084433, best rearrangement setting 7
Bootstrap[63]: Time 10.515898 seconds, bootstrap likelihood -15094.303405, best rearrangement setting 10
Bootstrap[64]: Time 13.841618 seconds, bootstrap likelihood -15973.877467, best rearrangement setting 13
Fast ML search on Process 4: Time 410.657390 seconds

Slow ML Search 52 Likelihood: -16286.818112
Slow ML Search 53 Likelihood: -16288.556128
Slow ML search on Process 4: Time 215.717007 seconds
Thorough ML search on Process 4: Time 100.549157 seconds

processID = 4, bestLH = -16286.808137

This is RAxML MPI Process Number: 3

Time for BS model parameter optimization on Process 3: 30.437946 seconds
Bootstrap[39]: Time 68.982765 seconds, bootstrap likelihood -47595.512752, best rearrangement setting 9
Bootstrap[40]: Time 38.484318 seconds, bootstrap likelihood -50290.102271, best rearrangement setting 14
Bootstrap[41]: Time 34.496660 seconds, bootstrap likelihood -47454.586514, best rearrangement setting 15
Bootstrap[42]: Time 36.456228 seconds, bootstrap likelihood -50273.568097, best rearrangement setting 10
Bootstrap[43]: Time 35.117509 seconds, bootstrap likelihood -48606.960837, best rearrangement setting 10
Bootstrap[44]: Time 37.658431 seconds, bootstrap likelihood -51561.177780, best rearrangement setting 13
Bootstrap[45]: Time 35.592301 seconds, bootstrap likelihood -50644.985957, best rearrangement setting 7
Bootstrap[46]: Time 37.638184 seconds, bootstrap likelihood -48163.254973, best rearrangement setting 10
Bootstrap[47]: Time 39.054515 seconds, bootstrap likelihood -47928.602755, best rearrangement setting 10
Bootstrap[48]: Time 38.396102 seconds, bootstrap likelihood -47643.028109, best rearrangement setting 12
Bootstrap[49]: Time 35.988464 seconds, bootstrap likelihood -49166.115896, best rearrangement setting 5
Bootstrap[50]: Time 36.745128 seconds, bootstrap likelihood -51844.748799, best rearrangement setting 9
Bootstrap[51]: Time 38.188946 seconds, bootstrap likelihood -49032.124266, best rearrangement setting 7
Fast ML search on Process 3: Time 917.906415 seconds

Slow ML Search 39 Likelihood: -50169.182806
Slow ML Search 40 Likelihood: -50168.686055
Slow ML search on Process 3: Time 773.015180 seconds
Thorough ML search on Process 3: Time 297.664460 seconds

processID = 3, bestLH = -50168.702085

This is RAxML MPI Process Number: 2

Time for BS model parameter optimization on Process 2: 30.503208 seconds
Bootstrap[26]: Time 68.822019 seconds, bootstrap likelihood -48848.296902, best rearrangement setting 10
Bootstrap[27]: Time 34.641279 seconds, bootstrap likelihood -48439.274625, best rearrangement setting 13
Bootstrap[28]: Time 35.820578 seconds, bootstrap likelihood -48941.265488, best rearrangement setting 14
Bootstrap[29]: Time 39.323074 seconds, bootstrap likelihood -50057.416082, best rearrangement setting 8
Bootstrap[30]: Time 39.621384 seconds, bootstrap likelihood -52179.777309, best rearrangement setting 14
Bootstrap[31]: Time 37.553902 seconds, bootstrap likelihood -51271.639436, best rearrangement setting 12
Bootstrap[32]: Time 37.708768 seconds, bootstrap likelihood -50403.987622, best rearrangement setting 14
Bootstrap[33]: Time 35.571161 seconds, bootstrap likelihood -48965.876742, best rearrangement setting 15
Bootstrap[34]: Time 35.237622 seconds, bootstrap likelihood -48819.847674, best rearrangement setting 9
Bootstrap[35]: Time 36.225861 seconds, bootstrap likelihood -50404.328942, best rearrangement setting 6
Bootstrap[36]: Time 38.724600 seconds, bootstrap likelihood -48991.400926, best rearrangement setting 13
Bootstrap[37]: Time 39.560216 seconds, bootstrap likelihood -50842.758755, best rearrangement setting 7
Bootstrap[38]: Time 35.840268 seconds, bootstrap likelihood -48191.439843, best rearrangement setting 11
Fast ML search on Process 2: Time 1068.680746 seconds

Slow ML Search 26 Likelihood: -50163.767221
Slow ML Search 27 Likelihood: -50163.484762
Slow ML search on Process 2: Time 606.155404 seconds
Thorough ML search on Process 2: Time 290.569061 seconds

processID = 2, bestLH = -50163.482524

This is RAxML MPI Process Number: 5

Time for BS model parameter optimization on Process 5: 30.421073 seconds
Bootstrap[65]: Time 67.084513 seconds, bootstrap likelihood -49230.566984, best rearrangement setting 6
Bootstrap[66]: Time 39.407436 seconds, bootstrap likelihood -48255.635437, best rearrangement setting 15
Bootstrap[67]: Time 35.472924 seconds, bootstrap likelihood -47952.744332, best rearrangement setting 6
Bootstrap[68]: Time 40.305140 seconds, bootstrap likelihood -50607.210752, best rearrangement setting 13
Bootstrap[69]: Time 41.151710 seconds, bootstrap likelihood -49549.870285, best rearrangement setting 14
Bootstrap[70]: Time 34.432781 seconds, bootstrap likelihood -51168.302830, best rearrangement setting 5
Bootstrap[71]: Time 34.025468 seconds, bootstrap likelihood -48697.341523, best rearrangement setting 5
Bootstrap[72]: Time 35.796432 seconds, bootstrap likelihood -49806.271887, best rearrangement setting 11
Bootstrap[73]: Time 37.738033 seconds, bootstrap likelihood -50465.893825, best rearrangement setting 14
Bootstrap[74]: Time 40.467862 seconds, bootstrap likelihood -50060.883406, best rearrangement setting 11
Bootstrap[75]: Time 34.474757 seconds, bootstrap likelihood -50906.606534, best rearrangement setting 10
Bootstrap[76]: Time 38.055142 seconds, bootstrap likelihood -52056.088756, best rearrangement setting 11
Bootstrap[77]: Time 35.220643 seconds, bootstrap likelihood -48840.481125, best rearrangement setting 9
Fast ML search on Process 5: Time 888.591075 seconds

Slow ML Search 65 Likelihood: -50162.461782
Slow ML Search 66 Likelihood: -50166.389633
Slow ML search on Process 5: Time 606.744440 seconds
Thorough ML search on Process 5: Time 290.467389 seconds

processID = 5, bestLH = -50162.481955

This is RAxML MPI Process Number: 4

Time for BS model parameter optimization on Process 4: 30.451654 seconds
Bootstrap[52]: Time 75.131353 seconds, bootstrap likelihood -50124.680174, best rearrangement setting 8
Bootstrap[53]: Time 38.896631 seconds, bootstrap likelihood -50142.892228, best rearrangement setting 14
Bootstrap[54]: Time 38.361721 seconds, bootstrap likelihood -51133.131453, best rearrangement setting 5
Bootstrap[55]: Time 35.225699 seconds, bootstrap likelihood -51072.645746, best rearrangement setting 11
Bootstrap[56]: Time 38.563408 seconds, bootstrap likelihood -51454.875275, best rearrangement setting 6
Bootstrap[57]: Time 38.829503 seconds, bootstrap likelihood -50220.909222, best rearrangement setting 15
Bootstrap[58]: Time 35.875569 seconds, bootstrap likelihood -48337.168697, best rearrangement setting 11
Bootstrap[59]: Time 37.774166 seconds, bootstrap likelihood -49218.147036, best rearrangement setting 5
Bootstrap[60]: Time 35.952069 seconds, bootstrap likelihood -49405.797864, best rearrangement setting 12
Bootstrap[61]: Time 37.193167 seconds, bootstrap likelihood -49068.905367, best rearrangement setting 6
Bootstrap[62]: Time 36.541370 seconds, bootstrap likelihood -48572.827924, best rearrangement setting 7
Bootstrap[63]: Time 37.066895 seconds, bootstrap likelihood -52912.060288, best rearrangement setting 10
Bootstrap[64]: Time 37.351027 seconds, bootstrap likelihood -49428.137553, best rearrangement setting 13
Fast ML search on Process 4: Time 872.164388 seconds

Slow ML Search 52 Likelihood: -50166.660683
Slow ML Search 53 Likelihood: -50166.716590
Slow ML search on Process 4: Time 723.287803 seconds
Thorough ML search on Process 4: Time 275.017300 seconds

processID = 4, bestLH = -50166.678812

This is RAxML MPI Process Number: 1

Time for BS model parameter optimization on Process 1: 30.513678 seconds
Bootstrap[13]: Time 68.304355 seconds, bootstrap likelihood -51224.279306, best rearrangement setting 12
Bootstrap[14]: Time 37.782971 seconds, bootstrap likelihood -50312.566276, best rearrangement setting 13
Bootstrap[15]: Time 37.709928 seconds, bootstrap likelihood -51377.939501, best rearrangement setting 13
Bootstrap[16]: Time 37.691772 seconds, bootstrap likelihood -51830.399791, best rearrangement setting 6
Bootstrap[17]: Time 35.864329 seconds, bootstrap likelihood -51541.978250, best rearrangement setting 7
Bootstrap[18]: Time 34.212664 seconds, bootstrap likelihood -47335.534295, best rearrangement setting 11
Bootstrap[19]: Time 39.076796 seconds, bootstrap likelihood -51094.790779, best rearrangement setting 10
Bootstrap[20]: Time 39.201818 seconds, bootstrap likelihood -52513.278901, best rearrangement setting 9
Bootstrap[21]: Time 36.748544 seconds, bootstrap likelihood -49603.949402, best rearrangement setting 7
Bootstrap[22]: Time 39.244559 seconds, bootstrap likelihood -49799.783804, best rearrangement setting 12
Bootstrap[23]: Time 35.223217 seconds, bootstrap likelihood -48592.695138, best rearrangement setting 10
Bootstrap[24]: Time 36.515504 seconds, bootstrap likelihood -50275.123790, best rearrangement setting 6
Bootstrap[25]: Time 34.294980 seconds, bootstrap likelihood -52256.249237, best rearrangement setting 15
Fast ML search on Process 1: Time 832.688076 seconds

Slow ML Search 13 Likelihood: -50162.481766
Slow ML Search 14 Likelihood: -50165.688712
Slow ML search on Process 1: Time 563.647358 seconds
Thorough ML search on Process 1: Time 290.022341 seconds

processID = 1, bestLH = -50162.481768

Final ML Optimization Likelihood: -50162.481768

Model Information:

Model Parameters of Partition 0, Name: No Name Provided, Type of Data: DNA
alpha: 0.238754
Tree-Length: 8.264010
rate A <-> C: 0.574413
rate A <-> G: 2.072312
rate A <-> T: 0.667600
rate C <-> G: 0.724368
rate C <-> T: 4.551401
rate G <-> T: 1.000000

freq pi(A): 0.263767
freq pi(C): 0.207798
freq pi(G): 0.283709
freq pi(T): 0.244726


ML search took 1988.589764 secs or 0.552386 hours

Combined Bootstrap and ML search took 2512.113309 secs or 0.697809 hours

Drawing Bootstrap Support Values on best-scoring ML tree ...



Found 1 tree in File /gpfs/scratch/guest317/hydroidolina/RAxML_bestTree.28s_boot100



Found 1 tree in File /gpfs/scratch/guest317/hydroidolina/RAxML_bestTree.28s_boot100

Program execution info written to /gpfs/scratch/guest317/hydroidolina/RAxML_info.28s_boot100
All 104 bootstrapped trees written to: /gpfs/scratch/guest317/hydroidolina/RAxML_bootstrap.28s_boot100

Best-scoring ML tree written to: /gpfs/scratch/guest317/hydroidolina/RAxML_bestTree.28s_boot100

Best-scoring ML tree with support values written to: /gpfs/scratch/guest317/hydroidolina/RAxML_bipartitions.28s_boot100

Best-scoring ML tree with support values as branch labels written to: /gpfs/scratch/guest317/hydroidolina/RAxML_bipartitionsBranchLabels.28s_boot100

Overall execution time for full ML analysis: 2512.158389 secs or 0.697822 hours or 0.029076 days


This is RAxML MPI Process Number: 6

Time for BS model parameter optimization on Process 6: 23.271516 seconds
Bootstrap[78]: Time 46.592052 seconds, bootstrap likelihood -52290.888215, best rearrangement setting 5
Bootstrap[79]: Time 29.939903 seconds, bootstrap likelihood -50014.183982, best rearrangement setting 15
Bootstrap[80]: Time 24.661402 seconds, bootstrap likelihood -51024.233953, best rearrangement setting 7
Bootstrap[81]: Time 25.887143 seconds, bootstrap likelihood -51543.749829, best rearrangement setting 15
Bootstrap[82]: Time 24.548105 seconds, bootstrap likelihood -49447.711828, best rearrangement setting 10
Bootstrap[83]: Time 25.992563 seconds, bootstrap likelihood -47926.693314, best rearrangement setting 6
Bootstrap[84]: Time 26.395411 seconds, bootstrap likelihood -51209.631773, best rearrangement setting 9
Bootstrap[85]: Time 24.854050 seconds, bootstrap likelihood -49797.149163, best rearrangement setting 5
Bootstrap[86]: Time 24.861733 seconds, bootstrap likelihood -50855.612468, best rearrangement setting 15
Bootstrap[87]: Time 24.904698 seconds, bootstrap likelihood -48869.632491, best rearrangement setting 6
Bootstrap[88]: Time 23.072829 seconds, bootstrap likelihood -47210.500311, best rearrangement setting 13
Bootstrap[89]: Time 24.505386 seconds, bootstrap likelihood -50304.573386, best rearrangement setting 13
Bootstrap[90]: Time 23.803716 seconds, bootstrap likelihood -49410.263868, best rearrangement setting 5
Fast ML search on Process 6: Time 728.965832 seconds

Slow ML Search 78 Likelihood: -50163.456367
Slow ML Search 79 Likelihood: -50165.657556
Slow ML search on Process 6: Time 520.950322 seconds
Thorough ML search on Process 6: Time 196.843255 seconds

processID = 6, bestLH = -50163.482922

This is RAxML MPI Process Number: 7

Time for BS model parameter optimization on Process 7: 29.510602 seconds
Bootstrap[91]: Time 69.645137 seconds, bootstrap likelihood -47812.971510, best rearrangement setting 15
Bootstrap[92]: Time 31.819559 seconds, bootstrap likelihood -47975.767919, best rearrangement setting 5
Bootstrap[93]: Time 34.429208 seconds, bootstrap likelihood -50429.675673, best rearrangement setting 8
Bootstrap[94]: Time 33.430790 seconds, bootstrap likelihood -49959.488034, best rearrangement setting 6
Bootstrap[95]: Time 31.631605 seconds, bootstrap likelihood -51355.645026, best rearrangement setting 6
Bootstrap[96]: Time 31.537762 seconds, bootstrap likelihood -51001.493450, best rearrangement setting 7
Bootstrap[97]: Time 35.508968 seconds, bootstrap likelihood -49518.679783, best rearrangement setting 13
Bootstrap[98]: Time 34.900189 seconds, bootstrap likelihood -49840.835351, best rearrangement setting 11
Bootstrap[99]: Time 31.742445 seconds, bootstrap likelihood -51908.559384, best rearrangement setting 6
Bootstrap[100]: Time 30.129976 seconds, bootstrap likelihood -48104.435546, best rearrangement setting 11
Bootstrap[101]: Time 30.334270 seconds, bootstrap likelihood -52776.278022, best rearrangement setting 5
Bootstrap[102]: Time 31.842288 seconds, bootstrap likelihood -49576.669034, best rearrangement setting 14
Bootstrap[103]: Time 28.495327 seconds, bootstrap likelihood -52848.942819, best rearrangement setting 12
Fast ML search on Process 7: Time 608.657660 seconds

Slow ML Search 91 Likelihood: -50162.482213
Slow ML Search 92 Likelihood: -50163.505026
Slow ML search on Process 7: Time 377.644628 seconds
Thorough ML search on Process 7: Time 195.834962 seconds

processID = 7, bestLH = -50162.482216

This is RAxML MPI Process Number: 0
IMPORTANT WARNING: Alignment column 849 contains only undetermined values which will be treated as missing data
IMPORTANT WARNING: Alignment column 867 contains only undetermined values which will be treated as missing data
IMPORTANT WARNING: Alignment column 896 contains only undetermined values which will be treated as missing data
IMPORTANT WARNING: Alignment column 3102 contains only undetermined values which will be treated as missing data
IMPORTANT WARNING: Alignment column 3136 contains only undetermined values which will be treated as missing data
IMPORTANT WARNING: Alignment column 3149 contains only undetermined values which will be treated as missing data

IMPORTANT WARNING
Found 6 columns that contain only undetermined values which will be treated as missing data.
Normally these columns should be excluded from the analysis.

Just in case you might need it, an alignment file with 
undetermined columns removed is printed to file 28s.phy.reduced


This is RAxML version 8.0.22 released by Alexandros Stamatakis on May 6 2014.

With greatly appreciated code contributions by:
Andre Aberer      (HITS)
Simon Berger      (HITS)
Alexey Kozlov     (HITS)
Nick Pattengale   (Sandia)
Wayne Pfeiffer    (SDSC)
Akifumi S. Tanabe (NRIFS)
David Dao         (KIT)
Charlie Taylor    (UF)


Alignment has 1855 distinct alignment patterns

Proportion of gaps and completely undetermined characters in this alignment: 14.49%

RAxML rapid bootstrapping and subsequent ML search

Using 1 distinct models/data partitions with joint branch length optimization



Executing 100 rapid bootstrap inferences and thereafter a thorough ML search 

All free model parameters will be estimated by RAxML
GAMMA model of rate heteorgeneity, ML estimate of alpha-parameter

GAMMA Model parameters will be estimated up to an accuracy of 0.1000000000 Log Likelihood units

Partition: 0
Alignment Patterns: 1855
Name: No Name Provided
DataType: DNA
Substitution Matrix: GTR




RAxML was called as follows:

/gpfs/runtime/opt/raxml/8.0.22/avx/bin/raxmlHPC-MPI -f a -x 12345 -p 12345 -N 100 -m GTRGAMMA -s 28s.phy -n 28s_boot100 



Time for BS model parameter optimization on Process 0: 30.559433 seconds
Bootstrap[0]: Time 68.317723 seconds, bootstrap likelihood -49013.920213, best rearrangement setting 13
Bootstrap[1]: Time 37.968810 seconds, bootstrap likelihood -49883.783446, best rearrangement setting 13
Bootstrap[2]: Time 35.398839 seconds, bootstrap likelihood -51949.546840, best rearrangement setting 12
Bootstrap[3]: Time 37.917565 seconds, bootstrap likelihood -50113.093125, best rearrangement setting 15
Bootstrap[4]: Time 35.417858 seconds, bootstrap likelihood -50615.496193, best rearrangement setting 10
Bootstrap[5]: Time 37.158357 seconds, bootstrap likelihood -48514.246659, best rearrangement setting 10
Bootstrap[6]: Time 34.075516 seconds, bootstrap likelihood -49170.979975, best rearrangement setting 6
Bootstrap[7]: Time 36.567497 seconds, bootstrap likelihood -48800.912237, best rearrangement setting 14
Bootstrap[8]: Time 33.675170 seconds, bootstrap likelihood -48692.948250, best rearrangement setting 5
Bootstrap[9]: Time 38.770089 seconds, bootstrap likelihood -47806.249273, best rearrangement setting 7
Bootstrap[10]: Time 35.872564 seconds, bootstrap likelihood -50284.227152, best rearrangement setting 7
Bootstrap[11]: Time 33.273750 seconds, bootstrap likelihood -51876.437844, best rearrangement setting 5
Bootstrap[12]: Time 37.777015 seconds, bootstrap likelihood -50344.002177, best rearrangement setting 8


Overall Time for 104 Rapid Bootstraps 523.522443 seconds
Average Time per Rapid Bootstrap 5.033870 seconds

Starting ML Search ...

Fast ML optimization finished

Fast ML search on Process 0: Time 881.274799 seconds

Slow ML Search 0 Likelihood: -50164.494288
Slow ML Search 1 Likelihood: -50165.213537
Slow ML optimization finished

Slow ML search on Process 0: Time 611.839741 seconds
Thorough ML search on Process 0: Time 272.451359 seconds

processID = 0, bestLH = -50164.494290
